[ 2014-01-25T00:59:35+08:00 ] 61.172.246.37 /uniqlo/mini.php/Index/updateActive/?msgFormat=1&moID=30927614&moTime=20140123104958&mobs=18623870203&destID=1069018366801&msg=%30
INFO: [ route_check ] --START--
INFO: CheckRoute Behavior ::run [ RunTime:0.000484s ]
INFO: [ route_check ] --END-- [ RunTime:0.000556s ]
INFO: [ app_begin ] --START--
INFO: ReadHtmlCache Behavior ::run [ RunTime:0.000316s ]
INFO: [ app_begin ] --END-- [ RunTime:0.000366s ]

[ 2014-01-25T00:59:35+08:00 ] 61.172.246.37 /uniqlo/mini.php/Index/updateActive/?msgFormat=1&moID=30898411&moTime=20140120162147&mobs=13172301189&destID=1069018366801&msg=%30
INFO: [ route_check ] --START--
INFO: CheckRoute Behavior ::run [ RunTime:0.000463s ]
INFO: [ route_check ] --END-- [ RunTime:0.000520s ]
INFO: [ app_begin ] --START--
INFO: ReadHtmlCache Behavior ::run [ RunTime:0.000312s ]
INFO: [ app_begin ] --END-- [ RunTime:0.000362s ]

[ 2014-01-25T00:59:35+08:00 ] 61.172.246.37 /uniqlo/mini.php/Index/updateActive/?msgFormat=1&moID=30898426&moTime=20140120162245&mobs=13172301189&destID=1069018366801&msg=%30
INFO: [ route_check ] --START--
INFO: CheckRoute Behavior ::run [ RunTime:0.000474s ]
INFO: [ route_check ] --END-- [ RunTime:0.000535s ]
INFO: [ app_begin ] --START--
INFO: ReadHtmlCache Behavior ::run [ RunTime:0.000303s ]
INFO: [ app_begin ] --END-- [ RunTime:0.000354s ]

[ 2014-01-25T00:59:35+08:00 ] 61.172.246.37 /uniqlo/mini.php/Index/updateActive/?msgFormat=1&moID=30945082&moTime=20140124150042&mobs=15525510210&destID=1069018366801&msg=%30
INFO: [ route_check ] --START--
INFO: CheckRoute Behavior ::run [ RunTime:0.000472s ]
INFO: [ route_check ] --END-- [ RunTime:0.000531s ]
INFO: [ app_begin ] --START--
INFO: ReadHtmlCache Behavior ::run [ RunTime:0.000310s ]
INFO: [ app_begin ] --END-- [ RunTime:0.000361s ]

[ 2014-01-25T00:59:35+08:00 ] 61.172.246.37 /uniqlo/mini.php/Index/updateActive/?msgFormat=1&moID=30896659&moTime=20140120142154&mobs=18601127219&destID=1069018366801&msg=%30
INFO: [ route_check ] --START--
INFO: CheckRoute Behavior ::run [ RunTime:0.000490s ]
INFO: [ route_check ] --END-- [ RunTime:0.000553s ]
INFO: [ app_begin ] --START--
INFO: ReadHtmlCache Behavior ::run [ RunTime:0.000320s ]
INFO: [ app_begin ] --END-- [ RunTime:0.000372s ]

[ 2014-01-25T01:59:36+08:00 ] 61.172.246.37 /uniqlo/mini.php/Index/updateActive/?msgFormat=1&moID=30927614&moTime=20140123104958&mobs=18623870203&destID=1069018366801&msg=%30
INFO: [ route_check ] --START--
INFO: CheckRoute Behavior ::run [ RunTime:0.000485s ]
INFO: [ route_check ] --END-- [ RunTime:0.000547s ]
INFO: [ app_begin ] --START--
INFO: ReadHtmlCache Behavior ::run [ RunTime:0.000313s ]
INFO: [ app_begin ] --END-- [ RunTime:0.000364s ]

[ 2014-01-25T01:59:36+08:00 ] 61.172.246.37 /uniqlo/mini.php/Index/updateActive/?msgFormat=1&moID=30898426&moTime=20140120162245&mobs=13172301189&destID=1069018366801&msg=%30
INFO: [ route_check ] --START--
INFO: CheckRoute Behavior ::run [ RunTime:0.000462s ]
INFO: [ route_check ] --END-- [ RunTime:0.000519s ]
INFO: [ app_begin ] --START--
INFO: ReadHtmlCache Behavior ::run [ RunTime:0.000301s ]
INFO: [ app_begin ] --END-- [ RunTime:0.000352s ]

[ 2014-01-25T01:59:36+08:00 ] 61.172.246.37 /uniqlo/mini.php/Index/updateActive/?msgFormat=1&moID=30898411&moTime=20140120162147&mobs=13172301189&destID=1069018366801&msg=%30
INFO: [ route_check ] --START--
INFO: CheckRoute Behavior ::run [ RunTime:0.000487s ]
INFO: [ route_check ] --END-- [ RunTime:0.000549s ]
INFO: [ app_begin ] --START--
INFO: ReadHtmlCache Behavior ::run [ RunTime:0.000316s ]
INFO: [ app_begin ] --END-- [ RunTime:0.000367s ]

[ 2014-01-25T01:59:36+08:00 ] 61.172.246.37 /uniqlo/mini.php/Index/updateActive/?msgFormat=1&moID=30896659&moTime=20140120142154&mobs=18601127219&destID=1069018366801&msg=%30
INFO: [ route_check ] --START--
INFO: CheckRoute Behavior ::run [ RunTime:0.000476s ]
INFO: [ route_check ] --END-- [ RunTime:0.000532s ]
INFO: [ app_begin ] --START--
INFO: ReadHtmlCache Behavior ::run [ RunTime:0.000304s ]
INFO: [ app_begin ] --END-- [ RunTime:0.000355s ]

[ 2014-01-25T01:59:36+08:00 ] 61.172.246.37 /uniqlo/mini.php/Index/updateActive/?msgFormat=1&moID=30945082&moTime=20140124150042&mobs=15525510210&destID=1069018366801&msg=%30
INFO: [ route_check ] --START--
INFO: CheckRoute Behavior ::run [ RunTime:0.000466s ]
INFO: [ route_check ] --END-- [ RunTime:0.000523s ]
INFO: [ app_begin ] --START--
INFO: ReadHtmlCache Behavior ::run [ RunTime:0.000304s ]
INFO: [ app_begin ] --END-- [ RunTime:0.000356s ]

[ 2014-01-25T02:59:36+08:00 ] 61.172.246.37 /uniqlo/mini.php/Index/updateActive/?msgFormat=1&moID=30927614&moTime=20140123104958&mobs=18623870203&destID=1069018366801&msg=%30
INFO: [ route_check ] --START--
INFO: CheckRoute Behavior ::run [ RunTime:0.000709s ]
INFO: [ route_check ] --END-- [ RunTime:0.000793s ]
INFO: [ app_begin ] --START--
INFO: ReadHtmlCache Behavior ::run [ RunTime:0.000372s ]
INFO: [ app_begin ] --END-- [ RunTime:0.000450s ]

[ 2014-01-25T02:59:36+08:00 ] 61.172.246.37 /uniqlo/mini.php/Index/updateActive/?msgFormat=1&moID=30898411&moTime=20140120162147&mobs=13172301189&destID=1069018366801&msg=%30
INFO: [ route_check ] --START--
INFO: CheckRoute Behavior ::run [ RunTime:0.000482s ]
INFO: [ route_check ] --END-- [ RunTime:0.000545s ]
INFO: [ app_begin ] --START--
INFO: ReadHtmlCache Behavior ::run [ RunTime:0.000315s ]
INFO: [ app_begin ] --END-- [ RunTime:0.000366s ]

[ 2014-01-25T02:59:36+08:00 ] 61.172.246.37 /uniqlo/mini.php/Index/updateActive/?msgFormat=1&moID=30898426&moTime=20140120162245&mobs=13172301189&destID=1069018366801&msg=%30
INFO: [ route_check ] --START--
INFO: CheckRoute Behavior ::run [ RunTime:0.000485s ]
INFO: [ route_check ] --END-- [ RunTime:0.000552s ]
INFO: [ app_begin ] --START--
INFO: ReadHtmlCache Behavior ::run [ RunTime:0.000335s ]
INFO: [ app_begin ] --END-- [ RunTime:0.000386s ]

[ 2014-01-25T02:59:37+08:00 ] 61.172.246.37 /uniqlo/mini.php/Index/updateActive/?msgFormat=1&moID=30945082&moTime=20140124150042&mobs=15525510210&destID=1069018366801&msg=%30
INFO: [ route_check ] --START--
INFO: CheckRoute Behavior ::run [ RunTime:0.000488s ]
INFO: [ route_check ] --END-- [ RunTime:0.000552s ]
INFO: [ app_begin ] --START--
INFO: ReadHtmlCache Behavior ::run [ RunTime:0.000316s ]
INFO: [ app_begin ] --END-- [ RunTime:0.000367s ]

[ 2014-01-25T02:59:37+08:00 ] 61.172.246.37 /uniqlo/mini.php/Index/updateActive/?msgFormat=1&moID=30896659&moTime=20140120142154&mobs=18601127219&destID=1069018366801&msg=%30
INFO: [ route_check ] --START--
INFO: CheckRoute Behavior ::run [ RunTime:0.000518s ]
INFO: [ route_check ] --END-- [ RunTime:0.000587s ]
INFO: [ app_begin ] --START--
INFO: ReadHtmlCache Behavior ::run [ RunTime:0.000381s ]
INFO: [ app_begin ] --END-- [ RunTime:0.000446s ]

[ 2014-01-25T03:59:37+08:00 ] 61.172.246.37 /uniqlo/mini.php/Index/updateActive/?msgFormat=1&moID=30927614&moTime=20140123104958&mobs=18623870203&destID=1069018366801&msg=%30
INFO: [ route_check ] --START--
INFO: CheckRoute Behavior ::run [ RunTime:0.000500s ]
INFO: [ route_check ] --END-- [ RunTime:0.000564s ]
INFO: [ app_begin ] --START--
INFO: ReadHtmlCache Behavior ::run [ RunTime:0.000315s ]
INFO: [ app_begin ] --END-- [ RunTime:0.000367s ]

[ 2014-01-25T03:59:37+08:00 ] 61.172.246.37 /uniqlo/mini.php/Index/updateActive/?msgFormat=1&moID=30898411&moTime=20140120162147&mobs=13172301189&destID=1069018366801&msg=%30
INFO: [ route_check ] --START--
INFO: CheckRoute Behavior ::run [ RunTime:0.000575s ]
INFO: [ route_check ] --END-- [ RunTime:0.000661s ]
INFO: [ app_begin ] --START--
INFO: ReadHtmlCache Behavior ::run [ RunTime:0.000344s ]
INFO: [ app_begin ] --END-- [ RunTime:0.000413s ]

[ 2014-01-25T03:59:37+08:00 ] 61.172.246.37 /uniqlo/mini.php/Index/updateActive/?msgFormat=1&moID=30945082&moTime=20140124150042&mobs=15525510210&destID=1069018366801&msg=%30
INFO: [ route_check ] --START--
INFO: CheckRoute Behavior ::run [ RunTime:0.000483s ]
INFO: [ route_check ] --END-- [ RunTime:0.000546s ]
INFO: [ app_begin ] --START--
INFO: ReadHtmlCache Behavior ::run [ RunTime:0.000324s ]
INFO: [ app_begin ] --END-- [ RunTime:0.000380s ]

[ 2014-01-25T03:59:37+08:00 ] 61.172.246.37 /uniqlo/mini.php/Index/updateActive/?msgFormat=1&moID=30898426&moTime=20140120162245&mobs=13172301189&destID=1069018366801&msg=%30
INFO: [ route_check ] --START--
INFO: CheckRoute Behavior ::run [ RunTime:0.000492s ]
INFO: [ route_check ] --END-- [ RunTime:0.000549s ]
INFO: [ app_begin ] --START--
INFO: ReadHtmlCache Behavior ::run [ RunTime:0.000308s ]
INFO: [ app_begin ] --END-- [ RunTime:0.000359s ]

[ 2014-01-25T03:59:37+08:00 ] 61.172.246.37 /uniqlo/mini.php/Index/updateActive/?msgFormat=1&moID=30896659&moTime=20140120142154&mobs=18601127219&destID=1069018366801&msg=%30
INFO: [ route_check ] --START--
INFO: CheckRoute Behavior ::run [ RunTime:0.000481s ]
INFO: [ route_check ] --END-- [ RunTime:0.000538s ]
INFO: [ app_begin ] --START--
INFO: ReadHtmlCache Behavior ::run [ RunTime:0.000303s ]
INFO: [ app_begin ] --END-- [ RunTime:0.000355s ]

[ 2014-01-25T04:59:38+08:00 ] 61.172.246.37 /uniqlo/mini.php/Index/updateActive/?msgFormat=1&moID=30927614&moTime=20140123104958&mobs=18623870203&destID=1069018366801&msg=%30
INFO: [ route_check ] --START--
INFO: CheckRoute Behavior ::run [ RunTime:0.000486s ]
INFO: [ route_check ] --END-- [ RunTime:0.000550s ]
INFO: [ app_begin ] --START--
INFO: ReadHtmlCache Behavior ::run [ RunTime:0.000321s ]
INFO: [ app_begin ] --END-- [ RunTime:0.000374s ]

[ 2014-01-25T04:59:38+08:00 ] 61.172.246.37 /uniqlo/mini.php/Index/updateActive/?msgFormat=1&moID=30898411&moTime=20140120162147&mobs=13172301189&destID=1069018366801&msg=%30
INFO: [ route_check ] --START--
INFO: CheckRoute Behavior ::run [ RunTime:0.000489s ]
INFO: [ route_check ] --END-- [ RunTime:0.000554s ]
INFO: [ app_begin ] --START--
INFO: ReadHtmlCache Behavior ::run [ RunTime:0.000316s ]
INFO: [ app_begin ] --END-- [ RunTime:0.000368s ]

[ 2014-01-25T04:59:38+08:00 ] 61.172.246.37 /uniqlo/mini.php/Index/updateActive/?msgFormat=1&moID=30898426&moTime=20140120162245&mobs=13172301189&destID=1069018366801&msg=%30
INFO: [ route_check ] --START--
INFO: CheckRoute Behavior ::run [ RunTime:0.000476s ]
INFO: [ route_check ] --END-- [ RunTime:0.000539s ]
INFO: [ app_begin ] --START--
INFO: ReadHtmlCache Behavior ::run [ RunTime:0.000313s ]
INFO: [ app_begin ] --END-- [ RunTime:0.000364s ]

[ 2014-01-25T04:59:38+08:00 ] 61.172.246.37 /uniqlo/mini.php/Index/updateActive/?msgFormat=1&moID=30945082&moTime=20140124150042&mobs=15525510210&destID=1069018366801&msg=%30
INFO: [ route_check ] --START--
INFO: CheckRoute Behavior ::run [ RunTime:0.000469s ]
INFO: [ route_check ] --END-- [ RunTime:0.000528s ]
INFO: [ app_begin ] --START--
INFO: ReadHtmlCache Behavior ::run [ RunTime:0.000305s ]
INFO: [ app_begin ] --END-- [ RunTime:0.000357s ]

[ 2014-01-25T04:59:38+08:00 ] 61.172.246.37 /uniqlo/mini.php/Index/updateActive/?msgFormat=1&moID=30896659&moTime=20140120142154&mobs=18601127219&destID=1069018366801&msg=%30
INFO: [ route_check ] --START--
INFO: CheckRoute Behavior ::run [ RunTime:0.000477s ]
INFO: [ route_check ] --END-- [ RunTime:0.000540s ]
INFO: [ app_begin ] --START--
INFO: ReadHtmlCache Behavior ::run [ RunTime:0.000311s ]
INFO: [ app_begin ] --END-- [ RunTime:0.000362s ]

[ 2014-01-25T05:59:38+08:00 ] 61.172.246.37 /uniqlo/mini.php/Index/updateActive/?msgFormat=1&moID=30927614&moTime=20140123104958&mobs=18623870203&destID=1069018366801&msg=%30
INFO: [ route_check ] --START--
INFO: CheckRoute Behavior ::run [ RunTime:0.000483s ]
INFO: [ route_check ] --END-- [ RunTime:0.000546s ]
INFO: [ app_begin ] --START--
INFO: ReadHtmlCache Behavior ::run [ RunTime:0.000312s ]
INFO: [ app_begin ] --END-- [ RunTime:0.000363s ]

[ 2014-01-25T05:59:38+08:00 ] 61.172.246.37 /uniqlo/mini.php/Index/updateActive/?msgFormat=1&moID=30898411&moTime=20140120162147&mobs=13172301189&destID=1069018366801&msg=%30
INFO: [ route_check ] --START--
INFO: CheckRoute Behavior ::run [ RunTime:0.000461s ]
INFO: [ route_check ] --END-- [ RunTime:0.000517s ]
INFO: [ app_begin ] --START--
INFO: ReadHtmlCache Behavior ::run [ RunTime:0.000317s ]
INFO: [ app_begin ] --END-- [ RunTime:0.000407s ]

[ 2014-01-25T05:59:38+08:00 ] 61.172.246.37 /uniqlo/mini.php/Index/updateActive/?msgFormat=1&moID=30898426&moTime=20140120162245&mobs=13172301189&destID=1069018366801&msg=%30
INFO: [ route_check ] --START--
INFO: CheckRoute Behavior ::run [ RunTime:0.000474s ]
INFO: [ route_check ] --END-- [ RunTime:0.000535s ]
INFO: [ app_begin ] --START--
INFO: ReadHtmlCache Behavior ::run [ RunTime:0.000309s ]
INFO: [ app_begin ] --END-- [ RunTime:0.000360s ]

[ 2014-01-25T05:59:38+08:00 ] 61.172.246.37 /uniqlo/mini.php/Index/updateActive/?msgFormat=1&moID=30945082&moTime=20140124150042&mobs=15525510210&destID=1069018366801&msg=%30
INFO: [ route_check ] --START--
INFO: CheckRoute Behavior ::run [ RunTime:0.000476s ]
INFO: [ route_check ] --END-- [ RunTime:0.000538s ]
INFO: [ app_begin ] --START--
INFO: ReadHtmlCache Behavior ::run [ RunTime:0.000309s ]
INFO: [ app_begin ] --END-- [ RunTime:0.000358s ]

[ 2014-01-25T05:59:39+08:00 ] 61.172.246.37 /uniqlo/mini.php/Index/updateActive/?msgFormat=1&moID=30896659&moTime=20140120142154&mobs=18601127219&destID=1069018366801&msg=%30
INFO: [ route_check ] --START--
INFO: CheckRoute Behavior ::run [ RunTime:0.000472s ]
INFO: [ route_check ] --END-- [ RunTime:0.000533s ]
INFO: [ app_begin ] --START--
INFO: ReadHtmlCache Behavior ::run [ RunTime:0.000317s ]
INFO: [ app_begin ] --END-- [ RunTime:0.000368s ]

[ 2014-01-25T06:59:39+08:00 ] 61.172.246.37 /uniqlo/mini.php/Index/updateActive/?msgFormat=1&moID=30898411&moTime=20140120162147&mobs=13172301189&destID=1069018366801&msg=%30
INFO: [ route_check ] --START--
INFO: CheckRoute Behavior ::run [ RunTime:0.002858s ]
INFO: [ route_check ] --END-- [ RunTime:0.002942s ]
INFO: [ app_begin ] --START--
INFO: ReadHtmlCache Behavior ::run [ RunTime:0.002038s ]
INFO: [ app_begin ] --END-- [ RunTime:0.002094s ]

[ 2014-01-25T06:59:40+08:00 ] 61.172.246.37 /uniqlo/mini.php/Index/updateActive/?msgFormat=1&moID=30927614&moTime=20140123104958&mobs=18623870203&destID=1069018366801&msg=%30
INFO: [ route_check ] --START--
INFO: CheckRoute Behavior ::run [ RunTime:0.000863s ]
INFO: [ route_check ] --END-- [ RunTime:0.001022s ]
INFO: [ app_begin ] --START--
INFO: ReadHtmlCache Behavior ::run [ RunTime:0.000438s ]
INFO: [ app_begin ] --END-- [ RunTime:0.000513s ]

[ 2014-01-25T06:59:40+08:00 ] 61.172.246.37 /uniqlo/mini.php/Index/updateActive/?msgFormat=1&moID=30945082&moTime=20140124150042&mobs=15525510210&destID=1069018366801&msg=%30
INFO: [ route_check ] --START--
INFO: CheckRoute Behavior ::run [ RunTime:0.000482s ]
INFO: [ route_check ] --END-- [ RunTime:0.000547s ]
INFO: [ app_begin ] --START--
INFO: ReadHtmlCache Behavior ::run [ RunTime:0.000333s ]
INFO: [ app_begin ] --END-- [ RunTime:0.000384s ]

[ 2014-01-25T06:59:40+08:00 ] 61.172.246.37 /uniqlo/mini.php/Index/updateActive/?msgFormat=1&moID=30898426&moTime=20140120162245&mobs=13172301189&destID=1069018366801&msg=%30
INFO: [ route_check ] --START--
INFO: CheckRoute Behavior ::run [ RunTime:0.000517s ]
INFO: [ route_check ] --END-- [ RunTime:0.000594s ]
INFO: [ app_begin ] --START--
INFO: ReadHtmlCache Behavior ::run [ RunTime:0.000325s ]
INFO: [ app_begin ] --END-- [ RunTime:0.000377s ]

[ 2014-01-25T06:59:40+08:00 ] 61.172.246.37 /uniqlo/mini.php/Index/updateActive/?msgFormat=1&moID=30896659&moTime=20140120142154&mobs=18601127219&destID=1069018366801&msg=%30
INFO: [ route_check ] --START--
INFO: CheckRoute Behavior ::run [ RunTime:0.000475s ]
INFO: [ route_check ] --END-- [ RunTime:0.000539s ]
INFO: [ app_begin ] --START--
INFO: ReadHtmlCache Behavior ::run [ RunTime:0.000340s ]
INFO: [ app_begin ] --END-- [ RunTime:0.000392s ]

[ 2014-01-25T07:59:40+08:00 ] 61.172.246.37 /uniqlo/mini.php/Index/updateActive/?msgFormat=1&moID=30927614&moTime=20140123104958&mobs=18623870203&destID=1069018366801&msg=%30
INFO: [ route_check ] --START--
INFO: CheckRoute Behavior ::run [ RunTime:0.000492s ]
INFO: [ route_check ] --END-- [ RunTime:0.000568s ]
INFO: [ app_begin ] --START--
INFO: ReadHtmlCache Behavior ::run [ RunTime:0.000317s ]
INFO: [ app_begin ] --END-- [ RunTime:0.000369s ]

[ 2014-01-25T07:59:40+08:00 ] 61.172.246.37 /uniqlo/mini.php/Index/updateActive/?msgFormat=1&moID=30898426&moTime=20140120162245&mobs=13172301189&destID=1069018366801&msg=%30
INFO: [ route_check ] --START--
INFO: CheckRoute Behavior ::run [ RunTime:0.000469s ]
INFO: [ route_check ] --END-- [ RunTime:0.000525s ]
INFO: [ app_begin ] --START--
INFO: ReadHtmlCache Behavior ::run [ RunTime:0.000307s ]
INFO: [ app_begin ] --END-- [ RunTime:0.000359s ]

[ 2014-01-25T07:59:40+08:00 ] 61.172.246.37 /uniqlo/mini.php/Index/updateActive/?msgFormat=1&moID=30945082&moTime=20140124150042&mobs=15525510210&destID=1069018366801&msg=%30
INFO: [ route_check ] --START--
INFO: CheckRoute Behavior ::run [ RunTime:0.000474s ]
INFO: [ route_check ] --END-- [ RunTime:0.000531s ]
INFO: [ app_begin ] --START--
INFO: ReadHtmlCache Behavior ::run [ RunTime:0.000346s ]
INFO: [ app_begin ] --END-- [ RunTime:0.000399s ]

[ 2014-01-25T07:59:40+08:00 ] 61.172.246.37 /uniqlo/mini.php/Index/updateActive/?msgFormat=1&moID=30898411&moTime=20140120162147&mobs=13172301189&destID=1069018366801&msg=%30
INFO: [ route_check ] --START--
INFO: CheckRoute Behavior ::run [ RunTime:0.000492s ]
INFO: [ route_check ] --END-- [ RunTime:0.000560s ]
INFO: [ app_begin ] --START--
INFO: ReadHtmlCache Behavior ::run [ RunTime:0.000314s ]
INFO: [ app_begin ] --END-- [ RunTime:0.000365s ]

[ 2014-01-25T07:59:40+08:00 ] 61.172.246.37 /uniqlo/mini.php/Index/updateActive/?msgFormat=1&moID=30896659&moTime=20140120142154&mobs=18601127219&destID=1069018366801&msg=%30
INFO: [ route_check ] --START--
INFO: CheckRoute Behavior ::run [ RunTime:0.000477s ]
INFO: [ route_check ] --END-- [ RunTime:0.000533s ]
INFO: [ app_begin ] --START--
INFO: ReadHtmlCache Behavior ::run [ RunTime:0.000314s ]
INFO: [ app_begin ] --END-- [ RunTime:0.000365s ]

[ 2014-01-25T08:59:40+08:00 ] 61.172.246.37 /uniqlo/mini.php/Index/updateActive/?msgFormat=1&moID=30898411&moTime=20140120162147&mobs=13172301189&destID=1069018366801&msg=%30
INFO: [ route_check ] --START--
INFO: CheckRoute Behavior ::run [ RunTime:0.000500s ]
INFO: [ route_check ] --END-- [ RunTime:0.000570s ]
INFO: [ app_begin ] --START--
INFO: ReadHtmlCache Behavior ::run [ RunTime:0.000323s ]
INFO: [ app_begin ] --END-- [ RunTime:0.000374s ]

[ 2014-01-25T08:59:40+08:00 ] 61.172.246.37 /uniqlo/mini.php/Index/updateActive/?msgFormat=1&moID=30898426&moTime=20140120162245&mobs=13172301189&destID=1069018366801&msg=%30
INFO: [ route_check ] --START--
INFO: CheckRoute Behavior ::run [ RunTime:0.000482s ]
INFO: [ route_check ] --END-- [ RunTime:0.000549s ]
INFO: [ app_begin ] --START--
INFO: ReadHtmlCache Behavior ::run [ RunTime:0.000312s ]
INFO: [ app_begin ] --END-- [ RunTime:0.000363s ]

[ 2014-01-25T08:59:40+08:00 ] 61.172.246.37 /uniqlo/mini.php/Index/updateActive/?msgFormat=1&moID=30945082&moTime=20140124150042&mobs=15525510210&destID=1069018366801&msg=%30
INFO: [ route_check ] --START--
INFO: CheckRoute Behavior ::run [ RunTime:0.000536s ]
INFO: [ route_check ] --END-- [ RunTime:0.000607s ]
INFO: [ app_begin ] --START--
INFO: ReadHtmlCache Behavior ::run [ RunTime:0.000334s ]
INFO: [ app_begin ] --END-- [ RunTime:0.000384s ]

[ 2014-01-25T08:59:40+08:00 ] 61.172.246.37 /uniqlo/mini.php/Index/updateActive/?msgFormat=1&moID=30896659&moTime=20140120142154&mobs=18601127219&destID=1069018366801&msg=%30
INFO: [ route_check ] --START--
INFO: CheckRoute Behavior ::run [ RunTime:0.000506s ]
INFO: [ route_check ] --END-- [ RunTime:0.000575s ]
INFO: [ app_begin ] --START--
INFO: ReadHtmlCache Behavior ::run [ RunTime:0.000339s ]
INFO: [ app_begin ] --END-- [ RunTime:0.000398s ]

[ 2014-01-25T08:59:41+08:00 ] 61.172.246.37 /uniqlo/mini.php/Index/updateActive/?msgFormat=1&moID=30927614&moTime=20140123104958&mobs=18623870203&destID=1069018366801&msg=%30
INFO: [ route_check ] --START--
INFO: CheckRoute Behavior ::run [ RunTime:0.000603s ]
INFO: [ route_check ] --END-- [ RunTime:0.000717s ]
INFO: [ app_begin ] --START--
INFO: ReadHtmlCache Behavior ::run [ RunTime:0.000349s ]
INFO: [ app_begin ] --END-- [ RunTime:0.000404s ]

[ 2014-01-25T09:59:41+08:00 ] 61.172.246.37 /uniqlo/mini.php/Index/updateActive/?msgFormat=1&moID=30927614&moTime=20140123104958&mobs=18623870203&destID=1069018366801&msg=%30
INFO: [ route_check ] --START--
INFO: CheckRoute Behavior ::run [ RunTime:0.000538s ]
INFO: [ route_check ] --END-- [ RunTime:0.000620s ]
INFO: [ app_begin ] --START--
INFO: ReadHtmlCache Behavior ::run [ RunTime:0.000340s ]
INFO: [ app_begin ] --END-- [ RunTime:0.000392s ]

[ 2014-01-25T09:59:41+08:00 ] 61.172.246.37 /uniqlo/mini.php/Index/updateActive/?msgFormat=1&moID=30898411&moTime=20140120162147&mobs=13172301189&destID=1069018366801&msg=%30
INFO: [ route_check ] --START--
INFO: CheckRoute Behavior ::run [ RunTime:0.000554s ]
INFO: [ route_check ] --END-- [ RunTime:0.000646s ]
INFO: [ app_begin ] --START--
INFO: ReadHtmlCache Behavior ::run [ RunTime:0.000339s ]
INFO: [ app_begin ] --END-- [ RunTime:0.000394s ]

[ 2014-01-25T09:59:41+08:00 ] 61.172.246.37 /uniqlo/mini.php/Index/updateActive/?msgFormat=1&moID=30898426&moTime=20140120162245&mobs=13172301189&destID=1069018366801&msg=%30
INFO: [ route_check ] --START--
INFO: CheckRoute Behavior ::run [ RunTime:0.000495s ]
INFO: [ route_check ] --END-- [ RunTime:0.000563s ]
INFO: [ app_begin ] --START--
INFO: ReadHtmlCache Behavior ::run [ RunTime:0.000368s ]
INFO: [ app_begin ] --END-- [ RunTime:0.000421s ]

[ 2014-01-25T09:59:41+08:00 ] 61.172.246.37 /uniqlo/mini.php/Index/updateActive/?msgFormat=1&moID=30945082&moTime=20140124150042&mobs=15525510210&destID=1069018366801&msg=%30
INFO: [ route_check ] --START--
INFO: CheckRoute Behavior ::run [ RunTime:0.000474s ]
INFO: [ route_check ] --END-- [ RunTime:0.000536s ]
INFO: [ app_begin ] --START--
INFO: ReadHtmlCache Behavior ::run [ RunTime:0.000307s ]
INFO: [ app_begin ] --END-- [ RunTime:0.000358s ]

[ 2014-01-25T09:59:41+08:00 ] 61.172.246.37 /uniqlo/mini.php/Index/updateActive/?msgFormat=1&moID=30896659&moTime=20140120142154&mobs=18601127219&destID=1069018366801&msg=%30
INFO: [ route_check ] --START--
INFO: CheckRoute Behavior ::run [ RunTime:0.000464s ]
INFO: [ route_check ] --END-- [ RunTime:0.000520s ]
INFO: [ app_begin ] --START--
INFO: ReadHtmlCache Behavior ::run [ RunTime:0.000305s ]
INFO: [ app_begin ] --END-- [ RunTime:0.000356s ]

[ 2014-01-25T10:59:41+08:00 ] 61.172.246.37 /uniqlo/mini.php/Index/updateActive/?msgFormat=1&moID=30927614&moTime=20140123104958&mobs=18623870203&destID=1069018366801&msg=%30
INFO: [ route_check ] --START--
INFO: CheckRoute Behavior ::run [ RunTime:0.000489s ]
INFO: [ route_check ] --END-- [ RunTime:0.000557s ]
INFO: [ app_begin ] --START--
INFO: ReadHtmlCache Behavior ::run [ RunTime:0.000314s ]
INFO: [ app_begin ] --END-- [ RunTime:0.000367s ]

[ 2014-01-25T10:59:41+08:00 ] 61.172.246.37 /uniqlo/mini.php/Index/updateActive/?msgFormat=1&moID=30898411&moTime=20140120162147&mobs=13172301189&destID=1069018366801&msg=%30
INFO: [ route_check ] --START--
INFO: CheckRoute Behavior ::run [ RunTime:0.000482s ]
INFO: [ route_check ] --END-- [ RunTime:0.000541s ]
INFO: [ app_begin ] --START--
INFO: ReadHtmlCache Behavior ::run [ RunTime:0.000315s ]
INFO: [ app_begin ] --END-- [ RunTime:0.000368s ]

[ 2014-01-25T10:59:42+08:00 ] 61.172.246.37 /uniqlo/mini.php/Index/updateActive/?msgFormat=1&moID=30898426&moTime=20140120162245&mobs=13172301189&destID=1069018366801&msg=%30
INFO: [ route_check ] --START--
INFO: CheckRoute Behavior ::run [ RunTime:0.000913s ]
INFO: [ route_check ] --END-- [ RunTime:0.000990s ]
INFO: [ app_begin ] --START--
INFO: ReadHtmlCache Behavior ::run [ RunTime:0.000314s ]
INFO: [ app_begin ] --END-- [ RunTime:0.000366s ]

[ 2014-01-25T10:59:42+08:00 ] 61.172.246.37 /uniqlo/mini.php/Index/updateActive/?msgFormat=1&moID=30945082&moTime=20140124150042&mobs=15525510210&destID=1069018366801&msg=%30
INFO: [ route_check ] --START--
INFO: CheckRoute Behavior ::run [ RunTime:0.000476s ]
INFO: [ route_check ] --END-- [ RunTime:0.000534s ]
INFO: [ app_begin ] --START--
INFO: ReadHtmlCache Behavior ::run [ RunTime:0.000307s ]
INFO: [ app_begin ] --END-- [ RunTime:0.000358s ]

[ 2014-01-25T10:59:42+08:00 ] 61.172.246.37 /uniqlo/mini.php/Index/updateActive/?msgFormat=1&moID=30896659&moTime=20140120142154&mobs=18601127219&destID=1069018366801&msg=%30
INFO: [ route_check ] --START--
INFO: CheckRoute Behavior ::run [ RunTime:0.000482s ]
INFO: [ route_check ] --END-- [ RunTime:0.000546s ]
INFO: [ app_begin ] --START--
INFO: ReadHtmlCache Behavior ::run [ RunTime:0.000312s ]
INFO: [ app_begin ] --END-- [ RunTime:0.000364s ]

[ 2014-01-25T11:59:42+08:00 ] 61.172.246.37 /uniqlo/mini.php/Index/updateActive/?msgFormat=1&moID=30927614&moTime=20140123104958&mobs=18623870203&destID=1069018366801&msg=%30
INFO: [ route_check ] --START--
INFO: CheckRoute Behavior ::run [ RunTime:0.000509s ]
INFO: [ route_check ] --END-- [ RunTime:0.000572s ]
INFO: [ app_begin ] --START--
INFO: ReadHtmlCache Behavior ::run [ RunTime:0.000324s ]
INFO: [ app_begin ] --END-- [ RunTime:0.000377s ]

[ 2014-01-25T11:59:42+08:00 ] 61.172.246.37 /uniqlo/mini.php/Index/updateActive/?msgFormat=1&moID=30898411&moTime=20140120162147&mobs=13172301189&destID=1069018366801&msg=%30
INFO: [ route_check ] --START--
INFO: CheckRoute Behavior ::run [ RunTime:0.000480s ]
INFO: [ route_check ] --END-- [ RunTime:0.000536s ]
INFO: [ app_begin ] --START--
INFO: ReadHtmlCache Behavior ::run [ RunTime:0.000306s ]
INFO: [ app_begin ] --END-- [ RunTime:0.000366s ]

[ 2014-01-25T11:59:42+08:00 ] 61.172.246.37 /uniqlo/mini.php/Index/updateActive/?msgFormat=1&moID=30898426&moTime=20140120162245&mobs=13172301189&destID=1069018366801&msg=%30
INFO: [ route_check ] --START--
INFO: CheckRoute Behavior ::run [ RunTime:0.000487s ]
INFO: [ route_check ] --END-- [ RunTime:0.000549s ]
INFO: [ app_begin ] --START--
INFO: ReadHtmlCache Behavior ::run [ RunTime:0.000319s ]
INFO: [ app_begin ] --END-- [ RunTime:0.000373s ]

[ 2014-01-25T11:59:42+08:00 ] 61.172.246.37 /uniqlo/mini.php/Index/updateActive/?msgFormat=1&moID=30945082&moTime=20140124150042&mobs=15525510210&destID=1069018366801&msg=%30
INFO: [ route_check ] --START--
INFO: CheckRoute Behavior ::run [ RunTime:0.000495s ]
INFO: [ route_check ] --END-- [ RunTime:0.000558s ]
INFO: [ app_begin ] --START--
INFO: ReadHtmlCache Behavior ::run [ RunTime:0.000325s ]
INFO: [ app_begin ] --END-- [ RunTime:0.000378s ]

[ 2014-01-25T11:59:42+08:00 ] 61.172.246.37 /uniqlo/mini.php/Index/updateActive/?msgFormat=1&moID=30896659&moTime=20140120142154&mobs=18601127219&destID=1069018366801&msg=%30
INFO: [ route_check ] --START--
INFO: CheckRoute Behavior ::run [ RunTime:0.000498s ]
INFO: [ route_check ] --END-- [ RunTime:0.000560s ]
INFO: [ app_begin ] --START--
INFO: ReadHtmlCache Behavior ::run [ RunTime:0.000320s ]
INFO: [ app_begin ] --END-- [ RunTime:0.000376s ]

[ 2014-01-25T12:59:43+08:00 ] 61.172.246.37 /uniqlo/mini.php/Index/updateActive/?msgFormat=1&moID=30898411&moTime=20140120162147&mobs=13172301189&destID=1069018366801&msg=%30
INFO: [ route_check ] --START--
INFO: CheckRoute Behavior ::run [ RunTime:0.000525s ]
INFO: [ route_check ] --END-- [ RunTime:0.000599s ]
INFO: [ app_begin ] --START--
INFO: ReadHtmlCache Behavior ::run [ RunTime:0.000325s ]
INFO: [ app_begin ] --END-- [ RunTime:0.000386s ]

[ 2014-01-25T12:59:43+08:00 ] 61.172.246.37 /uniqlo/mini.php/Index/updateActive/?msgFormat=1&moID=30945082&moTime=20140124150042&mobs=15525510210&destID=1069018366801&msg=%30
INFO: [ route_check ] --START--
INFO: CheckRoute Behavior ::run [ RunTime:0.000503s ]
INFO: [ route_check ] --END-- [ RunTime:0.000599s ]
INFO: [ app_begin ] --START--
INFO: ReadHtmlCache Behavior ::run [ RunTime:0.000313s ]
INFO: [ app_begin ] --END-- [ RunTime:0.000364s ]

[ 2014-01-25T12:59:43+08:00 ] 61.172.246.37 /uniqlo/mini.php/Index/updateActive/?msgFormat=1&moID=30927614&moTime=20140123104958&mobs=18623870203&destID=1069018366801&msg=%30
INFO: [ route_check ] --START--
INFO: CheckRoute Behavior ::run [ RunTime:0.000484s ]
INFO: [ route_check ] --END-- [ RunTime:0.000545s ]
INFO: [ app_begin ] --START--
INFO: ReadHtmlCache Behavior ::run [ RunTime:0.000312s ]
INFO: [ app_begin ] --END-- [ RunTime:0.000363s ]

[ 2014-01-25T12:59:43+08:00 ] 61.172.246.37 /uniqlo/mini.php/Index/updateActive/?msgFormat=1&moID=30898426&moTime=20140120162245&mobs=13172301189&destID=1069018366801&msg=%30
INFO: [ route_check ] --START--
INFO: CheckRoute Behavior ::run [ RunTime:0.000462s ]
INFO: [ route_check ] --END-- [ RunTime:0.000522s ]
INFO: [ app_begin ] --START--
INFO: ReadHtmlCache Behavior ::run [ RunTime:0.000310s ]
INFO: [ app_begin ] --END-- [ RunTime:0.000360s ]

[ 2014-01-25T12:59:43+08:00 ] 61.172.246.37 /uniqlo/mini.php/Index/updateActive/?msgFormat=1&moID=30896659&moTime=20140120142154&mobs=18601127219&destID=1069018366801&msg=%30
INFO: [ route_check ] --START--
INFO: CheckRoute Behavior ::run [ RunTime:0.000461s ]
INFO: [ route_check ] --END-- [ RunTime:0.000517s ]
INFO: [ app_begin ] --START--
INFO: ReadHtmlCache Behavior ::run [ RunTime:0.000329s ]
INFO: [ app_begin ] --END-- [ RunTime:0.000380s ]

[ 2014-01-25T13:59:43+08:00 ] 61.172.246.37 /uniqlo/mini.php/Index/updateActive/?msgFormat=1&moID=30927614&moTime=20140123104958&mobs=18623870203&destID=1069018366801&msg=%30
INFO: [ route_check ] --START--
INFO: CheckRoute Behavior ::run [ RunTime:0.000493s ]
INFO: [ route_check ] --END-- [ RunTime:0.000555s ]
INFO: [ app_begin ] --START--
INFO: ReadHtmlCache Behavior ::run [ RunTime:0.000320s ]
INFO: [ app_begin ] --END-- [ RunTime:0.000372s ]

[ 2014-01-25T13:59:43+08:00 ] 61.172.246.37 /uniqlo/mini.php/Index/updateActive/?msgFormat=1&moID=30898411&moTime=20140120162147&mobs=13172301189&destID=1069018366801&msg=%30
INFO: [ route_check ] --START--
INFO: CheckRoute Behavior ::run [ RunTime:0.000482s ]
INFO: [ route_check ] --END-- [ RunTime:0.000544s ]
INFO: [ app_begin ] --START--
INFO: ReadHtmlCache Behavior ::run [ RunTime:0.000308s ]
INFO: [ app_begin ] --END-- [ RunTime:0.000359s ]

[ 2014-01-25T13:59:44+08:00 ] 61.172.246.37 /uniqlo/mini.php/Index/updateActive/?msgFormat=1&moID=30898426&moTime=20140120162245&mobs=13172301189&destID=1069018366801&msg=%30
INFO: [ route_check ] --START--
INFO: CheckRoute Behavior ::run [ RunTime:0.000488s ]
INFO: [ route_check ] --END-- [ RunTime:0.000601s ]
INFO: [ app_begin ] --START--
INFO: ReadHtmlCache Behavior ::run [ RunTime:0.000320s ]
INFO: [ app_begin ] --END-- [ RunTime:0.000371s ]

[ 2014-01-25T13:59:44+08:00 ] 61.172.246.37 /uniqlo/mini.php/Index/updateActive/?msgFormat=1&moID=30896659&moTime=20140120142154&mobs=18601127219&destID=1069018366801&msg=%30
INFO: [ route_check ] --START--
INFO: CheckRoute Behavior ::run [ RunTime:0.000475s ]
INFO: [ route_check ] --END-- [ RunTime:0.000533s ]
INFO: [ app_begin ] --START--
INFO: ReadHtmlCache Behavior ::run [ RunTime:0.000304s ]
INFO: [ app_begin ] --END-- [ RunTime:0.000355s ]

[ 2014-01-25T13:59:44+08:00 ] 61.172.246.37 /uniqlo/mini.php/Index/updateActive/?msgFormat=1&moID=30945082&moTime=20140124150042&mobs=15525510210&destID=1069018366801&msg=%30
INFO: [ route_check ] --START--
INFO: CheckRoute Behavior ::run [ RunTime:0.000486s ]
INFO: [ route_check ] --END-- [ RunTime:0.000545s ]
INFO: [ app_begin ] --START--
INFO: ReadHtmlCache Behavior ::run [ RunTime:0.000321s ]
INFO: [ app_begin ] --END-- [ RunTime:0.000371s ]

[ 2014-01-25T14:59:44+08:00 ] 61.172.246.37 /uniqlo/mini.php/Index/updateActive/?msgFormat=1&moID=30927614&moTime=20140123104958&mobs=18623870203&destID=1069018366801&msg=%30
INFO: [ route_check ] --START--
INFO: CheckRoute Behavior ::run [ RunTime:0.000481s ]
INFO: [ route_check ] --END-- [ RunTime:0.000543s ]
INFO: [ app_begin ] --START--
INFO: ReadHtmlCache Behavior ::run [ RunTime:0.000310s ]
INFO: [ app_begin ] --END-- [ RunTime:0.000361s ]

[ 2014-01-25T14:59:44+08:00 ] 61.172.246.37 /uniqlo/mini.php/Index/updateActive/?msgFormat=1&moID=30898426&moTime=20140120162245&mobs=13172301189&destID=1069018366801&msg=%30
INFO: [ route_check ] --START--
INFO: CheckRoute Behavior ::run [ RunTime:0.000514s ]
INFO: [ route_check ] --END-- [ RunTime:0.000577s ]
INFO: [ app_begin ] --START--
INFO: ReadHtmlCache Behavior ::run [ RunTime:0.000315s ]
INFO: [ app_begin ] --END-- [ RunTime:0.000364s ]

[ 2014-01-25T14:59:44+08:00 ] 61.172.246.37 /uniqlo/mini.php/Index/updateActive/?msgFormat=1&moID=30896659&moTime=20140120142154&mobs=18601127219&destID=1069018366801&msg=%30
INFO: [ route_check ] --START--
INFO: CheckRoute Behavior ::run [ RunTime:0.000473s ]
INFO: [ route_check ] --END-- [ RunTime:0.000534s ]
INFO: [ app_begin ] --START--
INFO: ReadHtmlCache Behavior ::run [ RunTime:0.000306s ]
INFO: [ app_begin ] --END-- [ RunTime:0.000357s ]

[ 2014-01-25T14:59:44+08:00 ] 61.172.246.37 /uniqlo/mini.php/Index/updateActive/?msgFormat=1&moID=30945082&moTime=20140124150042&mobs=15525510210&destID=1069018366801&msg=%30
INFO: [ route_check ] --START--
INFO: CheckRoute Behavior ::run [ RunTime:0.000508s ]
INFO: [ route_check ] --END-- [ RunTime:0.000571s ]
INFO: [ app_begin ] --START--
INFO: ReadHtmlCache Behavior ::run [ RunTime:0.000316s ]
INFO: [ app_begin ] --END-- [ RunTime:0.000368s ]

[ 2014-01-25T14:59:44+08:00 ] 61.172.246.37 /uniqlo/mini.php/Index/updateActive/?msgFormat=1&moID=30898411&moTime=20140120162147&mobs=13172301189&destID=1069018366801&msg=%30
INFO: [ route_check ] --START--
INFO: CheckRoute Behavior ::run [ RunTime:0.000463s ]
INFO: [ route_check ] --END-- [ RunTime:0.000518s ]
INFO: [ app_begin ] --START--
INFO: ReadHtmlCache Behavior ::run [ RunTime:0.000302s ]
INFO: [ app_begin ] --END-- [ RunTime:0.000387s ]

[ 2014-01-25T15:59:45+08:00 ] 61.172.246.37 /uniqlo/mini.php/Index/updateActive/?msgFormat=1&moID=30927614&moTime=20140123104958&mobs=18623870203&destID=1069018366801&msg=%30
INFO: [ route_check ] --START--
INFO: CheckRoute Behavior ::run [ RunTime:0.000497s ]
INFO: [ route_check ] --END-- [ RunTime:0.000570s ]
INFO: [ app_begin ] --START--
INFO: ReadHtmlCache Behavior ::run [ RunTime:0.000315s ]
INFO: [ app_begin ] --END-- [ RunTime:0.000365s ]

[ 2014-01-25T15:59:45+08:00 ] 61.172.246.37 /uniqlo/mini.php/Index/updateActive/?msgFormat=1&moID=30945082&moTime=20140124150042&mobs=15525510210&destID=1069018366801&msg=%30
INFO: [ route_check ] --START--
INFO: CheckRoute Behavior ::run [ RunTime:0.000509s ]
INFO: [ route_check ] --END-- [ RunTime:0.000578s ]
INFO: [ app_begin ] --START--
INFO: ReadHtmlCache Behavior ::run [ RunTime:0.000320s ]
INFO: [ app_begin ] --END-- [ RunTime:0.000372s ]

[ 2014-01-25T15:59:45+08:00 ] 61.172.246.37 /uniqlo/mini.php/Index/updateActive/?msgFormat=1&moID=30898411&moTime=20140120162147&mobs=13172301189&destID=1069018366801&msg=%30
INFO: [ route_check ] --START--
INFO: CheckRoute Behavior ::run [ RunTime:0.000685s ]
INFO: [ route_check ] --END-- [ RunTime:0.000743s ]
INFO: [ app_begin ] --START--
INFO: ReadHtmlCache Behavior ::run [ RunTime:0.000307s ]
INFO: [ app_begin ] --END-- [ RunTime:0.000357s ]

[ 2014-01-25T15:59:45+08:00 ] 61.172.246.37 /uniqlo/mini.php/Index/updateActive/?msgFormat=1&moID=30898426&moTime=20140120162245&mobs=13172301189&destID=1069018366801&msg=%30
INFO: [ route_check ] --START--
INFO: CheckRoute Behavior ::run [ RunTime:0.000488s ]
INFO: [ route_check ] --END-- [ RunTime:0.000544s ]
INFO: [ app_begin ] --START--
INFO: ReadHtmlCache Behavior ::run [ RunTime:0.000310s ]
INFO: [ app_begin ] --END-- [ RunTime:0.000369s ]

[ 2014-01-25T15:59:45+08:00 ] 61.172.246.37 /uniqlo/mini.php/Index/updateActive/?msgFormat=1&moID=30896659&moTime=20140120142154&mobs=18601127219&destID=1069018366801&msg=%30
INFO: [ route_check ] --START--
INFO: CheckRoute Behavior ::run [ RunTime:0.000481s ]
INFO: [ route_check ] --END-- [ RunTime:0.000540s ]
INFO: [ app_begin ] --START--
INFO: ReadHtmlCache Behavior ::run [ RunTime:0.000311s ]
INFO: [ app_begin ] --END-- [ RunTime:0.000362s ]

[ 2014-01-25T16:59:45+08:00 ] 61.172.246.37 /uniqlo/mini.php/Index/updateActive/?msgFormat=1&moID=30927614&moTime=20140123104958&mobs=18623870203&destID=1069018366801&msg=%30
INFO: [ route_check ] --START--
INFO: CheckRoute Behavior ::run [ RunTime:0.000501s ]
INFO: [ route_check ] --END-- [ RunTime:0.000567s ]
INFO: [ app_begin ] --START--
INFO: ReadHtmlCache Behavior ::run [ RunTime:0.000316s ]
INFO: [ app_begin ] --END-- [ RunTime:0.000368s ]

[ 2014-01-25T16:59:45+08:00 ] 61.172.246.37 /uniqlo/mini.php/Index/updateActive/?msgFormat=1&moID=30945082&moTime=20140124150042&mobs=15525510210&destID=1069018366801&msg=%30
INFO: [ route_check ] --START--
INFO: CheckRoute Behavior ::run [ RunTime:0.000492s ]
INFO: [ route_check ] --END-- [ RunTime:0.000555s ]
INFO: [ app_begin ] --START--
INFO: ReadHtmlCache Behavior ::run [ RunTime:0.000330s ]
INFO: [ app_begin ] --END-- [ RunTime:0.000383s ]

[ 2014-01-25T16:59:45+08:00 ] 61.172.246.37 /uniqlo/mini.php/Index/updateActive/?msgFormat=1&moID=30898411&moTime=20140120162147&mobs=13172301189&destID=1069018366801&msg=%30
INFO: [ route_check ] --START--
INFO: CheckRoute Behavior ::run [ RunTime:0.000574s ]
INFO: [ route_check ] --END-- [ RunTime:0.000638s ]
INFO: [ app_begin ] --START--
INFO: ReadHtmlCache Behavior ::run [ RunTime:0.000313s ]
INFO: [ app_begin ] --END-- [ RunTime:0.000365s ]

[ 2014-01-25T16:59:45+08:00 ] 61.172.246.37 /uniqlo/mini.php/Index/updateActive/?msgFormat=1&moID=30898426&moTime=20140120162245&mobs=13172301189&destID=1069018366801&msg=%30
INFO: [ route_check ] --START--
INFO: CheckRoute Behavior ::run [ RunTime:0.000488s ]
INFO: [ route_check ] --END-- [ RunTime:0.000593s ]
INFO: [ app_begin ] --START--
INFO: ReadHtmlCache Behavior ::run [ RunTime:0.000314s ]
INFO: [ app_begin ] --END-- [ RunTime:0.000367s ]

[ 2014-01-25T16:59:45+08:00 ] 61.172.246.37 /uniqlo/mini.php/Index/updateActive/?msgFormat=1&moID=30896659&moTime=20140120142154&mobs=18601127219&destID=1069018366801&msg=%30
INFO: [ route_check ] --START--
INFO: CheckRoute Behavior ::run [ RunTime:0.000481s ]
INFO: [ route_check ] --END-- [ RunTime:0.000546s ]
INFO: [ app_begin ] --START--
INFO: ReadHtmlCache Behavior ::run [ RunTime:0.000312s ]
INFO: [ app_begin ] --END-- [ RunTime:0.000363s ]

[ 2014-01-25T17:59:46+08:00 ] 61.172.246.37 /uniqlo/mini.php/Index/updateActive/?msgFormat=1&moID=30927614&moTime=20140123104958&mobs=18623870203&destID=1069018366801&msg=%30
INFO: [ route_check ] --START--
INFO: CheckRoute Behavior ::run [ RunTime:0.000524s ]
INFO: [ route_check ] --END-- [ RunTime:0.000594s ]
INFO: [ app_begin ] --START--
INFO: ReadHtmlCache Behavior ::run [ RunTime:0.000328s ]
INFO: [ app_begin ] --END-- [ RunTime:0.000380s ]

[ 2014-01-25T17:59:46+08:00 ] 61.172.246.37 /uniqlo/mini.php/Index/updateActive/?msgFormat=1&moID=30898426&moTime=20140120162245&mobs=13172301189&destID=1069018366801&msg=%30
INFO: [ route_check ] --START--
INFO: CheckRoute Behavior ::run [ RunTime:0.000515s ]
INFO: [ route_check ] --END-- [ RunTime:0.000585s ]
INFO: [ app_begin ] --START--
INFO: ReadHtmlCache Behavior ::run [ RunTime:0.000319s ]
INFO: [ app_begin ] --END-- [ RunTime:0.000378s ]

[ 2014-01-25T17:59:46+08:00 ] 61.172.246.37 /uniqlo/mini.php/Index/updateActive/?msgFormat=1&moID=30896659&moTime=20140120142154&mobs=18601127219&destID=1069018366801&msg=%30
INFO: [ route_check ] --START--
INFO: CheckRoute Behavior ::run [ RunTime:0.000499s ]
INFO: [ route_check ] --END-- [ RunTime:0.000570s ]
INFO: [ app_begin ] --START--
INFO: ReadHtmlCache Behavior ::run [ RunTime:0.000326s ]
INFO: [ app_begin ] --END-- [ RunTime:0.000380s ]

[ 2014-01-25T17:59:46+08:00 ] 61.172.246.37 /uniqlo/mini.php/Index/updateActive/?msgFormat=1&moID=30945082&moTime=20140124150042&mobs=15525510210&destID=1069018366801&msg=%30
INFO: [ route_check ] --START--
INFO: CheckRoute Behavior ::run [ RunTime:0.000500s ]
INFO: [ route_check ] --END-- [ RunTime:0.000568s ]
INFO: [ app_begin ] --START--
INFO: ReadHtmlCache Behavior ::run [ RunTime:0.000340s ]
INFO: [ app_begin ] --END-- [ RunTime:0.000391s ]

[ 2014-01-25T17:59:46+08:00 ] 61.172.246.37 /uniqlo/mini.php/Index/updateActive/?msgFormat=1&moID=30898411&moTime=20140120162147&mobs=13172301189&destID=1069018366801&msg=%30
INFO: [ route_check ] --START--
INFO: CheckRoute Behavior ::run [ RunTime:0.000503s ]
INFO: [ route_check ] --END-- [ RunTime:0.000569s ]
INFO: [ app_begin ] --START--
INFO: ReadHtmlCache Behavior ::run [ RunTime:0.000316s ]
INFO: [ app_begin ] --END-- [ RunTime:0.000367s ]

[ 2014-01-25T18:59:47+08:00 ] 61.172.246.37 /uniqlo/mini.php/Index/updateActive/?msgFormat=1&moID=30927614&moTime=20140123104958&mobs=18623870203&destID=1069018366801&msg=%30
INFO: [ route_check ] --START--
INFO: CheckRoute Behavior ::run [ RunTime:0.000488s ]
INFO: [ route_check ] --END-- [ RunTime:0.000551s ]
INFO: [ app_begin ] --START--
INFO: ReadHtmlCache Behavior ::run [ RunTime:0.000313s ]
INFO: [ app_begin ] --END-- [ RunTime:0.000364s ]

[ 2014-01-25T18:59:47+08:00 ] 61.172.246.37 /uniqlo/mini.php/Index/updateActive/?msgFormat=1&moID=30898411&moTime=20140120162147&mobs=13172301189&destID=1069018366801&msg=%30
INFO: [ route_check ] --START--
INFO: CheckRoute Behavior ::run [ RunTime:0.000506s ]
INFO: [ route_check ] --END-- [ RunTime:0.000588s ]
INFO: [ app_begin ] --START--
INFO: ReadHtmlCache Behavior ::run [ RunTime:0.000331s ]
INFO: [ app_begin ] --END-- [ RunTime:0.000391s ]

[ 2014-01-25T18:59:47+08:00 ] 61.172.246.37 /uniqlo/mini.php/Index/updateActive/?msgFormat=1&moID=30945082&moTime=20140124150042&mobs=15525510210&destID=1069018366801&msg=%30
INFO: [ route_check ] --START--
INFO: CheckRoute Behavior ::run [ RunTime:0.000486s ]
INFO: [ route_check ] --END-- [ RunTime:0.000544s ]
INFO: [ app_begin ] --START--
INFO: ReadHtmlCache Behavior ::run [ RunTime:0.000313s ]
INFO: [ app_begin ] --END-- [ RunTime:0.000367s ]

[ 2014-01-25T18:59:47+08:00 ] 61.172.246.37 /uniqlo/mini.php/Index/updateActive/?msgFormat=1&moID=30898426&moTime=20140120162245&mobs=13172301189&destID=1069018366801&msg=%30
INFO: [ route_check ] --START--
INFO: CheckRoute Behavior ::run [ RunTime:0.000472s ]
INFO: [ route_check ] --END-- [ RunTime:0.000535s ]
INFO: [ app_begin ] --START--
INFO: ReadHtmlCache Behavior ::run [ RunTime:0.000312s ]
INFO: [ app_begin ] --END-- [ RunTime:0.000363s ]

[ 2014-01-25T18:59:47+08:00 ] 61.172.246.37 /uniqlo/mini.php/Index/updateActive/?msgFormat=1&moID=30896659&moTime=20140120142154&mobs=18601127219&destID=1069018366801&msg=%30
INFO: [ route_check ] --START--
INFO: CheckRoute Behavior ::run [ RunTime:0.000479s ]
INFO: [ route_check ] --END-- [ RunTime:0.000539s ]
INFO: [ app_begin ] --START--
INFO: ReadHtmlCache Behavior ::run [ RunTime:0.000312s ]
INFO: [ app_begin ] --END-- [ RunTime:0.000364s ]

[ 2014-01-25T19:59:48+08:00 ] 61.172.246.37 /uniqlo/mini.php/Index/updateActive/?msgFormat=1&moID=30927614&moTime=20140123104958&mobs=18623870203&destID=1069018366801&msg=%30
INFO: [ route_check ] --START--
INFO: CheckRoute Behavior ::run [ RunTime:0.000510s ]
INFO: [ route_check ] --END-- [ RunTime:0.000587s ]
INFO: [ app_begin ] --START--
INFO: ReadHtmlCache Behavior ::run [ RunTime:0.000348s ]
INFO: [ app_begin ] --END-- [ RunTime:0.000400s ]

[ 2014-01-25T19:59:48+08:00 ] 61.172.246.37 /uniqlo/mini.php/Index/updateActive/?msgFormat=1&moID=30898411&moTime=20140120162147&mobs=13172301189&destID=1069018366801&msg=%30
INFO: [ route_check ] --START--
INFO: CheckRoute Behavior ::run [ RunTime:0.000515s ]
INFO: [ route_check ] --END-- [ RunTime:0.000578s ]
INFO: [ app_begin ] --START--
INFO: ReadHtmlCache Behavior ::run [ RunTime:0.000305s ]
INFO: [ app_begin ] --END-- [ RunTime:0.000356s ]

[ 2014-01-25T19:59:48+08:00 ] 61.172.246.37 /uniqlo/mini.php/Index/updateActive/?msgFormat=1&moID=30896659&moTime=20140120142154&mobs=18601127219&destID=1069018366801&msg=%30
INFO: [ route_check ] --START--
INFO: CheckRoute Behavior ::run [ RunTime:0.000464s ]
INFO: [ route_check ] --END-- [ RunTime:0.000521s ]
INFO: [ app_begin ] --START--
INFO: ReadHtmlCache Behavior ::run [ RunTime:0.000304s ]
INFO: [ app_begin ] --END-- [ RunTime:0.000355s ]

[ 2014-01-25T19:59:48+08:00 ] 61.172.246.37 /uniqlo/mini.php/Index/updateActive/?msgFormat=1&moID=30945082&moTime=20140124150042&mobs=15525510210&destID=1069018366801&msg=%30
INFO: [ route_check ] --START--
INFO: CheckRoute Behavior ::run [ RunTime:0.000494s ]
INFO: [ route_check ] --END-- [ RunTime:0.000558s ]
INFO: [ app_begin ] --START--
INFO: ReadHtmlCache Behavior ::run [ RunTime:0.000316s ]
INFO: [ app_begin ] --END-- [ RunTime:0.000369s ]

[ 2014-01-25T19:59:48+08:00 ] 61.172.246.37 /uniqlo/mini.php/Index/updateActive/?msgFormat=1&moID=30898426&moTime=20140120162245&mobs=13172301189&destID=1069018366801&msg=%30
INFO: [ route_check ] --START--
INFO: CheckRoute Behavior ::run [ RunTime:0.000474s ]
INFO: [ route_check ] --END-- [ RunTime:0.000529s ]
INFO: [ app_begin ] --START--
INFO: ReadHtmlCache Behavior ::run [ RunTime:0.000339s ]
INFO: [ app_begin ] --END-- [ RunTime:0.000391s ]

[ 2014-01-25T20:59:48+08:00 ] 61.172.246.37 /uniqlo/mini.php/Index/updateActive/?msgFormat=1&moID=30945082&moTime=20140124150042&mobs=15525510210&destID=1069018366801&msg=%30
INFO: [ route_check ] --START--
INFO: CheckRoute Behavior ::run [ RunTime:0.000502s ]
INFO: [ route_check ] --END-- [ RunTime:0.000565s ]
INFO: [ app_begin ] --START--
INFO: ReadHtmlCache Behavior ::run [ RunTime:0.000332s ]
INFO: [ app_begin ] --END-- [ RunTime:0.000384s ]

[ 2014-01-25T20:59:48+08:00 ] 61.172.246.37 /uniqlo/mini.php/Index/updateActive/?msgFormat=1&moID=30898411&moTime=20140120162147&mobs=13172301189&destID=1069018366801&msg=%30
INFO: [ route_check ] --START--
INFO: CheckRoute Behavior ::run [ RunTime:0.000482s ]
INFO: [ route_check ] --END-- [ RunTime:0.000543s ]
INFO: [ app_begin ] --START--
INFO: ReadHtmlCache Behavior ::run [ RunTime:0.000310s ]
INFO: [ app_begin ] --END-- [ RunTime:0.000362s ]

[ 2014-01-25T20:59:48+08:00 ] 61.172.246.37 /uniqlo/mini.php/Index/updateActive/?msgFormat=1&moID=30898426&moTime=20140120162245&mobs=13172301189&destID=1069018366801&msg=%30
INFO: [ route_check ] --START--
INFO: CheckRoute Behavior ::run [ RunTime:0.000480s ]
INFO: [ route_check ] --END-- [ RunTime:0.000544s ]
INFO: [ app_begin ] --START--
INFO: ReadHtmlCache Behavior ::run [ RunTime:0.000319s ]
INFO: [ app_begin ] --END-- [ RunTime:0.000371s ]

[ 2014-01-25T20:59:48+08:00 ] 61.172.246.37 /uniqlo/mini.php/Index/updateActive/?msgFormat=1&moID=30896659&moTime=20140120142154&mobs=18601127219&destID=1069018366801&msg=%30
INFO: [ route_check ] --START--
INFO: CheckRoute Behavior ::run [ RunTime:0.000481s ]
INFO: [ route_check ] --END-- [ RunTime:0.000546s ]
INFO: [ app_begin ] --START--
INFO: ReadHtmlCache Behavior ::run [ RunTime:0.000328s ]
INFO: [ app_begin ] --END-- [ RunTime:0.000380s ]

[ 2014-01-25T20:59:48+08:00 ] 61.172.246.37 /uniqlo/mini.php/Index/updateActive/?msgFormat=1&moID=30927614&moTime=20140123104958&mobs=18623870203&destID=1069018366801&msg=%30
INFO: [ route_check ] --START--
INFO: CheckRoute Behavior ::run [ RunTime:0.000493s ]
INFO: [ route_check ] --END-- [ RunTime:0.000559s ]
INFO: [ app_begin ] --START--
INFO: ReadHtmlCache Behavior ::run [ RunTime:0.000328s ]
INFO: [ app_begin ] --END-- [ RunTime:0.000380s ]

[ 2014-01-25T21:59:49+08:00 ] 61.172.246.37 /uniqlo/mini.php/Index/updateActive/?msgFormat=1&moID=30927614&moTime=20140123104958&mobs=18623870203&destID=1069018366801&msg=%30
INFO: [ route_check ] --START--
INFO: CheckRoute Behavior ::run [ RunTime:0.000500s ]
INFO: [ route_check ] --END-- [ RunTime:0.000564s ]
INFO: [ app_begin ] --START--
INFO: ReadHtmlCache Behavior ::run [ RunTime:0.000316s ]
INFO: [ app_begin ] --END-- [ RunTime:0.000368s ]

[ 2014-01-25T21:59:49+08:00 ] 61.172.246.37 /uniqlo/mini.php/Index/updateActive/?msgFormat=1&moID=30898411&moTime=20140120162147&mobs=13172301189&destID=1069018366801&msg=%30
INFO: [ route_check ] --START--
INFO: CheckRoute Behavior ::run [ RunTime:0.000473s ]
INFO: [ route_check ] --END-- [ RunTime:0.000529s ]
INFO: [ app_begin ] --START--
INFO: ReadHtmlCache Behavior ::run [ RunTime:0.000305s ]
INFO: [ app_begin ] --END-- [ RunTime:0.000357s ]

[ 2014-01-25T21:59:49+08:00 ] 61.172.246.37 /uniqlo/mini.php/Index/updateActive/?msgFormat=1&moID=30945082&moTime=20140124150042&mobs=15525510210&destID=1069018366801&msg=%30
INFO: [ route_check ] --START--
INFO: CheckRoute Behavior ::run [ RunTime:0.000507s ]
INFO: [ route_check ] --END-- [ RunTime:0.000565s ]
INFO: [ app_begin ] --START--
INFO: ReadHtmlCache Behavior ::run [ RunTime:0.000346s ]
INFO: [ app_begin ] --END-- [ RunTime:0.000397s ]

[ 2014-01-25T21:59:49+08:00 ] 61.172.246.37 /uniqlo/mini.php/Index/updateActive/?msgFormat=1&moID=30898426&moTime=20140120162245&mobs=13172301189&destID=1069018366801&msg=%30
INFO: [ route_check ] --START--
INFO: CheckRoute Behavior ::run [ RunTime:0.000474s ]
INFO: [ route_check ] --END-- [ RunTime:0.000532s ]
INFO: [ app_begin ] --START--
INFO: ReadHtmlCache Behavior ::run [ RunTime:0.000304s ]
INFO: [ app_begin ] --END-- [ RunTime:0.000356s ]

[ 2014-01-25T21:59:49+08:00 ] 61.172.246.37 /uniqlo/mini.php/Index/updateActive/?msgFormat=1&moID=30896659&moTime=20140120142154&mobs=18601127219&destID=1069018366801&msg=%30
INFO: [ route_check ] --START--
INFO: CheckRoute Behavior ::run [ RunTime:0.000485s ]
INFO: [ route_check ] --END-- [ RunTime:0.000549s ]
INFO: [ app_begin ] --START--
INFO: ReadHtmlCache Behavior ::run [ RunTime:0.000355s ]
INFO: [ app_begin ] --END-- [ RunTime:0.000408s ]

[ 2014-01-25T22:59:49+08:00 ] 61.172.246.37 /uniqlo/mini.php/Index/updateActive/?msgFormat=1&moID=30927614&moTime=20140123104958&mobs=18623870203&destID=1069018366801&msg=%30
INFO: [ route_check ] --START--
INFO: CheckRoute Behavior ::run [ RunTime:0.000489s ]
INFO: [ route_check ] --END-- [ RunTime:0.000552s ]
INFO: [ app_begin ] --START--
INFO: ReadHtmlCache Behavior ::run [ RunTime:0.000314s ]
INFO: [ app_begin ] --END-- [ RunTime:0.000366s ]

[ 2014-01-25T22:59:49+08:00 ] 61.172.246.37 /uniqlo/mini.php/Index/updateActive/?msgFormat=1&moID=30945082&moTime=20140124150042&mobs=15525510210&destID=1069018366801&msg=%30
INFO: [ route_check ] --START--
INFO: CheckRoute Behavior ::run [ RunTime:0.000466s ]
INFO: [ route_check ] --END-- [ RunTime:0.000523s ]
INFO: [ app_begin ] --START--
INFO: ReadHtmlCache Behavior ::run [ RunTime:0.000307s ]
INFO: [ app_begin ] --END-- [ RunTime:0.000358s ]

[ 2014-01-25T22:59:49+08:00 ] 61.172.246.37 /uniqlo/mini.php/Index/updateActive/?msgFormat=1&moID=30898411&moTime=20140120162147&mobs=13172301189&destID=1069018366801&msg=%30
INFO: [ route_check ] --START--
INFO: CheckRoute Behavior ::run [ RunTime:0.000480s ]
INFO: [ route_check ] --END-- [ RunTime:0.000542s ]
INFO: [ app_begin ] --START--
INFO: ReadHtmlCache Behavior ::run [ RunTime:0.000314s ]
INFO: [ app_begin ] --END-- [ RunTime:0.000365s ]

[ 2014-01-25T22:59:49+08:00 ] 61.172.246.37 /uniqlo/mini.php/Index/updateActive/?msgFormat=1&moID=30898426&moTime=20140120162245&mobs=13172301189&destID=1069018366801&msg=%30
INFO: [ route_check ] --START--
INFO: CheckRoute Behavior ::run [ RunTime:0.000474s ]
INFO: [ route_check ] --END-- [ RunTime:0.000537s ]
INFO: [ app_begin ] --START--
INFO: ReadHtmlCache Behavior ::run [ RunTime:0.000310s ]
INFO: [ app_begin ] --END-- [ RunTime:0.000362s ]

[ 2014-01-25T22:59:49+08:00 ] 61.172.246.37 /uniqlo/mini.php/Index/updateActive/?msgFormat=1&moID=30896659&moTime=20140120142154&mobs=18601127219&destID=1069018366801&msg=%30
INFO: [ route_check ] --START--
INFO: CheckRoute Behavior ::run [ RunTime:0.000477s ]
INFO: [ route_check ] --END-- [ RunTime:0.000538s ]
INFO: [ app_begin ] --START--
INFO: ReadHtmlCache Behavior ::run [ RunTime:0.000310s ]
INFO: [ app_begin ] --END-- [ RunTime:0.000361s ]

[ 2014-01-25T23:59:50+08:00 ] 61.172.246.37 /uniqlo/mini.php/Index/updateActive/?msgFormat=1&moID=30945082&moTime=20140124150042&mobs=15525510210&destID=1069018366801&msg=%30
INFO: [ route_check ] --START--
INFO: CheckRoute Behavior ::run [ RunTime:0.000486s ]
INFO: [ route_check ] --END-- [ RunTime:0.000550s ]
INFO: [ app_begin ] --START--
INFO: ReadHtmlCache Behavior ::run [ RunTime:0.000316s ]
INFO: [ app_begin ] --END-- [ RunTime:0.000369s ]

[ 2014-01-25T23:59:50+08:00 ] 61.172.246.37 /uniqlo/mini.php/Index/updateActive/?msgFormat=1&moID=30898426&moTime=20140120162245&mobs=13172301189&destID=1069018366801&msg=%30
INFO: [ route_check ] --START--
INFO: CheckRoute Behavior ::run [ RunTime:0.000467s ]
INFO: [ route_check ] --END-- [ RunTime:0.000526s ]
INFO: [ app_begin ] --START--
INFO: ReadHtmlCache Behavior ::run [ RunTime:0.000306s ]
INFO: [ app_begin ] --END-- [ RunTime:0.000358s ]

[ 2014-01-25T23:59:50+08:00 ] 61.172.246.37 /uniqlo/mini.php/Index/updateActive/?msgFormat=1&moID=30927614&moTime=20140123104958&mobs=18623870203&destID=1069018366801&msg=%30
INFO: [ route_check ] --START--
INFO: CheckRoute Behavior ::run [ RunTime:0.000510s ]
INFO: [ route_check ] --END-- [ RunTime:0.000580s ]
INFO: [ app_begin ] --START--
INFO: ReadHtmlCache Behavior ::run [ RunTime:0.000330s ]
INFO: [ app_begin ] --END-- [ RunTime:0.000381s ]

[ 2014-01-25T23:59:51+08:00 ] 61.172.246.37 /uniqlo/mini.php/Index/updateActive/?msgFormat=1&moID=30898411&moTime=20140120162147&mobs=13172301189&destID=1069018366801&msg=%30
INFO: [ route_check ] --START--
INFO: CheckRoute Behavior ::run [ RunTime:0.000489s ]
INFO: [ route_check ] --END-- [ RunTime:0.000590s ]
INFO: [ app_begin ] --START--
INFO: ReadHtmlCache Behavior ::run [ RunTime:0.000307s ]
INFO: [ app_begin ] --END-- [ RunTime:0.000358s ]

[ 2014-01-25T23:59:51+08:00 ] 61.172.246.37 /uniqlo/mini.php/Index/updateActive/?msgFormat=1&moID=30896659&moTime=20140120142154&mobs=18601127219&destID=1069018366801&msg=%30
INFO: [ route_check ] --START--
INFO: CheckRoute Behavior ::run [ RunTime:0.000476s ]
INFO: [ route_check ] --END-- [ RunTime:0.000536s ]
INFO: [ app_begin ] --START--
INFO: ReadHtmlCache Behavior ::run [ RunTime:0.000317s ]
INFO: [ app_begin ] --END-- [ RunTime:0.000368s ]

