[ 2014-01-14T16:04:05+08:00 ] 58.246.66.2 /uniqlo/
INFO: [ app_begin ] --START--
INFO: ReadHtmlCache Behavior ::run [ RunTime:0.000368s ]
INFO: [ app_begin ] --END-- [ RunTime:0.000453s ]
SQL: SHOW COLUMNS FROM `u_windex` [ RunTime:0.000689s ]
SQL: SHOW COLUMNS FROM `u_tag` [ RunTime:0.000643s ]
SQL: SHOW COLUMNS FROM `u_recommend` [ RunTime:0.032615s ]
SQL: SELECT u_goods.id,u_goods.num_iid,u_goods.type,u_goods.title,u_goods.num,u_goods.price,u_goods.pic_url,u_goods.detail_url FROM `u_recommend` LEFT JOIN u_goods on u_goods.num_iid=u_recommend.num_iid WHERE ( u_recommend.type = '1' ) AND ( u_recommend.isud = '1' )  [ RunTime:0.149746s ]
SQL: SELECT u_goods.id,u_goods.num_iid,u_goods.type,u_goods.title,u_goods.num,u_goods.price,u_goods.pic_url,u_goods.detail_url FROM `u_recommend` LEFT JOIN u_goods on u_goods.num_iid=u_recommend.num_iid WHERE ( u_recommend.type = '1' ) AND ( u_recommend.isud = '2' )  [ RunTime:0.057684s ]
SQL: SHOW COLUMNS FROM `u_tag` [ RunTime:0.000640s ]
SQL: SELECT `id`,`type` FROM `u_tag` WHERE ( `name` = '…ÃŒÒ' )  [ RunTime:0.000286s ]
NOTIC: [2] Invalid argument supplied for foreach() /superdata/kimi/uniqlo/Home/Lib/Model/TagModel.class.php Á¨¨ 7 Ë°å.
NOTIC: [8] Undefined variable: fir /superdata/kimi/uniqlo/Home/Lib/Model/TagModel.class.php Á¨¨ 18 Ë°å.
NOTIC: [8] Undefined variable: sec /superdata/kimi/uniqlo/Home/Lib/Model/TagModel.class.php Á¨¨ 18 Ë°å.
NOTIC: [8] Undefined variable: th /superdata/kimi/uniqlo/Home/Lib/Model/TagModel.class.php Á¨¨ 18 Ë°å.
SQL: SELECT `id`,`type` FROM `u_tag` WHERE ( `name` = 'π‰Ω÷' )  [ RunTime:0.000172s ]
NOTIC: [2] Invalid argument supplied for foreach() /superdata/kimi/uniqlo/Home/Lib/Model/TagModel.class.php Á¨¨ 7 Ë°å.
NOTIC: [8] Undefined variable: fir /superdata/kimi/uniqlo/Home/Lib/Model/TagModel.class.php Á¨¨ 18 Ë°å.
NOTIC: [8] Undefined variable: sec /superdata/kimi/uniqlo/Home/Lib/Model/TagModel.class.php Á¨¨ 18 Ë°å.
NOTIC: [8] Undefined variable: th /superdata/kimi/uniqlo/Home/Lib/Model/TagModel.class.php Á¨¨ 18 Ë°å.
SQL: SELECT `id`,`type` FROM `u_tag` WHERE ( `name` = '‘À∂Ø' )  [ RunTime:0.000199s ]
NOTIC: [2] Invalid argument supplied for foreach() /superdata/kimi/uniqlo/Home/Lib/Model/TagModel.class.php Á¨¨ 7 Ë°å.
NOTIC: [8] Undefined variable: fir /superdata/kimi/uniqlo/Home/Lib/Model/TagModel.class.php Á¨¨ 18 Ë°å.
NOTIC: [8] Undefined variable: sec /superdata/kimi/uniqlo/Home/Lib/Model/TagModel.class.php Á¨¨ 18 Ë°å.
NOTIC: [8] Undefined variable: th /superdata/kimi/uniqlo/Home/Lib/Model/TagModel.class.php Á¨¨ 18 Ë°å.
SQL: SELECT `id`,`type` FROM `u_tag` WHERE ( `name` = 'æ”º“' )  [ RunTime:0.000217s ]
NOTIC: [2] Invalid argument supplied for foreach() /superdata/kimi/uniqlo/Home/Lib/Model/TagModel.class.php Á¨¨ 7 Ë°å.
NOTIC: [8] Undefined variable: fir /superdata/kimi/uniqlo/Home/Lib/Model/TagModel.class.php Á¨¨ 18 Ë°å.
NOTIC: [8] Undefined variable: sec /superdata/kimi/uniqlo/Home/Lib/Model/TagModel.class.php Á¨¨ 18 Ë°å.
NOTIC: [8] Undefined variable: th /superdata/kimi/uniqlo/Home/Lib/Model/TagModel.class.php Á¨¨ 18 Ë°å.
SQL: SELECT `id`,`type` FROM `u_tag` WHERE ( `name` = '…œ—ß' )  [ RunTime:0.000143s ]
NOTIC: [2] Invalid argument supplied for foreach() /superdata/kimi/uniqlo/Home/Lib/Model/TagModel.class.php Á¨¨ 7 Ë°å.
NOTIC: [8] Undefined variable: fir /superdata/kimi/uniqlo/Home/Lib/Model/TagModel.class.php Á¨¨ 18 Ë°å.
NOTIC: [8] Undefined variable: sec /superdata/kimi/uniqlo/Home/Lib/Model/TagModel.class.php Á¨¨ 18 Ë°å.
NOTIC: [8] Undefined variable: th /superdata/kimi/uniqlo/Home/Lib/Model/TagModel.class.php Á¨¨ 18 Ë°å.
NOTIC: [8] Undefined index: cityn /superdata/kimi/uniqlo/Home/Lib/Action/IndexAction.class.php Á¨¨ 27 Ë°å.
NOTIC: [8] Undefined index: pro /superdata/kimi/uniqlo/Home/Lib/Action/IndexAction.class.php Á¨¨ 28 Ë°å.
INFO: [ view_parse ] --START--
INFO: ParseTemplate Behavior ::run [ RunTime:0.032646s ]
INFO: [ view_parse ] --END-- [ RunTime:0.032777s ]
INFO: [ view_filter ] --START--
INFO: ContentReplace Behavior ::run [ RunTime:0.000367s ]
INFO: TokenBuild Behavior ::run [ RunTime:0.000455s ]
INFO: WriteHtmlCache Behavior ::run [ RunTime:0.000181s ]
INFO: ShowRuntime Behavior ::run [ RunTime:0.000302s ]
INFO: [ view_filter ] --END-- [ RunTime:0.001509s ]
INFO: [ view_end ] --START--
INFO: ShowPageTrace Behavior ::run [ RunTime:0.000417s ]
INFO: [ view_end ] --END-- [ RunTime:0.000478s ]

