[ 2014-01-18T20:22:59+08:00 ] 66.249.64.29 /uniqlo/
INFO: [ app_begin ] --START--
INFO: ReadHtmlCache Behavior ::run [ RunTime:0.000325s ]
INFO: [ app_begin ] --END-- [ RunTime:0.000388s ]
SQL: SHOW COLUMNS FROM `u_windex` [ RunTime:0.000561s ]
SQL: SHOW COLUMNS FROM `u_tag` [ RunTime:0.000485s ]
SQL: SHOW COLUMNS FROM `u_recommend` [ RunTime:0.000467s ]
SQL: SELECT u_goods.id,u_goods.num_iid,u_goods.type,u_goods.title,u_goods.num,u_goods.price,u_goods.pic_url,u_goods.detail_url FROM `u_recommend` LEFT JOIN u_goods on u_goods.num_iid=u_recommend.num_iid WHERE ( u_recommend.type = '1' ) AND ( u_recommend.isud = '1' )  [ RunTime:0.113297s ]
SQL: SELECT u_goods.id,u_goods.num_iid,u_goods.type,u_goods.title,u_goods.num,u_goods.price,u_goods.pic_url,u_goods.detail_url FROM `u_recommend` LEFT JOIN u_goods on u_goods.num_iid=u_recommend.num_iid WHERE ( u_recommend.type = '1' ) AND ( u_recommend.isud = '2' )  [ RunTime:0.003864s ]
SQL: SHOW COLUMNS FROM `u_tag` [ RunTime:0.000470s ]
SQL: SELECT `id`,`type` FROM `u_tag` WHERE ( `name` = '…ÃŒÒ' )  [ RunTime:0.000172s ]
NOTIC: [2] Invalid argument supplied for foreach() /superdata/uyiku/uniqlo/Home/Lib/Model/TagModel.class.php Á¨¨ 7 Ë°å.
NOTIC: [8] Undefined variable: fir /superdata/uyiku/uniqlo/Home/Lib/Model/TagModel.class.php Á¨¨ 18 Ë°å.
NOTIC: [8] Undefined variable: sec /superdata/uyiku/uniqlo/Home/Lib/Model/TagModel.class.php Á¨¨ 18 Ë°å.
NOTIC: [8] Undefined variable: th /superdata/uyiku/uniqlo/Home/Lib/Model/TagModel.class.php Á¨¨ 18 Ë°å.
SQL: SELECT `id`,`type` FROM `u_tag` WHERE ( `name` = 'π‰Ω÷' )  [ RunTime:0.000153s ]
NOTIC: [2] Invalid argument supplied for foreach() /superdata/uyiku/uniqlo/Home/Lib/Model/TagModel.class.php Á¨¨ 7 Ë°å.
NOTIC: [8] Undefined variable: fir /superdata/uyiku/uniqlo/Home/Lib/Model/TagModel.class.php Á¨¨ 18 Ë°å.
NOTIC: [8] Undefined variable: sec /superdata/uyiku/uniqlo/Home/Lib/Model/TagModel.class.php Á¨¨ 18 Ë°å.
NOTIC: [8] Undefined variable: th /superdata/uyiku/uniqlo/Home/Lib/Model/TagModel.class.php Á¨¨ 18 Ë°å.
SQL: SELECT `id`,`type` FROM `u_tag` WHERE ( `name` = '‘À∂Ø' )  [ RunTime:0.000146s ]
NOTIC: [2] Invalid argument supplied for foreach() /superdata/uyiku/uniqlo/Home/Lib/Model/TagModel.class.php Á¨¨ 7 Ë°å.
NOTIC: [8] Undefined variable: fir /superdata/uyiku/uniqlo/Home/Lib/Model/TagModel.class.php Á¨¨ 18 Ë°å.
NOTIC: [8] Undefined variable: sec /superdata/uyiku/uniqlo/Home/Lib/Model/TagModel.class.php Á¨¨ 18 Ë°å.
NOTIC: [8] Undefined variable: th /superdata/uyiku/uniqlo/Home/Lib/Model/TagModel.class.php Á¨¨ 18 Ë°å.
SQL: SELECT `id`,`type` FROM `u_tag` WHERE ( `name` = 'æ”º“' )  [ RunTime:0.000173s ]
NOTIC: [2] Invalid argument supplied for foreach() /superdata/uyiku/uniqlo/Home/Lib/Model/TagModel.class.php Á¨¨ 7 Ë°å.
NOTIC: [8] Undefined variable: fir /superdata/uyiku/uniqlo/Home/Lib/Model/TagModel.class.php Á¨¨ 18 Ë°å.
NOTIC: [8] Undefined variable: sec /superdata/uyiku/uniqlo/Home/Lib/Model/TagModel.class.php Á¨¨ 18 Ë°å.
NOTIC: [8] Undefined variable: th /superdata/uyiku/uniqlo/Home/Lib/Model/TagModel.class.php Á¨¨ 18 Ë°å.
SQL: SELECT `id`,`type` FROM `u_tag` WHERE ( `name` = '…œ—ß' )  [ RunTime:0.000176s ]
NOTIC: [2] Invalid argument supplied for foreach() /superdata/uyiku/uniqlo/Home/Lib/Model/TagModel.class.php Á¨¨ 7 Ë°å.
NOTIC: [8] Undefined variable: fir /superdata/uyiku/uniqlo/Home/Lib/Model/TagModel.class.php Á¨¨ 18 Ë°å.
NOTIC: [8] Undefined variable: sec /superdata/uyiku/uniqlo/Home/Lib/Model/TagModel.class.php Á¨¨ 18 Ë°å.
NOTIC: [8] Undefined variable: th /superdata/uyiku/uniqlo/Home/Lib/Model/TagModel.class.php Á¨¨ 18 Ë°å.
NOTIC: [8] Undefined index: cityn /superdata/uyiku/uniqlo/Home/Lib/Action/IndexAction.class.php Á¨¨ 27 Ë°å.
NOTIC: [8] Undefined index: pro /superdata/uyiku/uniqlo/Home/Lib/Action/IndexAction.class.php Á¨¨ 28 Ë°å.
INFO: [ view_parse ] --START--
INFO: ParseTemplate Behavior ::run [ RunTime:0.029394s ]
INFO: [ view_parse ] --END-- [ RunTime:0.029464s ]
INFO: [ view_filter ] --START--
INFO: ContentReplace Behavior ::run [ RunTime:0.000249s ]
INFO: TokenBuild Behavior ::run [ RunTime:0.000304s ]
INFO: WriteHtmlCache Behavior ::run [ RunTime:0.000175s ]
INFO: ShowRuntime Behavior ::run [ RunTime:0.000291s ]
INFO: [ view_filter ] --END-- [ RunTime:0.001166s ]
INFO: [ view_end ] --START--
INFO: ShowPageTrace Behavior ::run [ RunTime:0.000393s ]
INFO: [ view_end ] --END-- [ RunTime:0.000457s ]

