[ 2014-01-05T21:19:12+08:00 ] 180.154.143.247 /uniqlo/index.php/Index/ajaxgood?callback=jsonpCallback&tem=7&pro=%C9%CF%BA%A3
INFO: [ route_check ] --START--
INFO: CheckRoute Behavior ::run [ RunTime:0.000538s ]
INFO: [ route_check ] --END-- [ RunTime:0.000618s ]
INFO: [ app_begin ] --START--
INFO: ReadHtmlCache Behavior ::run [ RunTime:0.000351s ]
INFO: [ app_begin ] --END-- [ RunTime:0.000408s ]
NOTIC: 建议使用I方法替代_request
NOTIC: 建议使用I方法替代_request
NOTIC: 建议使用I方法替代_request
NOTIC: 建议使用I方法替代_request
SQL: SHOW COLUMNS FROM `u_goodtag` [ RunTime:0.000687s ]
SQL: SHOW COLUMNS FROM `u_windex` [ RunTime:0.000471s ]
SQL: SHOW COLUMNS FROM `u_recommend` [ RunTime:0.036200s ]
SQL: SELECT u_goods.id,u_goods.num_iid,u_goods.type,u_goods.title,u_goods.num,u_goods.price,u_goods.pic_url,u_goods.detail_url FROM `u_recommend` LEFT JOIN u_goods on u_goods.num_iid=u_recommend.num_iid WHERE ( u_recommend.type = '1' ) AND ( u_recommend.isud = '1' )  [ RunTime:0.030249s ]
SQL: SELECT u_goods.id,u_goods.num_iid,u_goods.type,u_goods.title,u_goods.num,u_goods.price,u_goods.pic_url,u_goods.detail_url FROM `u_recommend` LEFT JOIN u_goods on u_goods.num_iid=u_recommend.num_iid WHERE ( u_recommend.type = '1' ) AND ( u_recommend.isud = '2' )  [ RunTime:0.000278s ]
NOTIC: [8] Undefined index: ccateid /superdata/kimi/uniqlo/Home/Lib/Action/IndexAction.class.php 第 98 行.
NOTIC: [8] Undefined index: ccateid /superdata/kimi/uniqlo/Home/Lib/Action/IndexAction.class.php 第 98 行.
NOTIC: [8] Undefined index: ccateid /superdata/kimi/uniqlo/Home/Lib/Action/IndexAction.class.php 第 98 行.
NOTIC: [8] Undefined index: ccateid /superdata/kimi/uniqlo/Home/Lib/Action/IndexAction.class.php 第 98 行.
NOTIC: [8] Undefined index: ccateid /superdata/kimi/uniqlo/Home/Lib/Action/IndexAction.class.php 第 110 行.
NOTIC: [8] Undefined index: ccateid /superdata/kimi/uniqlo/Home/Lib/Action/IndexAction.class.php 第 110 行.
NOTIC: [8] Undefined index: ccateid /superdata/kimi/uniqlo/Home/Lib/Action/IndexAction.class.php 第 110 行.
NOTIC: [8] Undefined index: ccateid /superdata/kimi/uniqlo/Home/Lib/Action/IndexAction.class.php 第 110 行.

[ 2014-01-05T21:19:13+08:00 ] 180.154.143.247 /uniqlo/index.php/Index/getgood?callback=jsonpCallback3&tem=7&cid=3_9&sid=1&tid=0&pro=%C9%CF%BA%A3
INFO: [ route_check ] --START--
INFO: CheckRoute Behavior ::run [ RunTime:0.000513s ]
INFO: [ route_check ] --END-- [ RunTime:0.000580s ]
INFO: [ app_begin ] --START--
INFO: ReadHtmlCache Behavior ::run [ RunTime:0.000324s ]
INFO: [ app_begin ] --END-- [ RunTime:0.000402s ]
NOTIC: 建议使用I方法替代_request
NOTIC: 建议使用I方法替代_request
NOTIC: 建议使用I方法替代_request
NOTIC: 建议使用I方法替代_request
NOTIC: 建议使用I方法替代_request
SQL: SHOW COLUMNS FROM `u_goodtag` [ RunTime:0.000715s ]
SQL: SHOW COLUMNS FROM `u_windex` [ RunTime:0.000399s ]
SQL: SHOW COLUMNS FROM `u_windex` [ RunTime:0.000424s ]
SQL: SELECT `id` FROM `u_windex` WHERE ( `stm` <= '7' ) AND ( `etm` >= '7' ) LIMIT 1   [ RunTime:0.000071s ]
SQL: SELECT u_goods.id,u_goods.num_iid,u_goods.title,u_goods.num,u_goods.price,u_goods.pic_url,u_goods.detail_url,u_goodtag.ccateid FROM `u_goodtag` INNER JOIN u_goods on u_goods.id=u_goodtag.good_id WHERE ( u_goodtag.wid = '6' ) AND ( u_goodtag.gtype = '1' ) AND ( u_goodtag.isud = '1' ) AND ( u_goodtag.tag_id = '3' ) AND ( u_goods.approve_status = 'onsale' ) AND ( u_goods.num >= '15' ) GROUP BY u_goodtag.good_id ORDER BY u_goods.outer_id desc  [ RunTime:0.114198s ]
SQL: SELECT u_goods.id,u_goods.num_iid,u_goods.title,u_goods.num,u_goods.price,u_goods.pic_url,u_goods.detail_url,u_goodtag.ccateid FROM `u_goodtag` INNER JOIN u_goods on u_goods.id=u_goodtag.good_id WHERE (  (u_goodtag.wid IN(5,7,8))  ) AND ( u_goodtag.gtype = '1' ) AND ( u_goodtag.isud = '1' ) AND ( u_goodtag.tag_id = '3' ) AND ( u_goods.approve_status = 'onsale' ) AND ( u_goods.num >= '15' ) GROUP BY u_goodtag.good_id ORDER BY u_goodtag.wid asc,u_goods.outer_id desc  [ RunTime:0.000954s ]
SQL: SELECT u_goods.id,u_goods.num_iid,u_goods.title,u_goods.num,u_goods.price,u_goods.pic_url,u_goods.detail_url,u_goodtag.ccateid FROM `u_goodtag` INNER JOIN u_goods on u_goods.id=u_goodtag.good_id WHERE ( u_goodtag.wid = '6' ) AND ( u_goodtag.gtype = '1' ) AND ( u_goodtag.isud = '2' ) AND ( u_goodtag.tag_id = '3' ) AND ( u_goods.approve_status = 'onsale' ) AND ( u_goods.num >= '15' ) GROUP BY u_goodtag.good_id ORDER BY u_goods.outer_id desc  [ RunTime:0.002100s ]
SQL: SELECT u_goods.id,u_goods.num_iid,u_goods.title,u_goods.num,u_goods.price,u_goods.pic_url,u_goods.detail_url,u_goodtag.ccateid FROM `u_goodtag` INNER JOIN u_goods on u_goods.id=u_goodtag.good_id WHERE (  (u_goodtag.wid IN(5,7,8))  ) AND ( u_goodtag.gtype = '1' ) AND ( u_goodtag.isud = '2' ) AND ( u_goodtag.tag_id = '3' ) AND ( u_goods.approve_status = 'onsale' ) AND ( u_goods.num >= '15' ) GROUP BY u_goodtag.good_id ORDER BY u_goodtag.wid asc,u_goods.outer_id desc  [ RunTime:0.031774s ]

[ 2014-01-05T21:19:14+08:00 ] 180.154.143.247 /uniqlo/index.php/Index/getgood?callback=jsonpCallback3&tem=7&cid=4_10_16&sid=1&tid=0&pro=%C9%CF%BA%A3
INFO: [ route_check ] --START--
INFO: CheckRoute Behavior ::run [ RunTime:0.000515s ]
INFO: [ route_check ] --END-- [ RunTime:0.000581s ]
INFO: [ app_begin ] --START--
INFO: ReadHtmlCache Behavior ::run [ RunTime:0.000314s ]
INFO: [ app_begin ] --END-- [ RunTime:0.000367s ]
NOTIC: 建议使用I方法替代_request
NOTIC: 建议使用I方法替代_request
NOTIC: 建议使用I方法替代_request
NOTIC: 建议使用I方法替代_request
NOTIC: 建议使用I方法替代_request
SQL: SHOW COLUMNS FROM `u_goodtag` [ RunTime:0.000715s ]
SQL: SHOW COLUMNS FROM `u_windex` [ RunTime:0.000413s ]
SQL: SHOW COLUMNS FROM `u_windex` [ RunTime:0.000382s ]
SQL: SELECT `id` FROM `u_windex` WHERE ( `stm` <= '7' ) AND ( `etm` >= '7' ) LIMIT 1   [ RunTime:0.000073s ]
SQL: SELECT u_goods.id,u_goods.num_iid,u_goods.title,u_goods.num,u_goods.price,u_goods.pic_url,u_goods.detail_url,u_goodtag.ccateid FROM `u_goodtag` INNER JOIN u_goods on u_goods.id=u_goodtag.good_id WHERE ( u_goodtag.wid = '6' ) AND ( u_goodtag.gtype = '1' ) AND ( u_goodtag.isud = '1' ) AND ( u_goodtag.tag_id = '4' ) AND ( u_goods.approve_status = 'onsale' ) AND ( u_goods.num >= '15' ) GROUP BY u_goodtag.good_id ORDER BY u_goods.outer_id desc  [ RunTime:0.033509s ]
SQL: SELECT u_goods.id,u_goods.num_iid,u_goods.title,u_goods.num,u_goods.price,u_goods.pic_url,u_goods.detail_url,u_goodtag.ccateid FROM `u_goodtag` INNER JOIN u_goods on u_goods.id=u_goodtag.good_id WHERE (  (u_goodtag.wid IN(5,7,8))  ) AND ( u_goodtag.gtype = '1' ) AND ( u_goodtag.isud = '1' ) AND ( u_goodtag.tag_id = '4' ) AND ( u_goods.approve_status = 'onsale' ) AND ( u_goods.num >= '15' ) GROUP BY u_goodtag.good_id ORDER BY u_goodtag.wid asc,u_goods.outer_id desc  [ RunTime:0.004348s ]
SQL: SELECT u_goods.id,u_goods.num_iid,u_goods.title,u_goods.num,u_goods.price,u_goods.pic_url,u_goods.detail_url,u_goodtag.ccateid FROM `u_goodtag` INNER JOIN u_goods on u_goods.id=u_goodtag.good_id WHERE ( u_goodtag.wid = '6' ) AND ( u_goodtag.gtype = '1' ) AND ( u_goodtag.isud = '2' ) AND ( u_goodtag.tag_id = '4' ) AND ( u_goods.approve_status = 'onsale' ) AND ( u_goods.num >= '15' ) GROUP BY u_goodtag.good_id ORDER BY u_goods.outer_id desc  [ RunTime:0.004287s ]
SQL: SELECT u_goods.id,u_goods.num_iid,u_goods.title,u_goods.num,u_goods.price,u_goods.pic_url,u_goods.detail_url,u_goodtag.ccateid FROM `u_goodtag` INNER JOIN u_goods on u_goods.id=u_goodtag.good_id WHERE (  (u_goodtag.wid IN(5,7,8))  ) AND ( u_goodtag.gtype = '1' ) AND ( u_goodtag.isud = '2' ) AND ( u_goodtag.tag_id = '4' ) AND ( u_goods.approve_status = 'onsale' ) AND ( u_goods.num >= '15' ) GROUP BY u_goodtag.good_id ORDER BY u_goodtag.wid asc,u_goods.outer_id desc  [ RunTime:0.003197s ]

[ 2014-01-05T21:19:15+08:00 ] 180.154.143.247 /uniqlo/index.php/Index/getgood?callback=jsonpCallback3&tem=7&cid=7_13_19&sid=1&tid=0&pro=%C9%CF%BA%A3
INFO: [ route_check ] --START--
INFO: CheckRoute Behavior ::run [ RunTime:0.000498s ]
INFO: [ route_check ] --END-- [ RunTime:0.000564s ]
INFO: [ app_begin ] --START--
INFO: ReadHtmlCache Behavior ::run [ RunTime:0.000314s ]
INFO: [ app_begin ] --END-- [ RunTime:0.000364s ]
NOTIC: 建议使用I方法替代_request
NOTIC: 建议使用I方法替代_request
NOTIC: 建议使用I方法替代_request
NOTIC: 建议使用I方法替代_request
NOTIC: 建议使用I方法替代_request
SQL: SHOW COLUMNS FROM `u_goodtag` [ RunTime:0.000589s ]
SQL: SHOW COLUMNS FROM `u_windex` [ RunTime:0.000384s ]
SQL: SHOW COLUMNS FROM `u_windex` [ RunTime:0.000396s ]
SQL: SELECT `id` FROM `u_windex` WHERE ( `stm` <= '7' ) AND ( `etm` >= '7' ) LIMIT 1   [ RunTime:0.000072s ]
SQL: SELECT u_goods.id,u_goods.num_iid,u_goods.title,u_goods.num,u_goods.price,u_goods.pic_url,u_goods.detail_url,u_goodtag.ccateid FROM `u_goodtag` INNER JOIN u_goods on u_goods.id=u_goodtag.good_id WHERE ( u_goodtag.wid = '6' ) AND ( u_goodtag.gtype = '1' ) AND ( u_goodtag.isud = '1' ) AND ( u_goodtag.tag_id = '7' ) AND ( u_goods.approve_status = 'onsale' ) AND ( u_goods.num >= '15' ) GROUP BY u_goodtag.good_id ORDER BY u_goods.outer_id desc  [ RunTime:0.007531s ]
SQL: SELECT u_goods.id,u_goods.num_iid,u_goods.title,u_goods.num,u_goods.price,u_goods.pic_url,u_goods.detail_url,u_goodtag.ccateid FROM `u_goodtag` INNER JOIN u_goods on u_goods.id=u_goodtag.good_id WHERE (  (u_goodtag.wid IN(5,7,8))  ) AND ( u_goodtag.gtype = '1' ) AND ( u_goodtag.isud = '1' ) AND ( u_goodtag.tag_id = '7' ) AND ( u_goods.approve_status = 'onsale' ) AND ( u_goods.num >= '15' ) GROUP BY u_goodtag.good_id ORDER BY u_goodtag.wid asc,u_goods.outer_id desc  [ RunTime:0.002346s ]
SQL: SELECT u_goods.id,u_goods.num_iid,u_goods.title,u_goods.num,u_goods.price,u_goods.pic_url,u_goods.detail_url,u_goodtag.ccateid FROM `u_goodtag` INNER JOIN u_goods on u_goods.id=u_goodtag.good_id WHERE ( u_goodtag.wid = '6' ) AND ( u_goodtag.gtype = '1' ) AND ( u_goodtag.isud = '2' ) AND ( u_goodtag.tag_id = '7' ) AND ( u_goods.approve_status = 'onsale' ) AND ( u_goods.num >= '15' ) GROUP BY u_goodtag.good_id ORDER BY u_goods.outer_id desc  [ RunTime:0.004023s ]
SQL: SELECT u_goods.id,u_goods.num_iid,u_goods.title,u_goods.num,u_goods.price,u_goods.pic_url,u_goods.detail_url,u_goodtag.ccateid FROM `u_goodtag` INNER JOIN u_goods on u_goods.id=u_goodtag.good_id WHERE (  (u_goodtag.wid IN(5,7,8))  ) AND ( u_goodtag.gtype = '1' ) AND ( u_goodtag.isud = '2' ) AND ( u_goodtag.tag_id = '7' ) AND ( u_goods.approve_status = 'onsale' ) AND ( u_goods.num >= '15' ) GROUP BY u_goodtag.good_id ORDER BY u_goodtag.wid asc,u_goods.outer_id desc  [ RunTime:0.002509s ]

[ 2014-01-05T21:19:16+08:00 ] 180.154.143.247 /uniqlo/index.php/Index/getgood?callback=jsonpCallback3&tem=7&cid=8_14_20&sid=1&tid=0&pro=%C9%CF%BA%A3
INFO: [ route_check ] --START--
INFO: CheckRoute Behavior ::run [ RunTime:0.000493s ]
INFO: [ route_check ] --END-- [ RunTime:0.000560s ]
INFO: [ app_begin ] --START--
INFO: ReadHtmlCache Behavior ::run [ RunTime:0.000315s ]
INFO: [ app_begin ] --END-- [ RunTime:0.000367s ]
NOTIC: 建议使用I方法替代_request
NOTIC: 建议使用I方法替代_request
NOTIC: 建议使用I方法替代_request
NOTIC: 建议使用I方法替代_request
NOTIC: 建议使用I方法替代_request
SQL: SHOW COLUMNS FROM `u_goodtag` [ RunTime:0.000594s ]
SQL: SHOW COLUMNS FROM `u_windex` [ RunTime:0.000376s ]
SQL: SHOW COLUMNS FROM `u_windex` [ RunTime:0.000367s ]
SQL: SELECT `id` FROM `u_windex` WHERE ( `stm` <= '7' ) AND ( `etm` >= '7' ) LIMIT 1   [ RunTime:0.000071s ]
SQL: SELECT u_goods.id,u_goods.num_iid,u_goods.title,u_goods.num,u_goods.price,u_goods.pic_url,u_goods.detail_url,u_goodtag.ccateid FROM `u_goodtag` INNER JOIN u_goods on u_goods.id=u_goodtag.good_id WHERE ( u_goodtag.wid = '6' ) AND ( u_goodtag.gtype = '1' ) AND ( u_goodtag.isud = '1' ) AND ( u_goodtag.tag_id = '8' ) AND ( u_goods.approve_status = 'onsale' ) AND ( u_goods.num >= '15' ) GROUP BY u_goodtag.good_id ORDER BY u_goods.outer_id desc  [ RunTime:0.004638s ]
SQL: SELECT u_goods.id,u_goods.num_iid,u_goods.title,u_goods.num,u_goods.price,u_goods.pic_url,u_goods.detail_url,u_goodtag.ccateid FROM `u_goodtag` INNER JOIN u_goods on u_goods.id=u_goodtag.good_id WHERE (  (u_goodtag.wid IN(5,7,8))  ) AND ( u_goodtag.gtype = '1' ) AND ( u_goodtag.isud = '1' ) AND ( u_goodtag.tag_id = '8' ) AND ( u_goods.approve_status = 'onsale' ) AND ( u_goods.num >= '15' ) GROUP BY u_goodtag.good_id ORDER BY u_goodtag.wid asc,u_goods.outer_id desc  [ RunTime:0.002370s ]
SQL: SELECT u_goods.id,u_goods.num_iid,u_goods.title,u_goods.num,u_goods.price,u_goods.pic_url,u_goods.detail_url,u_goodtag.ccateid FROM `u_goodtag` INNER JOIN u_goods on u_goods.id=u_goodtag.good_id WHERE ( u_goodtag.wid = '6' ) AND ( u_goodtag.gtype = '1' ) AND ( u_goodtag.isud = '2' ) AND ( u_goodtag.tag_id = '8' ) AND ( u_goods.approve_status = 'onsale' ) AND ( u_goods.num >= '15' ) GROUP BY u_goodtag.good_id ORDER BY u_goods.outer_id desc  [ RunTime:0.004130s ]
SQL: SELECT u_goods.id,u_goods.num_iid,u_goods.title,u_goods.num,u_goods.price,u_goods.pic_url,u_goods.detail_url,u_goodtag.ccateid FROM `u_goodtag` INNER JOIN u_goods on u_goods.id=u_goodtag.good_id WHERE (  (u_goodtag.wid IN(5,7,8))  ) AND ( u_goodtag.gtype = '1' ) AND ( u_goodtag.isud = '2' ) AND ( u_goodtag.tag_id = '8' ) AND ( u_goods.approve_status = 'onsale' ) AND ( u_goods.num >= '15' ) GROUP BY u_goodtag.good_id ORDER BY u_goodtag.wid asc,u_goods.outer_id desc  [ RunTime:0.002829s ]

