[ 2014-01-22T14:46:43+08:00 ] 58.246.66.2 /uniqlo/index.php/Index/ajaxgood?callback=jsonpCallback&tem=4&pro=%C9%CF%BA%A3
INFO: [ route_check ] --START--
INFO: CheckRoute Behavior ::run [ RunTime:0.000500s ]
INFO: [ route_check ] --END-- [ RunTime:0.000581s ]
INFO: [ app_begin ] --START--
INFO: ReadHtmlCache Behavior ::run [ RunTime:0.000321s ]
INFO: [ app_begin ] --END-- [ RunTime:0.000375s ]
NOTIC: 建议使用I方法替代_request
NOTIC: 建议使用I方法替代_request
NOTIC: 建议使用I方法替代_request
NOTIC: 建议使用I方法替代_request
SQL: SHOW COLUMNS FROM `u_goodtag` [ RunTime:0.017647s ]
SQL: SHOW COLUMNS FROM `u_windex` [ RunTime:0.011117s ]
SQL: SHOW COLUMNS FROM `u_recommend` [ RunTime:0.065357s ]
SQL: SELECT u_goods.id,u_goods.num_iid,u_goods.type,u_goods.title,u_goods.num,u_goods.price,u_goods.pic_url,u_goods.detail_url FROM `u_recommend` LEFT JOIN u_goods on u_goods.num_iid=u_recommend.num_iid WHERE ( u_recommend.type = '1' ) AND ( u_recommend.isud = '1' )  [ RunTime:0.150487s ]
SQL: SELECT u_goods.id,u_goods.num_iid,u_goods.type,u_goods.title,u_goods.num,u_goods.price,u_goods.pic_url,u_goods.detail_url FROM `u_recommend` LEFT JOIN u_goods on u_goods.num_iid=u_recommend.num_iid WHERE ( u_recommend.type = '1' ) AND ( u_recommend.isud = '2' )  [ RunTime:0.044210s ]
NOTIC: [8] Undefined index: ccateid /superdata/uyiku/uniqlo/Home/Lib/Action/IndexAction.class.php 第 98 行.
NOTIC: [8] Undefined index: ccateid /superdata/uyiku/uniqlo/Home/Lib/Action/IndexAction.class.php 第 98 行.
NOTIC: [8] Undefined index: ccateid /superdata/uyiku/uniqlo/Home/Lib/Action/IndexAction.class.php 第 98 行.
NOTIC: [8] Undefined index: ccateid /superdata/uyiku/uniqlo/Home/Lib/Action/IndexAction.class.php 第 98 行.
NOTIC: [8] Undefined index: ccateid /superdata/uyiku/uniqlo/Home/Lib/Action/IndexAction.class.php 第 110 行.
NOTIC: [8] Undefined index: ccateid /superdata/uyiku/uniqlo/Home/Lib/Action/IndexAction.class.php 第 110 行.
NOTIC: [8] Undefined index: ccateid /superdata/uyiku/uniqlo/Home/Lib/Action/IndexAction.class.php 第 110 行.
NOTIC: [8] Undefined index: ccateid /superdata/uyiku/uniqlo/Home/Lib/Action/IndexAction.class.php 第 110 行.

