[ 2014-02-11T20:40:35+08:00 ] 0.0.0.0 /U2/
INFO: [ app_begin ] --START--
INFO: ReadHtmlCache Behavior ::run [ RunTime:0.007000s ]
INFO: [ app_begin ] --END-- [ RunTime:0.010000s ]
NOTIC: [8] Trying to get property of non-object C:\xampp\htdocs\U2\Home\Common\common.php Á¨¨ 18 Ë°å.
NOTIC: [8] Trying to get property of non-object C:\xampp\htdocs\U2\Home\Common\common.php Á¨¨ 19 Ë°å.
NOTIC: [8192] mysql_connect(): The mysql extension is deprecated and will be removed in the future: use mysqli or PDO instead C:\xampp\htdocs\U2\ThinkPHP\Lib\Driver\Db\DbMysql.class.php Á¨¨ 55 Ë°å.
SQL: SHOW COLUMNS FROM `u_windex` [ RunTime:0.006001s ]
SQL: SHOW COLUMNS FROM `u_tag` [ RunTime:0.006000s ]
SQL: SHOW COLUMNS FROM `u_recommend` [ RunTime:0.006001s ]
NOTIC: [8192] preg_replace(): The /e modifier is deprecated, use preg_replace_callback instead C:\xampp\htdocs\U2\ThinkPHP\Lib\Core\Db.class.php Á¨¨ 604 Ë°å.
SQL: SELECT u_goods.id,u_goods.num_iid,u_goods.type,u_goods.title,u_goods.num,u_goods.price,u_goods.pic_url,u_goods.detail_url FROM `u_recommend` LEFT JOIN u_goods on u_goods.num_iid=u_recommend.num_iid WHERE ( u_recommend.type = '1' ) AND ( u_recommend.isud = '1' )  [ RunTime:0.001000s ]
NOTIC: [8192] preg_replace(): The /e modifier is deprecated, use preg_replace_callback instead C:\xampp\htdocs\U2\ThinkPHP\Lib\Core\Db.class.php Á¨¨ 604 Ë°å.
SQL: SELECT u_goods.id,u_goods.num_iid,u_goods.type,u_goods.title,u_goods.num,u_goods.price,u_goods.pic_url,u_goods.detail_url FROM `u_recommend` LEFT JOIN u_goods on u_goods.num_iid=u_recommend.num_iid WHERE ( u_recommend.type = '1' ) AND ( u_recommend.isud = '2' )  [ RunTime:0.001000s ]
SQL: SHOW COLUMNS FROM `u_tag` [ RunTime:0.006000s ]
NOTIC: [8192] preg_replace(): The /e modifier is deprecated, use preg_replace_callback instead C:\xampp\htdocs\U2\ThinkPHP\Lib\Core\Db.class.php Á¨¨ 604 Ë°å.
SQL: SELECT `id`,`type` FROM `u_tag` WHERE ( `name` = '…ÃŒÒ' )  [ RunTime:0.001000s ]
NOTIC: [2] Invalid argument supplied for foreach() C:\xampp\htdocs\U2\Home\Lib\Model\TagModel.class.php Á¨¨ 7 Ë°å.
NOTIC: [8] Undefined variable: fir C:\xampp\htdocs\U2\Home\Lib\Model\TagModel.class.php Á¨¨ 18 Ë°å.
NOTIC: [8] Undefined variable: sec C:\xampp\htdocs\U2\Home\Lib\Model\TagModel.class.php Á¨¨ 18 Ë°å.
NOTIC: [8] Undefined variable: th C:\xampp\htdocs\U2\Home\Lib\Model\TagModel.class.php Á¨¨ 18 Ë°å.
NOTIC: [8192] preg_replace(): The /e modifier is deprecated, use preg_replace_callback instead C:\xampp\htdocs\U2\ThinkPHP\Lib\Core\Db.class.php Á¨¨ 604 Ë°å.
SQL: SELECT `id`,`type` FROM `u_tag` WHERE ( `name` = 'π‰Ω÷' )  [ RunTime:0.001000s ]
NOTIC: [2] Invalid argument supplied for foreach() C:\xampp\htdocs\U2\Home\Lib\Model\TagModel.class.php Á¨¨ 7 Ë°å.
NOTIC: [8] Undefined variable: fir C:\xampp\htdocs\U2\Home\Lib\Model\TagModel.class.php Á¨¨ 18 Ë°å.
NOTIC: [8] Undefined variable: sec C:\xampp\htdocs\U2\Home\Lib\Model\TagModel.class.php Á¨¨ 18 Ë°å.
NOTIC: [8] Undefined variable: th C:\xampp\htdocs\U2\Home\Lib\Model\TagModel.class.php Á¨¨ 18 Ë°å.
NOTIC: [8192] preg_replace(): The /e modifier is deprecated, use preg_replace_callback instead C:\xampp\htdocs\U2\ThinkPHP\Lib\Core\Db.class.php Á¨¨ 604 Ë°å.
SQL: SELECT `id`,`type` FROM `u_tag` WHERE ( `name` = '‘À∂Ø' )  [ RunTime:0.001000s ]
NOTIC: [2] Invalid argument supplied for foreach() C:\xampp\htdocs\U2\Home\Lib\Model\TagModel.class.php Á¨¨ 7 Ë°å.
NOTIC: [8] Undefined variable: fir C:\xampp\htdocs\U2\Home\Lib\Model\TagModel.class.php Á¨¨ 18 Ë°å.
NOTIC: [8] Undefined variable: sec C:\xampp\htdocs\U2\Home\Lib\Model\TagModel.class.php Á¨¨ 18 Ë°å.
NOTIC: [8] Undefined variable: th C:\xampp\htdocs\U2\Home\Lib\Model\TagModel.class.php Á¨¨ 18 Ë°å.
NOTIC: [8192] preg_replace(): The /e modifier is deprecated, use preg_replace_callback instead C:\xampp\htdocs\U2\ThinkPHP\Lib\Core\Db.class.php Á¨¨ 604 Ë°å.
SQL: SELECT `id`,`type` FROM `u_tag` WHERE ( `name` = 'æ”º“' )  [ RunTime:0.001000s ]
NOTIC: [2] Invalid argument supplied for foreach() C:\xampp\htdocs\U2\Home\Lib\Model\TagModel.class.php Á¨¨ 7 Ë°å.
NOTIC: [8] Undefined variable: fir C:\xampp\htdocs\U2\Home\Lib\Model\TagModel.class.php Á¨¨ 18 Ë°å.
NOTIC: [8] Undefined variable: sec C:\xampp\htdocs\U2\Home\Lib\Model\TagModel.class.php Á¨¨ 18 Ë°å.
NOTIC: [8] Undefined variable: th C:\xampp\htdocs\U2\Home\Lib\Model\TagModel.class.php Á¨¨ 18 Ë°å.
NOTIC: [8192] preg_replace(): The /e modifier is deprecated, use preg_replace_callback instead C:\xampp\htdocs\U2\ThinkPHP\Lib\Core\Db.class.php Á¨¨ 604 Ë°å.
SQL: SELECT `id`,`type` FROM `u_tag` WHERE ( `name` = '…œ—ß' )  [ RunTime:0.002000s ]
NOTIC: [2] Invalid argument supplied for foreach() C:\xampp\htdocs\U2\Home\Lib\Model\TagModel.class.php Á¨¨ 7 Ë°å.
NOTIC: [8] Undefined variable: fir C:\xampp\htdocs\U2\Home\Lib\Model\TagModel.class.php Á¨¨ 18 Ë°å.
NOTIC: [8] Undefined variable: sec C:\xampp\htdocs\U2\Home\Lib\Model\TagModel.class.php Á¨¨ 18 Ë°å.
NOTIC: [8] Undefined variable: th C:\xampp\htdocs\U2\Home\Lib\Model\TagModel.class.php Á¨¨ 18 Ë°å.
NOTIC: [8] Undefined index: cityn C:\xampp\htdocs\U2\Home\Lib\Action\IndexAction.class.php Á¨¨ 27 Ë°å.
NOTIC: [8] Undefined index: pro C:\xampp\htdocs\U2\Home\Lib\Action\IndexAction.class.php Á¨¨ 28 Ë°å.
INFO: [ view_parse ] --START--
NOTIC: [8192] preg_replace(): The /e modifier is deprecated, use preg_replace_callback instead C:\xampp\htdocs\U2\ThinkPHP\Lib\Template\ThinkTemplate.class.php Á¨¨ 273 Ë°å.
NOTIC: [8192] preg_replace(): The /e modifier is deprecated, use preg_replace_callback instead C:\xampp\htdocs\U2\ThinkPHP\Lib\Template\ThinkTemplate.class.php Á¨¨ 168 Ë°å.
NOTIC: [8192] preg_replace(): The /e modifier is deprecated, use preg_replace_callback instead C:\xampp\htdocs\U2\ThinkPHP\Lib\Template\ThinkTemplate.class.php Á¨¨ 404 Ë°å.
NOTIC: [8192] preg_replace(): The /e modifier is deprecated, use preg_replace_callback instead C:\xampp\htdocs\U2\ThinkPHP\Lib\Template\ThinkTemplate.class.php Á¨¨ 404 Ë°å.
NOTIC: [8192] preg_replace(): The /e modifier is deprecated, use preg_replace_callback instead C:\xampp\htdocs\U2\ThinkPHP\Lib\Template\ThinkTemplate.class.php Á¨¨ 404 Ë°å.
NOTIC: [8192] preg_replace(): The /e modifier is deprecated, use preg_replace_callback instead C:\xampp\htdocs\U2\ThinkPHP\Lib\Template\ThinkTemplate.class.php Á¨¨ 404 Ë°å.
NOTIC: [8192] preg_replace(): The /e modifier is deprecated, use preg_replace_callback instead C:\xampp\htdocs\U2\ThinkPHP\Lib\Template\ThinkTemplate.class.php Á¨¨ 404 Ë°å.
NOTIC: [8192] preg_replace(): The /e modifier is deprecated, use preg_replace_callback instead C:\xampp\htdocs\U2\ThinkPHP\Lib\Template\ThinkTemplate.class.php Á¨¨ 404 Ë°å.
NOTIC: [8192] preg_replace(): The /e modifier is deprecated, use preg_replace_callback instead C:\xampp\htdocs\U2\ThinkPHP\Lib\Template\ThinkTemplate.class.php Á¨¨ 404 Ë°å.
NOTIC: [8192] preg_replace(): The /e modifier is deprecated, use preg_replace_callback instead C:\xampp\htdocs\U2\ThinkPHP\Lib\Template\ThinkTemplate.class.php Á¨¨ 404 Ë°å.
NOTIC: [8192] preg_replace(): The /e modifier is deprecated, use preg_replace_callback instead C:\xampp\htdocs\U2\ThinkPHP\Lib\Template\ThinkTemplate.class.php Á¨¨ 404 Ë°å.
NOTIC: [8192] preg_replace(): The /e modifier is deprecated, use preg_replace_callback instead C:\xampp\htdocs\U2\ThinkPHP\Lib\Template\ThinkTemplate.class.php Á¨¨ 404 Ë°å.
NOTIC: [8192] preg_replace(): The /e modifier is deprecated, use preg_replace_callback instead C:\xampp\htdocs\U2\ThinkPHP\Lib\Template\ThinkTemplate.class.php Á¨¨ 404 Ë°å.
NOTIC: [8192] preg_replace(): The /e modifier is deprecated, use preg_replace_callback instead C:\xampp\htdocs\U2\ThinkPHP\Lib\Template\ThinkTemplate.class.php Á¨¨ 404 Ë°å.
NOTIC: [8192] preg_replace(): The /e modifier is deprecated, use preg_replace_callback instead C:\xampp\htdocs\U2\ThinkPHP\Lib\Template\ThinkTemplate.class.php Á¨¨ 399 Ë°å.
NOTIC: [8192] preg_replace(): The /e modifier is deprecated, use preg_replace_callback instead C:\xampp\htdocs\U2\ThinkPHP\Lib\Template\ThinkTemplate.class.php Á¨¨ 399 Ë°å.
NOTIC: [8192] preg_replace(): The /e modifier is deprecated, use preg_replace_callback instead C:\xampp\htdocs\U2\ThinkPHP\Lib\Template\ThinkTemplate.class.php Á¨¨ 404 Ë°å.
NOTIC: [8192] preg_replace(): The /e modifier is deprecated, use preg_replace_callback instead C:\xampp\htdocs\U2\ThinkPHP\Lib\Template\ThinkTemplate.class.php Á¨¨ 404 Ë°å.
NOTIC: [8192] preg_replace(): The /e modifier is deprecated, use preg_replace_callback instead C:\xampp\htdocs\U2\ThinkPHP\Lib\Template\ThinkTemplate.class.php Á¨¨ 404 Ë°å.
NOTIC: [8192] preg_replace(): The /e modifier is deprecated, use preg_replace_callback instead C:\xampp\htdocs\U2\ThinkPHP\Lib\Template\ThinkTemplate.class.php Á¨¨ 399 Ë°å.
NOTIC: [8192] preg_replace(): The /e modifier is deprecated, use preg_replace_callback instead C:\xampp\htdocs\U2\ThinkPHP\Lib\Template\ThinkTemplate.class.php Á¨¨ 404 Ë°å.
NOTIC: [8192] preg_replace(): The /e modifier is deprecated, use preg_replace_callback instead C:\xampp\htdocs\U2\ThinkPHP\Lib\Template\ThinkTemplate.class.php Á¨¨ 404 Ë°å.
NOTIC: [8192] preg_replace(): The /e modifier is deprecated, use preg_replace_callback instead C:\xampp\htdocs\U2\ThinkPHP\Lib\Template\ThinkTemplate.class.php Á¨¨ 404 Ë°å.
NOTIC: [8192] preg_replace(): The /e modifier is deprecated, use preg_replace_callback instead C:\xampp\htdocs\U2\ThinkPHP\Lib\Template\ThinkTemplate.class.php Á¨¨ 404 Ë°å.
NOTIC: [8192] preg_replace(): The /e modifier is deprecated, use preg_replace_callback instead C:\xampp\htdocs\U2\ThinkPHP\Lib\Template\ThinkTemplate.class.php Á¨¨ 404 Ë°å.
NOTIC: [8192] preg_replace(): The /e modifier is deprecated, use preg_replace_callback instead C:\xampp\htdocs\U2\ThinkPHP\Lib\Template\ThinkTemplate.class.php Á¨¨ 404 Ë°å.
NOTIC: [8192] preg_replace(): The /e modifier is deprecated, use preg_replace_callback instead C:\xampp\htdocs\U2\ThinkPHP\Lib\Template\ThinkTemplate.class.php Á¨¨ 404 Ë°å.
NOTIC: [8192] preg_replace(): The /e modifier is deprecated, use preg_replace_callback instead C:\xampp\htdocs\U2\ThinkPHP\Lib\Template\ThinkTemplate.class.php Á¨¨ 404 Ë°å.
NOTIC: [8192] preg_replace(): The /e modifier is deprecated, use preg_replace_callback instead C:\xampp\htdocs\U2\ThinkPHP\Lib\Template\ThinkTemplate.class.php Á¨¨ 404 Ë°å.
NOTIC: [8192] preg_replace(): The /e modifier is deprecated, use preg_replace_callback instead C:\xampp\htdocs\U2\ThinkPHP\Lib\Template\ThinkTemplate.class.php Á¨¨ 404 Ë°å.
NOTIC: [8192] preg_replace(): The /e modifier is deprecated, use preg_replace_callback instead C:\xampp\htdocs\U2\ThinkPHP\Lib\Template\ThinkTemplate.class.php Á¨¨ 404 Ë°å.
NOTIC: [8192] preg_replace(): The /e modifier is deprecated, use preg_replace_callback instead C:\xampp\htdocs\U2\ThinkPHP\Lib\Template\ThinkTemplate.class.php Á¨¨ 404 Ë°å.
NOTIC: [8192] preg_replace(): The /e modifier is deprecated, use preg_replace_callback instead C:\xampp\htdocs\U2\ThinkPHP\Lib\Template\ThinkTemplate.class.php Á¨¨ 404 Ë°å.
NOTIC: [8192] preg_replace(): The /e modifier is deprecated, use preg_replace_callback instead C:\xampp\htdocs\U2\ThinkPHP\Lib\Template\ThinkTemplate.class.php Á¨¨ 404 Ë°å.
NOTIC: [8192] preg_replace(): The /e modifier is deprecated, use preg_replace_callback instead C:\xampp\htdocs\U2\ThinkPHP\Lib\Template\ThinkTemplate.class.php Á¨¨ 404 Ë°å.
NOTIC: [8192] preg_replace(): The /e modifier is deprecated, use preg_replace_callback instead C:\xampp\htdocs\U2\ThinkPHP\Lib\Template\ThinkTemplate.class.php Á¨¨ 404 Ë°å.
NOTIC: [8192] preg_replace(): The /e modifier is deprecated, use preg_replace_callback instead C:\xampp\htdocs\U2\ThinkPHP\Lib\Template\ThinkTemplate.class.php Á¨¨ 404 Ë°å.
NOTIC: [8192] preg_replace(): The /e modifier is deprecated, use preg_replace_callback instead C:\xampp\htdocs\U2\ThinkPHP\Lib\Template\ThinkTemplate.class.php Á¨¨ 404 Ë°å.
NOTIC: [8192] preg_replace(): The /e modifier is deprecated, use preg_replace_callback instead C:\xampp\htdocs\U2\ThinkPHP\Lib\Template\ThinkTemplate.class.php Á¨¨ 404 Ë°å.
NOTIC: [8192] preg_replace(): The /e modifier is deprecated, use preg_replace_callback instead C:\xampp\htdocs\U2\ThinkPHP\Lib\Template\ThinkTemplate.class.php Á¨¨ 404 Ë°å.
NOTIC: [8192] preg_replace(): The /e modifier is deprecated, use preg_replace_callback instead C:\xampp\htdocs\U2\ThinkPHP\Lib\Template\ThinkTemplate.class.php Á¨¨ 404 Ë°å.
NOTIC: [8192] preg_replace(): The /e modifier is deprecated, use preg_replace_callback instead C:\xampp\htdocs\U2\ThinkPHP\Lib\Template\ThinkTemplate.class.php Á¨¨ 404 Ë°å.
NOTIC: [8192] preg_replace(): The /e modifier is deprecated, use preg_replace_callback instead C:\xampp\htdocs\U2\ThinkPHP\Lib\Template\ThinkTemplate.class.php Á¨¨ 404 Ë°å.
NOTIC: [8192] preg_replace(): The /e modifier is deprecated, use preg_replace_callback instead C:\xampp\htdocs\U2\ThinkPHP\Lib\Template\ThinkTemplate.class.php Á¨¨ 404 Ë°å.
NOTIC: [8192] preg_replace(): The /e modifier is deprecated, use preg_replace_callback instead C:\xampp\htdocs\U2\ThinkPHP\Lib\Template\ThinkTemplate.class.php Á¨¨ 404 Ë°å.
NOTIC: [8192] preg_replace(): The /e modifier is deprecated, use preg_replace_callback instead C:\xampp\htdocs\U2\ThinkPHP\Lib\Template\ThinkTemplate.class.php Á¨¨ 404 Ë°å.
NOTIC: [8192] preg_replace(): The /e modifier is deprecated, use preg_replace_callback instead C:\xampp\htdocs\U2\ThinkPHP\Lib\Template\ThinkTemplate.class.php Á¨¨ 404 Ë°å.
NOTIC: [8192] preg_replace(): The /e modifier is deprecated, use preg_replace_callback instead C:\xampp\htdocs\U2\ThinkPHP\Lib\Template\ThinkTemplate.class.php Á¨¨ 404 Ë°å.
NOTIC: [8192] preg_replace(): The /e modifier is deprecated, use preg_replace_callback instead C:\xampp\htdocs\U2\ThinkPHP\Lib\Template\ThinkTemplate.class.php Á¨¨ 404 Ë°å.
NOTIC: [8192] preg_replace(): The /e modifier is deprecated, use preg_replace_callback instead C:\xampp\htdocs\U2\ThinkPHP\Lib\Template\ThinkTemplate.class.php Á¨¨ 404 Ë°å.
NOTIC: [8192] preg_replace(): The /e modifier is deprecated, use preg_replace_callback instead C:\xampp\htdocs\U2\ThinkPHP\Lib\Template\ThinkTemplate.class.php Á¨¨ 404 Ë°å.
NOTIC: [8192] preg_replace(): The /e modifier is deprecated, use preg_replace_callback instead C:\xampp\htdocs\U2\ThinkPHP\Lib\Template\ThinkTemplate.class.php Á¨¨ 404 Ë°å.
NOTIC: [8192] preg_replace(): The /e modifier is deprecated, use preg_replace_callback instead C:\xampp\htdocs\U2\ThinkPHP\Lib\Template\ThinkTemplate.class.php Á¨¨ 404 Ë°å.
NOTIC: [8192] preg_replace(): The /e modifier is deprecated, use preg_replace_callback instead C:\xampp\htdocs\U2\ThinkPHP\Lib\Template\ThinkTemplate.class.php Á¨¨ 404 Ë°å.
NOTIC: [8192] preg_replace(): The /e modifier is deprecated, use preg_replace_callback instead C:\xampp\htdocs\U2\ThinkPHP\Lib\Template\ThinkTemplate.class.php Á¨¨ 404 Ë°å.
NOTIC: [8192] preg_replace(): The /e modifier is deprecated, use preg_replace_callback instead C:\xampp\htdocs\U2\ThinkPHP\Lib\Template\ThinkTemplate.class.php Á¨¨ 404 Ë°å.
NOTIC: [8192] preg_replace(): The /e modifier is deprecated, use preg_replace_callback instead C:\xampp\htdocs\U2\ThinkPHP\Lib\Template\ThinkTemplate.class.php Á¨¨ 404 Ë°å.
NOTIC: [8192] preg_replace(): The /e modifier is deprecated, use preg_replace_callback instead C:\xampp\htdocs\U2\ThinkPHP\Lib\Template\ThinkTemplate.class.php Á¨¨ 404 Ë°å.
NOTIC: [8192] preg_replace(): The /e modifier is deprecated, use preg_replace_callback instead C:\xampp\htdocs\U2\ThinkPHP\Lib\Template\ThinkTemplate.class.php Á¨¨ 404 Ë°å.
NOTIC: [8192] preg_replace(): The /e modifier is deprecated, use preg_replace_callback instead C:\xampp\htdocs\U2\ThinkPHP\Lib\Template\ThinkTemplate.class.php Á¨¨ 404 Ë°å.
NOTIC: [8192] preg_replace(): The /e modifier is deprecated, use preg_replace_callback instead C:\xampp\htdocs\U2\ThinkPHP\Lib\Template\ThinkTemplate.class.php Á¨¨ 404 Ë°å.
NOTIC: [8192] preg_replace(): The /e modifier is deprecated, use preg_replace_callback instead C:\xampp\htdocs\U2\ThinkPHP\Lib\Template\ThinkTemplate.class.php Á¨¨ 404 Ë°å.
NOTIC: [8192] preg_replace(): The /e modifier is deprecated, use preg_replace_callback instead C:\xampp\htdocs\U2\ThinkPHP\Lib\Template\ThinkTemplate.class.php Á¨¨ 404 Ë°å.
NOTIC: [8192] preg_replace(): The /e modifier is deprecated, use preg_replace_callback instead C:\xampp\htdocs\U2\ThinkPHP\Lib\Template\ThinkTemplate.class.php Á¨¨ 404 Ë°å.
NOTIC: [8192] preg_replace(): The /e modifier is deprecated, use preg_replace_callback instead C:\xampp\htdocs\U2\ThinkPHP\Lib\Template\ThinkTemplate.class.php Á¨¨ 404 Ë°å.
NOTIC: [8192] preg_replace(): The /e modifier is deprecated, use preg_replace_callback instead C:\xampp\htdocs\U2\ThinkPHP\Lib\Template\ThinkTemplate.class.php Á¨¨ 404 Ë°å.
NOTIC: [8192] preg_replace(): The /e modifier is deprecated, use preg_replace_callback instead C:\xampp\htdocs\U2\ThinkPHP\Lib\Template\ThinkTemplate.class.php Á¨¨ 404 Ë°å.
NOTIC: [8192] preg_replace(): The /e modifier is deprecated, use preg_replace_callback instead C:\xampp\htdocs\U2\ThinkPHP\Lib\Template\ThinkTemplate.class.php Á¨¨ 404 Ë°å.
NOTIC: [8192] preg_replace(): The /e modifier is deprecated, use preg_replace_callback instead C:\xampp\htdocs\U2\ThinkPHP\Lib\Template\ThinkTemplate.class.php Á¨¨ 404 Ë°å.
NOTIC: [8192] preg_replace(): The /e modifier is deprecated, use preg_replace_callback instead C:\xampp\htdocs\U2\ThinkPHP\Lib\Template\ThinkTemplate.class.php Á¨¨ 404 Ë°å.
NOTIC: [8192] preg_replace(): The /e modifier is deprecated, use preg_replace_callback instead C:\xampp\htdocs\U2\ThinkPHP\Lib\Template\ThinkTemplate.class.php Á¨¨ 404 Ë°å.
NOTIC: [8192] preg_replace(): The /e modifier is deprecated, use preg_replace_callback instead C:\xampp\htdocs\U2\ThinkPHP\Lib\Template\ThinkTemplate.class.php Á¨¨ 404 Ë°å.
NOTIC: [8192] preg_replace(): The /e modifier is deprecated, use preg_replace_callback instead C:\xampp\htdocs\U2\ThinkPHP\Lib\Template\ThinkTemplate.class.php Á¨¨ 404 Ë°å.
NOTIC: [8192] preg_replace(): The /e modifier is deprecated, use preg_replace_callback instead C:\xampp\htdocs\U2\ThinkPHP\Lib\Template\ThinkTemplate.class.php Á¨¨ 404 Ë°å.
NOTIC: [8192] preg_replace(): The /e modifier is deprecated, use preg_replace_callback instead C:\xampp\htdocs\U2\ThinkPHP\Lib\Template\ThinkTemplate.class.php Á¨¨ 404 Ë°å.
NOTIC: [8192] preg_replace(): The /e modifier is deprecated, use preg_replace_callback instead C:\xampp\htdocs\U2\ThinkPHP\Lib\Template\ThinkTemplate.class.php Á¨¨ 404 Ë°å.
NOTIC: [8192] preg_replace(): The /e modifier is deprecated, use preg_replace_callback instead C:\xampp\htdocs\U2\ThinkPHP\Lib\Template\ThinkTemplate.class.php Á¨¨ 404 Ë°å.
NOTIC: [8192] preg_replace(): The /e modifier is deprecated, use preg_replace_callback instead C:\xampp\htdocs\U2\ThinkPHP\Lib\Template\ThinkTemplate.class.php Á¨¨ 404 Ë°å.
NOTIC: [8192] preg_replace(): The /e modifier is deprecated, use preg_replace_callback instead C:\xampp\htdocs\U2\ThinkPHP\Lib\Template\ThinkTemplate.class.php Á¨¨ 404 Ë°å.
NOTIC: [8192] preg_replace(): The /e modifier is deprecated, use preg_replace_callback instead C:\xampp\htdocs\U2\ThinkPHP\Lib\Template\ThinkTemplate.class.php Á¨¨ 404 Ë°å.
NOTIC: [8192] preg_replace(): The /e modifier is deprecated, use preg_replace_callback instead C:\xampp\htdocs\U2\ThinkPHP\Lib\Template\ThinkTemplate.class.php Á¨¨ 404 Ë°å.
NOTIC: [8192] preg_replace(): The /e modifier is deprecated, use preg_replace_callback instead C:\xampp\htdocs\U2\ThinkPHP\Lib\Template\ThinkTemplate.class.php Á¨¨ 404 Ë°å.
NOTIC: [8192] preg_replace(): The /e modifier is deprecated, use preg_replace_callback instead C:\xampp\htdocs\U2\ThinkPHP\Lib\Template\ThinkTemplate.class.php Á¨¨ 404 Ë°å.
NOTIC: [8192] preg_replace(): The /e modifier is deprecated, use preg_replace_callback instead C:\xampp\htdocs\U2\ThinkPHP\Lib\Template\ThinkTemplate.class.php Á¨¨ 404 Ë°å.
NOTIC: [8192] preg_replace(): The /e modifier is deprecated, use preg_replace_callback instead C:\xampp\htdocs\U2\ThinkPHP\Lib\Template\ThinkTemplate.class.php Á¨¨ 404 Ë°å.
NOTIC: [8192] preg_replace(): The /e modifier is deprecated, use preg_replace_callback instead C:\xampp\htdocs\U2\ThinkPHP\Lib\Template\ThinkTemplate.class.php Á¨¨ 404 Ë°å.
NOTIC: [8192] preg_replace(): The /e modifier is deprecated, use preg_replace_callback instead C:\xampp\htdocs\U2\ThinkPHP\Lib\Template\ThinkTemplate.class.php Á¨¨ 399 Ë°å.
NOTIC: [8192] preg_replace(): The /e modifier is deprecated, use preg_replace_callback instead C:\xampp\htdocs\U2\ThinkPHP\Lib\Template\ThinkTemplate.class.php Á¨¨ 399 Ë°å.
NOTIC: [8192] preg_replace(): The /e modifier is deprecated, use preg_replace_callback instead C:\xampp\htdocs\U2\ThinkPHP\Lib\Template\ThinkTemplate.class.php Á¨¨ 399 Ë°å.
NOTIC: [8192] preg_replace(): The /e modifier is deprecated, use preg_replace_callback instead C:\xampp\htdocs\U2\ThinkPHP\Lib\Template\ThinkTemplate.class.php Á¨¨ 399 Ë°å.
NOTIC: [8192] preg_replace(): The /e modifier is deprecated, use preg_replace_callback instead C:\xampp\htdocs\U2\ThinkPHP\Lib\Template\ThinkTemplate.class.php Á¨¨ 399 Ë°å.
NOTIC: [8192] preg_replace(): The /e modifier is deprecated, use preg_replace_callback instead C:\xampp\htdocs\U2\ThinkPHP\Lib\Template\ThinkTemplate.class.php Á¨¨ 399 Ë°å.
NOTIC: [8192] preg_replace(): The /e modifier is deprecated, use preg_replace_callback instead C:\xampp\htdocs\U2\ThinkPHP\Lib\Template\ThinkTemplate.class.php Á¨¨ 404 Ë°å.
NOTIC: [8192] preg_replace(): The /e modifier is deprecated, use preg_replace_callback instead C:\xampp\htdocs\U2\ThinkPHP\Lib\Template\ThinkTemplate.class.php Á¨¨ 404 Ë°å.
NOTIC: [8192] preg_replace(): The /e modifier is deprecated, use preg_replace_callback instead C:\xampp\htdocs\U2\ThinkPHP\Lib\Template\ThinkTemplate.class.php Á¨¨ 404 Ë°å.
NOTIC: [8192] preg_replace(): The /e modifier is deprecated, use preg_replace_callback instead C:\xampp\htdocs\U2\ThinkPHP\Lib\Template\ThinkTemplate.class.php Á¨¨ 197 Ë°å.
NOTIC: [8192] preg_replace(): The /e modifier is deprecated, use preg_replace_callback instead C:\xampp\htdocs\U2\ThinkPHP\Lib\Template\ThinkTemplate.class.php Á¨¨ 137 Ë°å.
INFO: ParseTemplate Behavior ::run [ RunTime:0.182010s ]
INFO: [ view_parse ] --END-- [ RunTime:0.185011s ]
INFO: [ view_filter ] --START--
INFO: ContentReplace Behavior ::run [ RunTime:0.005000s ]
INFO: TokenBuild Behavior ::run [ RunTime:0.007000s ]
INFO: WriteHtmlCache Behavior ::run [ RunTime:0.003000s ]
INFO: ShowRuntime Behavior ::run [ RunTime:0.007000s ]
INFO: [ view_filter ] --END-- [ RunTime:0.030001s ]
INFO: [ view_end ] --START--
INFO: ShowPageTrace Behavior ::run [ RunTime:0.006000s ]
INFO: [ view_end ] --END-- [ RunTime:0.009000s ]

