[ 2013-12-23T18:38:09+08:00 ] 58.33.252.182 /uniqlo/system.php/Products/index.html
INFO: [ route_check ] --START--
INFO: CheckRoute Behavior ::run [ RunTime:0.000747s ]
INFO: [ route_check ] --END-- [ RunTime:0.000866s ]
INFO: [ app_begin ] --START--
INFO: ReadHtmlCache Behavior ::run [ RunTime:0.000362s ]
INFO: [ app_begin ] --END-- [ RunTime:0.000449s ]
INFO: [ view_parse ] --START--
NOTIC: [8] Undefined variable: result /superdata/kimi/uniqlo/System/Runtime/Cache/359f19af407bafaee5c98c179daa16e7.php 第 6 行.
INFO: ParseTemplate Behavior ::run [ RunTime:0.057344s ]
INFO: [ view_parse ] --END-- [ RunTime:0.057444s ]
INFO: [ view_filter ] --START--
INFO: ContentReplace Behavior ::run [ RunTime:0.000293s ]
INFO: TokenBuild Behavior ::run [ RunTime:0.000336s ]
INFO: WriteHtmlCache Behavior ::run [ RunTime:0.000154s ]
INFO: ShowRuntime Behavior ::run [ RunTime:0.000301s ]
INFO: [ view_filter ] --END-- [ RunTime:0.001255s ]
INFO: [ view_end ] --START--
INFO: ShowPageTrace Behavior ::run [ RunTime:0.000688s ]
INFO: [ view_end ] --END-- [ RunTime:0.000744s ]

[ 2013-12-23T18:38:23+08:00 ] 58.33.252.182 /uniqlo/system.php/Index/login.html
INFO: [ route_check ] --START--
INFO: CheckRoute Behavior ::run [ RunTime:0.000502s ]
INFO: [ route_check ] --END-- [ RunTime:0.000585s ]
INFO: [ app_begin ] --START--
INFO: ReadHtmlCache Behavior ::run [ RunTime:0.000335s ]
INFO: [ app_begin ] --END-- [ RunTime:0.000388s ]
NOTIC: 建议使用I方法替代_post
NOTIC: 建议使用I方法替代_post
SQL: SHOW COLUMNS FROM `u_admin` [ RunTime:0.022145s ]
SQL: SELECT `aid`,`nickname` FROM `u_admin` WHERE ( `email` = 'admin@126.com' ) AND ( `pwd` = 'a66abb5684c45962d887564f08346e8d' ) LIMIT 1   [ RunTime:0.001203s ]
INFO: [ view_parse ] --START--
INFO: ParseTemplate Behavior ::run [ RunTime:0.017815s ]
INFO: [ view_parse ] --END-- [ RunTime:0.017879s ]
INFO: [ view_filter ] --START--
INFO: ContentReplace Behavior ::run [ RunTime:0.000220s ]
INFO: TokenBuild Behavior ::run [ RunTime:0.000254s ]
INFO: WriteHtmlCache Behavior ::run [ RunTime:0.000147s ]
INFO: ShowRuntime Behavior ::run [ RunTime:0.000287s ]
INFO: [ view_filter ] --END-- [ RunTime:0.001068s ]
INFO: [ view_end ] --START--
INFO: ShowPageTrace Behavior ::run [ RunTime:0.000422s ]
INFO: [ view_end ] --END-- [ RunTime:0.000480s ]

[ 2013-12-23T18:38:24+08:00 ] 58.33.252.182 /uniqlo/system.php/Index/index.html
INFO: [ route_check ] --START--
INFO: CheckRoute Behavior ::run [ RunTime:0.000490s ]
INFO: [ route_check ] --END-- [ RunTime:0.000557s ]
INFO: [ app_begin ] --START--
INFO: ReadHtmlCache Behavior ::run [ RunTime:0.000552s ]
INFO: [ app_begin ] --END-- [ RunTime:0.000633s ]
INFO: [ view_parse ] --START--
NOTIC: [8] Undefined variable: result /superdata/kimi/uniqlo/System/Runtime/Cache/518bd32289a82441c7453e6720e4f060.php 第 6 行.
INFO: ParseTemplate Behavior ::run [ RunTime:0.008774s ]
INFO: [ view_parse ] --END-- [ RunTime:0.008874s ]
INFO: [ view_filter ] --START--
INFO: ContentReplace Behavior ::run [ RunTime:0.000241s ]
INFO: TokenBuild Behavior ::run [ RunTime:0.000250s ]
INFO: WriteHtmlCache Behavior ::run [ RunTime:0.000142s ]
INFO: ShowRuntime Behavior ::run [ RunTime:0.000271s ]
INFO: [ view_filter ] --END-- [ RunTime:0.001081s ]
INFO: [ view_end ] --START--
INFO: ShowPageTrace Behavior ::run [ RunTime:0.000376s ]
INFO: [ view_end ] --END-- [ RunTime:0.000427s ]

[ 2013-12-23T18:38:25+08:00 ] 58.33.252.182 /uniqlo/system.php/Products/index.html
INFO: [ route_check ] --START--
INFO: CheckRoute Behavior ::run [ RunTime:0.000488s ]
INFO: [ route_check ] --END-- [ RunTime:0.000556s ]
INFO: [ app_begin ] --START--
INFO: ReadHtmlCache Behavior ::run [ RunTime:0.000316s ]
INFO: [ app_begin ] --END-- [ RunTime:0.000368s ]
SQL: SHOW COLUMNS FROM `u_goods` [ RunTime:0.000973s ]
SQL: SHOW COLUMNS FROM `u_category` [ RunTime:0.074627s ]
NOTIC: 建议使用I方法替代_request
NOTIC: 建议使用I方法替代_request
NOTIC: 建议使用I方法替代_request
NOTIC: 建议使用I方法替代_request
NOTIC: 建议使用I方法替代_request
NOTIC: [8] Undefined variable: map /superdata/kimi/uniqlo/System/Lib/Action/ProductsAction.class.php 第 45 行.
SQL: SELECT COUNT(*) AS tp_count FROM `u_goods` LIMIT 1   [ RunTime:0.017399s ]
NOTIC: [8] Undefined index: p /superdata/kimi/uniqlo/System/Lib/ORG/Pageyu.class.php 第 38 行.
NOTIC: [8] Undefined variable: map /superdata/kimi/uniqlo/System/Lib/Action/ProductsAction.class.php 第 47 行.
SQL: SELECT * FROM `u_goods` ORDER BY id desc LIMIT 0,20   [ RunTime:0.002092s ]
NOTIC: [8] Undefined index: css /superdata/kimi/uniqlo/System/Lib/ORG/Pageyu.class.php 第 59 行.
NOTIC: [8] Undefined variable: css /superdata/kimi/uniqlo/System/Lib/ORG/Pageyu.class.php 第 62 行.
NOTIC: [8] Undefined index: id /superdata/kimi/uniqlo/System/Lib/ORG/Pageyu.class.php 第 64 行.
NOTIC: [8] Undefined variable: id /superdata/kimi/uniqlo/System/Lib/ORG/Pageyu.class.php 第 67 行.
NOTIC: [8] Undefined variable: p /superdata/kimi/uniqlo/System/Lib/ORG/Pageyu.class.php 第 70 行.
NOTIC: [8] Undefined index: p /superdata/kimi/uniqlo/System/Lib/ORG/Pageyu.class.php 第 80 行.
SQL: SELECT * FROM `u_category` WHERE ( `parent_id` = 0 )  [ RunTime:0.001065s ]
NOTIC: [8] Undefined variable: twocate /superdata/kimi/uniqlo/System/Lib/Action/ProductsAction.class.php 第 59 行.
NOTIC: [8] Undefined index: p /superdata/kimi/uniqlo/System/Lib/Action/ProductsAction.class.php 第 63 行.
INFO: [ view_parse ] --START--
NOTIC: [8] Undefined variable: result /superdata/kimi/uniqlo/System/Runtime/Cache/b9380e0ff4153407ef0f27d26c4b736c.php 第 6 行.
INFO: ParseTemplate Behavior ::run [ RunTime:0.014174s ]
INFO: [ view_parse ] --END-- [ RunTime:0.014257s ]
INFO: [ view_filter ] --START--
INFO: ContentReplace Behavior ::run [ RunTime:0.000397s ]
INFO: TokenBuild Behavior ::run [ RunTime:0.000443s ]
INFO: WriteHtmlCache Behavior ::run [ RunTime:0.000203s ]
INFO: ShowRuntime Behavior ::run [ RunTime:0.000409s ]
INFO: [ view_filter ] --END-- [ RunTime:0.003951s ]
INFO: [ view_end ] --START--
INFO: ShowPageTrace Behavior ::run [ RunTime:0.000371s ]
INFO: [ view_end ] --END-- [ RunTime:0.000443s ]

[ 2013-12-23T18:38:33+08:00 ] 58.33.252.182 /uniqlo/system.php/Products/index.html
INFO: [ route_check ] --START--
INFO: CheckRoute Behavior ::run [ RunTime:0.000828s ]
INFO: [ route_check ] --END-- [ RunTime:0.000934s ]
INFO: [ app_begin ] --START--
INFO: ReadHtmlCache Behavior ::run [ RunTime:0.000518s ]
INFO: [ app_begin ] --END-- [ RunTime:0.000605s ]
SQL: SHOW COLUMNS FROM `u_goods` [ RunTime:0.000699s ]
SQL: SHOW COLUMNS FROM `u_category` [ RunTime:0.000392s ]
NOTIC: 建议使用I方法替代_request
NOTIC: 建议使用I方法替代_request
NOTIC: 建议使用I方法替代_request
NOTIC: 建议使用I方法替代_request
NOTIC: 建议使用I方法替代_request
SQL: SELECT COUNT(*) AS tp_count FROM `u_goods` WHERE (  ( `id` = '紧身裤' ) OR ( `num_iid` = '紧身裤' ) OR ( `title` LIKE '%紧身裤%' ) ) LIMIT 1   [ RunTime:0.006909s ]
NOTIC: [8] Undefined index: p /superdata/kimi/uniqlo/System/Lib/ORG/Pageyu.class.php 第 38 行.
SQL: SELECT * FROM `u_goods` WHERE (  ( `id` = '紧身裤' ) OR ( `num_iid` = '紧身裤' ) OR ( `title` LIKE '%紧身裤%' ) ) ORDER BY id desc LIMIT 0,20   [ RunTime:0.002688s ]
NOTIC: [8] Undefined index: css /superdata/kimi/uniqlo/System/Lib/ORG/Pageyu.class.php 第 59 行.
NOTIC: [8] Undefined variable: css /superdata/kimi/uniqlo/System/Lib/ORG/Pageyu.class.php 第 62 行.
NOTIC: [8] Undefined index: id /superdata/kimi/uniqlo/System/Lib/ORG/Pageyu.class.php 第 64 行.
NOTIC: [8] Undefined variable: id /superdata/kimi/uniqlo/System/Lib/ORG/Pageyu.class.php 第 67 行.
NOTIC: [8] Undefined variable: p /superdata/kimi/uniqlo/System/Lib/ORG/Pageyu.class.php 第 70 行.
NOTIC: [8] Undefined index: p /superdata/kimi/uniqlo/System/Lib/ORG/Pageyu.class.php 第 80 行.
SQL: SELECT * FROM `u_category` WHERE ( `parent_id` = 0 )  [ RunTime:0.000099s ]
NOTIC: [8] Undefined variable: twocate /superdata/kimi/uniqlo/System/Lib/Action/ProductsAction.class.php 第 59 行.
NOTIC: [8] Undefined index: p /superdata/kimi/uniqlo/System/Lib/Action/ProductsAction.class.php 第 63 行.
INFO: [ view_parse ] --START--
NOTIC: [8] Undefined variable: result /superdata/kimi/uniqlo/System/Runtime/Cache/b9380e0ff4153407ef0f27d26c4b736c.php 第 6 行.
INFO: ParseTemplate Behavior ::run [ RunTime:0.014299s ]
INFO: [ view_parse ] --END-- [ RunTime:0.014391s ]
INFO: [ view_filter ] --START--
INFO: ContentReplace Behavior ::run [ RunTime:0.000272s ]
INFO: TokenBuild Behavior ::run [ RunTime:0.000388s ]
INFO: WriteHtmlCache Behavior ::run [ RunTime:0.000142s ]
INFO: ShowRuntime Behavior ::run [ RunTime:0.000278s ]
INFO: [ view_filter ] --END-- [ RunTime:0.001231s ]
INFO: [ view_end ] --START--
INFO: ShowPageTrace Behavior ::run [ RunTime:0.000370s ]
INFO: [ view_end ] --END-- [ RunTime:0.000431s ]

[ 2013-12-23T18:38:43+08:00 ] 58.33.252.182 /uniqlo/system.php/Products/addcate.html
INFO: [ route_check ] --START--
INFO: CheckRoute Behavior ::run [ RunTime:0.000492s ]
INFO: [ route_check ] --END-- [ RunTime:0.000558s ]
INFO: [ app_begin ] --START--
INFO: ReadHtmlCache Behavior ::run [ RunTime:0.000318s ]
INFO: [ app_begin ] --END-- [ RunTime:0.000369s ]
NOTIC: 建议使用I方法替代_post
SQL: SHOW COLUMNS FROM `u_category` [ RunTime:0.000487s ]
SQL: SELECT * FROM `u_category` WHERE ( `pcid` = 30 )  [ RunTime:0.000198s ]

[ 2013-12-23T18:39:05+08:00 ] 58.33.252.182 /uniqlo/system.php/Products/addcate.html
INFO: [ route_check ] --START--
INFO: CheckRoute Behavior ::run [ RunTime:0.000608s ]
INFO: [ route_check ] --END-- [ RunTime:0.000721s ]
INFO: [ app_begin ] --START--
INFO: ReadHtmlCache Behavior ::run [ RunTime:0.000342s ]
INFO: [ app_begin ] --END-- [ RunTime:0.000396s ]
NOTIC: 建议使用I方法替代_post
SQL: SHOW COLUMNS FROM `u_category` [ RunTime:0.000638s ]
SQL: SELECT * FROM `u_category` WHERE ( `pcid` = 0 )  [ RunTime:0.000200s ]

[ 2013-12-23T18:39:36+08:00 ] 58.33.252.182 /uniqlo/system.php/Products/index/p/2/keyword/%E7%B4%A7%E8%BA%AB%E8%A3%A4
INFO: [ route_check ] --START--
INFO: CheckRoute Behavior ::run [ RunTime:0.000572s ]
INFO: [ route_check ] --END-- [ RunTime:0.000672s ]
INFO: [ app_begin ] --START--
INFO: ReadHtmlCache Behavior ::run [ RunTime:0.000341s ]
INFO: [ app_begin ] --END-- [ RunTime:0.000398s ]
SQL: SHOW COLUMNS FROM `u_goods` [ RunTime:0.000675s ]
SQL: SHOW COLUMNS FROM `u_category` [ RunTime:0.000383s ]
NOTIC: 建议使用I方法替代_request
NOTIC: 建议使用I方法替代_request
NOTIC: 建议使用I方法替代_request
NOTIC: 建议使用I方法替代_request
NOTIC: 建议使用I方法替代_request
SQL: SELECT COUNT(*) AS tp_count FROM `u_goods` WHERE (  ( `id` = '紧身裤' ) OR ( `num_iid` = '紧身裤' ) OR ( `title` LIKE '%紧身裤%' ) ) LIMIT 1   [ RunTime:0.006472s ]
SQL: SELECT * FROM `u_goods` WHERE (  ( `id` = '紧身裤' ) OR ( `num_iid` = '紧身裤' ) OR ( `title` LIKE '%紧身裤%' ) ) ORDER BY id desc LIMIT 20,20   [ RunTime:0.005269s ]
NOTIC: [8] Undefined index: css /superdata/kimi/uniqlo/System/Lib/ORG/Pageyu.class.php 第 59 行.
NOTIC: [8] Undefined variable: css /superdata/kimi/uniqlo/System/Lib/ORG/Pageyu.class.php 第 62 行.
NOTIC: [8] Undefined index: id /superdata/kimi/uniqlo/System/Lib/ORG/Pageyu.class.php 第 64 行.
NOTIC: [8] Undefined variable: id /superdata/kimi/uniqlo/System/Lib/ORG/Pageyu.class.php 第 67 行.
NOTIC: [8] Undefined variable: p /superdata/kimi/uniqlo/System/Lib/ORG/Pageyu.class.php 第 70 行.
SQL: SELECT * FROM `u_category` WHERE ( `parent_id` = 0 )  [ RunTime:0.000069s ]
NOTIC: [8] Undefined variable: twocate /superdata/kimi/uniqlo/System/Lib/Action/ProductsAction.class.php 第 59 行.
INFO: [ view_parse ] --START--
NOTIC: [8] Undefined variable: result /superdata/kimi/uniqlo/System/Runtime/Cache/b9380e0ff4153407ef0f27d26c4b736c.php 第 6 行.
INFO: ParseTemplate Behavior ::run [ RunTime:0.012971s ]
INFO: [ view_parse ] --END-- [ RunTime:0.013036s ]
INFO: [ view_filter ] --START--
INFO: ContentReplace Behavior ::run [ RunTime:0.000287s ]
INFO: TokenBuild Behavior ::run [ RunTime:0.000323s ]
INFO: WriteHtmlCache Behavior ::run [ RunTime:0.000144s ]
INFO: ShowRuntime Behavior ::run [ RunTime:0.000269s ]
INFO: [ view_filter ] --END-- [ RunTime:0.001170s ]
INFO: [ view_end ] --START--
INFO: ShowPageTrace Behavior ::run [ RunTime:0.000365s ]
INFO: [ view_end ] --END-- [ RunTime:0.000422s ]

[ 2013-12-23T18:39:42+08:00 ] 58.33.252.182 /uniqlo/system.php/Productsedit/index/id/1655/p/2/keyword/%E7%B4%A7%E8%BA%AB%E8%A3%A4.html
INFO: [ route_check ] --START--
INFO: CheckRoute Behavior ::run [ RunTime:0.000532s ]
INFO: [ route_check ] --END-- [ RunTime:0.000599s ]
INFO: [ app_begin ] --START--
INFO: ReadHtmlCache Behavior ::run [ RunTime:0.000316s ]
INFO: [ app_begin ] --END-- [ RunTime:0.000369s ]
NOTIC: 建议使用I方法替代_get
NOTIC: 建议使用I方法替代_request
NOTIC: 建议使用I方法替代_request
NOTIC: 建议使用I方法替代_request
NOTIC: 建议使用I方法替代_request
NOTIC: 建议使用I方法替代_request
SQL: SHOW COLUMNS FROM `u_goods` [ RunTime:0.000728s ]
SQL: SHOW COLUMNS FROM `u_customcate` [ RunTime:0.015344s ]
SQL: SHOW COLUMNS FROM `u_windex` [ RunTime:0.011926s ]
SQL: SELECT * FROM `u_windex` ORDER BY id desc  [ RunTime:0.000171s ]
SQL: SHOW COLUMNS FROM `u_tag` [ RunTime:0.000470s ]
SQL: SHOW COLUMNS FROM `u_goodtag` [ RunTime:0.000543s ]
SQL: SELECT * FROM `u_goods` WHERE ( `id` = 1655 ) LIMIT 1   [ RunTime:0.000215s ]
SQL: SELECT * FROM `u_goodtag` WHERE ( `good_id` = '1655' )  [ RunTime:0.000214s ]
SQL: SELECT `id`,`name`,`parent_id`,`type` FROM `u_tag` WHERE ( `parent_id` = 0 ) ORDER BY id asc  [ RunTime:0.000176s ]
SQL: SELECT `id`,`name`,`parent_id`,`type` FROM `u_tag` WHERE ( `parent_id` = 1 ) GROUP BY type  [ RunTime:0.000230s ]
SQL: SELECT `id`,`name`,`parent_id`,`type` FROM `u_tag` WHERE ( `parent_id` = 1 ) AND ( `type` = '1' )  [ RunTime:0.000184s ]
SQL: SELECT `id`,`name`,`parent_id`,`type` FROM `u_tag` WHERE ( `parent_id` = 1 ) AND ( `type` = '2' )  [ RunTime:0.000169s ]
SQL: SELECT `id`,`name`,`parent_id`,`type` FROM `u_tag` WHERE ( `parent_id` = 1 ) AND ( `type` = '3' )  [ RunTime:0.000174s ]
SQL: SELECT `id`,`name`,`parent_id`,`type` FROM `u_tag` WHERE ( `parent_id` = 2 ) GROUP BY type  [ RunTime:0.000200s ]
SQL: SELECT `id`,`name`,`parent_id`,`type` FROM `u_tag` WHERE ( `parent_id` = 2 ) AND ( `type` = '1' )  [ RunTime:0.000186s ]
SQL: SELECT `id`,`name`,`parent_id`,`type` FROM `u_tag` WHERE ( `parent_id` = 2 ) AND ( `type` = '2' )  [ RunTime:0.000181s ]
SQL: SELECT `id`,`name`,`parent_id`,`type` FROM `u_tag` WHERE ( `parent_id` = 2 ) AND ( `type` = '3' )  [ RunTime:0.000173s ]
SQL: SELECT * FROM `u_goodtag` WHERE ( `good_id` = '1655' ) AND (  ( `tag_id` <> '0' ) OR ( `ftag_id` <> '0' ) ) GROUP BY wid ORDER BY id asc  [ RunTime:0.000260s ]
SQL: SELECT * FROM `u_customcate` WHERE ( `gtype` = '2' ) AND ( `isud` = '2' )  [ RunTime:0.000203s ]
INFO: [ view_parse ] --START--
NOTIC: [8] Undefined offset: 2 /superdata/kimi/uniqlo/System/Runtime/Cache/3b0b8182b75ad441e0f2fb2fc0c0343f.php 第 121 行.
NOTIC: [8] Undefined offset: 2 /superdata/kimi/uniqlo/System/Runtime/Cache/3b0b8182b75ad441e0f2fb2fc0c0343f.php 第 128 行.
NOTIC: [8] Undefined offset: 2 /superdata/kimi/uniqlo/System/Runtime/Cache/3b0b8182b75ad441e0f2fb2fc0c0343f.php 第 128 行.
NOTIC: [8] Undefined offset: 2 /superdata/kimi/uniqlo/System/Runtime/Cache/3b0b8182b75ad441e0f2fb2fc0c0343f.php 第 128 行.
NOTIC: [8] Undefined offset: 2 /superdata/kimi/uniqlo/System/Runtime/Cache/3b0b8182b75ad441e0f2fb2fc0c0343f.php 第 128 行.
NOTIC: [8] Undefined offset: 2 /superdata/kimi/uniqlo/System/Runtime/Cache/3b0b8182b75ad441e0f2fb2fc0c0343f.php 第 128 行.
NOTIC: [8] Undefined offset: 2 /superdata/kimi/uniqlo/System/Runtime/Cache/3b0b8182b75ad441e0f2fb2fc0c0343f.php 第 128 行.
NOTIC: [8] Undefined offset: 2 /superdata/kimi/uniqlo/System/Runtime/Cache/3b0b8182b75ad441e0f2fb2fc0c0343f.php 第 128 行.
NOTIC: [8] Undefined offset: 2 /superdata/kimi/uniqlo/System/Runtime/Cache/3b0b8182b75ad441e0f2fb2fc0c0343f.php 第 128 行.
NOTIC: [8] Undefined offset: 2 /superdata/kimi/uniqlo/System/Runtime/Cache/3b0b8182b75ad441e0f2fb2fc0c0343f.php 第 135 行.
NOTIC: [8] Undefined offset: 2 /superdata/kimi/uniqlo/System/Runtime/Cache/3b0b8182b75ad441e0f2fb2fc0c0343f.php 第 135 行.
NOTIC: [8] Undefined offset: 2 /superdata/kimi/uniqlo/System/Runtime/Cache/3b0b8182b75ad441e0f2fb2fc0c0343f.php 第 135 行.
NOTIC: [8] Undefined offset: 2 /superdata/kimi/uniqlo/System/Runtime/Cache/3b0b8182b75ad441e0f2fb2fc0c0343f.php 第 135 行.
NOTIC: [8] Undefined offset: 2 /superdata/kimi/uniqlo/System/Runtime/Cache/3b0b8182b75ad441e0f2fb2fc0c0343f.php 第 135 行.
NOTIC: [8] Undefined offset: 2 /superdata/kimi/uniqlo/System/Runtime/Cache/3b0b8182b75ad441e0f2fb2fc0c0343f.php 第 135 行.
NOTIC: [8] Undefined offset: 2 /superdata/kimi/uniqlo/System/Runtime/Cache/3b0b8182b75ad441e0f2fb2fc0c0343f.php 第 135 行.
NOTIC: [8] Undefined offset: 2 /superdata/kimi/uniqlo/System/Runtime/Cache/3b0b8182b75ad441e0f2fb2fc0c0343f.php 第 135 行.
NOTIC: [8] Undefined offset: 2 /superdata/kimi/uniqlo/System/Runtime/Cache/3b0b8182b75ad441e0f2fb2fc0c0343f.php 第 135 行.
NOTIC: [8] Undefined offset: 2 /superdata/kimi/uniqlo/System/Runtime/Cache/3b0b8182b75ad441e0f2fb2fc0c0343f.php 第 135 行.
NOTIC: [8] Undefined offset: 2 /superdata/kimi/uniqlo/System/Runtime/Cache/3b0b8182b75ad441e0f2fb2fc0c0343f.php 第 135 行.
NOTIC: [8] Undefined offset: 2 /superdata/kimi/uniqlo/System/Runtime/Cache/3b0b8182b75ad441e0f2fb2fc0c0343f.php 第 135 行.
NOTIC: [8] Undefined offset: 2 /superdata/kimi/uniqlo/System/Runtime/Cache/3b0b8182b75ad441e0f2fb2fc0c0343f.php 第 135 行.
NOTIC: [8] Undefined offset: 2 /superdata/kimi/uniqlo/System/Runtime/Cache/3b0b8182b75ad441e0f2fb2fc0c0343f.php 第 135 行.
NOTIC: [8] Undefined offset: 2 /superdata/kimi/uniqlo/System/Runtime/Cache/3b0b8182b75ad441e0f2fb2fc0c0343f.php 第 135 行.
NOTIC: [8] Undefined offset: 2 /superdata/kimi/uniqlo/System/Runtime/Cache/3b0b8182b75ad441e0f2fb2fc0c0343f.php 第 135 行.
NOTIC: [8] Undefined offset: 2 /superdata/kimi/uniqlo/System/Runtime/Cache/3b0b8182b75ad441e0f2fb2fc0c0343f.php 第 135 行.
NOTIC: [8] Undefined offset: 2 /superdata/kimi/uniqlo/System/Runtime/Cache/3b0b8182b75ad441e0f2fb2fc0c0343f.php 第 135 行.
NOTIC: [8] Undefined offset: 2 /superdata/kimi/uniqlo/System/Runtime/Cache/3b0b8182b75ad441e0f2fb2fc0c0343f.php 第 135 行.
NOTIC: [8] Undefined offset: 2 /superdata/kimi/uniqlo/System/Runtime/Cache/3b0b8182b75ad441e0f2fb2fc0c0343f.php 第 135 行.
NOTIC: [8] Undefined offset: 2 /superdata/kimi/uniqlo/System/Runtime/Cache/3b0b8182b75ad441e0f2fb2fc0c0343f.php 第 135 行.
NOTIC: [8] Undefined offset: 2 /superdata/kimi/uniqlo/System/Runtime/Cache/3b0b8182b75ad441e0f2fb2fc0c0343f.php 第 135 行.
NOTIC: [8] Undefined offset: 2 /superdata/kimi/uniqlo/System/Runtime/Cache/3b0b8182b75ad441e0f2fb2fc0c0343f.php 第 135 行.
NOTIC: [8] Undefined offset: 2 /superdata/kimi/uniqlo/System/Runtime/Cache/3b0b8182b75ad441e0f2fb2fc0c0343f.php 第 135 行.
NOTIC: [8] Undefined offset: 2 /superdata/kimi/uniqlo/System/Runtime/Cache/3b0b8182b75ad441e0f2fb2fc0c0343f.php 第 135 行.
NOTIC: [8] Undefined offset: 2 /superdata/kimi/uniqlo/System/Runtime/Cache/3b0b8182b75ad441e0f2fb2fc0c0343f.php 第 135 行.
NOTIC: [8] Undefined offset: 2 /superdata/kimi/uniqlo/System/Runtime/Cache/3b0b8182b75ad441e0f2fb2fc0c0343f.php 第 135 行.
NOTIC: [8] Undefined offset: 2 /superdata/kimi/uniqlo/System/Runtime/Cache/3b0b8182b75ad441e0f2fb2fc0c0343f.php 第 135 行.
NOTIC: [8] Undefined offset: 2 /superdata/kimi/uniqlo/System/Runtime/Cache/3b0b8182b75ad441e0f2fb2fc0c0343f.php 第 135 行.
NOTIC: [8] Undefined offset: 2 /superdata/kimi/uniqlo/System/Runtime/Cache/3b0b8182b75ad441e0f2fb2fc0c0343f.php 第 135 行.
NOTIC: [8] Undefined offset: 2 /superdata/kimi/uniqlo/System/Runtime/Cache/3b0b8182b75ad441e0f2fb2fc0c0343f.php 第 135 行.
NOTIC: [8] Undefined offset: 2 /superdata/kimi/uniqlo/System/Runtime/Cache/3b0b8182b75ad441e0f2fb2fc0c0343f.php 第 135 行.
NOTIC: [8] Undefined offset: 2 /superdata/kimi/uniqlo/System/Runtime/Cache/3b0b8182b75ad441e0f2fb2fc0c0343f.php 第 135 行.
NOTIC: [8] Undefined offset: 2 /superdata/kimi/uniqlo/System/Runtime/Cache/3b0b8182b75ad441e0f2fb2fc0c0343f.php 第 135 行.
NOTIC: [8] Undefined offset: 2 /superdata/kimi/uniqlo/System/Runtime/Cache/3b0b8182b75ad441e0f2fb2fc0c0343f.php 第 135 行.
NOTIC: [8] Undefined offset: 2 /superdata/kimi/uniqlo/System/Runtime/Cache/3b0b8182b75ad441e0f2fb2fc0c0343f.php 第 135 行.
NOTIC: [8] Undefined offset: 2 /superdata/kimi/uniqlo/System/Runtime/Cache/3b0b8182b75ad441e0f2fb2fc0c0343f.php 第 135 行.
NOTIC: [8] Undefined offset: 2 /superdata/kimi/uniqlo/System/Runtime/Cache/3b0b8182b75ad441e0f2fb2fc0c0343f.php 第 135 行.
NOTIC: [8] Undefined offset: 2 /superdata/kimi/uniqlo/System/Runtime/Cache/3b0b8182b75ad441e0f2fb2fc0c0343f.php 第 135 行.
NOTIC: [8] Undefined offset: 2 /superdata/kimi/uniqlo/System/Runtime/Cache/3b0b8182b75ad441e0f2fb2fc0c0343f.php 第 135 行.
NOTIC: [8] Undefined offset: 2 /superdata/kimi/uniqlo/System/Runtime/Cache/3b0b8182b75ad441e0f2fb2fc0c0343f.php 第 135 行.
NOTIC: [8] Undefined offset: 2 /superdata/kimi/uniqlo/System/Runtime/Cache/3b0b8182b75ad441e0f2fb2fc0c0343f.php 第 135 行.
NOTIC: [8] Undefined offset: 2 /superdata/kimi/uniqlo/System/Runtime/Cache/3b0b8182b75ad441e0f2fb2fc0c0343f.php 第 135 行.
NOTIC: [8] Undefined offset: 2 /superdata/kimi/uniqlo/System/Runtime/Cache/3b0b8182b75ad441e0f2fb2fc0c0343f.php 第 135 行.
NOTIC: [8] Undefined offset: 2 /superdata/kimi/uniqlo/System/Runtime/Cache/3b0b8182b75ad441e0f2fb2fc0c0343f.php 第 135 行.
NOTIC: [8] Undefined offset: 2 /superdata/kimi/uniqlo/System/Runtime/Cache/3b0b8182b75ad441e0f2fb2fc0c0343f.php 第 135 行.
NOTIC: [8] Undefined offset: 2 /superdata/kimi/uniqlo/System/Runtime/Cache/3b0b8182b75ad441e0f2fb2fc0c0343f.php 第 135 行.
NOTIC: [8] Undefined offset: 2 /superdata/kimi/uniqlo/System/Runtime/Cache/3b0b8182b75ad441e0f2fb2fc0c0343f.php 第 135 行.
NOTIC: [8] Undefined offset: 2 /superdata/kimi/uniqlo/System/Runtime/Cache/3b0b8182b75ad441e0f2fb2fc0c0343f.php 第 135 行.
NOTIC: [8] Undefined offset: 2 /superdata/kimi/uniqlo/System/Runtime/Cache/3b0b8182b75ad441e0f2fb2fc0c0343f.php 第 135 行.
NOTIC: [8] Undefined offset: 2 /superdata/kimi/uniqlo/System/Runtime/Cache/3b0b8182b75ad441e0f2fb2fc0c0343f.php 第 135 行.
NOTIC: [8] Undefined offset: 2 /superdata/kimi/uniqlo/System/Runtime/Cache/3b0b8182b75ad441e0f2fb2fc0c0343f.php 第 142 行.
NOTIC: [8] Undefined offset: 2 /superdata/kimi/uniqlo/System/Runtime/Cache/3b0b8182b75ad441e0f2fb2fc0c0343f.php 第 142 行.
NOTIC: [8] Undefined offset: 2 /superdata/kimi/uniqlo/System/Runtime/Cache/3b0b8182b75ad441e0f2fb2fc0c0343f.php 第 142 行.
NOTIC: [8] Undefined offset: 2 /superdata/kimi/uniqlo/System/Runtime/Cache/3b0b8182b75ad441e0f2fb2fc0c0343f.php 第 142 行.
NOTIC: [8] Undefined offset: 2 /superdata/kimi/uniqlo/System/Runtime/Cache/3b0b8182b75ad441e0f2fb2fc0c0343f.php 第 142 行.
NOTIC: [8] Undefined offset: 2 /superdata/kimi/uniqlo/System/Runtime/Cache/3b0b8182b75ad441e0f2fb2fc0c0343f.php 第 142 行.
NOTIC: [8] Undefined offset: 2 /superdata/kimi/uniqlo/System/Runtime/Cache/3b0b8182b75ad441e0f2fb2fc0c0343f.php 第 142 行.
NOTIC: [8] Undefined offset: 2 /superdata/kimi/uniqlo/System/Runtime/Cache/3b0b8182b75ad441e0f2fb2fc0c0343f.php 第 142 行.
NOTIC: [8] Undefined offset: 2 /superdata/kimi/uniqlo/System/Runtime/Cache/3b0b8182b75ad441e0f2fb2fc0c0343f.php 第 142 行.
NOTIC: [8] Undefined offset: 2 /superdata/kimi/uniqlo/System/Runtime/Cache/3b0b8182b75ad441e0f2fb2fc0c0343f.php 第 142 行.
NOTIC: [8] Undefined offset: 2 /superdata/kimi/uniqlo/System/Runtime/Cache/3b0b8182b75ad441e0f2fb2fc0c0343f.php 第 142 行.
NOTIC: [8] Undefined offset: 2 /superdata/kimi/uniqlo/System/Runtime/Cache/3b0b8182b75ad441e0f2fb2fc0c0343f.php 第 142 行.
NOTIC: [8] Undefined offset: 2 /superdata/kimi/uniqlo/System/Runtime/Cache/3b0b8182b75ad441e0f2fb2fc0c0343f.php 第 142 行.
NOTIC: [8] Undefined offset: 2 /superdata/kimi/uniqlo/System/Runtime/Cache/3b0b8182b75ad441e0f2fb2fc0c0343f.php 第 142 行.
NOTIC: [8] Undefined offset: 2 /superdata/kimi/uniqlo/System/Runtime/Cache/3b0b8182b75ad441e0f2fb2fc0c0343f.php 第 142 行.
NOTIC: [8] Undefined offset: 2 /superdata/kimi/uniqlo/System/Runtime/Cache/3b0b8182b75ad441e0f2fb2fc0c0343f.php 第 142 行.
NOTIC: [8] Undefined offset: 2 /superdata/kimi/uniqlo/System/Runtime/Cache/3b0b8182b75ad441e0f2fb2fc0c0343f.php 第 142 行.
NOTIC: [8] Undefined offset: 2 /superdata/kimi/uniqlo/System/Runtime/Cache/3b0b8182b75ad441e0f2fb2fc0c0343f.php 第 142 行.
NOTIC: [8] Undefined offset: 2 /superdata/kimi/uniqlo/System/Runtime/Cache/3b0b8182b75ad441e0f2fb2fc0c0343f.php 第 142 行.
NOTIC: [8] Undefined offset: 2 /superdata/kimi/uniqlo/System/Runtime/Cache/3b0b8182b75ad441e0f2fb2fc0c0343f.php 第 142 行.
NOTIC: [8] Undefined offset: 2 /superdata/kimi/uniqlo/System/Runtime/Cache/3b0b8182b75ad441e0f2fb2fc0c0343f.php 第 142 行.
NOTIC: [8] Undefined offset: 2 /superdata/kimi/uniqlo/System/Runtime/Cache/3b0b8182b75ad441e0f2fb2fc0c0343f.php 第 142 行.
NOTIC: [8] Undefined offset: 2 /superdata/kimi/uniqlo/System/Runtime/Cache/3b0b8182b75ad441e0f2fb2fc0c0343f.php 第 142 行.
NOTIC: [8] Undefined offset: 2 /superdata/kimi/uniqlo/System/Runtime/Cache/3b0b8182b75ad441e0f2fb2fc0c0343f.php 第 142 行.
NOTIC: [8] Undefined offset: 2 /superdata/kimi/uniqlo/System/Runtime/Cache/3b0b8182b75ad441e0f2fb2fc0c0343f.php 第 142 行.
NOTIC: [8] Undefined offset: 2 /superdata/kimi/uniqlo/System/Runtime/Cache/3b0b8182b75ad441e0f2fb2fc0c0343f.php 第 142 行.
NOTIC: [8] Undefined offset: 2 /superdata/kimi/uniqlo/System/Runtime/Cache/3b0b8182b75ad441e0f2fb2fc0c0343f.php 第 142 行.
NOTIC: [8] Undefined offset: 2 /superdata/kimi/uniqlo/System/Runtime/Cache/3b0b8182b75ad441e0f2fb2fc0c0343f.php 第 142 行.
NOTIC: [8] Undefined offset: 2 /superdata/kimi/uniqlo/System/Runtime/Cache/3b0b8182b75ad441e0f2fb2fc0c0343f.php 第 142 行.
NOTIC: [8] Undefined offset: 2 /superdata/kimi/uniqlo/System/Runtime/Cache/3b0b8182b75ad441e0f2fb2fc0c0343f.php 第 142 行.
NOTIC: [8] Undefined offset: 2 /superdata/kimi/uniqlo/System/Runtime/Cache/3b0b8182b75ad441e0f2fb2fc0c0343f.php 第 142 行.
NOTIC: [8] Undefined offset: 2 /superdata/kimi/uniqlo/System/Runtime/Cache/3b0b8182b75ad441e0f2fb2fc0c0343f.php 第 142 行.
NOTIC: [8] Undefined offset: 2 /superdata/kimi/uniqlo/System/Runtime/Cache/3b0b8182b75ad441e0f2fb2fc0c0343f.php 第 142 行.
NOTIC: [8] Undefined offset: 2 /superdata/kimi/uniqlo/System/Runtime/Cache/3b0b8182b75ad441e0f2fb2fc0c0343f.php 第 142 行.
NOTIC: [8] Undefined offset: 2 /superdata/kimi/uniqlo/System/Runtime/Cache/3b0b8182b75ad441e0f2fb2fc0c0343f.php 第 142 行.
NOTIC: [8] Undefined offset: 2 /superdata/kimi/uniqlo/System/Runtime/Cache/3b0b8182b75ad441e0f2fb2fc0c0343f.php 第 142 行.
NOTIC: [8] Undefined offset: 2 /superdata/kimi/uniqlo/System/Runtime/Cache/3b0b8182b75ad441e0f2fb2fc0c0343f.php 第 142 行.
NOTIC: [8] Undefined offset: 2 /superdata/kimi/uniqlo/System/Runtime/Cache/3b0b8182b75ad441e0f2fb2fc0c0343f.php 第 142 行.
NOTIC: [8] Undefined offset: 2 /superdata/kimi/uniqlo/System/Runtime/Cache/3b0b8182b75ad441e0f2fb2fc0c0343f.php 第 142 行.
NOTIC: [8] Undefined offset: 2 /superdata/kimi/uniqlo/System/Runtime/Cache/3b0b8182b75ad441e0f2fb2fc0c0343f.php 第 142 行.
NOTIC: [8] Undefined offset: 2 /superdata/kimi/uniqlo/System/Runtime/Cache/3b0b8182b75ad441e0f2fb2fc0c0343f.php 第 142 行.
NOTIC: [8] Undefined offset: 2 /superdata/kimi/uniqlo/System/Runtime/Cache/3b0b8182b75ad441e0f2fb2fc0c0343f.php 第 142 行.
NOTIC: [8] Undefined offset: 2 /superdata/kimi/uniqlo/System/Runtime/Cache/3b0b8182b75ad441e0f2fb2fc0c0343f.php 第 142 行.
NOTIC: [8] Undefined offset: 2 /superdata/kimi/uniqlo/System/Runtime/Cache/3b0b8182b75ad441e0f2fb2fc0c0343f.php 第 142 行.
NOTIC: [8] Undefined offset: 2 /superdata/kimi/uniqlo/System/Runtime/Cache/3b0b8182b75ad441e0f2fb2fc0c0343f.php 第 142 行.
NOTIC: [8] Undefined offset: 2 /superdata/kimi/uniqlo/System/Runtime/Cache/3b0b8182b75ad441e0f2fb2fc0c0343f.php 第 142 行.
NOTIC: [8] Undefined offset: 2 /superdata/kimi/uniqlo/System/Runtime/Cache/3b0b8182b75ad441e0f2fb2fc0c0343f.php 第 142 行.
NOTIC: [8] Undefined offset: 2 /superdata/kimi/uniqlo/System/Runtime/Cache/3b0b8182b75ad441e0f2fb2fc0c0343f.php 第 142 行.
NOTIC: [8] Undefined offset: 2 /superdata/kimi/uniqlo/System/Runtime/Cache/3b0b8182b75ad441e0f2fb2fc0c0343f.php 第 142 行.
NOTIC: [8] Undefined offset: 2 /superdata/kimi/uniqlo/System/Runtime/Cache/3b0b8182b75ad441e0f2fb2fc0c0343f.php 第 142 行.
NOTIC: [8] Undefined offset: 2 /superdata/kimi/uniqlo/System/Runtime/Cache/3b0b8182b75ad441e0f2fb2fc0c0343f.php 第 142 行.
NOTIC: [8] Undefined offset: 3 /superdata/kimi/uniqlo/System/Runtime/Cache/3b0b8182b75ad441e0f2fb2fc0c0343f.php 第 150 行.
NOTIC: [8] Undefined offset: 3 /superdata/kimi/uniqlo/System/Runtime/Cache/3b0b8182b75ad441e0f2fb2fc0c0343f.php 第 157 行.
NOTIC: [8] Undefined offset: 3 /superdata/kimi/uniqlo/System/Runtime/Cache/3b0b8182b75ad441e0f2fb2fc0c0343f.php 第 157 行.
NOTIC: [8] Undefined offset: 3 /superdata/kimi/uniqlo/System/Runtime/Cache/3b0b8182b75ad441e0f2fb2fc0c0343f.php 第 157 行.
NOTIC: [8] Undefined offset: 3 /superdata/kimi/uniqlo/System/Runtime/Cache/3b0b8182b75ad441e0f2fb2fc0c0343f.php 第 157 行.
NOTIC: [8] Undefined offset: 3 /superdata/kimi/uniqlo/System/Runtime/Cache/3b0b8182b75ad441e0f2fb2fc0c0343f.php 第 157 行.
NOTIC: [8] Undefined offset: 3 /superdata/kimi/uniqlo/System/Runtime/Cache/3b0b8182b75ad441e0f2fb2fc0c0343f.php 第 157 行.
NOTIC: [8] Undefined offset: 3 /superdata/kimi/uniqlo/System/Runtime/Cache/3b0b8182b75ad441e0f2fb2fc0c0343f.php 第 157 行.
NOTIC: [8] Undefined offset: 3 /superdata/kimi/uniqlo/System/Runtime/Cache/3b0b8182b75ad441e0f2fb2fc0c0343f.php 第 157 行.
NOTIC: [8] Undefined offset: 3 /superdata/kimi/uniqlo/System/Runtime/Cache/3b0b8182b75ad441e0f2fb2fc0c0343f.php 第 164 行.
NOTIC: [8] Undefined offset: 3 /superdata/kimi/uniqlo/System/Runtime/Cache/3b0b8182b75ad441e0f2fb2fc0c0343f.php 第 164 行.
NOTIC: [8] Undefined offset: 3 /superdata/kimi/uniqlo/System/Runtime/Cache/3b0b8182b75ad441e0f2fb2fc0c0343f.php 第 164 行.
NOTIC: [8] Undefined offset: 3 /superdata/kimi/uniqlo/System/Runtime/Cache/3b0b8182b75ad441e0f2fb2fc0c0343f.php 第 164 行.
NOTIC: [8] Undefined offset: 3 /superdata/kimi/uniqlo/System/Runtime/Cache/3b0b8182b75ad441e0f2fb2fc0c0343f.php 第 164 行.
NOTIC: [8] Undefined offset: 3 /superdata/kimi/uniqlo/System/Runtime/Cache/3b0b8182b75ad441e0f2fb2fc0c0343f.php 第 164 行.
NOTIC: [8] Undefined offset: 3 /superdata/kimi/uniqlo/System/Runtime/Cache/3b0b8182b75ad441e0f2fb2fc0c0343f.php 第 164 行.
NOTIC: [8] Undefined offset: 3 /superdata/kimi/uniqlo/System/Runtime/Cache/3b0b8182b75ad441e0f2fb2fc0c0343f.php 第 164 行.
NOTIC: [8] Undefined offset: 3 /superdata/kimi/uniqlo/System/Runtime/Cache/3b0b8182b75ad441e0f2fb2fc0c0343f.php 第 164 行.
NOTIC: [8] Undefined offset: 3 /superdata/kimi/uniqlo/System/Runtime/Cache/3b0b8182b75ad441e0f2fb2fc0c0343f.php 第 164 行.
NOTIC: [8] Undefined offset: 3 /superdata/kimi/uniqlo/System/Runtime/Cache/3b0b8182b75ad441e0f2fb2fc0c0343f.php 第 164 行.
NOTIC: [8] Undefined offset: 3 /superdata/kimi/uniqlo/System/Runtime/Cache/3b0b8182b75ad441e0f2fb2fc0c0343f.php 第 164 行.
NOTIC: [8] Undefined offset: 3 /superdata/kimi/uniqlo/System/Runtime/Cache/3b0b8182b75ad441e0f2fb2fc0c0343f.php 第 164 行.
NOTIC: [8] Undefined offset: 3 /superdata/kimi/uniqlo/System/Runtime/Cache/3b0b8182b75ad441e0f2fb2fc0c0343f.php 第 164 行.
NOTIC: [8] Undefined offset: 3 /superdata/kimi/uniqlo/System/Runtime/Cache/3b0b8182b75ad441e0f2fb2fc0c0343f.php 第 164 行.
NOTIC: [8] Undefined offset: 3 /superdata/kimi/uniqlo/System/Runtime/Cache/3b0b8182b75ad441e0f2fb2fc0c0343f.php 第 164 行.
NOTIC: [8] Undefined offset: 3 /superdata/kimi/uniqlo/System/Runtime/Cache/3b0b8182b75ad441e0f2fb2fc0c0343f.php 第 164 行.
NOTIC: [8] Undefined offset: 3 /superdata/kimi/uniqlo/System/Runtime/Cache/3b0b8182b75ad441e0f2fb2fc0c0343f.php 第 164 行.
NOTIC: [8] Undefined offset: 3 /superdata/kimi/uniqlo/System/Runtime/Cache/3b0b8182b75ad441e0f2fb2fc0c0343f.php 第 164 行.
NOTIC: [8] Undefined offset: 3 /superdata/kimi/uniqlo/System/Runtime/Cache/3b0b8182b75ad441e0f2fb2fc0c0343f.php 第 164 行.
NOTIC: [8] Undefined offset: 3 /superdata/kimi/uniqlo/System/Runtime/Cache/3b0b8182b75ad441e0f2fb2fc0c0343f.php 第 164 行.
NOTIC: [8] Undefined offset: 3 /superdata/kimi/uniqlo/System/Runtime/Cache/3b0b8182b75ad441e0f2fb2fc0c0343f.php 第 164 行.
NOTIC: [8] Undefined offset: 3 /superdata/kimi/uniqlo/System/Runtime/Cache/3b0b8182b75ad441e0f2fb2fc0c0343f.php 第 164 行.
NOTIC: [8] Undefined offset: 3 /superdata/kimi/uniqlo/System/Runtime/Cache/3b0b8182b75ad441e0f2fb2fc0c0343f.php 第 164 行.
NOTIC: [8] Undefined offset: 3 /superdata/kimi/uniqlo/System/Runtime/Cache/3b0b8182b75ad441e0f2fb2fc0c0343f.php 第 164 行.
NOTIC: [8] Undefined offset: 3 /superdata/kimi/uniqlo/System/Runtime/Cache/3b0b8182b75ad441e0f2fb2fc0c0343f.php 第 164 行.
NOTIC: [8] Undefined offset: 3 /superdata/kimi/uniqlo/System/Runtime/Cache/3b0b8182b75ad441e0f2fb2fc0c0343f.php 第 164 行.
NOTIC: [8] Undefined offset: 3 /superdata/kimi/uniqlo/System/Runtime/Cache/3b0b8182b75ad441e0f2fb2fc0c0343f.php 第 164 行.
NOTIC: [8] Undefined offset: 3 /superdata/kimi/uniqlo/System/Runtime/Cache/3b0b8182b75ad441e0f2fb2fc0c0343f.php 第 164 行.
NOTIC: [8] Undefined offset: 3 /superdata/kimi/uniqlo/System/Runtime/Cache/3b0b8182b75ad441e0f2fb2fc0c0343f.php 第 164 行.
NOTIC: [8] Undefined offset: 3 /superdata/kimi/uniqlo/System/Runtime/Cache/3b0b8182b75ad441e0f2fb2fc0c0343f.php 第 164 行.
NOTIC: [8] Undefined offset: 3 /superdata/kimi/uniqlo/System/Runtime/Cache/3b0b8182b75ad441e0f2fb2fc0c0343f.php 第 164 行.
NOTIC: [8] Undefined offset: 3 /superdata/kimi/uniqlo/System/Runtime/Cache/3b0b8182b75ad441e0f2fb2fc0c0343f.php 第 164 行.
NOTIC: [8] Undefined offset: 3 /superdata/kimi/uniqlo/System/Runtime/Cache/3b0b8182b75ad441e0f2fb2fc0c0343f.php 第 164 行.
NOTIC: [8] Undefined offset: 3 /superdata/kimi/uniqlo/System/Runtime/Cache/3b0b8182b75ad441e0f2fb2fc0c0343f.php 第 164 行.
NOTIC: [8] Undefined offset: 3 /superdata/kimi/uniqlo/System/Runtime/Cache/3b0b8182b75ad441e0f2fb2fc0c0343f.php 第 164 行.
NOTIC: [8] Undefined offset: 3 /superdata/kimi/uniqlo/System/Runtime/Cache/3b0b8182b75ad441e0f2fb2fc0c0343f.php 第 164 行.
NOTIC: [8] Undefined offset: 3 /superdata/kimi/uniqlo/System/Runtime/Cache/3b0b8182b75ad441e0f2fb2fc0c0343f.php 第 164 行.
NOTIC: [8] Undefined offset: 3 /superdata/kimi/uniqlo/System/Runtime/Cache/3b0b8182b75ad441e0f2fb2fc0c0343f.php 第 164 行.
NOTIC: [8] Undefined offset: 3 /superdata/kimi/uniqlo/System/Runtime/Cache/3b0b8182b75ad441e0f2fb2fc0c0343f.php 第 164 行.
NOTIC: [8] Undefined offset: 3 /superdata/kimi/uniqlo/System/Runtime/Cache/3b0b8182b75ad441e0f2fb2fc0c0343f.php 第 164 行.
NOTIC: [8] Undefined offset: 3 /superdata/kimi/uniqlo/System/Runtime/Cache/3b0b8182b75ad441e0f2fb2fc0c0343f.php 第 164 行.
NOTIC: [8] Undefined offset: 3 /superdata/kimi/uniqlo/System/Runtime/Cache/3b0b8182b75ad441e0f2fb2fc0c0343f.php 第 164 行.
NOTIC: [8] Undefined offset: 3 /superdata/kimi/uniqlo/System/Runtime/Cache/3b0b8182b75ad441e0f2fb2fc0c0343f.php 第 164 行.
NOTIC: [8] Undefined offset: 3 /superdata/kimi/uniqlo/System/Runtime/Cache/3b0b8182b75ad441e0f2fb2fc0c0343f.php 第 164 行.
NOTIC: [8] Undefined offset: 3 /superdata/kimi/uniqlo/System/Runtime/Cache/3b0b8182b75ad441e0f2fb2fc0c0343f.php 第 164 行.
NOTIC: [8] Undefined offset: 3 /superdata/kimi/uniqlo/System/Runtime/Cache/3b0b8182b75ad441e0f2fb2fc0c0343f.php 第 164 行.
NOTIC: [8] Undefined offset: 3 /superdata/kimi/uniqlo/System/Runtime/Cache/3b0b8182b75ad441e0f2fb2fc0c0343f.php 第 164 行.
NOTIC: [8] Undefined offset: 3 /superdata/kimi/uniqlo/System/Runtime/Cache/3b0b8182b75ad441e0f2fb2fc0c0343f.php 第 164 行.
NOTIC: [8] Undefined offset: 3 /superdata/kimi/uniqlo/System/Runtime/Cache/3b0b8182b75ad441e0f2fb2fc0c0343f.php 第 164 行.
NOTIC: [8] Undefined offset: 3 /superdata/kimi/uniqlo/System/Runtime/Cache/3b0b8182b75ad441e0f2fb2fc0c0343f.php 第 164 行.
NOTIC: [8] Undefined offset: 3 /superdata/kimi/uniqlo/System/Runtime/Cache/3b0b8182b75ad441e0f2fb2fc0c0343f.php 第 171 行.
NOTIC: [8] Undefined offset: 3 /superdata/kimi/uniqlo/System/Runtime/Cache/3b0b8182b75ad441e0f2fb2fc0c0343f.php 第 171 行.
NOTIC: [8] Undefined offset: 3 /superdata/kimi/uniqlo/System/Runtime/Cache/3b0b8182b75ad441e0f2fb2fc0c0343f.php 第 171 行.
NOTIC: [8] Undefined offset: 3 /superdata/kimi/uniqlo/System/Runtime/Cache/3b0b8182b75ad441e0f2fb2fc0c0343f.php 第 171 行.
NOTIC: [8] Undefined offset: 3 /superdata/kimi/uniqlo/System/Runtime/Cache/3b0b8182b75ad441e0f2fb2fc0c0343f.php 第 171 行.
NOTIC: [8] Undefined offset: 3 /superdata/kimi/uniqlo/System/Runtime/Cache/3b0b8182b75ad441e0f2fb2fc0c0343f.php 第 171 行.
NOTIC: [8] Undefined offset: 3 /superdata/kimi/uniqlo/System/Runtime/Cache/3b0b8182b75ad441e0f2fb2fc0c0343f.php 第 171 行.
NOTIC: [8] Undefined offset: 3 /superdata/kimi/uniqlo/System/Runtime/Cache/3b0b8182b75ad441e0f2fb2fc0c0343f.php 第 171 行.
NOTIC: [8] Undefined offset: 3 /superdata/kimi/uniqlo/System/Runtime/Cache/3b0b8182b75ad441e0f2fb2fc0c0343f.php 第 171 行.
NOTIC: [8] Undefined offset: 3 /superdata/kimi/uniqlo/System/Runtime/Cache/3b0b8182b75ad441e0f2fb2fc0c0343f.php 第 171 行.
NOTIC: [8] Undefined offset: 3 /superdata/kimi/uniqlo/System/Runtime/Cache/3b0b8182b75ad441e0f2fb2fc0c0343f.php 第 171 行.
NOTIC: [8] Undefined offset: 3 /superdata/kimi/uniqlo/System/Runtime/Cache/3b0b8182b75ad441e0f2fb2fc0c0343f.php 第 171 行.
NOTIC: [8] Undefined offset: 3 /superdata/kimi/uniqlo/System/Runtime/Cache/3b0b8182b75ad441e0f2fb2fc0c0343f.php 第 171 行.
NOTIC: [8] Undefined offset: 3 /superdata/kimi/uniqlo/System/Runtime/Cache/3b0b8182b75ad441e0f2fb2fc0c0343f.php 第 171 行.
NOTIC: [8] Undefined offset: 3 /superdata/kimi/uniqlo/System/Runtime/Cache/3b0b8182b75ad441e0f2fb2fc0c0343f.php 第 171 行.
NOTIC: [8] Undefined offset: 3 /superdata/kimi/uniqlo/System/Runtime/Cache/3b0b8182b75ad441e0f2fb2fc0c0343f.php 第 171 行.
NOTIC: [8] Undefined offset: 3 /superdata/kimi/uniqlo/System/Runtime/Cache/3b0b8182b75ad441e0f2fb2fc0c0343f.php 第 171 行.
NOTIC: [8] Undefined offset: 3 /superdata/kimi/uniqlo/System/Runtime/Cache/3b0b8182b75ad441e0f2fb2fc0c0343f.php 第 171 行.
NOTIC: [8] Undefined offset: 3 /superdata/kimi/uniqlo/System/Runtime/Cache/3b0b8182b75ad441e0f2fb2fc0c0343f.php 第 171 行.
NOTIC: [8] Undefined offset: 3 /superdata/kimi/uniqlo/System/Runtime/Cache/3b0b8182b75ad441e0f2fb2fc0c0343f.php 第 171 行.
NOTIC: [8] Undefined offset: 3 /superdata/kimi/uniqlo/System/Runtime/Cache/3b0b8182b75ad441e0f2fb2fc0c0343f.php 第 171 行.
NOTIC: [8] Undefined offset: 3 /superdata/kimi/uniqlo/System/Runtime/Cache/3b0b8182b75ad441e0f2fb2fc0c0343f.php 第 171 行.
NOTIC: [8] Undefined offset: 3 /superdata/kimi/uniqlo/System/Runtime/Cache/3b0b8182b75ad441e0f2fb2fc0c0343f.php 第 171 行.
NOTIC: [8] Undefined offset: 3 /superdata/kimi/uniqlo/System/Runtime/Cache/3b0b8182b75ad441e0f2fb2fc0c0343f.php 第 171 行.
NOTIC: [8] Undefined offset: 3 /superdata/kimi/uniqlo/System/Runtime/Cache/3b0b8182b75ad441e0f2fb2fc0c0343f.php 第 171 行.
NOTIC: [8] Undefined offset: 3 /superdata/kimi/uniqlo/System/Runtime/Cache/3b0b8182b75ad441e0f2fb2fc0c0343f.php 第 171 行.
NOTIC: [8] Undefined offset: 3 /superdata/kimi/uniqlo/System/Runtime/Cache/3b0b8182b75ad441e0f2fb2fc0c0343f.php 第 171 行.
NOTIC: [8] Undefined offset: 3 /superdata/kimi/uniqlo/System/Runtime/Cache/3b0b8182b75ad441e0f2fb2fc0c0343f.php 第 171 行.
NOTIC: [8] Undefined offset: 3 /superdata/kimi/uniqlo/System/Runtime/Cache/3b0b8182b75ad441e0f2fb2fc0c0343f.php 第 171 行.
NOTIC: [8] Undefined offset: 3 /superdata/kimi/uniqlo/System/Runtime/Cache/3b0b8182b75ad441e0f2fb2fc0c0343f.php 第 171 行.
NOTIC: [8] Undefined offset: 3 /superdata/kimi/uniqlo/System/Runtime/Cache/3b0b8182b75ad441e0f2fb2fc0c0343f.php 第 171 行.
NOTIC: [8] Undefined offset: 3 /superdata/kimi/uniqlo/System/Runtime/Cache/3b0b8182b75ad441e0f2fb2fc0c0343f.php 第 171 行.
NOTIC: [8] Undefined offset: 3 /superdata/kimi/uniqlo/System/Runtime/Cache/3b0b8182b75ad441e0f2fb2fc0c0343f.php 第 171 行.
NOTIC: [8] Undefined offset: 3 /superdata/kimi/uniqlo/System/Runtime/Cache/3b0b8182b75ad441e0f2fb2fc0c0343f.php 第 171 行.
NOTIC: [8] Undefined offset: 3 /superdata/kimi/uniqlo/System/Runtime/Cache/3b0b8182b75ad441e0f2fb2fc0c0343f.php 第 171 行.
NOTIC: [8] Undefined offset: 3 /superdata/kimi/uniqlo/System/Runtime/Cache/3b0b8182b75ad441e0f2fb2fc0c0343f.php 第 171 行.
NOTIC: [8] Undefined offset: 3 /superdata/kimi/uniqlo/System/Runtime/Cache/3b0b8182b75ad441e0f2fb2fc0c0343f.php 第 171 行.
NOTIC: [8] Undefined offset: 3 /superdata/kimi/uniqlo/System/Runtime/Cache/3b0b8182b75ad441e0f2fb2fc0c0343f.php 第 171 行.
NOTIC: [8] Undefined offset: 3 /superdata/kimi/uniqlo/System/Runtime/Cache/3b0b8182b75ad441e0f2fb2fc0c0343f.php 第 171 行.
NOTIC: [8] Undefined offset: 3 /superdata/kimi/uniqlo/System/Runtime/Cache/3b0b8182b75ad441e0f2fb2fc0c0343f.php 第 171 行.
NOTIC: [8] Undefined offset: 3 /superdata/kimi/uniqlo/System/Runtime/Cache/3b0b8182b75ad441e0f2fb2fc0c0343f.php 第 171 行.
NOTIC: [8] Undefined offset: 3 /superdata/kimi/uniqlo/System/Runtime/Cache/3b0b8182b75ad441e0f2fb2fc0c0343f.php 第 171 行.
NOTIC: [8] Undefined offset: 3 /superdata/kimi/uniqlo/System/Runtime/Cache/3b0b8182b75ad441e0f2fb2fc0c0343f.php 第 171 行.
NOTIC: [8] Undefined offset: 3 /superdata/kimi/uniqlo/System/Runtime/Cache/3b0b8182b75ad441e0f2fb2fc0c0343f.php 第 171 行.
NOTIC: [8] Undefined offset: 3 /superdata/kimi/uniqlo/System/Runtime/Cache/3b0b8182b75ad441e0f2fb2fc0c0343f.php 第 171 行.
NOTIC: [8] Undefined offset: 3 /superdata/kimi/uniqlo/System/Runtime/Cache/3b0b8182b75ad441e0f2fb2fc0c0343f.php 第 171 行.
NOTIC: [8] Undefined offset: 3 /superdata/kimi/uniqlo/System/Runtime/Cache/3b0b8182b75ad441e0f2fb2fc0c0343f.php 第 171 行.
NOTIC: [8] Undefined offset: 3 /superdata/kimi/uniqlo/System/Runtime/Cache/3b0b8182b75ad441e0f2fb2fc0c0343f.php 第 171 行.
NOTIC: [8] Undefined offset: 3 /superdata/kimi/uniqlo/System/Runtime/Cache/3b0b8182b75ad441e0f2fb2fc0c0343f.php 第 171 行.
NOTIC: [8] Undefined offset: 3 /superdata/kimi/uniqlo/System/Runtime/Cache/3b0b8182b75ad441e0f2fb2fc0c0343f.php 第 171 行.
NOTIC: [8] Undefined offset: 3 /superdata/kimi/uniqlo/System/Runtime/Cache/3b0b8182b75ad441e0f2fb2fc0c0343f.php 第 171 行.
NOTIC: [8] Undefined offset: 4 /superdata/kimi/uniqlo/System/Runtime/Cache/3b0b8182b75ad441e0f2fb2fc0c0343f.php 第 179 行.
NOTIC: [8] Undefined offset: 4 /superdata/kimi/uniqlo/System/Runtime/Cache/3b0b8182b75ad441e0f2fb2fc0c0343f.php 第 186 行.
NOTIC: [8] Undefined offset: 4 /superdata/kimi/uniqlo/System/Runtime/Cache/3b0b8182b75ad441e0f2fb2fc0c0343f.php 第 186 行.
NOTIC: [8] Undefined offset: 4 /superdata/kimi/uniqlo/System/Runtime/Cache/3b0b8182b75ad441e0f2fb2fc0c0343f.php 第 186 行.
NOTIC: [8] Undefined offset: 4 /superdata/kimi/uniqlo/System/Runtime/Cache/3b0b8182b75ad441e0f2fb2fc0c0343f.php 第 186 行.
NOTIC: [8] Undefined offset: 4 /superdata/kimi/uniqlo/System/Runtime/Cache/3b0b8182b75ad441e0f2fb2fc0c0343f.php 第 186 行.
NOTIC: [8] Undefined offset: 4 /superdata/kimi/uniqlo/System/Runtime/Cache/3b0b8182b75ad441e0f2fb2fc0c0343f.php 第 186 行.
NOTIC: [8] Undefined offset: 4 /superdata/kimi/uniqlo/System/Runtime/Cache/3b0b8182b75ad441e0f2fb2fc0c0343f.php 第 186 行.
NOTIC: [8] Undefined offset: 4 /superdata/kimi/uniqlo/System/Runtime/Cache/3b0b8182b75ad441e0f2fb2fc0c0343f.php 第 186 行.
NOTIC: [8] Undefined offset: 4 /superdata/kimi/uniqlo/System/Runtime/Cache/3b0b8182b75ad441e0f2fb2fc0c0343f.php 第 193 行.
NOTIC: [8] Undefined offset: 4 /superdata/kimi/uniqlo/System/Runtime/Cache/3b0b8182b75ad441e0f2fb2fc0c0343f.php 第 193 行.
NOTIC: [8] Undefined offset: 4 /superdata/kimi/uniqlo/System/Runtime/Cache/3b0b8182b75ad441e0f2fb2fc0c0343f.php 第 193 行.
NOTIC: [8] Undefined offset: 4 /superdata/kimi/uniqlo/System/Runtime/Cache/3b0b8182b75ad441e0f2fb2fc0c0343f.php 第 193 行.
NOTIC: [8] Undefined offset: 4 /superdata/kimi/uniqlo/System/Runtime/Cache/3b0b8182b75ad441e0f2fb2fc0c0343f.php 第 193 行.
NOTIC: [8] Undefined offset: 4 /superdata/kimi/uniqlo/System/Runtime/Cache/3b0b8182b75ad441e0f2fb2fc0c0343f.php 第 193 行.
NOTIC: [8] Undefined offset: 4 /superdata/kimi/uniqlo/System/Runtime/Cache/3b0b8182b75ad441e0f2fb2fc0c0343f.php 第 193 行.
NOTIC: [8] Undefined offset: 4 /superdata/kimi/uniqlo/System/Runtime/Cache/3b0b8182b75ad441e0f2fb2fc0c0343f.php 第 193 行.
NOTIC: [8] Undefined offset: 4 /superdata/kimi/uniqlo/System/Runtime/Cache/3b0b8182b75ad441e0f2fb2fc0c0343f.php 第 193 行.
NOTIC: [8] Undefined offset: 4 /superdata/kimi/uniqlo/System/Runtime/Cache/3b0b8182b75ad441e0f2fb2fc0c0343f.php 第 193 行.
NOTIC: [8] Undefined offset: 4 /superdata/kimi/uniqlo/System/Runtime/Cache/3b0b8182b75ad441e0f2fb2fc0c0343f.php 第 193 行.
NOTIC: [8] Undefined offset: 4 /superdata/kimi/uniqlo/System/Runtime/Cache/3b0b8182b75ad441e0f2fb2fc0c0343f.php 第 193 行.
NOTIC: [8] Undefined offset: 4 /superdata/kimi/uniqlo/System/Runtime/Cache/3b0b8182b75ad441e0f2fb2fc0c0343f.php 第 193 行.
NOTIC: [8] Undefined offset: 4 /superdata/kimi/uniqlo/System/Runtime/Cache/3b0b8182b75ad441e0f2fb2fc0c0343f.php 第 193 行.
NOTIC: [8] Undefined offset: 4 /superdata/kimi/uniqlo/System/Runtime/Cache/3b0b8182b75ad441e0f2fb2fc0c0343f.php 第 193 行.
NOTIC: [8] Undefined offset: 4 /superdata/kimi/uniqlo/System/Runtime/Cache/3b0b8182b75ad441e0f2fb2fc0c0343f.php 第 193 行.
NOTIC: [8] Undefined offset: 4 /superdata/kimi/uniqlo/System/Runtime/Cache/3b0b8182b75ad441e0f2fb2fc0c0343f.php 第 193 行.
NOTIC: [8] Undefined offset: 4 /superdata/kimi/uniqlo/System/Runtime/Cache/3b0b8182b75ad441e0f2fb2fc0c0343f.php 第 193 行.
NOTIC: [8] Undefined offset: 4 /superdata/kimi/uniqlo/System/Runtime/Cache/3b0b8182b75ad441e0f2fb2fc0c0343f.php 第 193 行.
NOTIC: [8] Undefined offset: 4 /superdata/kimi/uniqlo/System/Runtime/Cache/3b0b8182b75ad441e0f2fb2fc0c0343f.php 第 193 行.
NOTIC: [8] Undefined offset: 4 /superdata/kimi/uniqlo/System/Runtime/Cache/3b0b8182b75ad441e0f2fb2fc0c0343f.php 第 193 行.
NOTIC: [8] Undefined offset: 4 /superdata/kimi/uniqlo/System/Runtime/Cache/3b0b8182b75ad441e0f2fb2fc0c0343f.php 第 193 行.
NOTIC: [8] Undefined offset: 4 /superdata/kimi/uniqlo/System/Runtime/Cache/3b0b8182b75ad441e0f2fb2fc0c0343f.php 第 193 行.
NOTIC: [8] Undefined offset: 4 /superdata/kimi/uniqlo/System/Runtime/Cache/3b0b8182b75ad441e0f2fb2fc0c0343f.php 第 193 行.
NOTIC: [8] Undefined offset: 4 /superdata/kimi/uniqlo/System/Runtime/Cache/3b0b8182b75ad441e0f2fb2fc0c0343f.php 第 193 行.
NOTIC: [8] Undefined offset: 4 /superdata/kimi/uniqlo/System/Runtime/Cache/3b0b8182b75ad441e0f2fb2fc0c0343f.php 第 193 行.
NOTIC: [8] Undefined offset: 4 /superdata/kimi/uniqlo/System/Runtime/Cache/3b0b8182b75ad441e0f2fb2fc0c0343f.php 第 193 行.
NOTIC: [8] Undefined offset: 4 /superdata/kimi/uniqlo/System/Runtime/Cache/3b0b8182b75ad441e0f2fb2fc0c0343f.php 第 193 行.
NOTIC: [8] Undefined offset: 4 /superdata/kimi/uniqlo/System/Runtime/Cache/3b0b8182b75ad441e0f2fb2fc0c0343f.php 第 193 行.
NOTIC: [8] Undefined offset: 4 /superdata/kimi/uniqlo/System/Runtime/Cache/3b0b8182b75ad441e0f2fb2fc0c0343f.php 第 193 行.
NOTIC: [8] Undefined offset: 4 /superdata/kimi/uniqlo/System/Runtime/Cache/3b0b8182b75ad441e0f2fb2fc0c0343f.php 第 193 行.
NOTIC: [8] Undefined offset: 4 /superdata/kimi/uniqlo/System/Runtime/Cache/3b0b8182b75ad441e0f2fb2fc0c0343f.php 第 193 行.
NOTIC: [8] Undefined offset: 4 /superdata/kimi/uniqlo/System/Runtime/Cache/3b0b8182b75ad441e0f2fb2fc0c0343f.php 第 193 行.
NOTIC: [8] Undefined offset: 4 /superdata/kimi/uniqlo/System/Runtime/Cache/3b0b8182b75ad441e0f2fb2fc0c0343f.php 第 193 行.
NOTIC: [8] Undefined offset: 4 /superdata/kimi/uniqlo/System/Runtime/Cache/3b0b8182b75ad441e0f2fb2fc0c0343f.php 第 193 行.
NOTIC: [8] Undefined offset: 4 /superdata/kimi/uniqlo/System/Runtime/Cache/3b0b8182b75ad441e0f2fb2fc0c0343f.php 第 193 行.
NOTIC: [8] Undefined offset: 4 /superdata/kimi/uniqlo/System/Runtime/Cache/3b0b8182b75ad441e0f2fb2fc0c0343f.php 第 193 行.
NOTIC: [8] Undefined offset: 4 /superdata/kimi/uniqlo/System/Runtime/Cache/3b0b8182b75ad441e0f2fb2fc0c0343f.php 第 193 行.
NOTIC: [8] Undefined offset: 4 /superdata/kimi/uniqlo/System/Runtime/Cache/3b0b8182b75ad441e0f2fb2fc0c0343f.php 第 193 行.
NOTIC: [8] Undefined offset: 4 /superdata/kimi/uniqlo/System/Runtime/Cache/3b0b8182b75ad441e0f2fb2fc0c0343f.php 第 193 行.
NOTIC: [8] Undefined offset: 4 /superdata/kimi/uniqlo/System/Runtime/Cache/3b0b8182b75ad441e0f2fb2fc0c0343f.php 第 193 行.
NOTIC: [8] Undefined offset: 4 /superdata/kimi/uniqlo/System/Runtime/Cache/3b0b8182b75ad441e0f2fb2fc0c0343f.php 第 193 行.
NOTIC: [8] Undefined offset: 4 /superdata/kimi/uniqlo/System/Runtime/Cache/3b0b8182b75ad441e0f2fb2fc0c0343f.php 第 193 行.
NOTIC: [8] Undefined offset: 4 /superdata/kimi/uniqlo/System/Runtime/Cache/3b0b8182b75ad441e0f2fb2fc0c0343f.php 第 193 行.
NOTIC: [8] Undefined offset: 4 /superdata/kimi/uniqlo/System/Runtime/Cache/3b0b8182b75ad441e0f2fb2fc0c0343f.php 第 193 行.
NOTIC: [8] Undefined offset: 4 /superdata/kimi/uniqlo/System/Runtime/Cache/3b0b8182b75ad441e0f2fb2fc0c0343f.php 第 193 行.
NOTIC: [8] Undefined offset: 4 /superdata/kimi/uniqlo/System/Runtime/Cache/3b0b8182b75ad441e0f2fb2fc0c0343f.php 第 193 行.
NOTIC: [8] Undefined offset: 4 /superdata/kimi/uniqlo/System/Runtime/Cache/3b0b8182b75ad441e0f2fb2fc0c0343f.php 第 193 行.
NOTIC: [8] Undefined offset: 4 /superdata/kimi/uniqlo/System/Runtime/Cache/3b0b8182b75ad441e0f2fb2fc0c0343f.php 第 193 行.
NOTIC: [8] Undefined offset: 4 /superdata/kimi/uniqlo/System/Runtime/Cache/3b0b8182b75ad441e0f2fb2fc0c0343f.php 第 193 行.
NOTIC: [8] Undefined offset: 4 /superdata/kimi/uniqlo/System/Runtime/Cache/3b0b8182b75ad441e0f2fb2fc0c0343f.php 第 193 行.
NOTIC: [8] Undefined offset: 4 /superdata/kimi/uniqlo/System/Runtime/Cache/3b0b8182b75ad441e0f2fb2fc0c0343f.php 第 200 行.
NOTIC: [8] Undefined offset: 4 /superdata/kimi/uniqlo/System/Runtime/Cache/3b0b8182b75ad441e0f2fb2fc0c0343f.php 第 200 行.
NOTIC: [8] Undefined offset: 4 /superdata/kimi/uniqlo/System/Runtime/Cache/3b0b8182b75ad441e0f2fb2fc0c0343f.php 第 200 行.
NOTIC: [8] Undefined offset: 4 /superdata/kimi/uniqlo/System/Runtime/Cache/3b0b8182b75ad441e0f2fb2fc0c0343f.php 第 200 行.
NOTIC: [8] Undefined offset: 4 /superdata/kimi/uniqlo/System/Runtime/Cache/3b0b8182b75ad441e0f2fb2fc0c0343f.php 第 200 行.
NOTIC: [8] Undefined offset: 4 /superdata/kimi/uniqlo/System/Runtime/Cache/3b0b8182b75ad441e0f2fb2fc0c0343f.php 第 200 行.
NOTIC: [8] Undefined offset: 4 /superdata/kimi/uniqlo/System/Runtime/Cache/3b0b8182b75ad441e0f2fb2fc0c0343f.php 第 200 行.
NOTIC: [8] Undefined offset: 4 /superdata/kimi/uniqlo/System/Runtime/Cache/3b0b8182b75ad441e0f2fb2fc0c0343f.php 第 200 行.
NOTIC: [8] Undefined offset: 4 /superdata/kimi/uniqlo/System/Runtime/Cache/3b0b8182b75ad441e0f2fb2fc0c0343f.php 第 200 行.
NOTIC: [8] Undefined offset: 4 /superdata/kimi/uniqlo/System/Runtime/Cache/3b0b8182b75ad441e0f2fb2fc0c0343f.php 第 200 行.
NOTIC: [8] Undefined offset: 4 /superdata/kimi/uniqlo/System/Runtime/Cache/3b0b8182b75ad441e0f2fb2fc0c0343f.php 第 200 行.
NOTIC: [8] Undefined offset: 4 /superdata/kimi/uniqlo/System/Runtime/Cache/3b0b8182b75ad441e0f2fb2fc0c0343f.php 第 200 行.
NOTIC: [8] Undefined offset: 4 /superdata/kimi/uniqlo/System/Runtime/Cache/3b0b8182b75ad441e0f2fb2fc0c0343f.php 第 200 行.
NOTIC: [8] Undefined offset: 4 /superdata/kimi/uniqlo/System/Runtime/Cache/3b0b8182b75ad441e0f2fb2fc0c0343f.php 第 200 行.
NOTIC: [8] Undefined offset: 4 /superdata/kimi/uniqlo/System/Runtime/Cache/3b0b8182b75ad441e0f2fb2fc0c0343f.php 第 200 行.
NOTIC: [8] Undefined offset: 4 /superdata/kimi/uniqlo/System/Runtime/Cache/3b0b8182b75ad441e0f2fb2fc0c0343f.php 第 200 行.
NOTIC: [8] Undefined offset: 4 /superdata/kimi/uniqlo/System/Runtime/Cache/3b0b8182b75ad441e0f2fb2fc0c0343f.php 第 200 行.
NOTIC: [8] Undefined offset: 4 /superdata/kimi/uniqlo/System/Runtime/Cache/3b0b8182b75ad441e0f2fb2fc0c0343f.php 第 200 行.
NOTIC: [8] Undefined offset: 4 /superdata/kimi/uniqlo/System/Runtime/Cache/3b0b8182b75ad441e0f2fb2fc0c0343f.php 第 200 行.
NOTIC: [8] Undefined offset: 4 /superdata/kimi/uniqlo/System/Runtime/Cache/3b0b8182b75ad441e0f2fb2fc0c0343f.php 第 200 行.
NOTIC: [8] Undefined offset: 4 /superdata/kimi/uniqlo/System/Runtime/Cache/3b0b8182b75ad441e0f2fb2fc0c0343f.php 第 200 行.
NOTIC: [8] Undefined offset: 4 /superdata/kimi/uniqlo/System/Runtime/Cache/3b0b8182b75ad441e0f2fb2fc0c0343f.php 第 200 行.
NOTIC: [8] Undefined offset: 4 /superdata/kimi/uniqlo/System/Runtime/Cache/3b0b8182b75ad441e0f2fb2fc0c0343f.php 第 200 行.
NOTIC: [8] Undefined offset: 4 /superdata/kimi/uniqlo/System/Runtime/Cache/3b0b8182b75ad441e0f2fb2fc0c0343f.php 第 200 行.
NOTIC: [8] Undefined offset: 4 /superdata/kimi/uniqlo/System/Runtime/Cache/3b0b8182b75ad441e0f2fb2fc0c0343f.php 第 200 行.
NOTIC: [8] Undefined offset: 4 /superdata/kimi/uniqlo/System/Runtime/Cache/3b0b8182b75ad441e0f2fb2fc0c0343f.php 第 200 行.
NOTIC: [8] Undefined offset: 4 /superdata/kimi/uniqlo/System/Runtime/Cache/3b0b8182b75ad441e0f2fb2fc0c0343f.php 第 200 行.
NOTIC: [8] Undefined offset: 4 /superdata/kimi/uniqlo/System/Runtime/Cache/3b0b8182b75ad441e0f2fb2fc0c0343f.php 第 200 行.
NOTIC: [8] Undefined offset: 4 /superdata/kimi/uniqlo/System/Runtime/Cache/3b0b8182b75ad441e0f2fb2fc0c0343f.php 第 200 行.
NOTIC: [8] Undefined offset: 4 /superdata/kimi/uniqlo/System/Runtime/Cache/3b0b8182b75ad441e0f2fb2fc0c0343f.php 第 200 行.
NOTIC: [8] Undefined offset: 4 /superdata/kimi/uniqlo/System/Runtime/Cache/3b0b8182b75ad441e0f2fb2fc0c0343f.php 第 200 行.
NOTIC: [8] Undefined offset: 4 /superdata/kimi/uniqlo/System/Runtime/Cache/3b0b8182b75ad441e0f2fb2fc0c0343f.php 第 200 行.
NOTIC: [8] Undefined offset: 4 /superdata/kimi/uniqlo/System/Runtime/Cache/3b0b8182b75ad441e0f2fb2fc0c0343f.php 第 200 行.
NOTIC: [8] Undefined offset: 4 /superdata/kimi/uniqlo/System/Runtime/Cache/3b0b8182b75ad441e0f2fb2fc0c0343f.php 第 200 行.
NOTIC: [8] Undefined offset: 4 /superdata/kimi/uniqlo/System/Runtime/Cache/3b0b8182b75ad441e0f2fb2fc0c0343f.php 第 200 行.
NOTIC: [8] Undefined offset: 4 /superdata/kimi/uniqlo/System/Runtime/Cache/3b0b8182b75ad441e0f2fb2fc0c0343f.php 第 200 行.
NOTIC: [8] Undefined offset: 4 /superdata/kimi/uniqlo/System/Runtime/Cache/3b0b8182b75ad441e0f2fb2fc0c0343f.php 第 200 行.
NOTIC: [8] Undefined offset: 4 /superdata/kimi/uniqlo/System/Runtime/Cache/3b0b8182b75ad441e0f2fb2fc0c0343f.php 第 200 行.
NOTIC: [8] Undefined offset: 4 /superdata/kimi/uniqlo/System/Runtime/Cache/3b0b8182b75ad441e0f2fb2fc0c0343f.php 第 200 行.
NOTIC: [8] Undefined offset: 4 /superdata/kimi/uniqlo/System/Runtime/Cache/3b0b8182b75ad441e0f2fb2fc0c0343f.php 第 200 行.
NOTIC: [8] Undefined offset: 4 /superdata/kimi/uniqlo/System/Runtime/Cache/3b0b8182b75ad441e0f2fb2fc0c0343f.php 第 200 行.
NOTIC: [8] Undefined offset: 4 /superdata/kimi/uniqlo/System/Runtime/Cache/3b0b8182b75ad441e0f2fb2fc0c0343f.php 第 200 行.
NOTIC: [8] Undefined offset: 4 /superdata/kimi/uniqlo/System/Runtime/Cache/3b0b8182b75ad441e0f2fb2fc0c0343f.php 第 200 行.
NOTIC: [8] Undefined offset: 4 /superdata/kimi/uniqlo/System/Runtime/Cache/3b0b8182b75ad441e0f2fb2fc0c0343f.php 第 200 行.
NOTIC: [8] Undefined offset: 4 /superdata/kimi/uniqlo/System/Runtime/Cache/3b0b8182b75ad441e0f2fb2fc0c0343f.php 第 200 行.
NOTIC: [8] Undefined offset: 4 /superdata/kimi/uniqlo/System/Runtime/Cache/3b0b8182b75ad441e0f2fb2fc0c0343f.php 第 200 行.
NOTIC: [8] Undefined offset: 4 /superdata/kimi/uniqlo/System/Runtime/Cache/3b0b8182b75ad441e0f2fb2fc0c0343f.php 第 200 行.
NOTIC: [8] Undefined offset: 4 /superdata/kimi/uniqlo/System/Runtime/Cache/3b0b8182b75ad441e0f2fb2fc0c0343f.php 第 200 行.
NOTIC: [8] Undefined offset: 4 /superdata/kimi/uniqlo/System/Runtime/Cache/3b0b8182b75ad441e0f2fb2fc0c0343f.php 第 200 行.
NOTIC: [8] Undefined offset: 4 /superdata/kimi/uniqlo/System/Runtime/Cache/3b0b8182b75ad441e0f2fb2fc0c0343f.php 第 200 行.
NOTIC: [8] Undefined offset: 4 /superdata/kimi/uniqlo/System/Runtime/Cache/3b0b8182b75ad441e0f2fb2fc0c0343f.php 第 200 行.
NOTIC: [8] Undefined offset: 5 /superdata/kimi/uniqlo/System/Runtime/Cache/3b0b8182b75ad441e0f2fb2fc0c0343f.php 第 208 行.
NOTIC: [8] Undefined offset: 5 /superdata/kimi/uniqlo/System/Runtime/Cache/3b0b8182b75ad441e0f2fb2fc0c0343f.php 第 215 行.
NOTIC: [8] Undefined offset: 5 /superdata/kimi/uniqlo/System/Runtime/Cache/3b0b8182b75ad441e0f2fb2fc0c0343f.php 第 215 行.
NOTIC: [8] Undefined offset: 5 /superdata/kimi/uniqlo/System/Runtime/Cache/3b0b8182b75ad441e0f2fb2fc0c0343f.php 第 215 行.
NOTIC: [8] Undefined offset: 5 /superdata/kimi/uniqlo/System/Runtime/Cache/3b0b8182b75ad441e0f2fb2fc0c0343f.php 第 215 行.
NOTIC: [8] Undefined offset: 5 /superdata/kimi/uniqlo/System/Runtime/Cache/3b0b8182b75ad441e0f2fb2fc0c0343f.php 第 215 行.
NOTIC: [8] Undefined offset: 5 /superdata/kimi/uniqlo/System/Runtime/Cache/3b0b8182b75ad441e0f2fb2fc0c0343f.php 第 215 行.
NOTIC: [8] Undefined offset: 5 /superdata/kimi/uniqlo/System/Runtime/Cache/3b0b8182b75ad441e0f2fb2fc0c0343f.php 第 215 行.
NOTIC: [8] Undefined offset: 5 /superdata/kimi/uniqlo/System/Runtime/Cache/3b0b8182b75ad441e0f2fb2fc0c0343f.php 第 215 行.
NOTIC: [8] Undefined offset: 5 /superdata/kimi/uniqlo/System/Runtime/Cache/3b0b8182b75ad441e0f2fb2fc0c0343f.php 第 222 行.
NOTIC: [8] Undefined offset: 5 /superdata/kimi/uniqlo/System/Runtime/Cache/3b0b8182b75ad441e0f2fb2fc0c0343f.php 第 222 行.
NOTIC: [8] Undefined offset: 5 /superdata/kimi/uniqlo/System/Runtime/Cache/3b0b8182b75ad441e0f2fb2fc0c0343f.php 第 222 行.
NOTIC: [8] Undefined offset: 5 /superdata/kimi/uniqlo/System/Runtime/Cache/3b0b8182b75ad441e0f2fb2fc0c0343f.php 第 222 行.
NOTIC: [8] Undefined offset: 5 /superdata/kimi/uniqlo/System/Runtime/Cache/3b0b8182b75ad441e0f2fb2fc0c0343f.php 第 222 行.
NOTIC: [8] Undefined offset: 5 /superdata/kimi/uniqlo/System/Runtime/Cache/3b0b8182b75ad441e0f2fb2fc0c0343f.php 第 222 行.
NOTIC: [8] Undefined offset: 5 /superdata/kimi/uniqlo/System/Runtime/Cache/3b0b8182b75ad441e0f2fb2fc0c0343f.php 第 222 行.
NOTIC: [8] Undefined offset: 5 /superdata/kimi/uniqlo/System/Runtime/Cache/3b0b8182b75ad441e0f2fb2fc0c0343f.php 第 222 行.
NOTIC: [8] Undefined offset: 5 /superdata/kimi/uniqlo/System/Runtime/Cache/3b0b8182b75ad441e0f2fb2fc0c0343f.php 第 222 行.
NOTIC: [8] Undefined offset: 5 /superdata/kimi/uniqlo/System/Runtime/Cache/3b0b8182b75ad441e0f2fb2fc0c0343f.php 第 222 行.
NOTIC: [8] Undefined offset: 5 /superdata/kimi/uniqlo/System/Runtime/Cache/3b0b8182b75ad441e0f2fb2fc0c0343f.php 第 222 行.
NOTIC: [8] Undefined offset: 5 /superdata/kimi/uniqlo/System/Runtime/Cache/3b0b8182b75ad441e0f2fb2fc0c0343f.php 第 222 行.
NOTIC: [8] Undefined offset: 5 /superdata/kimi/uniqlo/System/Runtime/Cache/3b0b8182b75ad441e0f2fb2fc0c0343f.php 第 222 行.
NOTIC: [8] Undefined offset: 5 /superdata/kimi/uniqlo/System/Runtime/Cache/3b0b8182b75ad441e0f2fb2fc0c0343f.php 第 222 行.
NOTIC: [8] Undefined offset: 5 /superdata/kimi/uniqlo/System/Runtime/Cache/3b0b8182b75ad441e0f2fb2fc0c0343f.php 第 222 行.
NOTIC: [8] Undefined offset: 5 /superdata/kimi/uniqlo/System/Runtime/Cache/3b0b8182b75ad441e0f2fb2fc0c0343f.php 第 222 行.
NOTIC: [8] Undefined offset: 5 /superdata/kimi/uniqlo/System/Runtime/Cache/3b0b8182b75ad441e0f2fb2fc0c0343f.php 第 222 行.
NOTIC: [8] Undefined offset: 5 /superdata/kimi/uniqlo/System/Runtime/Cache/3b0b8182b75ad441e0f2fb2fc0c0343f.php 第 222 行.
NOTIC: [8] Undefined offset: 5 /superdata/kimi/uniqlo/System/Runtime/Cache/3b0b8182b75ad441e0f2fb2fc0c0343f.php 第 222 行.
NOTIC: [8] Undefined offset: 5 /superdata/kimi/uniqlo/System/Runtime/Cache/3b0b8182b75ad441e0f2fb2fc0c0343f.php 第 222 行.
NOTIC: [8] Undefined offset: 5 /superdata/kimi/uniqlo/System/Runtime/Cache/3b0b8182b75ad441e0f2fb2fc0c0343f.php 第 222 行.
NOTIC: [8] Undefined offset: 5 /superdata/kimi/uniqlo/System/Runtime/Cache/3b0b8182b75ad441e0f2fb2fc0c0343f.php 第 222 行.
NOTIC: [8] Undefined offset: 5 /superdata/kimi/uniqlo/System/Runtime/Cache/3b0b8182b75ad441e0f2fb2fc0c0343f.php 第 222 行.
NOTIC: [8] Undefined offset: 5 /superdata/kimi/uniqlo/System/Runtime/Cache/3b0b8182b75ad441e0f2fb2fc0c0343f.php 第 222 行.
NOTIC: [8] Undefined offset: 5 /superdata/kimi/uniqlo/System/Runtime/Cache/3b0b8182b75ad441e0f2fb2fc0c0343f.php 第 222 行.
NOTIC: [8] Undefined offset: 5 /superdata/kimi/uniqlo/System/Runtime/Cache/3b0b8182b75ad441e0f2fb2fc0c0343f.php 第 222 行.
NOTIC: [8] Undefined offset: 5 /superdata/kimi/uniqlo/System/Runtime/Cache/3b0b8182b75ad441e0f2fb2fc0c0343f.php 第 222 行.
NOTIC: [8] Undefined offset: 5 /superdata/kimi/uniqlo/System/Runtime/Cache/3b0b8182b75ad441e0f2fb2fc0c0343f.php 第 222 行.
NOTIC: [8] Undefined offset: 5 /superdata/kimi/uniqlo/System/Runtime/Cache/3b0b8182b75ad441e0f2fb2fc0c0343f.php 第 222 行.
NOTIC: [8] Undefined offset: 5 /superdata/kimi/uniqlo/System/Runtime/Cache/3b0b8182b75ad441e0f2fb2fc0c0343f.php 第 222 行.
NOTIC: [8] Undefined offset: 5 /superdata/kimi/uniqlo/System/Runtime/Cache/3b0b8182b75ad441e0f2fb2fc0c0343f.php 第 222 行.
NOTIC: [8] Undefined offset: 5 /superdata/kimi/uniqlo/System/Runtime/Cache/3b0b8182b75ad441e0f2fb2fc0c0343f.php 第 222 行.
NOTIC: [8] Undefined offset: 5 /superdata/kimi/uniqlo/System/Runtime/Cache/3b0b8182b75ad441e0f2fb2fc0c0343f.php 第 222 行.
NOTIC: [8] Undefined offset: 5 /superdata/kimi/uniqlo/System/Runtime/Cache/3b0b8182b75ad441e0f2fb2fc0c0343f.php 第 222 行.
NOTIC: [8] Undefined offset: 5 /superdata/kimi/uniqlo/System/Runtime/Cache/3b0b8182b75ad441e0f2fb2fc0c0343f.php 第 222 行.
NOTIC: [8] Undefined offset: 5 /superdata/kimi/uniqlo/System/Runtime/Cache/3b0b8182b75ad441e0f2fb2fc0c0343f.php 第 222 行.
NOTIC: [8] Undefined offset: 5 /superdata/kimi/uniqlo/System/Runtime/Cache/3b0b8182b75ad441e0f2fb2fc0c0343f.php 第 222 行.
NOTIC: [8] Undefined offset: 5 /superdata/kimi/uniqlo/System/Runtime/Cache/3b0b8182b75ad441e0f2fb2fc0c0343f.php 第 222 行.
NOTIC: [8] Undefined offset: 5 /superdata/kimi/uniqlo/System/Runtime/Cache/3b0b8182b75ad441e0f2fb2fc0c0343f.php 第 222 行.
NOTIC: [8] Undefined offset: 5 /superdata/kimi/uniqlo/System/Runtime/Cache/3b0b8182b75ad441e0f2fb2fc0c0343f.php 第 222 行.
NOTIC: [8] Undefined offset: 5 /superdata/kimi/uniqlo/System/Runtime/Cache/3b0b8182b75ad441e0f2fb2fc0c0343f.php 第 222 行.
NOTIC: [8] Undefined offset: 5 /superdata/kimi/uniqlo/System/Runtime/Cache/3b0b8182b75ad441e0f2fb2fc0c0343f.php 第 222 行.
NOTIC: [8] Undefined offset: 5 /superdata/kimi/uniqlo/System/Runtime/Cache/3b0b8182b75ad441e0f2fb2fc0c0343f.php 第 222 行.
NOTIC: [8] Undefined offset: 5 /superdata/kimi/uniqlo/System/Runtime/Cache/3b0b8182b75ad441e0f2fb2fc0c0343f.php 第 222 行.
NOTIC: [8] Undefined offset: 5 /superdata/kimi/uniqlo/System/Runtime/Cache/3b0b8182b75ad441e0f2fb2fc0c0343f.php 第 222 行.
NOTIC: [8] Undefined offset: 5 /superdata/kimi/uniqlo/System/Runtime/Cache/3b0b8182b75ad441e0f2fb2fc0c0343f.php 第 222 行.
NOTIC: [8] Undefined offset: 5 /superdata/kimi/uniqlo/System/Runtime/Cache/3b0b8182b75ad441e0f2fb2fc0c0343f.php 第 222 行.
NOTIC: [8] Undefined offset: 5 /superdata/kimi/uniqlo/System/Runtime/Cache/3b0b8182b75ad441e0f2fb2fc0c0343f.php 第 222 行.
NOTIC: [8] Undefined offset: 5 /superdata/kimi/uniqlo/System/Runtime/Cache/3b0b8182b75ad441e0f2fb2fc0c0343f.php 第 222 行.
NOTIC: [8] Undefined offset: 5 /superdata/kimi/uniqlo/System/Runtime/Cache/3b0b8182b75ad441e0f2fb2fc0c0343f.php 第 222 行.
NOTIC: [8] Undefined offset: 5 /superdata/kimi/uniqlo/System/Runtime/Cache/3b0b8182b75ad441e0f2fb2fc0c0343f.php 第 222 行.
NOTIC: [8] Undefined offset: 5 /superdata/kimi/uniqlo/System/Runtime/Cache/3b0b8182b75ad441e0f2fb2fc0c0343f.php 第 229 行.
NOTIC: [8] Undefined offset: 5 /superdata/kimi/uniqlo/System/Runtime/Cache/3b0b8182b75ad441e0f2fb2fc0c0343f.php 第 229 行.
NOTIC: [8] Undefined offset: 5 /superdata/kimi/uniqlo/System/Runtime/Cache/3b0b8182b75ad441e0f2fb2fc0c0343f.php 第 229 行.
NOTIC: [8] Undefined offset: 5 /superdata/kimi/uniqlo/System/Runtime/Cache/3b0b8182b75ad441e0f2fb2fc0c0343f.php 第 229 行.
NOTIC: [8] Undefined offset: 5 /superdata/kimi/uniqlo/System/Runtime/Cache/3b0b8182b75ad441e0f2fb2fc0c0343f.php 第 229 行.
NOTIC: [8] Undefined offset: 5 /superdata/kimi/uniqlo/System/Runtime/Cache/3b0b8182b75ad441e0f2fb2fc0c0343f.php 第 229 行.
NOTIC: [8] Undefined offset: 5 /superdata/kimi/uniqlo/System/Runtime/Cache/3b0b8182b75ad441e0f2fb2fc0c0343f.php 第 229 行.
NOTIC: [8] Undefined offset: 5 /superdata/kimi/uniqlo/System/Runtime/Cache/3b0b8182b75ad441e0f2fb2fc0c0343f.php 第 229 行.
NOTIC: [8] Undefined offset: 5 /superdata/kimi/uniqlo/System/Runtime/Cache/3b0b8182b75ad441e0f2fb2fc0c0343f.php 第 229 行.
NOTIC: [8] Undefined offset: 5 /superdata/kimi/uniqlo/System/Runtime/Cache/3b0b8182b75ad441e0f2fb2fc0c0343f.php 第 229 行.
NOTIC: [8] Undefined offset: 5 /superdata/kimi/uniqlo/System/Runtime/Cache/3b0b8182b75ad441e0f2fb2fc0c0343f.php 第 229 行.
NOTIC: [8] Undefined offset: 5 /superdata/kimi/uniqlo/System/Runtime/Cache/3b0b8182b75ad441e0f2fb2fc0c0343f.php 第 229 行.
NOTIC: [8] Undefined offset: 5 /superdata/kimi/uniqlo/System/Runtime/Cache/3b0b8182b75ad441e0f2fb2fc0c0343f.php 第 229 行.
NOTIC: [8] Undefined offset: 5 /superdata/kimi/uniqlo/System/Runtime/Cache/3b0b8182b75ad441e0f2fb2fc0c0343f.php 第 229 行.
NOTIC: [8] Undefined offset: 5 /superdata/kimi/uniqlo/System/Runtime/Cache/3b0b8182b75ad441e0f2fb2fc0c0343f.php 第 229 行.
NOTIC: [8] Undefined offset: 5 /superdata/kimi/uniqlo/System/Runtime/Cache/3b0b8182b75ad441e0f2fb2fc0c0343f.php 第 229 行.
NOTIC: [8] Undefined offset: 5 /superdata/kimi/uniqlo/System/Runtime/Cache/3b0b8182b75ad441e0f2fb2fc0c0343f.php 第 229 行.
NOTIC: [8] Undefined offset: 5 /superdata/kimi/uniqlo/System/Runtime/Cache/3b0b8182b75ad441e0f2fb2fc0c0343f.php 第 229 行.
NOTIC: [8] Undefined offset: 5 /superdata/kimi/uniqlo/System/Runtime/Cache/3b0b8182b75ad441e0f2fb2fc0c0343f.php 第 229 行.
NOTIC: [8] Undefined offset: 5 /superdata/kimi/uniqlo/System/Runtime/Cache/3b0b8182b75ad441e0f2fb2fc0c0343f.php 第 229 行.
NOTIC: [8] Undefined offset: 5 /superdata/kimi/uniqlo/System/Runtime/Cache/3b0b8182b75ad441e0f2fb2fc0c0343f.php 第 229 行.
NOTIC: [8] Undefined offset: 5 /superdata/kimi/uniqlo/System/Runtime/Cache/3b0b8182b75ad441e0f2fb2fc0c0343f.php 第 229 行.
NOTIC: [8] Undefined offset: 5 /superdata/kimi/uniqlo/System/Runtime/Cache/3b0b8182b75ad441e0f2fb2fc0c0343f.php 第 229 行.
NOTIC: [8] Undefined offset: 5 /superdata/kimi/uniqlo/System/Runtime/Cache/3b0b8182b75ad441e0f2fb2fc0c0343f.php 第 229 行.
NOTIC: [8] Undefined offset: 5 /superdata/kimi/uniqlo/System/Runtime/Cache/3b0b8182b75ad441e0f2fb2fc0c0343f.php 第 229 行.
NOTIC: [8] Undefined offset: 5 /superdata/kimi/uniqlo/System/Runtime/Cache/3b0b8182b75ad441e0f2fb2fc0c0343f.php 第 229 行.
NOTIC: [8] Undefined offset: 5 /superdata/kimi/uniqlo/System/Runtime/Cache/3b0b8182b75ad441e0f2fb2fc0c0343f.php 第 229 行.
NOTIC: [8] Undefined offset: 5 /superdata/kimi/uniqlo/System/Runtime/Cache/3b0b8182b75ad441e0f2fb2fc0c0343f.php 第 229 行.
NOTIC: [8] Undefined offset: 5 /superdata/kimi/uniqlo/System/Runtime/Cache/3b0b8182b75ad441e0f2fb2fc0c0343f.php 第 229 行.
NOTIC: [8] Undefined offset: 5 /superdata/kimi/uniqlo/System/Runtime/Cache/3b0b8182b75ad441e0f2fb2fc0c0343f.php 第 229 行.
NOTIC: [8] Undefined offset: 5 /superdata/kimi/uniqlo/System/Runtime/Cache/3b0b8182b75ad441e0f2fb2fc0c0343f.php 第 229 行.
NOTIC: [8] Undefined offset: 5 /superdata/kimi/uniqlo/System/Runtime/Cache/3b0b8182b75ad441e0f2fb2fc0c0343f.php 第 229 行.
NOTIC: [8] Undefined offset: 5 /superdata/kimi/uniqlo/System/Runtime/Cache/3b0b8182b75ad441e0f2fb2fc0c0343f.php 第 229 行.
NOTIC: [8] Undefined offset: 5 /superdata/kimi/uniqlo/System/Runtime/Cache/3b0b8182b75ad441e0f2fb2fc0c0343f.php 第 229 行.
NOTIC: [8] Undefined offset: 5 /superdata/kimi/uniqlo/System/Runtime/Cache/3b0b8182b75ad441e0f2fb2fc0c0343f.php 第 229 行.
NOTIC: [8] Undefined offset: 5 /superdata/kimi/uniqlo/System/Runtime/Cache/3b0b8182b75ad441e0f2fb2fc0c0343f.php 第 229 行.
NOTIC: [8] Undefined offset: 5 /superdata/kimi/uniqlo/System/Runtime/Cache/3b0b8182b75ad441e0f2fb2fc0c0343f.php 第 229 行.
NOTIC: [8] Undefined offset: 5 /superdata/kimi/uniqlo/System/Runtime/Cache/3b0b8182b75ad441e0f2fb2fc0c0343f.php 第 229 行.
NOTIC: [8] Undefined offset: 5 /superdata/kimi/uniqlo/System/Runtime/Cache/3b0b8182b75ad441e0f2fb2fc0c0343f.php 第 229 行.
NOTIC: [8] Undefined offset: 5 /superdata/kimi/uniqlo/System/Runtime/Cache/3b0b8182b75ad441e0f2fb2fc0c0343f.php 第 229 行.
NOTIC: [8] Undefined offset: 5 /superdata/kimi/uniqlo/System/Runtime/Cache/3b0b8182b75ad441e0f2fb2fc0c0343f.php 第 229 行.
NOTIC: [8] Undefined offset: 5 /superdata/kimi/uniqlo/System/Runtime/Cache/3b0b8182b75ad441e0f2fb2fc0c0343f.php 第 229 行.
NOTIC: [8] Undefined offset: 5 /superdata/kimi/uniqlo/System/Runtime/Cache/3b0b8182b75ad441e0f2fb2fc0c0343f.php 第 229 行.
NOTIC: [8] Undefined offset: 5 /superdata/kimi/uniqlo/System/Runtime/Cache/3b0b8182b75ad441e0f2fb2fc0c0343f.php 第 229 行.
NOTIC: [8] Undefined offset: 5 /superdata/kimi/uniqlo/System/Runtime/Cache/3b0b8182b75ad441e0f2fb2fc0c0343f.php 第 229 行.
NOTIC: [8] Undefined offset: 5 /superdata/kimi/uniqlo/System/Runtime/Cache/3b0b8182b75ad441e0f2fb2fc0c0343f.php 第 229 行.
NOTIC: [8] Undefined offset: 5 /superdata/kimi/uniqlo/System/Runtime/Cache/3b0b8182b75ad441e0f2fb2fc0c0343f.php 第 229 行.
NOTIC: [8] Undefined offset: 5 /superdata/kimi/uniqlo/System/Runtime/Cache/3b0b8182b75ad441e0f2fb2fc0c0343f.php 第 229 行.
NOTIC: [8] Undefined offset: 5 /superdata/kimi/uniqlo/System/Runtime/Cache/3b0b8182b75ad441e0f2fb2fc0c0343f.php 第 229 行.
NOTIC: [8] Undefined offset: 5 /superdata/kimi/uniqlo/System/Runtime/Cache/3b0b8182b75ad441e0f2fb2fc0c0343f.php 第 229 行.
NOTIC: [8] Undefined offset: 5 /superdata/kimi/uniqlo/System/Runtime/Cache/3b0b8182b75ad441e0f2fb2fc0c0343f.php 第 229 行.
NOTIC: [8] Undefined offset: 6 /superdata/kimi/uniqlo/System/Runtime/Cache/3b0b8182b75ad441e0f2fb2fc0c0343f.php 第 237 行.
NOTIC: [8] Undefined offset: 6 /superdata/kimi/uniqlo/System/Runtime/Cache/3b0b8182b75ad441e0f2fb2fc0c0343f.php 第 244 行.
NOTIC: [8] Undefined offset: 6 /superdata/kimi/uniqlo/System/Runtime/Cache/3b0b8182b75ad441e0f2fb2fc0c0343f.php 第 244 行.
NOTIC: [8] Undefined offset: 6 /superdata/kimi/uniqlo/System/Runtime/Cache/3b0b8182b75ad441e0f2fb2fc0c0343f.php 第 244 行.
NOTIC: [8] Undefined offset: 6 /superdata/kimi/uniqlo/System/Runtime/Cache/3b0b8182b75ad441e0f2fb2fc0c0343f.php 第 244 行.
NOTIC: [8] Undefined offset: 6 /superdata/kimi/uniqlo/System/Runtime/Cache/3b0b8182b75ad441e0f2fb2fc0c0343f.php 第 244 行.
NOTIC: [8] Undefined offset: 6 /superdata/kimi/uniqlo/System/Runtime/Cache/3b0b8182b75ad441e0f2fb2fc0c0343f.php 第 244 行.
NOTIC: [8] Undefined offset: 6 /superdata/kimi/uniqlo/System/Runtime/Cache/3b0b8182b75ad441e0f2fb2fc0c0343f.php 第 244 行.
NOTIC: [8] Undefined offset: 6 /superdata/kimi/uniqlo/System/Runtime/Cache/3b0b8182b75ad441e0f2fb2fc0c0343f.php 第 244 行.
NOTIC: [8] Undefined offset: 6 /superdata/kimi/uniqlo/System/Runtime/Cache/3b0b8182b75ad441e0f2fb2fc0c0343f.php 第 251 行.
NOTIC: [8] Undefined offset: 6 /superdata/kimi/uniqlo/System/Runtime/Cache/3b0b8182b75ad441e0f2fb2fc0c0343f.php 第 251 行.
NOTIC: [8] Undefined offset: 6 /superdata/kimi/uniqlo/System/Runtime/Cache/3b0b8182b75ad441e0f2fb2fc0c0343f.php 第 251 行.
NOTIC: [8] Undefined offset: 6 /superdata/kimi/uniqlo/System/Runtime/Cache/3b0b8182b75ad441e0f2fb2fc0c0343f.php 第 251 行.
NOTIC: [8] Undefined offset: 6 /superdata/kimi/uniqlo/System/Runtime/Cache/3b0b8182b75ad441e0f2fb2fc0c0343f.php 第 251 行.
NOTIC: [8] Undefined offset: 6 /superdata/kimi/uniqlo/System/Runtime/Cache/3b0b8182b75ad441e0f2fb2fc0c0343f.php 第 251 行.
NOTIC: [8] Undefined offset: 6 /superdata/kimi/uniqlo/System/Runtime/Cache/3b0b8182b75ad441e0f2fb2fc0c0343f.php 第 251 行.
NOTIC: [8] Undefined offset: 6 /superdata/kimi/uniqlo/System/Runtime/Cache/3b0b8182b75ad441e0f2fb2fc0c0343f.php 第 251 行.
NOTIC: [8] Undefined offset: 6 /superdata/kimi/uniqlo/System/Runtime/Cache/3b0b8182b75ad441e0f2fb2fc0c0343f.php 第 251 行.
NOTIC: [8] Undefined offset: 6 /superdata/kimi/uniqlo/System/Runtime/Cache/3b0b8182b75ad441e0f2fb2fc0c0343f.php 第 251 行.
NOTIC: [8] Undefined offset: 6 /superdata/kimi/uniqlo/System/Runtime/Cache/3b0b8182b75ad441e0f2fb2fc0c0343f.php 第 251 行.
NOTIC: [8] Undefined offset: 6 /superdata/kimi/uniqlo/System/Runtime/Cache/3b0b8182b75ad441e0f2fb2fc0c0343f.php 第 251 行.
NOTIC: [8] Undefined offset: 6 /superdata/kimi/uniqlo/System/Runtime/Cache/3b0b8182b75ad441e0f2fb2fc0c0343f.php 第 251 行.
NOTIC: [8] Undefined offset: 6 /superdata/kimi/uniqlo/System/Runtime/Cache/3b0b8182b75ad441e0f2fb2fc0c0343f.php 第 251 行.
NOTIC: [8] Undefined offset: 6 /superdata/kimi/uniqlo/System/Runtime/Cache/3b0b8182b75ad441e0f2fb2fc0c0343f.php 第 251 行.
NOTIC: [8] Undefined offset: 6 /superdata/kimi/uniqlo/System/Runtime/Cache/3b0b8182b75ad441e0f2fb2fc0c0343f.php 第 251 行.
NOTIC: [8] Undefined offset: 6 /superdata/kimi/uniqlo/System/Runtime/Cache/3b0b8182b75ad441e0f2fb2fc0c0343f.php 第 251 行.
NOTIC: [8] Undefined offset: 6 /superdata/kimi/uniqlo/System/Runtime/Cache/3b0b8182b75ad441e0f2fb2fc0c0343f.php 第 251 行.
NOTIC: [8] Undefined offset: 6 /superdata/kimi/uniqlo/System/Runtime/Cache/3b0b8182b75ad441e0f2fb2fc0c0343f.php 第 251 行.
NOTIC: [8] Undefined offset: 6 /superdata/kimi/uniqlo/System/Runtime/Cache/3b0b8182b75ad441e0f2fb2fc0c0343f.php 第 251 行.
NOTIC: [8] Undefined offset: 6 /superdata/kimi/uniqlo/System/Runtime/Cache/3b0b8182b75ad441e0f2fb2fc0c0343f.php 第 251 行.
NOTIC: [8] Undefined offset: 6 /superdata/kimi/uniqlo/System/Runtime/Cache/3b0b8182b75ad441e0f2fb2fc0c0343f.php 第 251 行.
NOTIC: [8] Undefined offset: 6 /superdata/kimi/uniqlo/System/Runtime/Cache/3b0b8182b75ad441e0f2fb2fc0c0343f.php 第 251 行.
NOTIC: [8] Undefined offset: 6 /superdata/kimi/uniqlo/System/Runtime/Cache/3b0b8182b75ad441e0f2fb2fc0c0343f.php 第 251 行.
NOTIC: [8] Undefined offset: 6 /superdata/kimi/uniqlo/System/Runtime/Cache/3b0b8182b75ad441e0f2fb2fc0c0343f.php 第 251 行.
NOTIC: [8] Undefined offset: 6 /superdata/kimi/uniqlo/System/Runtime/Cache/3b0b8182b75ad441e0f2fb2fc0c0343f.php 第 251 行.
NOTIC: [8] Undefined offset: 6 /superdata/kimi/uniqlo/System/Runtime/Cache/3b0b8182b75ad441e0f2fb2fc0c0343f.php 第 251 行.
NOTIC: [8] Undefined offset: 6 /superdata/kimi/uniqlo/System/Runtime/Cache/3b0b8182b75ad441e0f2fb2fc0c0343f.php 第 251 行.
NOTIC: [8] Undefined offset: 6 /superdata/kimi/uniqlo/System/Runtime/Cache/3b0b8182b75ad441e0f2fb2fc0c0343f.php 第 251 行.
NOTIC: [8] Undefined offset: 6 /superdata/kimi/uniqlo/System/Runtime/Cache/3b0b8182b75ad441e0f2fb2fc0c0343f.php 第 251 行.
NOTIC: [8] Undefined offset: 6 /superdata/kimi/uniqlo/System/Runtime/Cache/3b0b8182b75ad441e0f2fb2fc0c0343f.php 第 251 行.
NOTIC: [8] Undefined offset: 6 /superdata/kimi/uniqlo/System/Runtime/Cache/3b0b8182b75ad441e0f2fb2fc0c0343f.php 第 251 行.
NOTIC: [8] Undefined offset: 6 /superdata/kimi/uniqlo/System/Runtime/Cache/3b0b8182b75ad441e0f2fb2fc0c0343f.php 第 251 行.
NOTIC: [8] Undefined offset: 6 /superdata/kimi/uniqlo/System/Runtime/Cache/3b0b8182b75ad441e0f2fb2fc0c0343f.php 第 251 行.
NOTIC: [8] Undefined offset: 6 /superdata/kimi/uniqlo/System/Runtime/Cache/3b0b8182b75ad441e0f2fb2fc0c0343f.php 第 251 行.
NOTIC: [8] Undefined offset: 6 /superdata/kimi/uniqlo/System/Runtime/Cache/3b0b8182b75ad441e0f2fb2fc0c0343f.php 第 251 行.
NOTIC: [8] Undefined offset: 6 /superdata/kimi/uniqlo/System/Runtime/Cache/3b0b8182b75ad441e0f2fb2fc0c0343f.php 第 251 行.
NOTIC: [8] Undefined offset: 6 /superdata/kimi/uniqlo/System/Runtime/Cache/3b0b8182b75ad441e0f2fb2fc0c0343f.php 第 251 行.
NOTIC: [8] Undefined offset: 6 /superdata/kimi/uniqlo/System/Runtime/Cache/3b0b8182b75ad441e0f2fb2fc0c0343f.php 第 251 行.
NOTIC: [8] Undefined offset: 6 /superdata/kimi/uniqlo/System/Runtime/Cache/3b0b8182b75ad441e0f2fb2fc0c0343f.php 第 251 行.
NOTIC: [8] Undefined offset: 6 /superdata/kimi/uniqlo/System/Runtime/Cache/3b0b8182b75ad441e0f2fb2fc0c0343f.php 第 251 行.
NOTIC: [8] Undefined offset: 6 /superdata/kimi/uniqlo/System/Runtime/Cache/3b0b8182b75ad441e0f2fb2fc0c0343f.php 第 251 行.
NOTIC: [8] Undefined offset: 6 /superdata/kimi/uniqlo/System/Runtime/Cache/3b0b8182b75ad441e0f2fb2fc0c0343f.php 第 251 行.
NOTIC: [8] Undefined offset: 6 /superdata/kimi/uniqlo/System/Runtime/Cache/3b0b8182b75ad441e0f2fb2fc0c0343f.php 第 251 行.
NOTIC: [8] Undefined offset: 6 /superdata/kimi/uniqlo/System/Runtime/Cache/3b0b8182b75ad441e0f2fb2fc0c0343f.php 第 251 行.
NOTIC: [8] Undefined offset: 6 /superdata/kimi/uniqlo/System/Runtime/Cache/3b0b8182b75ad441e0f2fb2fc0c0343f.php 第 251 行.
NOTIC: [8] Undefined offset: 6 /superdata/kimi/uniqlo/System/Runtime/Cache/3b0b8182b75ad441e0f2fb2fc0c0343f.php 第 251 行.
NOTIC: [8] Undefined offset: 6 /superdata/kimi/uniqlo/System/Runtime/Cache/3b0b8182b75ad441e0f2fb2fc0c0343f.php 第 251 行.
NOTIC: [8] Undefined offset: 6 /superdata/kimi/uniqlo/System/Runtime/Cache/3b0b8182b75ad441e0f2fb2fc0c0343f.php 第 251 行.
NOTIC: [8] Undefined offset: 6 /superdata/kimi/uniqlo/System/Runtime/Cache/3b0b8182b75ad441e0f2fb2fc0c0343f.php 第 251 行.
NOTIC: [8] Undefined offset: 6 /superdata/kimi/uniqlo/System/Runtime/Cache/3b0b8182b75ad441e0f2fb2fc0c0343f.php 第 251 行.
NOTIC: [8] Undefined offset: 6 /superdata/kimi/uniqlo/System/Runtime/Cache/3b0b8182b75ad441e0f2fb2fc0c0343f.php 第 258 行.
NOTIC: [8] Undefined offset: 6 /superdata/kimi/uniqlo/System/Runtime/Cache/3b0b8182b75ad441e0f2fb2fc0c0343f.php 第 258 行.
NOTIC: [8] Undefined offset: 6 /superdata/kimi/uniqlo/System/Runtime/Cache/3b0b8182b75ad441e0f2fb2fc0c0343f.php 第 258 行.
NOTIC: [8] Undefined offset: 6 /superdata/kimi/uniqlo/System/Runtime/Cache/3b0b8182b75ad441e0f2fb2fc0c0343f.php 第 258 行.
NOTIC: [8] Undefined offset: 6 /superdata/kimi/uniqlo/System/Runtime/Cache/3b0b8182b75ad441e0f2fb2fc0c0343f.php 第 258 行.
NOTIC: [8] Undefined offset: 6 /superdata/kimi/uniqlo/System/Runtime/Cache/3b0b8182b75ad441e0f2fb2fc0c0343f.php 第 258 行.
NOTIC: [8] Undefined offset: 6 /superdata/kimi/uniqlo/System/Runtime/Cache/3b0b8182b75ad441e0f2fb2fc0c0343f.php 第 258 行.
NOTIC: [8] Undefined offset: 6 /superdata/kimi/uniqlo/System/Runtime/Cache/3b0b8182b75ad441e0f2fb2fc0c0343f.php 第 258 行.
NOTIC: [8] Undefined offset: 6 /superdata/kimi/uniqlo/System/Runtime/Cache/3b0b8182b75ad441e0f2fb2fc0c0343f.php 第 258 行.
NOTIC: [8] Undefined offset: 6 /superdata/kimi/uniqlo/System/Runtime/Cache/3b0b8182b75ad441e0f2fb2fc0c0343f.php 第 258 行.
NOTIC: [8] Undefined offset: 6 /superdata/kimi/uniqlo/System/Runtime/Cache/3b0b8182b75ad441e0f2fb2fc0c0343f.php 第 258 行.
NOTIC: [8] Undefined offset: 6 /superdata/kimi/uniqlo/System/Runtime/Cache/3b0b8182b75ad441e0f2fb2fc0c0343f.php 第 258 行.
NOTIC: [8] Undefined offset: 6 /superdata/kimi/uniqlo/System/Runtime/Cache/3b0b8182b75ad441e0f2fb2fc0c0343f.php 第 258 行.
NOTIC: [8] Undefined offset: 6 /superdata/kimi/uniqlo/System/Runtime/Cache/3b0b8182b75ad441e0f2fb2fc0c0343f.php 第 258 行.
NOTIC: [8] Undefined offset: 6 /superdata/kimi/uniqlo/System/Runtime/Cache/3b0b8182b75ad441e0f2fb2fc0c0343f.php 第 258 行.
NOTIC: [8] Undefined offset: 6 /superdata/kimi/uniqlo/System/Runtime/Cache/3b0b8182b75ad441e0f2fb2fc0c0343f.php 第 258 行.
NOTIC: [8] Undefined offset: 6 /superdata/kimi/uniqlo/System/Runtime/Cache/3b0b8182b75ad441e0f2fb2fc0c0343f.php 第 258 行.
NOTIC: [8] Undefined offset: 6 /superdata/kimi/uniqlo/System/Runtime/Cache/3b0b8182b75ad441e0f2fb2fc0c0343f.php 第 258 行.
NOTIC: [8] Undefined offset: 6 /superdata/kimi/uniqlo/System/Runtime/Cache/3b0b8182b75ad441e0f2fb2fc0c0343f.php 第 258 行.
NOTIC: [8] Undefined offset: 6 /superdata/kimi/uniqlo/System/Runtime/Cache/3b0b8182b75ad441e0f2fb2fc0c0343f.php 第 258 行.
NOTIC: [8] Undefined offset: 6 /superdata/kimi/uniqlo/System/Runtime/Cache/3b0b8182b75ad441e0f2fb2fc0c0343f.php 第 258 行.
NOTIC: [8] Undefined offset: 6 /superdata/kimi/uniqlo/System/Runtime/Cache/3b0b8182b75ad441e0f2fb2fc0c0343f.php 第 258 行.
NOTIC: [8] Undefined offset: 6 /superdata/kimi/uniqlo/System/Runtime/Cache/3b0b8182b75ad441e0f2fb2fc0c0343f.php 第 258 行.
NOTIC: [8] Undefined offset: 6 /superdata/kimi/uniqlo/System/Runtime/Cache/3b0b8182b75ad441e0f2fb2fc0c0343f.php 第 258 行.
NOTIC: [8] Undefined offset: 6 /superdata/kimi/uniqlo/System/Runtime/Cache/3b0b8182b75ad441e0f2fb2fc0c0343f.php 第 258 行.
NOTIC: [8] Undefined offset: 6 /superdata/kimi/uniqlo/System/Runtime/Cache/3b0b8182b75ad441e0f2fb2fc0c0343f.php 第 258 行.
NOTIC: [8] Undefined offset: 6 /superdata/kimi/uniqlo/System/Runtime/Cache/3b0b8182b75ad441e0f2fb2fc0c0343f.php 第 258 行.
NOTIC: [8] Undefined offset: 6 /superdata/kimi/uniqlo/System/Runtime/Cache/3b0b8182b75ad441e0f2fb2fc0c0343f.php 第 258 行.
NOTIC: [8] Undefined offset: 6 /superdata/kimi/uniqlo/System/Runtime/Cache/3b0b8182b75ad441e0f2fb2fc0c0343f.php 第 258 行.
NOTIC: [8] Undefined offset: 6 /superdata/kimi/uniqlo/System/Runtime/Cache/3b0b8182b75ad441e0f2fb2fc0c0343f.php 第 258 行.
NOTIC: [8] Undefined offset: 6 /superdata/kimi/uniqlo/System/Runtime/Cache/3b0b8182b75ad441e0f2fb2fc0c0343f.php 第 258 行.
NOTIC: [8] Undefined offset: 6 /superdata/kimi/uniqlo/System/Runtime/Cache/3b0b8182b75ad441e0f2fb2fc0c0343f.php 第 258 行.
NOTIC: [8] Undefined offset: 6 /superdata/kimi/uniqlo/System/Runtime/Cache/3b0b8182b75ad441e0f2fb2fc0c0343f.php 第 258 行.
NOTIC: [8] Undefined offset: 6 /superdata/kimi/uniqlo/System/Runtime/Cache/3b0b8182b75ad441e0f2fb2fc0c0343f.php 第 258 行.
NOTIC: [8] Undefined offset: 6 /superdata/kimi/uniqlo/System/Runtime/Cache/3b0b8182b75ad441e0f2fb2fc0c0343f.php 第 258 行.
NOTIC: [8] Undefined offset: 6 /superdata/kimi/uniqlo/System/Runtime/Cache/3b0b8182b75ad441e0f2fb2fc0c0343f.php 第 258 行.
NOTIC: [8] Undefined offset: 6 /superdata/kimi/uniqlo/System/Runtime/Cache/3b0b8182b75ad441e0f2fb2fc0c0343f.php 第 258 行.
NOTIC: [8] Undefined offset: 6 /superdata/kimi/uniqlo/System/Runtime/Cache/3b0b8182b75ad441e0f2fb2fc0c0343f.php 第 258 行.
NOTIC: [8] Undefined offset: 6 /superdata/kimi/uniqlo/System/Runtime/Cache/3b0b8182b75ad441e0f2fb2fc0c0343f.php 第 258 行.
NOTIC: [8] Undefined offset: 6 /superdata/kimi/uniqlo/System/Runtime/Cache/3b0b8182b75ad441e0f2fb2fc0c0343f.php 第 258 行.
NOTIC: [8] Undefined offset: 6 /superdata/kimi/uniqlo/System/Runtime/Cache/3b0b8182b75ad441e0f2fb2fc0c0343f.php 第 258 行.
NOTIC: [8] Undefined offset: 6 /superdata/kimi/uniqlo/System/Runtime/Cache/3b0b8182b75ad441e0f2fb2fc0c0343f.php 第 258 行.
NOTIC: [8] Undefined offset: 6 /superdata/kimi/uniqlo/System/Runtime/Cache/3b0b8182b75ad441e0f2fb2fc0c0343f.php 第 258 行.
NOTIC: [8] Undefined offset: 6 /superdata/kimi/uniqlo/System/Runtime/Cache/3b0b8182b75ad441e0f2fb2fc0c0343f.php 第 258 行.
NOTIC: [8] Undefined offset: 6 /superdata/kimi/uniqlo/System/Runtime/Cache/3b0b8182b75ad441e0f2fb2fc0c0343f.php 第 258 行.
NOTIC: [8] Undefined offset: 6 /superdata/kimi/uniqlo/System/Runtime/Cache/3b0b8182b75ad441e0f2fb2fc0c0343f.php 第 258 行.
NOTIC: [8] Undefined offset: 6 /superdata/kimi/uniqlo/System/Runtime/Cache/3b0b8182b75ad441e0f2fb2fc0c0343f.php 第 258 行.
NOTIC: [8] Undefined offset: 6 /superdata/kimi/uniqlo/System/Runtime/Cache/3b0b8182b75ad441e0f2fb2fc0c0343f.php 第 258 行.
NOTIC: [8] Undefined offset: 6 /superdata/kimi/uniqlo/System/Runtime/Cache/3b0b8182b75ad441e0f2fb2fc0c0343f.php 第 258 行.
NOTIC: [8] Undefined offset: 6 /superdata/kimi/uniqlo/System/Runtime/Cache/3b0b8182b75ad441e0f2fb2fc0c0343f.php 第 258 行.
NOTIC: [8] Undefined offset: 6 /superdata/kimi/uniqlo/System/Runtime/Cache/3b0b8182b75ad441e0f2fb2fc0c0343f.php 第 258 行.
NOTIC: [8] Undefined index: sel /superdata/kimi/uniqlo/System/Runtime/Cache/3b0b8182b75ad441e0f2fb2fc0c0343f.php 第 275 行.
NOTIC: [8] Undefined index: sel /superdata/kimi/uniqlo/System/Runtime/Cache/3b0b8182b75ad441e0f2fb2fc0c0343f.php 第 275 行.
NOTIC: [8] Undefined index: sel /superdata/kimi/uniqlo/System/Runtime/Cache/3b0b8182b75ad441e0f2fb2fc0c0343f.php 第 275 行.
NOTIC: [8] Undefined index: sel /superdata/kimi/uniqlo/System/Runtime/Cache/3b0b8182b75ad441e0f2fb2fc0c0343f.php 第 275 行.
NOTIC: [8] Undefined index: sel /superdata/kimi/uniqlo/System/Runtime/Cache/3b0b8182b75ad441e0f2fb2fc0c0343f.php 第 275 行.
NOTIC: [8] Undefined index: sel /superdata/kimi/uniqlo/System/Runtime/Cache/3b0b8182b75ad441e0f2fb2fc0c0343f.php 第 275 行.
NOTIC: [8] Undefined index: sel /superdata/kimi/uniqlo/System/Runtime/Cache/3b0b8182b75ad441e0f2fb2fc0c0343f.php 第 275 行.
NOTIC: [8] Undefined index: sel /superdata/kimi/uniqlo/System/Runtime/Cache/3b0b8182b75ad441e0f2fb2fc0c0343f.php 第 275 行.
NOTIC: [8] Undefined index: sel /superdata/kimi/uniqlo/System/Runtime/Cache/3b0b8182b75ad441e0f2fb2fc0c0343f.php 第 275 行.
NOTIC: [8] Undefined index: sel /superdata/kimi/uniqlo/System/Runtime/Cache/3b0b8182b75ad441e0f2fb2fc0c0343f.php 第 275 行.
NOTIC: [8] Undefined index: sel /superdata/kimi/uniqlo/System/Runtime/Cache/3b0b8182b75ad441e0f2fb2fc0c0343f.php 第 275 行.
NOTIC: [8] Undefined index: sel /superdata/kimi/uniqlo/System/Runtime/Cache/3b0b8182b75ad441e0f2fb2fc0c0343f.php 第 275 行.
NOTIC: [8] Undefined index: sel /superdata/kimi/uniqlo/System/Runtime/Cache/3b0b8182b75ad441e0f2fb2fc0c0343f.php 第 275 行.
NOTIC: [8] Undefined index: sel /superdata/kimi/uniqlo/System/Runtime/Cache/3b0b8182b75ad441e0f2fb2fc0c0343f.php 第 275 行.
NOTIC: [8] Undefined index: sel /superdata/kimi/uniqlo/System/Runtime/Cache/3b0b8182b75ad441e0f2fb2fc0c0343f.php 第 275 行.
NOTIC: [8] Undefined index: sel /superdata/kimi/uniqlo/System/Runtime/Cache/3b0b8182b75ad441e0f2fb2fc0c0343f.php 第 275 行.
NOTIC: [8] Undefined index: sel /superdata/kimi/uniqlo/System/Runtime/Cache/3b0b8182b75ad441e0f2fb2fc0c0343f.php 第 275 行.
NOTIC: [8] Undefined index: sel /superdata/kimi/uniqlo/System/Runtime/Cache/3b0b8182b75ad441e0f2fb2fc0c0343f.php 第 275 行.
NOTIC: [8] Undefined index: sel /superdata/kimi/uniqlo/System/Runtime/Cache/3b0b8182b75ad441e0f2fb2fc0c0343f.php 第 275 行.
NOTIC: [8] Undefined index: sel /superdata/kimi/uniqlo/System/Runtime/Cache/3b0b8182b75ad441e0f2fb2fc0c0343f.php 第 275 行.
NOTIC: [8] Undefined index: sel /superdata/kimi/uniqlo/System/Runtime/Cache/3b0b8182b75ad441e0f2fb2fc0c0343f.php 第 275 行.
NOTIC: [8] Undefined index: sel /superdata/kimi/uniqlo/System/Runtime/Cache/3b0b8182b75ad441e0f2fb2fc0c0343f.php 第 275 行.
NOTIC: [8] Undefined index: sel /superdata/kimi/uniqlo/System/Runtime/Cache/3b0b8182b75ad441e0f2fb2fc0c0343f.php 第 275 行.
NOTIC: [8] Undefined index: sel /superdata/kimi/uniqlo/System/Runtime/Cache/3b0b8182b75ad441e0f2fb2fc0c0343f.php 第 275 行.
NOTIC: [8] Undefined index: sel /superdata/kimi/uniqlo/System/Runtime/Cache/3b0b8182b75ad441e0f2fb2fc0c0343f.php 第 275 行.
NOTIC: [8] Undefined index: sel /superdata/kimi/uniqlo/System/Runtime/Cache/3b0b8182b75ad441e0f2fb2fc0c0343f.php 第 275 行.
NOTIC: [8] Undefined index: sel /superdata/kimi/uniqlo/System/Runtime/Cache/3b0b8182b75ad441e0f2fb2fc0c0343f.php 第 275 行.
NOTIC: [8] Undefined index: sel /superdata/kimi/uniqlo/System/Runtime/Cache/3b0b8182b75ad441e0f2fb2fc0c0343f.php 第 275 行.
NOTIC: [8] Undefined index: sel /superdata/kimi/uniqlo/System/Runtime/Cache/3b0b8182b75ad441e0f2fb2fc0c0343f.php 第 275 行.
NOTIC: [8] Undefined index: sel /superdata/kimi/uniqlo/System/Runtime/Cache/3b0b8182b75ad441e0f2fb2fc0c0343f.php 第 275 行.
NOTIC: [8] Undefined index: sel /superdata/kimi/uniqlo/System/Runtime/Cache/3b0b8182b75ad441e0f2fb2fc0c0343f.php 第 275 行.
NOTIC: [8] Undefined index: sel /superdata/kimi/uniqlo/System/Runtime/Cache/3b0b8182b75ad441e0f2fb2fc0c0343f.php 第 275 行.
NOTIC: [8] Undefined index: sel /superdata/kimi/uniqlo/System/Runtime/Cache/3b0b8182b75ad441e0f2fb2fc0c0343f.php 第 275 行.
NOTIC: [8] Undefined index: sel /superdata/kimi/uniqlo/System/Runtime/Cache/3b0b8182b75ad441e0f2fb2fc0c0343f.php 第 275 行.
NOTIC: [8] Undefined index: sel /superdata/kimi/uniqlo/System/Runtime/Cache/3b0b8182b75ad441e0f2fb2fc0c0343f.php 第 275 行.
NOTIC: [8] Undefined index: sel /superdata/kimi/uniqlo/System/Runtime/Cache/3b0b8182b75ad441e0f2fb2fc0c0343f.php 第 275 行.
NOTIC: [8] Undefined index: sel /superdata/kimi/uniqlo/System/Runtime/Cache/3b0b8182b75ad441e0f2fb2fc0c0343f.php 第 275 行.
INFO: ParseTemplate Behavior ::run [ RunTime:0.091812s ]
INFO: [ view_parse ] --END-- [ RunTime:0.091894s ]
INFO: [ view_filter ] --START--
INFO: ContentReplace Behavior ::run [ RunTime:0.000330s ]
INFO: TokenBuild Behavior ::run [ RunTime:0.000544s ]
INFO: WriteHtmlCache Behavior ::run [ RunTime:0.000149s ]
INFO: ShowRuntime Behavior ::run [ RunTime:0.000299s ]
INFO: [ view_filter ] --END-- [ RunTime:0.001480s ]
INFO: [ view_end ] --START--
INFO: ShowPageTrace Behavior ::run [ RunTime:0.000371s ]
INFO: [ view_end ] --END-- [ RunTime:0.000427s ]

