[ 2013-12-31T11:32:21+08:00 ] 180.159.87.159 /uniqlo/system.php/Products/index.html
INFO: [ route_check ] --START--
INFO: CheckRoute Behavior ::run [ RunTime:0.000518s ]
INFO: [ route_check ] --END-- [ RunTime:0.000595s ]
INFO: [ app_begin ] --START--
INFO: ReadHtmlCache Behavior ::run [ RunTime:0.000319s ]
INFO: [ app_begin ] --END-- [ RunTime:0.000379s ]
INFO: [ view_parse ] --START--
NOTIC: [8] Undefined variable: result /superdata/kimi/uniqlo/System/Runtime/Cache/359f19af407bafaee5c98c179daa16e7.php 第 6 行.
INFO: ParseTemplate Behavior ::run [ RunTime:0.032784s ]
INFO: [ view_parse ] --END-- [ RunTime:0.032850s ]
INFO: [ view_filter ] --START--
INFO: ContentReplace Behavior ::run [ RunTime:0.000227s ]
INFO: TokenBuild Behavior ::run [ RunTime:0.000278s ]
INFO: WriteHtmlCache Behavior ::run [ RunTime:0.000158s ]
INFO: ShowRuntime Behavior ::run [ RunTime:0.000277s ]
INFO: [ view_filter ] --END-- [ RunTime:0.001101s ]
INFO: [ view_end ] --START--
INFO: ShowPageTrace Behavior ::run [ RunTime:0.000429s ]
INFO: [ view_end ] --END-- [ RunTime:0.000486s ]

[ 2013-12-31T13:43:05+08:00 ] 58.246.66.2 /uniqlo/system.php
INFO: [ app_begin ] --START--
INFO: ReadHtmlCache Behavior ::run [ RunTime:0.000359s ]
INFO: [ app_begin ] --END-- [ RunTime:0.000432s ]
INFO: [ view_parse ] --START--
NOTIC: [8] Undefined variable: result /superdata/kimi/uniqlo/System/Runtime/Cache/359f19af407bafaee5c98c179daa16e7.php 第 6 行.
NOTIC: [8] Undefined variable: aid /superdata/kimi/uniqlo/System/Runtime/Cache/359f19af407bafaee5c98c179daa16e7.php 第 27 行.
INFO: ParseTemplate Behavior ::run [ RunTime:0.006153s ]
INFO: [ view_parse ] --END-- [ RunTime:0.006225s ]
INFO: [ view_filter ] --START--
INFO: ContentReplace Behavior ::run [ RunTime:0.000223s ]
INFO: TokenBuild Behavior ::run [ RunTime:0.000268s ]
INFO: WriteHtmlCache Behavior ::run [ RunTime:0.000154s ]
INFO: ShowRuntime Behavior ::run [ RunTime:0.000280s ]
INFO: [ view_filter ] --END-- [ RunTime:0.001078s ]
INFO: [ view_end ] --START--
INFO: ShowPageTrace Behavior ::run [ RunTime:0.000381s ]
INFO: [ view_end ] --END-- [ RunTime:0.000430s ]

[ 2013-12-31T13:43:06+08:00 ] 119.147.146.194 /uniqlo/system.php
INFO: [ app_begin ] --START--
INFO: ReadHtmlCache Behavior ::run [ RunTime:0.000341s ]
INFO: [ app_begin ] --END-- [ RunTime:0.000431s ]
INFO: [ view_parse ] --START--
NOTIC: [8] Undefined variable: result /superdata/kimi/uniqlo/System/Runtime/Cache/359f19af407bafaee5c98c179daa16e7.php 第 6 行.
NOTIC: [8] Undefined variable: aid /superdata/kimi/uniqlo/System/Runtime/Cache/359f19af407bafaee5c98c179daa16e7.php 第 27 行.
INFO: ParseTemplate Behavior ::run [ RunTime:0.006082s ]
INFO: [ view_parse ] --END-- [ RunTime:0.006146s ]
INFO: [ view_filter ] --START--
INFO: ContentReplace Behavior ::run [ RunTime:0.000242s ]
INFO: TokenBuild Behavior ::run [ RunTime:0.000275s ]
INFO: WriteHtmlCache Behavior ::run [ RunTime:0.000153s ]
INFO: ShowRuntime Behavior ::run [ RunTime:0.000272s ]
INFO: [ view_filter ] --END-- [ RunTime:0.001090s ]
INFO: [ view_end ] --START--
INFO: ShowPageTrace Behavior ::run [ RunTime:0.000383s ]
INFO: [ view_end ] --END-- [ RunTime:0.000434s ]

[ 2013-12-31T14:22:28+08:00 ] 58.246.66.2 /uniqlo/system.php
INFO: [ app_begin ] --START--
INFO: ReadHtmlCache Behavior ::run [ RunTime:0.000417s ]
INFO: [ app_begin ] --END-- [ RunTime:0.000513s ]
INFO: [ view_parse ] --START--
NOTIC: [8] Undefined variable: result /superdata/kimi/uniqlo/System/Runtime/Cache/359f19af407bafaee5c98c179daa16e7.php 第 6 行.
NOTIC: [8] Undefined variable: aid /superdata/kimi/uniqlo/System/Runtime/Cache/359f19af407bafaee5c98c179daa16e7.php 第 27 行.
INFO: ParseTemplate Behavior ::run [ RunTime:0.006342s ]
INFO: [ view_parse ] --END-- [ RunTime:0.006403s ]
INFO: [ view_filter ] --START--
INFO: ContentReplace Behavior ::run [ RunTime:0.000216s ]
INFO: TokenBuild Behavior ::run [ RunTime:0.000276s ]
INFO: WriteHtmlCache Behavior ::run [ RunTime:0.000145s ]
INFO: ShowRuntime Behavior ::run [ RunTime:0.000278s ]
INFO: [ view_filter ] --END-- [ RunTime:0.001062s ]
INFO: [ view_end ] --START--
INFO: ShowPageTrace Behavior ::run [ RunTime:0.000411s ]
INFO: [ view_end ] --END-- [ RunTime:0.000466s ]

