[ 2013-12-18T22:19:05+08:00 ] 58.38.255.249 /uniqlo/system.php/Index/index.html
INFO: [ route_check ] --START--
INFO: CheckRoute Behavior ::run [ RunTime:0.000500s ]
INFO: [ route_check ] --END-- [ RunTime:0.000566s ]
INFO: [ app_begin ] --START--
INFO: ReadHtmlCache Behavior ::run [ RunTime:0.000325s ]
INFO: [ app_begin ] --END-- [ RunTime:0.000377s ]
INFO: [ view_parse ] --START--
NOTIC: [8] Undefined variable: result /superdata/kimi/uniqlo/System/Runtime/Cache/359f19af407bafaee5c98c179daa16e7.php 第 6 行.
NOTIC: [8] Undefined variable: aid /superdata/kimi/uniqlo/System/Runtime/Cache/359f19af407bafaee5c98c179daa16e7.php 第 27 行.
INFO: ParseTemplate Behavior ::run [ RunTime:0.013140s ]
INFO: [ view_parse ] --END-- [ RunTime:0.013193s ]
INFO: [ view_filter ] --START--
INFO: ContentReplace Behavior ::run [ RunTime:0.000216s ]
INFO: TokenBuild Behavior ::run [ RunTime:0.000264s ]
INFO: WriteHtmlCache Behavior ::run [ RunTime:0.000146s ]
INFO: ShowRuntime Behavior ::run [ RunTime:0.000267s ]
INFO: [ view_filter ] --END-- [ RunTime:0.001046s ]
INFO: [ view_end ] --START--
INFO: ShowPageTrace Behavior ::run [ RunTime:0.000369s ]
INFO: [ view_end ] --END-- [ RunTime:0.000420s ]

[ 2013-12-18T22:20:53+08:00 ] 58.38.255.249 /uniqlo/system.php/Index/index.html
INFO: [ route_check ] --START--
INFO: CheckRoute Behavior ::run [ RunTime:0.000563s ]
INFO: [ route_check ] --END-- [ RunTime:0.000643s ]
INFO: [ app_begin ] --START--
INFO: ReadHtmlCache Behavior ::run [ RunTime:0.000329s ]
INFO: [ app_begin ] --END-- [ RunTime:0.000382s ]
INFO: [ view_parse ] --START--
NOTIC: [8] Undefined variable: result /superdata/kimi/uniqlo/System/Runtime/Cache/359f19af407bafaee5c98c179daa16e7.php 第 6 行.
NOTIC: [8] Undefined variable: aid /superdata/kimi/uniqlo/System/Runtime/Cache/359f19af407bafaee5c98c179daa16e7.php 第 27 行.
INFO: ParseTemplate Behavior ::run [ RunTime:0.005614s ]
INFO: [ view_parse ] --END-- [ RunTime:0.005666s ]
INFO: [ view_filter ] --START--
INFO: ContentReplace Behavior ::run [ RunTime:0.000316s ]
INFO: TokenBuild Behavior ::run [ RunTime:0.000348s ]
INFO: WriteHtmlCache Behavior ::run [ RunTime:0.000156s ]
INFO: ShowRuntime Behavior ::run [ RunTime:0.000271s ]
INFO: [ view_filter ] --END-- [ RunTime:0.001270s ]
INFO: [ view_end ] --START--
INFO: ShowPageTrace Behavior ::run [ RunTime:0.000397s ]
INFO: [ view_end ] --END-- [ RunTime:0.000451s ]

[ 2013-12-18T22:50:35+08:00 ] 58.33.39.26 /uniqlo/system.php/Index/index.html
INFO: [ route_check ] --START--
INFO: CheckRoute Behavior ::run [ RunTime:0.000581s ]
INFO: [ route_check ] --END-- [ RunTime:0.000677s ]
INFO: [ app_begin ] --START--
INFO: ReadHtmlCache Behavior ::run [ RunTime:0.000347s ]
INFO: [ app_begin ] --END-- [ RunTime:0.000402s ]
INFO: [ view_parse ] --START--
NOTIC: [8] Undefined variable: result /superdata/kimi/uniqlo/System/Runtime/Cache/359f19af407bafaee5c98c179daa16e7.php 第 6 行.
NOTIC: [8] Undefined variable: aid /superdata/kimi/uniqlo/System/Runtime/Cache/359f19af407bafaee5c98c179daa16e7.php 第 27 行.
INFO: ParseTemplate Behavior ::run [ RunTime:0.006324s ]
INFO: [ view_parse ] --END-- [ RunTime:0.006385s ]
INFO: [ view_filter ] --START--
INFO: ContentReplace Behavior ::run [ RunTime:0.000292s ]
INFO: TokenBuild Behavior ::run [ RunTime:0.000281s ]
INFO: WriteHtmlCache Behavior ::run [ RunTime:0.000150s ]
INFO: ShowRuntime Behavior ::run [ RunTime:0.000292s ]
INFO: [ view_filter ] --END-- [ RunTime:0.001170s ]
INFO: [ view_end ] --START--
INFO: ShowPageTrace Behavior ::run [ RunTime:0.000400s ]
INFO: [ view_end ] --END-- [ RunTime:0.000455s ]

[ 2013-12-18T22:53:31+08:00 ] 58.38.255.249 /uniqlo/system.php/Index/index.html
INFO: [ route_check ] --START--
INFO: CheckRoute Behavior ::run [ RunTime:0.000490s ]
INFO: [ route_check ] --END-- [ RunTime:0.000557s ]
INFO: [ app_begin ] --START--
INFO: ReadHtmlCache Behavior ::run [ RunTime:0.000316s ]
INFO: [ app_begin ] --END-- [ RunTime:0.000368s ]
INFO: [ view_parse ] --START--
NOTIC: [8] Undefined variable: result /superdata/kimi/uniqlo/System/Runtime/Cache/359f19af407bafaee5c98c179daa16e7.php 第 6 行.
NOTIC: [8] Undefined variable: aid /superdata/kimi/uniqlo/System/Runtime/Cache/359f19af407bafaee5c98c179daa16e7.php 第 27 行.
INFO: ParseTemplate Behavior ::run [ RunTime:0.005489s ]
INFO: [ view_parse ] --END-- [ RunTime:0.005542s ]
INFO: [ view_filter ] --START--
INFO: ContentReplace Behavior ::run [ RunTime:0.000205s ]
INFO: TokenBuild Behavior ::run [ RunTime:0.000261s ]
INFO: WriteHtmlCache Behavior ::run [ RunTime:0.000142s ]
INFO: ShowRuntime Behavior ::run [ RunTime:0.000263s ]
INFO: [ view_filter ] --END-- [ RunTime:0.001015s ]
INFO: [ view_end ] --START--
INFO: ShowPageTrace Behavior ::run [ RunTime:0.000418s ]
INFO: [ view_end ] --END-- [ RunTime:0.000472s ]

