[ 2013-12-26T13:59:52+08:00 ] 58.246.66.2 /uniqlo/system.php
INFO: [ app_begin ] --START--
INFO: ReadHtmlCache Behavior ::run [ RunTime:0.000337s ]
INFO: [ app_begin ] --END-- [ RunTime:0.000411s ]
INFO: [ view_parse ] --START--
NOTIC: [8] Undefined variable: result /superdata/kimi/uniqlo/System/Runtime/Cache/359f19af407bafaee5c98c179daa16e7.php 第 6 行.
NOTIC: [8] Undefined variable: aid /superdata/kimi/uniqlo/System/Runtime/Cache/359f19af407bafaee5c98c179daa16e7.php 第 27 行.
INFO: ParseTemplate Behavior ::run [ RunTime:0.011174s ]
INFO: [ view_parse ] --END-- [ RunTime:0.011234s ]
INFO: [ view_filter ] --START--
INFO: ContentReplace Behavior ::run [ RunTime:0.000206s ]
INFO: TokenBuild Behavior ::run [ RunTime:0.000266s ]
INFO: WriteHtmlCache Behavior ::run [ RunTime:0.000147s ]
INFO: ShowRuntime Behavior ::run [ RunTime:0.000278s ]
INFO: [ view_filter ] --END-- [ RunTime:0.001045s ]
INFO: [ view_end ] --START--
INFO: ShowPageTrace Behavior ::run [ RunTime:0.000397s ]
INFO: [ view_end ] --END-- [ RunTime:0.000452s ]

[ 2013-12-26T14:00:04+08:00 ] 58.246.66.2 /uniqlo/system.php/Index/login.html
INFO: [ route_check ] --START--
INFO: CheckRoute Behavior ::run [ RunTime:0.000495s ]
INFO: [ route_check ] --END-- [ RunTime:0.000565s ]
INFO: [ app_begin ] --START--
INFO: ReadHtmlCache Behavior ::run [ RunTime:0.000328s ]
INFO: [ app_begin ] --END-- [ RunTime:0.000381s ]
NOTIC: 建议使用I方法替代_post
NOTIC: 建议使用I方法替代_post
SQL: SHOW COLUMNS FROM `u_admin` [ RunTime:0.018307s ]
SQL: SELECT `aid`,`nickname` FROM `u_admin` WHERE ( `email` = 'admin@126.com' ) AND ( `pwd` = 'a66abb5684c45962d887564f08346e8d' ) LIMIT 1   [ RunTime:0.001475s ]
INFO: [ view_parse ] --START--
INFO: ParseTemplate Behavior ::run [ RunTime:0.012256s ]
INFO: [ view_parse ] --END-- [ RunTime:0.012332s ]
INFO: [ view_filter ] --START--
INFO: ContentReplace Behavior ::run [ RunTime:0.000214s ]
INFO: TokenBuild Behavior ::run [ RunTime:0.000261s ]
INFO: WriteHtmlCache Behavior ::run [ RunTime:0.000148s ]
INFO: ShowRuntime Behavior ::run [ RunTime:0.000285s ]
INFO: [ view_filter ] --END-- [ RunTime:0.001066s ]
INFO: [ view_end ] --START--
INFO: ShowPageTrace Behavior ::run [ RunTime:0.001431s ]
INFO: [ view_end ] --END-- [ RunTime:0.001488s ]

[ 2013-12-26T14:00:05+08:00 ] 58.246.66.2 /uniqlo/system.php/Index/index.html
INFO: [ route_check ] --START--
INFO: CheckRoute Behavior ::run [ RunTime:0.000494s ]
INFO: [ route_check ] --END-- [ RunTime:0.000561s ]
INFO: [ app_begin ] --START--
INFO: ReadHtmlCache Behavior ::run [ RunTime:0.000327s ]
INFO: [ app_begin ] --END-- [ RunTime:0.000380s ]
INFO: [ view_parse ] --START--
NOTIC: [8] Undefined variable: result /superdata/kimi/uniqlo/System/Runtime/Cache/518bd32289a82441c7453e6720e4f060.php 第 6 行.
INFO: ParseTemplate Behavior ::run [ RunTime:0.007054s ]
INFO: [ view_parse ] --END-- [ RunTime:0.007114s ]
INFO: [ view_filter ] --START--
INFO: ContentReplace Behavior ::run [ RunTime:0.000215s ]
INFO: TokenBuild Behavior ::run [ RunTime:0.000234s ]
INFO: WriteHtmlCache Behavior ::run [ RunTime:0.000139s ]
INFO: ShowRuntime Behavior ::run [ RunTime:0.000269s ]
INFO: [ view_filter ] --END-- [ RunTime:0.001009s ]
INFO: [ view_end ] --START--
INFO: ShowPageTrace Behavior ::run [ RunTime:0.000365s ]
INFO: [ view_end ] --END-- [ RunTime:0.000417s ]

[ 2013-12-26T14:00:07+08:00 ] 58.246.66.2 /uniqlo/system.php/Products/index.html
INFO: [ route_check ] --START--
INFO: CheckRoute Behavior ::run [ RunTime:0.000494s ]
INFO: [ route_check ] --END-- [ RunTime:0.000561s ]
INFO: [ app_begin ] --START--
INFO: ReadHtmlCache Behavior ::run [ RunTime:0.000331s ]
INFO: [ app_begin ] --END-- [ RunTime:0.000385s ]
SQL: SHOW COLUMNS FROM `u_goods` [ RunTime:0.000684s ]
SQL: SHOW COLUMNS FROM `u_category` [ RunTime:0.001606s ]
NOTIC: 建议使用I方法替代_request
NOTIC: 建议使用I方法替代_request
NOTIC: 建议使用I方法替代_request
NOTIC: 建议使用I方法替代_request
NOTIC: 建议使用I方法替代_request
NOTIC: [8] Undefined variable: map /superdata/kimi/uniqlo/System/Lib/Action/ProductsAction.class.php 第 45 行.
SQL: SELECT COUNT(*) AS tp_count FROM `u_goods` LIMIT 1   [ RunTime:0.000131s ]
NOTIC: [8] Undefined index: p /superdata/kimi/uniqlo/System/Lib/ORG/Pageyu.class.php 第 38 行.
NOTIC: [8] Undefined variable: map /superdata/kimi/uniqlo/System/Lib/Action/ProductsAction.class.php 第 47 行.
SQL: SELECT * FROM `u_goods` ORDER BY id desc LIMIT 0,20   [ RunTime:0.000345s ]
NOTIC: [8] Undefined index: css /superdata/kimi/uniqlo/System/Lib/ORG/Pageyu.class.php 第 59 行.
NOTIC: [8] Undefined variable: css /superdata/kimi/uniqlo/System/Lib/ORG/Pageyu.class.php 第 62 行.
NOTIC: [8] Undefined index: id /superdata/kimi/uniqlo/System/Lib/ORG/Pageyu.class.php 第 64 行.
NOTIC: [8] Undefined variable: id /superdata/kimi/uniqlo/System/Lib/ORG/Pageyu.class.php 第 67 行.
NOTIC: [8] Undefined variable: p /superdata/kimi/uniqlo/System/Lib/ORG/Pageyu.class.php 第 70 行.
NOTIC: [8] Undefined index: p /superdata/kimi/uniqlo/System/Lib/ORG/Pageyu.class.php 第 80 行.
SQL: SELECT * FROM `u_category` WHERE ( `parent_id` = 0 )  [ RunTime:0.001664s ]
NOTIC: [8] Undefined variable: twocate /superdata/kimi/uniqlo/System/Lib/Action/ProductsAction.class.php 第 59 行.
NOTIC: [8] Undefined index: p /superdata/kimi/uniqlo/System/Lib/Action/ProductsAction.class.php 第 63 行.
INFO: [ view_parse ] --START--
NOTIC: [8] Undefined variable: result /superdata/kimi/uniqlo/System/Runtime/Cache/b9380e0ff4153407ef0f27d26c4b736c.php 第 6 行.
INFO: ParseTemplate Behavior ::run [ RunTime:0.014303s ]
INFO: [ view_parse ] --END-- [ RunTime:0.014368s ]
INFO: [ view_filter ] --START--
INFO: ContentReplace Behavior ::run [ RunTime:0.000278s ]
INFO: TokenBuild Behavior ::run [ RunTime:0.000307s ]
INFO: WriteHtmlCache Behavior ::run [ RunTime:0.000142s ]
INFO: ShowRuntime Behavior ::run [ RunTime:0.000272s ]
INFO: [ view_filter ] --END-- [ RunTime:0.001151s ]
INFO: [ view_end ] --START--
INFO: ShowPageTrace Behavior ::run [ RunTime:0.000388s ]
INFO: [ view_end ] --END-- [ RunTime:0.000443s ]

[ 2013-12-26T17:01:54+08:00 ] 58.246.66.2 /uniqlo/system.php
INFO: [ app_begin ] --START--
INFO: ReadHtmlCache Behavior ::run [ RunTime:0.000326s ]
INFO: [ app_begin ] --END-- [ RunTime:0.000411s ]
INFO: [ view_parse ] --START--
NOTIC: [8] Undefined variable: result /superdata/kimi/uniqlo/System/Runtime/Cache/359f19af407bafaee5c98c179daa16e7.php 第 6 行.
NOTIC: [8] Undefined variable: aid /superdata/kimi/uniqlo/System/Runtime/Cache/359f19af407bafaee5c98c179daa16e7.php 第 27 行.
INFO: ParseTemplate Behavior ::run [ RunTime:0.006077s ]
INFO: [ view_parse ] --END-- [ RunTime:0.006132s ]
INFO: [ view_filter ] --START--
INFO: ContentReplace Behavior ::run [ RunTime:0.000205s ]
INFO: TokenBuild Behavior ::run [ RunTime:0.000264s ]
INFO: WriteHtmlCache Behavior ::run [ RunTime:0.000145s ]
INFO: ShowRuntime Behavior ::run [ RunTime:0.000286s ]
INFO: [ view_filter ] --END-- [ RunTime:0.001049s ]
INFO: [ view_end ] --START--
INFO: ShowPageTrace Behavior ::run [ RunTime:0.000399s ]
INFO: [ view_end ] --END-- [ RunTime:0.000453s ]

[ 2013-12-26T17:33:44+08:00 ] 58.246.66.2 /uniqlo/system.php
INFO: [ app_begin ] --START--
INFO: ReadHtmlCache Behavior ::run [ RunTime:0.000333s ]
INFO: [ app_begin ] --END-- [ RunTime:0.000398s ]
INFO: [ view_parse ] --START--
NOTIC: [8] Undefined variable: result /superdata/kimi/uniqlo/System/Runtime/Cache/359f19af407bafaee5c98c179daa16e7.php 第 6 行.
NOTIC: [8] Undefined variable: aid /superdata/kimi/uniqlo/System/Runtime/Cache/359f19af407bafaee5c98c179daa16e7.php 第 27 行.
INFO: ParseTemplate Behavior ::run [ RunTime:0.005852s ]
INFO: [ view_parse ] --END-- [ RunTime:0.005905s ]
INFO: [ view_filter ] --START--
INFO: ContentReplace Behavior ::run [ RunTime:0.000214s ]
INFO: TokenBuild Behavior ::run [ RunTime:0.000266s ]
INFO: WriteHtmlCache Behavior ::run [ RunTime:0.000144s ]
INFO: ShowRuntime Behavior ::run [ RunTime:0.000303s ]
INFO: [ view_filter ] --END-- [ RunTime:0.001076s ]
INFO: [ view_end ] --START--
INFO: ShowPageTrace Behavior ::run [ RunTime:0.000400s ]
INFO: [ view_end ] --END-- [ RunTime:0.000454s ]

[ 2013-12-26T17:33:54+08:00 ] 58.246.66.2 /uniqlo/system.php/Index/login.html
INFO: [ route_check ] --START--
INFO: CheckRoute Behavior ::run [ RunTime:0.000581s ]
INFO: [ route_check ] --END-- [ RunTime:0.000678s ]
INFO: [ app_begin ] --START--
INFO: ReadHtmlCache Behavior ::run [ RunTime:0.000364s ]
INFO: [ app_begin ] --END-- [ RunTime:0.000421s ]
NOTIC: 建议使用I方法替代_post
NOTIC: 建议使用I方法替代_post
SQL: SHOW COLUMNS FROM `u_admin` [ RunTime:0.000627s ]
SQL: SELECT `aid`,`nickname` FROM `u_admin` WHERE ( `email` = 'admin@126.com' ) AND ( `pwd` = 'e10adc3949ba59abbe56e057f20f883e' ) LIMIT 1   [ RunTime:0.000190s ]
INFO: [ view_parse ] --START--
INFO: ParseTemplate Behavior ::run [ RunTime:0.005265s ]
INFO: [ view_parse ] --END-- [ RunTime:0.005337s ]
INFO: [ view_filter ] --START--
INFO: ContentReplace Behavior ::run [ RunTime:0.000214s ]
INFO: TokenBuild Behavior ::run [ RunTime:0.000249s ]
INFO: WriteHtmlCache Behavior ::run [ RunTime:0.000147s ]
INFO: ShowRuntime Behavior ::run [ RunTime:0.000292s ]
INFO: [ view_filter ] --END-- [ RunTime:0.001056s ]
INFO: [ view_end ] --START--
INFO: ShowPageTrace Behavior ::run [ RunTime:0.000411s ]
INFO: [ view_end ] --END-- [ RunTime:0.000466s ]

[ 2013-12-26T17:33:57+08:00 ] 58.246.66.2 /uniqlo/system.php/Index/index.html
INFO: [ route_check ] --START--
INFO: CheckRoute Behavior ::run [ RunTime:0.000501s ]
INFO: [ route_check ] --END-- [ RunTime:0.000568s ]
INFO: [ app_begin ] --START--
INFO: ReadHtmlCache Behavior ::run [ RunTime:0.000318s ]
INFO: [ app_begin ] --END-- [ RunTime:0.000368s ]
INFO: [ view_parse ] --START--
NOTIC: [8] Undefined variable: result /superdata/kimi/uniqlo/System/Runtime/Cache/359f19af407bafaee5c98c179daa16e7.php 第 6 行.
NOTIC: [8] Undefined variable: aid /superdata/kimi/uniqlo/System/Runtime/Cache/359f19af407bafaee5c98c179daa16e7.php 第 27 行.
INFO: ParseTemplate Behavior ::run [ RunTime:0.007913s ]
INFO: [ view_parse ] --END-- [ RunTime:0.007967s ]
INFO: [ view_filter ] --START--
INFO: ContentReplace Behavior ::run [ RunTime:0.000211s ]
INFO: TokenBuild Behavior ::run [ RunTime:0.000270s ]
INFO: WriteHtmlCache Behavior ::run [ RunTime:0.000141s ]
INFO: ShowRuntime Behavior ::run [ RunTime:0.000297s ]
INFO: [ view_filter ] --END-- [ RunTime:0.001065s ]
INFO: [ view_end ] --START--
INFO: ShowPageTrace Behavior ::run [ RunTime:0.000368s ]
INFO: [ view_end ] --END-- [ RunTime:0.000419s ]

[ 2013-12-26T17:58:48+08:00 ] 58.246.66.2 /uniqlo/system.php
INFO: [ app_begin ] --START--
INFO: ReadHtmlCache Behavior ::run [ RunTime:0.000326s ]
INFO: [ app_begin ] --END-- [ RunTime:0.000390s ]
INFO: [ view_parse ] --START--
NOTIC: [8] Undefined variable: result /superdata/kimi/uniqlo/System/Runtime/Cache/359f19af407bafaee5c98c179daa16e7.php 第 6 行.
NOTIC: [8] Undefined variable: aid /superdata/kimi/uniqlo/System/Runtime/Cache/359f19af407bafaee5c98c179daa16e7.php 第 27 行.
INFO: ParseTemplate Behavior ::run [ RunTime:0.005472s ]
INFO: [ view_parse ] --END-- [ RunTime:0.005524s ]
INFO: [ view_filter ] --START--
INFO: ContentReplace Behavior ::run [ RunTime:0.000205s ]
INFO: TokenBuild Behavior ::run [ RunTime:0.000269s ]
INFO: WriteHtmlCache Behavior ::run [ RunTime:0.000145s ]
INFO: ShowRuntime Behavior ::run [ RunTime:0.000334s ]
INFO: [ view_filter ] --END-- [ RunTime:0.001098s ]
INFO: [ view_end ] --START--
INFO: ShowPageTrace Behavior ::run [ RunTime:0.000397s ]
INFO: [ view_end ] --END-- [ RunTime:0.000448s ]

[ 2013-12-26T19:28:58+08:00 ] 58.246.66.2 /uniqlo/system.php
INFO: [ app_begin ] --START--
INFO: ReadHtmlCache Behavior ::run [ RunTime:0.000337s ]
INFO: [ app_begin ] --END-- [ RunTime:0.000412s ]
INFO: [ view_parse ] --START--
NOTIC: [8] Undefined variable: result /superdata/kimi/uniqlo/System/Runtime/Cache/359f19af407bafaee5c98c179daa16e7.php 第 6 行.
NOTIC: [8] Undefined variable: aid /superdata/kimi/uniqlo/System/Runtime/Cache/359f19af407bafaee5c98c179daa16e7.php 第 27 行.
INFO: ParseTemplate Behavior ::run [ RunTime:0.005845s ]
INFO: [ view_parse ] --END-- [ RunTime:0.005903s ]
INFO: [ view_filter ] --START--
INFO: ContentReplace Behavior ::run [ RunTime:0.000203s ]
INFO: TokenBuild Behavior ::run [ RunTime:0.000259s ]
INFO: WriteHtmlCache Behavior ::run [ RunTime:0.000142s ]
INFO: ShowRuntime Behavior ::run [ RunTime:0.000268s ]
INFO: [ view_filter ] --END-- [ RunTime:0.001018s ]
INFO: [ view_end ] --START--
INFO: ShowPageTrace Behavior ::run [ RunTime:0.000406s ]
INFO: [ view_end ] --END-- [ RunTime:0.000460s ]

[ 2013-12-26T19:29:16+08:00 ] 58.246.66.2 /uniqlo/system.php/Index/login.html
INFO: [ route_check ] --START--
INFO: CheckRoute Behavior ::run [ RunTime:0.000586s ]
INFO: [ route_check ] --END-- [ RunTime:0.000691s ]
INFO: [ app_begin ] --START--
INFO: ReadHtmlCache Behavior ::run [ RunTime:0.000359s ]
INFO: [ app_begin ] --END-- [ RunTime:0.000417s ]
NOTIC: 建议使用I方法替代_post
NOTIC: 建议使用I方法替代_post
SQL: SHOW COLUMNS FROM `u_admin` [ RunTime:0.000577s ]
SQL: SELECT `aid`,`nickname` FROM `u_admin` WHERE ( `email` = 'admin@126.com' ) AND ( `pwd` = '96e79218965eb72c92a549dd5a330112' ) LIMIT 1   [ RunTime:0.000161s ]
INFO: [ view_parse ] --START--
INFO: ParseTemplate Behavior ::run [ RunTime:0.005543s ]
INFO: [ view_parse ] --END-- [ RunTime:0.005645s ]
INFO: [ view_filter ] --START--
INFO: ContentReplace Behavior ::run [ RunTime:0.000233s ]
INFO: TokenBuild Behavior ::run [ RunTime:0.000255s ]
INFO: WriteHtmlCache Behavior ::run [ RunTime:0.000147s ]
INFO: ShowRuntime Behavior ::run [ RunTime:0.000287s ]
INFO: [ view_filter ] --END-- [ RunTime:0.001083s ]
INFO: [ view_end ] --START--
INFO: ShowPageTrace Behavior ::run [ RunTime:0.000422s ]
INFO: [ view_end ] --END-- [ RunTime:0.000479s ]

[ 2013-12-26T19:29:19+08:00 ] 58.246.66.2 /uniqlo/system.php/Index/index.html
INFO: [ route_check ] --START--
INFO: CheckRoute Behavior ::run [ RunTime:0.000533s ]
INFO: [ route_check ] --END-- [ RunTime:0.000619s ]
INFO: [ app_begin ] --START--
INFO: ReadHtmlCache Behavior ::run [ RunTime:0.000341s ]
INFO: [ app_begin ] --END-- [ RunTime:0.000393s ]
INFO: [ view_parse ] --START--
NOTIC: [8] Undefined variable: result /superdata/kimi/uniqlo/System/Runtime/Cache/359f19af407bafaee5c98c179daa16e7.php 第 6 行.
NOTIC: [8] Undefined variable: aid /superdata/kimi/uniqlo/System/Runtime/Cache/359f19af407bafaee5c98c179daa16e7.php 第 27 行.
INFO: ParseTemplate Behavior ::run [ RunTime:0.005862s ]
INFO: [ view_parse ] --END-- [ RunTime:0.005922s ]
INFO: [ view_filter ] --START--
INFO: ContentReplace Behavior ::run [ RunTime:0.000222s ]
INFO: TokenBuild Behavior ::run [ RunTime:0.000280s ]
INFO: WriteHtmlCache Behavior ::run [ RunTime:0.000143s ]
INFO: ShowRuntime Behavior ::run [ RunTime:0.000266s ]
INFO: [ view_filter ] --END-- [ RunTime:0.001064s ]
INFO: [ view_end ] --START--
INFO: ShowPageTrace Behavior ::run [ RunTime:0.000385s ]
INFO: [ view_end ] --END-- [ RunTime:0.000435s ]

[ 2013-12-26T19:29:29+08:00 ] 58.246.66.2 /uniqlo/system.php/Index/login.html
INFO: [ route_check ] --START--
INFO: CheckRoute Behavior ::run [ RunTime:0.000485s ]
INFO: [ route_check ] --END-- [ RunTime:0.000554s ]
INFO: [ app_begin ] --START--
INFO: ReadHtmlCache Behavior ::run [ RunTime:0.000313s ]
INFO: [ app_begin ] --END-- [ RunTime:0.000391s ]
NOTIC: 建议使用I方法替代_post
NOTIC: 建议使用I方法替代_post
SQL: SHOW COLUMNS FROM `u_admin` [ RunTime:0.000660s ]
SQL: SELECT `aid`,`nickname` FROM `u_admin` WHERE ( `email` = 'admin@126.com' ) AND ( `pwd` = 'a66abb5684c45962d887564f08346e8d' ) LIMIT 1   [ RunTime:0.000192s ]
INFO: [ view_parse ] --START--
INFO: ParseTemplate Behavior ::run [ RunTime:0.005031s ]
INFO: [ view_parse ] --END-- [ RunTime:0.005112s ]
INFO: [ view_filter ] --START--
INFO: ContentReplace Behavior ::run [ RunTime:0.000210s ]
INFO: TokenBuild Behavior ::run [ RunTime:0.000236s ]
INFO: WriteHtmlCache Behavior ::run [ RunTime:0.000143s ]
INFO: ShowRuntime Behavior ::run [ RunTime:0.000280s ]
INFO: [ view_filter ] --END-- [ RunTime:0.001028s ]
INFO: [ view_end ] --START--
INFO: ShowPageTrace Behavior ::run [ RunTime:0.000411s ]
INFO: [ view_end ] --END-- [ RunTime:0.000465s ]

[ 2013-12-26T19:29:30+08:00 ] 58.246.66.2 /uniqlo/system.php/Index/index.html
INFO: [ route_check ] --START--
INFO: CheckRoute Behavior ::run [ RunTime:0.000487s ]
INFO: [ route_check ] --END-- [ RunTime:0.000553s ]
INFO: [ app_begin ] --START--
INFO: ReadHtmlCache Behavior ::run [ RunTime:0.000321s ]
INFO: [ app_begin ] --END-- [ RunTime:0.000372s ]
INFO: [ view_parse ] --START--
NOTIC: [8] Undefined variable: result /superdata/kimi/uniqlo/System/Runtime/Cache/518bd32289a82441c7453e6720e4f060.php 第 6 行.
INFO: ParseTemplate Behavior ::run [ RunTime:0.020608s ]
INFO: [ view_parse ] --END-- [ RunTime:0.020663s ]
INFO: [ view_filter ] --START--
INFO: ContentReplace Behavior ::run [ RunTime:0.000203s ]
INFO: TokenBuild Behavior ::run [ RunTime:0.000253s ]
INFO: WriteHtmlCache Behavior ::run [ RunTime:0.000139s ]
INFO: ShowRuntime Behavior ::run [ RunTime:0.000264s ]
INFO: [ view_filter ] --END-- [ RunTime:0.001011s ]
INFO: [ view_end ] --START--
INFO: ShowPageTrace Behavior ::run [ RunTime:0.000354s ]
INFO: [ view_end ] --END-- [ RunTime:0.000406s ]

[ 2013-12-26T19:29:32+08:00 ] 58.246.66.2 /uniqlo/system.php/Products/index.html
INFO: [ route_check ] --START--
INFO: CheckRoute Behavior ::run [ RunTime:0.000485s ]
INFO: [ route_check ] --END-- [ RunTime:0.000551s ]
INFO: [ app_begin ] --START--
INFO: ReadHtmlCache Behavior ::run [ RunTime:0.000330s ]
INFO: [ app_begin ] --END-- [ RunTime:0.000381s ]
SQL: SHOW COLUMNS FROM `u_goods` [ RunTime:0.000676s ]
SQL: SHOW COLUMNS FROM `u_category` [ RunTime:0.000466s ]
NOTIC: 建议使用I方法替代_request
NOTIC: 建议使用I方法替代_request
NOTIC: 建议使用I方法替代_request
NOTIC: 建议使用I方法替代_request
NOTIC: 建议使用I方法替代_request
NOTIC: [8] Undefined variable: map /superdata/kimi/uniqlo/System/Lib/Action/ProductsAction.class.php 第 45 行.
SQL: SELECT COUNT(*) AS tp_count FROM `u_goods` LIMIT 1   [ RunTime:0.000140s ]
NOTIC: [8] Undefined index: p /superdata/kimi/uniqlo/System/Lib/ORG/Pageyu.class.php 第 38 行.
NOTIC: [8] Undefined variable: map /superdata/kimi/uniqlo/System/Lib/Action/ProductsAction.class.php 第 47 行.
SQL: SELECT * FROM `u_goods` ORDER BY id desc LIMIT 0,20   [ RunTime:0.000336s ]
NOTIC: [8] Undefined index: css /superdata/kimi/uniqlo/System/Lib/ORG/Pageyu.class.php 第 59 行.
NOTIC: [8] Undefined variable: css /superdata/kimi/uniqlo/System/Lib/ORG/Pageyu.class.php 第 62 行.
NOTIC: [8] Undefined index: id /superdata/kimi/uniqlo/System/Lib/ORG/Pageyu.class.php 第 64 行.
NOTIC: [8] Undefined variable: id /superdata/kimi/uniqlo/System/Lib/ORG/Pageyu.class.php 第 67 行.
NOTIC: [8] Undefined variable: p /superdata/kimi/uniqlo/System/Lib/ORG/Pageyu.class.php 第 70 行.
NOTIC: [8] Undefined index: p /superdata/kimi/uniqlo/System/Lib/ORG/Pageyu.class.php 第 80 行.
SQL: SELECT * FROM `u_category` WHERE ( `parent_id` = 0 )  [ RunTime:0.020281s ]
NOTIC: [8] Undefined variable: twocate /superdata/kimi/uniqlo/System/Lib/Action/ProductsAction.class.php 第 59 行.
NOTIC: [8] Undefined index: p /superdata/kimi/uniqlo/System/Lib/Action/ProductsAction.class.php 第 63 行.
INFO: [ view_parse ] --START--
NOTIC: [8] Undefined variable: result /superdata/kimi/uniqlo/System/Runtime/Cache/b9380e0ff4153407ef0f27d26c4b736c.php 第 6 行.
INFO: ParseTemplate Behavior ::run [ RunTime:0.014616s ]
INFO: [ view_parse ] --END-- [ RunTime:0.014680s ]
INFO: [ view_filter ] --START--
INFO: ContentReplace Behavior ::run [ RunTime:0.000276s ]
INFO: TokenBuild Behavior ::run [ RunTime:0.000298s ]
INFO: WriteHtmlCache Behavior ::run [ RunTime:0.000138s ]
INFO: ShowRuntime Behavior ::run [ RunTime:0.000263s ]
INFO: [ view_filter ] --END-- [ RunTime:0.001122s ]
INFO: [ view_end ] --START--
INFO: ShowPageTrace Behavior ::run [ RunTime:0.000379s ]
INFO: [ view_end ] --END-- [ RunTime:0.000486s ]

[ 2013-12-26T19:29:36+08:00 ] 58.246.66.2 /uniqlo/system.php/Products/index/p/131
INFO: [ route_check ] --START--
INFO: CheckRoute Behavior ::run [ RunTime:0.000498s ]
INFO: [ route_check ] --END-- [ RunTime:0.000565s ]
INFO: [ app_begin ] --START--
INFO: ReadHtmlCache Behavior ::run [ RunTime:0.000316s ]
INFO: [ app_begin ] --END-- [ RunTime:0.000369s ]
SQL: SHOW COLUMNS FROM `u_goods` [ RunTime:0.000860s ]
SQL: SHOW COLUMNS FROM `u_category` [ RunTime:0.000391s ]
NOTIC: 建议使用I方法替代_request
NOTIC: 建议使用I方法替代_request
NOTIC: 建议使用I方法替代_request
NOTIC: 建议使用I方法替代_request
NOTIC: 建议使用I方法替代_request
NOTIC: [8] Undefined variable: map /superdata/kimi/uniqlo/System/Lib/Action/ProductsAction.class.php 第 45 行.
SQL: SELECT COUNT(*) AS tp_count FROM `u_goods` LIMIT 1   [ RunTime:0.000150s ]
NOTIC: [8] Undefined variable: map /superdata/kimi/uniqlo/System/Lib/Action/ProductsAction.class.php 第 47 行.
SQL: SELECT * FROM `u_goods` ORDER BY id desc LIMIT 2600,20   [ RunTime:0.025839s ]
NOTIC: [8] Undefined index: css /superdata/kimi/uniqlo/System/Lib/ORG/Pageyu.class.php 第 59 行.
NOTIC: [8] Undefined variable: css /superdata/kimi/uniqlo/System/Lib/ORG/Pageyu.class.php 第 62 行.
NOTIC: [8] Undefined index: id /superdata/kimi/uniqlo/System/Lib/ORG/Pageyu.class.php 第 64 行.
NOTIC: [8] Undefined variable: id /superdata/kimi/uniqlo/System/Lib/ORG/Pageyu.class.php 第 67 行.
NOTIC: [8] Undefined variable: p /superdata/kimi/uniqlo/System/Lib/ORG/Pageyu.class.php 第 70 行.
SQL: SELECT * FROM `u_category` WHERE ( `parent_id` = 0 )  [ RunTime:0.000084s ]
NOTIC: [8] Undefined variable: twocate /superdata/kimi/uniqlo/System/Lib/Action/ProductsAction.class.php 第 59 行.
INFO: [ view_parse ] --START--
NOTIC: [8] Undefined variable: result /superdata/kimi/uniqlo/System/Runtime/Cache/b9380e0ff4153407ef0f27d26c4b736c.php 第 6 行.
INFO: ParseTemplate Behavior ::run [ RunTime:0.012231s ]
INFO: [ view_parse ] --END-- [ RunTime:0.012299s ]
INFO: [ view_filter ] --START--
INFO: ContentReplace Behavior ::run [ RunTime:0.000239s ]
INFO: TokenBuild Behavior ::run [ RunTime:0.000283s ]
INFO: WriteHtmlCache Behavior ::run [ RunTime:0.000153s ]
INFO: ShowRuntime Behavior ::run [ RunTime:0.000268s ]
INFO: [ view_filter ] --END-- [ RunTime:0.001095s ]
INFO: [ view_end ] --START--
INFO: ShowPageTrace Behavior ::run [ RunTime:0.000373s ]
INFO: [ view_end ] --END-- [ RunTime:0.000429s ]

[ 2013-12-26T19:29:38+08:00 ] 58.246.66.2 /uniqlo/system.php/Productsedit/index/id/10/p/131.html
INFO: [ route_check ] --START--
INFO: CheckRoute Behavior ::run [ RunTime:0.000487s ]
INFO: [ route_check ] --END-- [ RunTime:0.000554s ]
INFO: [ app_begin ] --START--
INFO: ReadHtmlCache Behavior ::run [ RunTime:0.000317s ]
INFO: [ app_begin ] --END-- [ RunTime:0.000372s ]
NOTIC: 建议使用I方法替代_get
NOTIC: 建议使用I方法替代_request
NOTIC: 建议使用I方法替代_request
NOTIC: 建议使用I方法替代_request
NOTIC: 建议使用I方法替代_request
NOTIC: 建议使用I方法替代_request
SQL: SHOW COLUMNS FROM `u_goods` [ RunTime:0.001020s ]
SQL: SHOW COLUMNS FROM `u_customcate` [ RunTime:0.000554s ]
SQL: SHOW COLUMNS FROM `u_windex` [ RunTime:0.000395s ]
SQL: SELECT * FROM `u_windex` ORDER BY id desc  [ RunTime:0.000180s ]
SQL: SHOW COLUMNS FROM `u_tag` [ RunTime:0.000417s ]
SQL: SHOW COLUMNS FROM `u_goodtag` [ RunTime:0.000610s ]
SQL: SELECT * FROM `u_goods` WHERE ( `id` = 10 ) LIMIT 1   [ RunTime:0.000210s ]
SQL: SELECT * FROM `u_goodtag` WHERE ( `good_id` = '10' )  [ RunTime:0.000234s ]
SQL: SELECT `id`,`name`,`parent_id`,`type` FROM `u_tag` WHERE ( `parent_id` = 0 ) ORDER BY id asc  [ RunTime:0.000179s ]
SQL: SELECT `id`,`name`,`parent_id`,`type` FROM `u_tag` WHERE ( `parent_id` = 1 ) GROUP BY type  [ RunTime:0.000212s ]
SQL: SELECT `id`,`name`,`parent_id`,`type` FROM `u_tag` WHERE ( `parent_id` = 1 ) AND ( `type` = '1' )  [ RunTime:0.000175s ]
SQL: SELECT `id`,`name`,`parent_id`,`type` FROM `u_tag` WHERE ( `parent_id` = 1 ) AND ( `type` = '2' )  [ RunTime:0.000170s ]
SQL: SELECT `id`,`name`,`parent_id`,`type` FROM `u_tag` WHERE ( `parent_id` = 1 ) AND ( `type` = '3' )  [ RunTime:0.000207s ]
SQL: SELECT `id`,`name`,`parent_id`,`type` FROM `u_tag` WHERE ( `parent_id` = 2 ) GROUP BY type  [ RunTime:0.000205s ]
SQL: SELECT `id`,`name`,`parent_id`,`type` FROM `u_tag` WHERE ( `parent_id` = 2 ) AND ( `type` = '1' )  [ RunTime:0.000174s ]
SQL: SELECT `id`,`name`,`parent_id`,`type` FROM `u_tag` WHERE ( `parent_id` = 2 ) AND ( `type` = '2' )  [ RunTime:0.000177s ]
SQL: SELECT `id`,`name`,`parent_id`,`type` FROM `u_tag` WHERE ( `parent_id` = 2 ) AND ( `type` = '3' )  [ RunTime:0.000171s ]
SQL: SELECT * FROM `u_goodtag` WHERE ( `good_id` = '10' ) AND (  ( `tag_id` <> '0' ) OR ( `ftag_id` <> '0' ) ) GROUP BY wid ORDER BY id asc  [ RunTime:0.000278s ]
SQL: SELECT * FROM `u_customcate` WHERE ( `gtype` = '1' ) AND ( `isud` = '1' )  [ RunTime:0.000211s ]
INFO: [ view_parse ] --START--
NOTIC: [8] Undefined offset: 3 /superdata/kimi/uniqlo/System/Runtime/Cache/3b0b8182b75ad441e0f2fb2fc0c0343f.php 第 150 行.
NOTIC: [8] Undefined offset: 3 /superdata/kimi/uniqlo/System/Runtime/Cache/3b0b8182b75ad441e0f2fb2fc0c0343f.php 第 157 行.
NOTIC: [8] Undefined offset: 3 /superdata/kimi/uniqlo/System/Runtime/Cache/3b0b8182b75ad441e0f2fb2fc0c0343f.php 第 157 行.
NOTIC: [8] Undefined offset: 3 /superdata/kimi/uniqlo/System/Runtime/Cache/3b0b8182b75ad441e0f2fb2fc0c0343f.php 第 157 行.
NOTIC: [8] Undefined offset: 3 /superdata/kimi/uniqlo/System/Runtime/Cache/3b0b8182b75ad441e0f2fb2fc0c0343f.php 第 157 行.
NOTIC: [8] Undefined offset: 3 /superdata/kimi/uniqlo/System/Runtime/Cache/3b0b8182b75ad441e0f2fb2fc0c0343f.php 第 157 行.
NOTIC: [8] Undefined offset: 3 /superdata/kimi/uniqlo/System/Runtime/Cache/3b0b8182b75ad441e0f2fb2fc0c0343f.php 第 157 行.
NOTIC: [8] Undefined offset: 3 /superdata/kimi/uniqlo/System/Runtime/Cache/3b0b8182b75ad441e0f2fb2fc0c0343f.php 第 157 行.
NOTIC: [8] Undefined offset: 3 /superdata/kimi/uniqlo/System/Runtime/Cache/3b0b8182b75ad441e0f2fb2fc0c0343f.php 第 157 行.
NOTIC: [8] Undefined offset: 3 /superdata/kimi/uniqlo/System/Runtime/Cache/3b0b8182b75ad441e0f2fb2fc0c0343f.php 第 164 行.
NOTIC: [8] Undefined offset: 3 /superdata/kimi/uniqlo/System/Runtime/Cache/3b0b8182b75ad441e0f2fb2fc0c0343f.php 第 164 行.
NOTIC: [8] Undefined offset: 3 /superdata/kimi/uniqlo/System/Runtime/Cache/3b0b8182b75ad441e0f2fb2fc0c0343f.php 第 164 行.
NOTIC: [8] Undefined offset: 3 /superdata/kimi/uniqlo/System/Runtime/Cache/3b0b8182b75ad441e0f2fb2fc0c0343f.php 第 164 行.
NOTIC: [8] Undefined offset: 3 /superdata/kimi/uniqlo/System/Runtime/Cache/3b0b8182b75ad441e0f2fb2fc0c0343f.php 第 164 行.
NOTIC: [8] Undefined offset: 3 /superdata/kimi/uniqlo/System/Runtime/Cache/3b0b8182b75ad441e0f2fb2fc0c0343f.php 第 164 行.
NOTIC: [8] Undefined offset: 3 /superdata/kimi/uniqlo/System/Runtime/Cache/3b0b8182b75ad441e0f2fb2fc0c0343f.php 第 164 行.
NOTIC: [8] Undefined offset: 3 /superdata/kimi/uniqlo/System/Runtime/Cache/3b0b8182b75ad441e0f2fb2fc0c0343f.php 第 164 行.
NOTIC: [8] Undefined offset: 3 /superdata/kimi/uniqlo/System/Runtime/Cache/3b0b8182b75ad441e0f2fb2fc0c0343f.php 第 164 行.
NOTIC: [8] Undefined offset: 3 /superdata/kimi/uniqlo/System/Runtime/Cache/3b0b8182b75ad441e0f2fb2fc0c0343f.php 第 164 行.
NOTIC: [8] Undefined offset: 3 /superdata/kimi/uniqlo/System/Runtime/Cache/3b0b8182b75ad441e0f2fb2fc0c0343f.php 第 164 行.
NOTIC: [8] Undefined offset: 3 /superdata/kimi/uniqlo/System/Runtime/Cache/3b0b8182b75ad441e0f2fb2fc0c0343f.php 第 164 行.
NOTIC: [8] Undefined offset: 3 /superdata/kimi/uniqlo/System/Runtime/Cache/3b0b8182b75ad441e0f2fb2fc0c0343f.php 第 164 行.
NOTIC: [8] Undefined offset: 3 /superdata/kimi/uniqlo/System/Runtime/Cache/3b0b8182b75ad441e0f2fb2fc0c0343f.php 第 164 行.
NOTIC: [8] Undefined offset: 3 /superdata/kimi/uniqlo/System/Runtime/Cache/3b0b8182b75ad441e0f2fb2fc0c0343f.php 第 164 行.
NOTIC: [8] Undefined offset: 3 /superdata/kimi/uniqlo/System/Runtime/Cache/3b0b8182b75ad441e0f2fb2fc0c0343f.php 第 164 行.
NOTIC: [8] Undefined offset: 3 /superdata/kimi/uniqlo/System/Runtime/Cache/3b0b8182b75ad441e0f2fb2fc0c0343f.php 第 164 行.
NOTIC: [8] Undefined offset: 3 /superdata/kimi/uniqlo/System/Runtime/Cache/3b0b8182b75ad441e0f2fb2fc0c0343f.php 第 164 行.
NOTIC: [8] Undefined offset: 3 /superdata/kimi/uniqlo/System/Runtime/Cache/3b0b8182b75ad441e0f2fb2fc0c0343f.php 第 164 行.
NOTIC: [8] Undefined offset: 3 /superdata/kimi/uniqlo/System/Runtime/Cache/3b0b8182b75ad441e0f2fb2fc0c0343f.php 第 164 行.
NOTIC: [8] Undefined offset: 3 /superdata/kimi/uniqlo/System/Runtime/Cache/3b0b8182b75ad441e0f2fb2fc0c0343f.php 第 164 行.
NOTIC: [8] Undefined offset: 3 /superdata/kimi/uniqlo/System/Runtime/Cache/3b0b8182b75ad441e0f2fb2fc0c0343f.php 第 164 行.
NOTIC: [8] Undefined offset: 3 /superdata/kimi/uniqlo/System/Runtime/Cache/3b0b8182b75ad441e0f2fb2fc0c0343f.php 第 164 行.
NOTIC: [8] Undefined offset: 3 /superdata/kimi/uniqlo/System/Runtime/Cache/3b0b8182b75ad441e0f2fb2fc0c0343f.php 第 164 行.
NOTIC: [8] Undefined offset: 3 /superdata/kimi/uniqlo/System/Runtime/Cache/3b0b8182b75ad441e0f2fb2fc0c0343f.php 第 164 行.
NOTIC: [8] Undefined offset: 3 /superdata/kimi/uniqlo/System/Runtime/Cache/3b0b8182b75ad441e0f2fb2fc0c0343f.php 第 164 行.
NOTIC: [8] Undefined offset: 3 /superdata/kimi/uniqlo/System/Runtime/Cache/3b0b8182b75ad441e0f2fb2fc0c0343f.php 第 164 行.
NOTIC: [8] Undefined offset: 3 /superdata/kimi/uniqlo/System/Runtime/Cache/3b0b8182b75ad441e0f2fb2fc0c0343f.php 第 164 行.
NOTIC: [8] Undefined offset: 3 /superdata/kimi/uniqlo/System/Runtime/Cache/3b0b8182b75ad441e0f2fb2fc0c0343f.php 第 164 行.
NOTIC: [8] Undefined offset: 3 /superdata/kimi/uniqlo/System/Runtime/Cache/3b0b8182b75ad441e0f2fb2fc0c0343f.php 第 164 行.
NOTIC: [8] Undefined offset: 3 /superdata/kimi/uniqlo/System/Runtime/Cache/3b0b8182b75ad441e0f2fb2fc0c0343f.php 第 164 行.
NOTIC: [8] Undefined offset: 3 /superdata/kimi/uniqlo/System/Runtime/Cache/3b0b8182b75ad441e0f2fb2fc0c0343f.php 第 164 行.
NOTIC: [8] Undefined offset: 3 /superdata/kimi/uniqlo/System/Runtime/Cache/3b0b8182b75ad441e0f2fb2fc0c0343f.php 第 164 行.
NOTIC: [8] Undefined offset: 3 /superdata/kimi/uniqlo/System/Runtime/Cache/3b0b8182b75ad441e0f2fb2fc0c0343f.php 第 164 行.
NOTIC: [8] Undefined offset: 3 /superdata/kimi/uniqlo/System/Runtime/Cache/3b0b8182b75ad441e0f2fb2fc0c0343f.php 第 164 行.
NOTIC: [8] Undefined offset: 3 /superdata/kimi/uniqlo/System/Runtime/Cache/3b0b8182b75ad441e0f2fb2fc0c0343f.php 第 164 行.
NOTIC: [8] Undefined offset: 3 /superdata/kimi/uniqlo/System/Runtime/Cache/3b0b8182b75ad441e0f2fb2fc0c0343f.php 第 164 行.
NOTIC: [8] Undefined offset: 3 /superdata/kimi/uniqlo/System/Runtime/Cache/3b0b8182b75ad441e0f2fb2fc0c0343f.php 第 164 行.
NOTIC: [8] Undefined offset: 3 /superdata/kimi/uniqlo/System/Runtime/Cache/3b0b8182b75ad441e0f2fb2fc0c0343f.php 第 164 行.
NOTIC: [8] Undefined offset: 3 /superdata/kimi/uniqlo/System/Runtime/Cache/3b0b8182b75ad441e0f2fb2fc0c0343f.php 第 164 行.
NOTIC: [8] Undefined offset: 3 /superdata/kimi/uniqlo/System/Runtime/Cache/3b0b8182b75ad441e0f2fb2fc0c0343f.php 第 164 行.
NOTIC: [8] Undefined offset: 3 /superdata/kimi/uniqlo/System/Runtime/Cache/3b0b8182b75ad441e0f2fb2fc0c0343f.php 第 164 行.
NOTIC: [8] Undefined offset: 3 /superdata/kimi/uniqlo/System/Runtime/Cache/3b0b8182b75ad441e0f2fb2fc0c0343f.php 第 164 行.
NOTIC: [8] Undefined offset: 3 /superdata/kimi/uniqlo/System/Runtime/Cache/3b0b8182b75ad441e0f2fb2fc0c0343f.php 第 164 行.
NOTIC: [8] Undefined offset: 3 /superdata/kimi/uniqlo/System/Runtime/Cache/3b0b8182b75ad441e0f2fb2fc0c0343f.php 第 164 行.
NOTIC: [8] Undefined offset: 3 /superdata/kimi/uniqlo/System/Runtime/Cache/3b0b8182b75ad441e0f2fb2fc0c0343f.php 第 164 行.
NOTIC: [8] Undefined offset: 3 /superdata/kimi/uniqlo/System/Runtime/Cache/3b0b8182b75ad441e0f2fb2fc0c0343f.php 第 164 行.
NOTIC: [8] Undefined offset: 3 /superdata/kimi/uniqlo/System/Runtime/Cache/3b0b8182b75ad441e0f2fb2fc0c0343f.php 第 164 行.
NOTIC: [8] Undefined offset: 3 /superdata/kimi/uniqlo/System/Runtime/Cache/3b0b8182b75ad441e0f2fb2fc0c0343f.php 第 164 行.
NOTIC: [8] Undefined offset: 3 /superdata/kimi/uniqlo/System/Runtime/Cache/3b0b8182b75ad441e0f2fb2fc0c0343f.php 第 164 行.
NOTIC: [8] Undefined offset: 3 /superdata/kimi/uniqlo/System/Runtime/Cache/3b0b8182b75ad441e0f2fb2fc0c0343f.php 第 164 行.
NOTIC: [8] Undefined offset: 3 /superdata/kimi/uniqlo/System/Runtime/Cache/3b0b8182b75ad441e0f2fb2fc0c0343f.php 第 171 行.
NOTIC: [8] Undefined offset: 3 /superdata/kimi/uniqlo/System/Runtime/Cache/3b0b8182b75ad441e0f2fb2fc0c0343f.php 第 171 行.
NOTIC: [8] Undefined offset: 3 /superdata/kimi/uniqlo/System/Runtime/Cache/3b0b8182b75ad441e0f2fb2fc0c0343f.php 第 171 行.
NOTIC: [8] Undefined offset: 3 /superdata/kimi/uniqlo/System/Runtime/Cache/3b0b8182b75ad441e0f2fb2fc0c0343f.php 第 171 行.
NOTIC: [8] Undefined offset: 3 /superdata/kimi/uniqlo/System/Runtime/Cache/3b0b8182b75ad441e0f2fb2fc0c0343f.php 第 171 行.
NOTIC: [8] Undefined offset: 3 /superdata/kimi/uniqlo/System/Runtime/Cache/3b0b8182b75ad441e0f2fb2fc0c0343f.php 第 171 行.
NOTIC: [8] Undefined offset: 3 /superdata/kimi/uniqlo/System/Runtime/Cache/3b0b8182b75ad441e0f2fb2fc0c0343f.php 第 171 行.
NOTIC: [8] Undefined offset: 3 /superdata/kimi/uniqlo/System/Runtime/Cache/3b0b8182b75ad441e0f2fb2fc0c0343f.php 第 171 行.
NOTIC: [8] Undefined offset: 3 /superdata/kimi/uniqlo/System/Runtime/Cache/3b0b8182b75ad441e0f2fb2fc0c0343f.php 第 171 行.
NOTIC: [8] Undefined offset: 3 /superdata/kimi/uniqlo/System/Runtime/Cache/3b0b8182b75ad441e0f2fb2fc0c0343f.php 第 171 行.
NOTIC: [8] Undefined offset: 3 /superdata/kimi/uniqlo/System/Runtime/Cache/3b0b8182b75ad441e0f2fb2fc0c0343f.php 第 171 行.
NOTIC: [8] Undefined offset: 3 /superdata/kimi/uniqlo/System/Runtime/Cache/3b0b8182b75ad441e0f2fb2fc0c0343f.php 第 171 行.
NOTIC: [8] Undefined offset: 3 /superdata/kimi/uniqlo/System/Runtime/Cache/3b0b8182b75ad441e0f2fb2fc0c0343f.php 第 171 行.
NOTIC: [8] Undefined offset: 3 /superdata/kimi/uniqlo/System/Runtime/Cache/3b0b8182b75ad441e0f2fb2fc0c0343f.php 第 171 行.
NOTIC: [8] Undefined offset: 3 /superdata/kimi/uniqlo/System/Runtime/Cache/3b0b8182b75ad441e0f2fb2fc0c0343f.php 第 171 行.
NOTIC: [8] Undefined offset: 3 /superdata/kimi/uniqlo/System/Runtime/Cache/3b0b8182b75ad441e0f2fb2fc0c0343f.php 第 171 行.
NOTIC: [8] Undefined offset: 3 /superdata/kimi/uniqlo/System/Runtime/Cache/3b0b8182b75ad441e0f2fb2fc0c0343f.php 第 171 行.
NOTIC: [8] Undefined offset: 3 /superdata/kimi/uniqlo/System/Runtime/Cache/3b0b8182b75ad441e0f2fb2fc0c0343f.php 第 171 行.
NOTIC: [8] Undefined offset: 3 /superdata/kimi/uniqlo/System/Runtime/Cache/3b0b8182b75ad441e0f2fb2fc0c0343f.php 第 171 行.
NOTIC: [8] Undefined offset: 3 /superdata/kimi/uniqlo/System/Runtime/Cache/3b0b8182b75ad441e0f2fb2fc0c0343f.php 第 171 行.
NOTIC: [8] Undefined offset: 3 /superdata/kimi/uniqlo/System/Runtime/Cache/3b0b8182b75ad441e0f2fb2fc0c0343f.php 第 171 行.
NOTIC: [8] Undefined offset: 3 /superdata/kimi/uniqlo/System/Runtime/Cache/3b0b8182b75ad441e0f2fb2fc0c0343f.php 第 171 行.
NOTIC: [8] Undefined offset: 3 /superdata/kimi/uniqlo/System/Runtime/Cache/3b0b8182b75ad441e0f2fb2fc0c0343f.php 第 171 行.
NOTIC: [8] Undefined offset: 3 /superdata/kimi/uniqlo/System/Runtime/Cache/3b0b8182b75ad441e0f2fb2fc0c0343f.php 第 171 行.
NOTIC: [8] Undefined offset: 3 /superdata/kimi/uniqlo/System/Runtime/Cache/3b0b8182b75ad441e0f2fb2fc0c0343f.php 第 171 行.
NOTIC: [8] Undefined offset: 3 /superdata/kimi/uniqlo/System/Runtime/Cache/3b0b8182b75ad441e0f2fb2fc0c0343f.php 第 171 行.
NOTIC: [8] Undefined offset: 3 /superdata/kimi/uniqlo/System/Runtime/Cache/3b0b8182b75ad441e0f2fb2fc0c0343f.php 第 171 行.
NOTIC: [8] Undefined offset: 3 /superdata/kimi/uniqlo/System/Runtime/Cache/3b0b8182b75ad441e0f2fb2fc0c0343f.php 第 171 行.
NOTIC: [8] Undefined offset: 3 /superdata/kimi/uniqlo/System/Runtime/Cache/3b0b8182b75ad441e0f2fb2fc0c0343f.php 第 171 行.
NOTIC: [8] Undefined offset: 3 /superdata/kimi/uniqlo/System/Runtime/Cache/3b0b8182b75ad441e0f2fb2fc0c0343f.php 第 171 行.
NOTIC: [8] Undefined offset: 3 /superdata/kimi/uniqlo/System/Runtime/Cache/3b0b8182b75ad441e0f2fb2fc0c0343f.php 第 171 行.
NOTIC: [8] Undefined offset: 3 /superdata/kimi/uniqlo/System/Runtime/Cache/3b0b8182b75ad441e0f2fb2fc0c0343f.php 第 171 行.
NOTIC: [8] Undefined offset: 3 /superdata/kimi/uniqlo/System/Runtime/Cache/3b0b8182b75ad441e0f2fb2fc0c0343f.php 第 171 行.
NOTIC: [8] Undefined offset: 3 /superdata/kimi/uniqlo/System/Runtime/Cache/3b0b8182b75ad441e0f2fb2fc0c0343f.php 第 171 行.
NOTIC: [8] Undefined offset: 3 /superdata/kimi/uniqlo/System/Runtime/Cache/3b0b8182b75ad441e0f2fb2fc0c0343f.php 第 171 行.
NOTIC: [8] Undefined offset: 3 /superdata/kimi/uniqlo/System/Runtime/Cache/3b0b8182b75ad441e0f2fb2fc0c0343f.php 第 171 行.
NOTIC: [8] Undefined offset: 3 /superdata/kimi/uniqlo/System/Runtime/Cache/3b0b8182b75ad441e0f2fb2fc0c0343f.php 第 171 行.
NOTIC: [8] Undefined offset: 3 /superdata/kimi/uniqlo/System/Runtime/Cache/3b0b8182b75ad441e0f2fb2fc0c0343f.php 第 171 行.
NOTIC: [8] Undefined offset: 3 /superdata/kimi/uniqlo/System/Runtime/Cache/3b0b8182b75ad441e0f2fb2fc0c0343f.php 第 171 行.
NOTIC: [8] Undefined offset: 3 /superdata/kimi/uniqlo/System/Runtime/Cache/3b0b8182b75ad441e0f2fb2fc0c0343f.php 第 171 行.
NOTIC: [8] Undefined offset: 3 /superdata/kimi/uniqlo/System/Runtime/Cache/3b0b8182b75ad441e0f2fb2fc0c0343f.php 第 171 行.
NOTIC: [8] Undefined offset: 3 /superdata/kimi/uniqlo/System/Runtime/Cache/3b0b8182b75ad441e0f2fb2fc0c0343f.php 第 171 行.
NOTIC: [8] Undefined offset: 3 /superdata/kimi/uniqlo/System/Runtime/Cache/3b0b8182b75ad441e0f2fb2fc0c0343f.php 第 171 行.
NOTIC: [8] Undefined offset: 3 /superdata/kimi/uniqlo/System/Runtime/Cache/3b0b8182b75ad441e0f2fb2fc0c0343f.php 第 171 行.
NOTIC: [8] Undefined offset: 3 /superdata/kimi/uniqlo/System/Runtime/Cache/3b0b8182b75ad441e0f2fb2fc0c0343f.php 第 171 行.
NOTIC: [8] Undefined offset: 3 /superdata/kimi/uniqlo/System/Runtime/Cache/3b0b8182b75ad441e0f2fb2fc0c0343f.php 第 171 行.
NOTIC: [8] Undefined offset: 3 /superdata/kimi/uniqlo/System/Runtime/Cache/3b0b8182b75ad441e0f2fb2fc0c0343f.php 第 171 行.
NOTIC: [8] Undefined offset: 3 /superdata/kimi/uniqlo/System/Runtime/Cache/3b0b8182b75ad441e0f2fb2fc0c0343f.php 第 171 行.
NOTIC: [8] Undefined offset: 3 /superdata/kimi/uniqlo/System/Runtime/Cache/3b0b8182b75ad441e0f2fb2fc0c0343f.php 第 171 行.
NOTIC: [8] Undefined offset: 3 /superdata/kimi/uniqlo/System/Runtime/Cache/3b0b8182b75ad441e0f2fb2fc0c0343f.php 第 171 行.
NOTIC: [8] Undefined offset: 3 /superdata/kimi/uniqlo/System/Runtime/Cache/3b0b8182b75ad441e0f2fb2fc0c0343f.php 第 171 行.
NOTIC: [8] Undefined offset: 4 /superdata/kimi/uniqlo/System/Runtime/Cache/3b0b8182b75ad441e0f2fb2fc0c0343f.php 第 179 行.
NOTIC: [8] Undefined offset: 4 /superdata/kimi/uniqlo/System/Runtime/Cache/3b0b8182b75ad441e0f2fb2fc0c0343f.php 第 186 行.
NOTIC: [8] Undefined offset: 4 /superdata/kimi/uniqlo/System/Runtime/Cache/3b0b8182b75ad441e0f2fb2fc0c0343f.php 第 186 行.
NOTIC: [8] Undefined offset: 4 /superdata/kimi/uniqlo/System/Runtime/Cache/3b0b8182b75ad441e0f2fb2fc0c0343f.php 第 186 行.
NOTIC: [8] Undefined offset: 4 /superdata/kimi/uniqlo/System/Runtime/Cache/3b0b8182b75ad441e0f2fb2fc0c0343f.php 第 186 行.
NOTIC: [8] Undefined offset: 4 /superdata/kimi/uniqlo/System/Runtime/Cache/3b0b8182b75ad441e0f2fb2fc0c0343f.php 第 186 行.
NOTIC: [8] Undefined offset: 4 /superdata/kimi/uniqlo/System/Runtime/Cache/3b0b8182b75ad441e0f2fb2fc0c0343f.php 第 186 行.
NOTIC: [8] Undefined offset: 4 /superdata/kimi/uniqlo/System/Runtime/Cache/3b0b8182b75ad441e0f2fb2fc0c0343f.php 第 186 行.
NOTIC: [8] Undefined offset: 4 /superdata/kimi/uniqlo/System/Runtime/Cache/3b0b8182b75ad441e0f2fb2fc0c0343f.php 第 186 行.
NOTIC: [8] Undefined offset: 4 /superdata/kimi/uniqlo/System/Runtime/Cache/3b0b8182b75ad441e0f2fb2fc0c0343f.php 第 193 行.
NOTIC: [8] Undefined offset: 4 /superdata/kimi/uniqlo/System/Runtime/Cache/3b0b8182b75ad441e0f2fb2fc0c0343f.php 第 193 行.
NOTIC: [8] Undefined offset: 4 /superdata/kimi/uniqlo/System/Runtime/Cache/3b0b8182b75ad441e0f2fb2fc0c0343f.php 第 193 行.
NOTIC: [8] Undefined offset: 4 /superdata/kimi/uniqlo/System/Runtime/Cache/3b0b8182b75ad441e0f2fb2fc0c0343f.php 第 193 行.
NOTIC: [8] Undefined offset: 4 /superdata/kimi/uniqlo/System/Runtime/Cache/3b0b8182b75ad441e0f2fb2fc0c0343f.php 第 193 行.
NOTIC: [8] Undefined offset: 4 /superdata/kimi/uniqlo/System/Runtime/Cache/3b0b8182b75ad441e0f2fb2fc0c0343f.php 第 193 行.
NOTIC: [8] Undefined offset: 4 /superdata/kimi/uniqlo/System/Runtime/Cache/3b0b8182b75ad441e0f2fb2fc0c0343f.php 第 193 行.
NOTIC: [8] Undefined offset: 4 /superdata/kimi/uniqlo/System/Runtime/Cache/3b0b8182b75ad441e0f2fb2fc0c0343f.php 第 193 行.
NOTIC: [8] Undefined offset: 4 /superdata/kimi/uniqlo/System/Runtime/Cache/3b0b8182b75ad441e0f2fb2fc0c0343f.php 第 193 行.
NOTIC: [8] Undefined offset: 4 /superdata/kimi/uniqlo/System/Runtime/Cache/3b0b8182b75ad441e0f2fb2fc0c0343f.php 第 193 行.
NOTIC: [8] Undefined offset: 4 /superdata/kimi/uniqlo/System/Runtime/Cache/3b0b8182b75ad441e0f2fb2fc0c0343f.php 第 193 行.
NOTIC: [8] Undefined offset: 4 /superdata/kimi/uniqlo/System/Runtime/Cache/3b0b8182b75ad441e0f2fb2fc0c0343f.php 第 193 行.
NOTIC: [8] Undefined offset: 4 /superdata/kimi/uniqlo/System/Runtime/Cache/3b0b8182b75ad441e0f2fb2fc0c0343f.php 第 193 行.
NOTIC: [8] Undefined offset: 4 /superdata/kimi/uniqlo/System/Runtime/Cache/3b0b8182b75ad441e0f2fb2fc0c0343f.php 第 193 行.
NOTIC: [8] Undefined offset: 4 /superdata/kimi/uniqlo/System/Runtime/Cache/3b0b8182b75ad441e0f2fb2fc0c0343f.php 第 193 行.
NOTIC: [8] Undefined offset: 4 /superdata/kimi/uniqlo/System/Runtime/Cache/3b0b8182b75ad441e0f2fb2fc0c0343f.php 第 193 行.
NOTIC: [8] Undefined offset: 4 /superdata/kimi/uniqlo/System/Runtime/Cache/3b0b8182b75ad441e0f2fb2fc0c0343f.php 第 193 行.
NOTIC: [8] Undefined offset: 4 /superdata/kimi/uniqlo/System/Runtime/Cache/3b0b8182b75ad441e0f2fb2fc0c0343f.php 第 193 行.
NOTIC: [8] Undefined offset: 4 /superdata/kimi/uniqlo/System/Runtime/Cache/3b0b8182b75ad441e0f2fb2fc0c0343f.php 第 193 行.
NOTIC: [8] Undefined offset: 4 /superdata/kimi/uniqlo/System/Runtime/Cache/3b0b8182b75ad441e0f2fb2fc0c0343f.php 第 193 行.
NOTIC: [8] Undefined offset: 4 /superdata/kimi/uniqlo/System/Runtime/Cache/3b0b8182b75ad441e0f2fb2fc0c0343f.php 第 193 行.
NOTIC: [8] Undefined offset: 4 /superdata/kimi/uniqlo/System/Runtime/Cache/3b0b8182b75ad441e0f2fb2fc0c0343f.php 第 193 行.
NOTIC: [8] Undefined offset: 4 /superdata/kimi/uniqlo/System/Runtime/Cache/3b0b8182b75ad441e0f2fb2fc0c0343f.php 第 193 行.
NOTIC: [8] Undefined offset: 4 /superdata/kimi/uniqlo/System/Runtime/Cache/3b0b8182b75ad441e0f2fb2fc0c0343f.php 第 193 行.
NOTIC: [8] Undefined offset: 4 /superdata/kimi/uniqlo/System/Runtime/Cache/3b0b8182b75ad441e0f2fb2fc0c0343f.php 第 193 行.
NOTIC: [8] Undefined offset: 4 /superdata/kimi/uniqlo/System/Runtime/Cache/3b0b8182b75ad441e0f2fb2fc0c0343f.php 第 193 行.
NOTIC: [8] Undefined offset: 4 /superdata/kimi/uniqlo/System/Runtime/Cache/3b0b8182b75ad441e0f2fb2fc0c0343f.php 第 193 行.
NOTIC: [8] Undefined offset: 4 /superdata/kimi/uniqlo/System/Runtime/Cache/3b0b8182b75ad441e0f2fb2fc0c0343f.php 第 193 行.
NOTIC: [8] Undefined offset: 4 /superdata/kimi/uniqlo/System/Runtime/Cache/3b0b8182b75ad441e0f2fb2fc0c0343f.php 第 193 行.
NOTIC: [8] Undefined offset: 4 /superdata/kimi/uniqlo/System/Runtime/Cache/3b0b8182b75ad441e0f2fb2fc0c0343f.php 第 193 行.
NOTIC: [8] Undefined offset: 4 /superdata/kimi/uniqlo/System/Runtime/Cache/3b0b8182b75ad441e0f2fb2fc0c0343f.php 第 193 行.
NOTIC: [8] Undefined offset: 4 /superdata/kimi/uniqlo/System/Runtime/Cache/3b0b8182b75ad441e0f2fb2fc0c0343f.php 第 193 行.
NOTIC: [8] Undefined offset: 4 /superdata/kimi/uniqlo/System/Runtime/Cache/3b0b8182b75ad441e0f2fb2fc0c0343f.php 第 193 行.
NOTIC: [8] Undefined offset: 4 /superdata/kimi/uniqlo/System/Runtime/Cache/3b0b8182b75ad441e0f2fb2fc0c0343f.php 第 193 行.
NOTIC: [8] Undefined offset: 4 /superdata/kimi/uniqlo/System/Runtime/Cache/3b0b8182b75ad441e0f2fb2fc0c0343f.php 第 193 行.
NOTIC: [8] Undefined offset: 4 /superdata/kimi/uniqlo/System/Runtime/Cache/3b0b8182b75ad441e0f2fb2fc0c0343f.php 第 193 行.
NOTIC: [8] Undefined offset: 4 /superdata/kimi/uniqlo/System/Runtime/Cache/3b0b8182b75ad441e0f2fb2fc0c0343f.php 第 193 行.
NOTIC: [8] Undefined offset: 4 /superdata/kimi/uniqlo/System/Runtime/Cache/3b0b8182b75ad441e0f2fb2fc0c0343f.php 第 193 行.
NOTIC: [8] Undefined offset: 4 /superdata/kimi/uniqlo/System/Runtime/Cache/3b0b8182b75ad441e0f2fb2fc0c0343f.php 第 193 行.
NOTIC: [8] Undefined offset: 4 /superdata/kimi/uniqlo/System/Runtime/Cache/3b0b8182b75ad441e0f2fb2fc0c0343f.php 第 193 行.
NOTIC: [8] Undefined offset: 4 /superdata/kimi/uniqlo/System/Runtime/Cache/3b0b8182b75ad441e0f2fb2fc0c0343f.php 第 193 行.
NOTIC: [8] Undefined offset: 4 /superdata/kimi/uniqlo/System/Runtime/Cache/3b0b8182b75ad441e0f2fb2fc0c0343f.php 第 193 行.
NOTIC: [8] Undefined offset: 4 /superdata/kimi/uniqlo/System/Runtime/Cache/3b0b8182b75ad441e0f2fb2fc0c0343f.php 第 193 行.
NOTIC: [8] Undefined offset: 4 /superdata/kimi/uniqlo/System/Runtime/Cache/3b0b8182b75ad441e0f2fb2fc0c0343f.php 第 193 行.
NOTIC: [8] Undefined offset: 4 /superdata/kimi/uniqlo/System/Runtime/Cache/3b0b8182b75ad441e0f2fb2fc0c0343f.php 第 193 行.
NOTIC: [8] Undefined offset: 4 /superdata/kimi/uniqlo/System/Runtime/Cache/3b0b8182b75ad441e0f2fb2fc0c0343f.php 第 193 行.
NOTIC: [8] Undefined offset: 4 /superdata/kimi/uniqlo/System/Runtime/Cache/3b0b8182b75ad441e0f2fb2fc0c0343f.php 第 193 行.
NOTIC: [8] Undefined offset: 4 /superdata/kimi/uniqlo/System/Runtime/Cache/3b0b8182b75ad441e0f2fb2fc0c0343f.php 第 193 行.
NOTIC: [8] Undefined offset: 4 /superdata/kimi/uniqlo/System/Runtime/Cache/3b0b8182b75ad441e0f2fb2fc0c0343f.php 第 193 行.
NOTIC: [8] Undefined offset: 4 /superdata/kimi/uniqlo/System/Runtime/Cache/3b0b8182b75ad441e0f2fb2fc0c0343f.php 第 193 行.
NOTIC: [8] Undefined offset: 4 /superdata/kimi/uniqlo/System/Runtime/Cache/3b0b8182b75ad441e0f2fb2fc0c0343f.php 第 193 行.
NOTIC: [8] Undefined offset: 4 /superdata/kimi/uniqlo/System/Runtime/Cache/3b0b8182b75ad441e0f2fb2fc0c0343f.php 第 200 行.
NOTIC: [8] Undefined offset: 4 /superdata/kimi/uniqlo/System/Runtime/Cache/3b0b8182b75ad441e0f2fb2fc0c0343f.php 第 200 行.
NOTIC: [8] Undefined offset: 4 /superdata/kimi/uniqlo/System/Runtime/Cache/3b0b8182b75ad441e0f2fb2fc0c0343f.php 第 200 行.
NOTIC: [8] Undefined offset: 4 /superdata/kimi/uniqlo/System/Runtime/Cache/3b0b8182b75ad441e0f2fb2fc0c0343f.php 第 200 行.
NOTIC: [8] Undefined offset: 4 /superdata/kimi/uniqlo/System/Runtime/Cache/3b0b8182b75ad441e0f2fb2fc0c0343f.php 第 200 行.
NOTIC: [8] Undefined offset: 4 /superdata/kimi/uniqlo/System/Runtime/Cache/3b0b8182b75ad441e0f2fb2fc0c0343f.php 第 200 行.
NOTIC: [8] Undefined offset: 4 /superdata/kimi/uniqlo/System/Runtime/Cache/3b0b8182b75ad441e0f2fb2fc0c0343f.php 第 200 行.
NOTIC: [8] Undefined offset: 4 /superdata/kimi/uniqlo/System/Runtime/Cache/3b0b8182b75ad441e0f2fb2fc0c0343f.php 第 200 行.
NOTIC: [8] Undefined offset: 4 /superdata/kimi/uniqlo/System/Runtime/Cache/3b0b8182b75ad441e0f2fb2fc0c0343f.php 第 200 行.
NOTIC: [8] Undefined offset: 4 /superdata/kimi/uniqlo/System/Runtime/Cache/3b0b8182b75ad441e0f2fb2fc0c0343f.php 第 200 行.
NOTIC: [8] Undefined offset: 4 /superdata/kimi/uniqlo/System/Runtime/Cache/3b0b8182b75ad441e0f2fb2fc0c0343f.php 第 200 行.
NOTIC: [8] Undefined offset: 4 /superdata/kimi/uniqlo/System/Runtime/Cache/3b0b8182b75ad441e0f2fb2fc0c0343f.php 第 200 行.
NOTIC: [8] Undefined offset: 4 /superdata/kimi/uniqlo/System/Runtime/Cache/3b0b8182b75ad441e0f2fb2fc0c0343f.php 第 200 行.
NOTIC: [8] Undefined offset: 4 /superdata/kimi/uniqlo/System/Runtime/Cache/3b0b8182b75ad441e0f2fb2fc0c0343f.php 第 200 行.
NOTIC: [8] Undefined offset: 4 /superdata/kimi/uniqlo/System/Runtime/Cache/3b0b8182b75ad441e0f2fb2fc0c0343f.php 第 200 行.
NOTIC: [8] Undefined offset: 4 /superdata/kimi/uniqlo/System/Runtime/Cache/3b0b8182b75ad441e0f2fb2fc0c0343f.php 第 200 行.
NOTIC: [8] Undefined offset: 4 /superdata/kimi/uniqlo/System/Runtime/Cache/3b0b8182b75ad441e0f2fb2fc0c0343f.php 第 200 行.
NOTIC: [8] Undefined offset: 4 /superdata/kimi/uniqlo/System/Runtime/Cache/3b0b8182b75ad441e0f2fb2fc0c0343f.php 第 200 行.
NOTIC: [8] Undefined offset: 4 /superdata/kimi/uniqlo/System/Runtime/Cache/3b0b8182b75ad441e0f2fb2fc0c0343f.php 第 200 行.
NOTIC: [8] Undefined offset: 4 /superdata/kimi/uniqlo/System/Runtime/Cache/3b0b8182b75ad441e0f2fb2fc0c0343f.php 第 200 行.
NOTIC: [8] Undefined offset: 4 /superdata/kimi/uniqlo/System/Runtime/Cache/3b0b8182b75ad441e0f2fb2fc0c0343f.php 第 200 行.
NOTIC: [8] Undefined offset: 4 /superdata/kimi/uniqlo/System/Runtime/Cache/3b0b8182b75ad441e0f2fb2fc0c0343f.php 第 200 行.
NOTIC: [8] Undefined offset: 4 /superdata/kimi/uniqlo/System/Runtime/Cache/3b0b8182b75ad441e0f2fb2fc0c0343f.php 第 200 行.
NOTIC: [8] Undefined offset: 4 /superdata/kimi/uniqlo/System/Runtime/Cache/3b0b8182b75ad441e0f2fb2fc0c0343f.php 第 200 行.
NOTIC: [8] Undefined offset: 4 /superdata/kimi/uniqlo/System/Runtime/Cache/3b0b8182b75ad441e0f2fb2fc0c0343f.php 第 200 行.
NOTIC: [8] Undefined offset: 4 /superdata/kimi/uniqlo/System/Runtime/Cache/3b0b8182b75ad441e0f2fb2fc0c0343f.php 第 200 行.
NOTIC: [8] Undefined offset: 4 /superdata/kimi/uniqlo/System/Runtime/Cache/3b0b8182b75ad441e0f2fb2fc0c0343f.php 第 200 行.
NOTIC: [8] Undefined offset: 4 /superdata/kimi/uniqlo/System/Runtime/Cache/3b0b8182b75ad441e0f2fb2fc0c0343f.php 第 200 行.
NOTIC: [8] Undefined offset: 4 /superdata/kimi/uniqlo/System/Runtime/Cache/3b0b8182b75ad441e0f2fb2fc0c0343f.php 第 200 行.
NOTIC: [8] Undefined offset: 4 /superdata/kimi/uniqlo/System/Runtime/Cache/3b0b8182b75ad441e0f2fb2fc0c0343f.php 第 200 行.
NOTIC: [8] Undefined offset: 4 /superdata/kimi/uniqlo/System/Runtime/Cache/3b0b8182b75ad441e0f2fb2fc0c0343f.php 第 200 行.
NOTIC: [8] Undefined offset: 4 /superdata/kimi/uniqlo/System/Runtime/Cache/3b0b8182b75ad441e0f2fb2fc0c0343f.php 第 200 行.
NOTIC: [8] Undefined offset: 4 /superdata/kimi/uniqlo/System/Runtime/Cache/3b0b8182b75ad441e0f2fb2fc0c0343f.php 第 200 行.
NOTIC: [8] Undefined offset: 4 /superdata/kimi/uniqlo/System/Runtime/Cache/3b0b8182b75ad441e0f2fb2fc0c0343f.php 第 200 行.
NOTIC: [8] Undefined offset: 4 /superdata/kimi/uniqlo/System/Runtime/Cache/3b0b8182b75ad441e0f2fb2fc0c0343f.php 第 200 行.
NOTIC: [8] Undefined offset: 4 /superdata/kimi/uniqlo/System/Runtime/Cache/3b0b8182b75ad441e0f2fb2fc0c0343f.php 第 200 行.
NOTIC: [8] Undefined offset: 4 /superdata/kimi/uniqlo/System/Runtime/Cache/3b0b8182b75ad441e0f2fb2fc0c0343f.php 第 200 行.
NOTIC: [8] Undefined offset: 4 /superdata/kimi/uniqlo/System/Runtime/Cache/3b0b8182b75ad441e0f2fb2fc0c0343f.php 第 200 行.
NOTIC: [8] Undefined offset: 4 /superdata/kimi/uniqlo/System/Runtime/Cache/3b0b8182b75ad441e0f2fb2fc0c0343f.php 第 200 行.
NOTIC: [8] Undefined offset: 4 /superdata/kimi/uniqlo/System/Runtime/Cache/3b0b8182b75ad441e0f2fb2fc0c0343f.php 第 200 行.
NOTIC: [8] Undefined offset: 4 /superdata/kimi/uniqlo/System/Runtime/Cache/3b0b8182b75ad441e0f2fb2fc0c0343f.php 第 200 行.
NOTIC: [8] Undefined offset: 4 /superdata/kimi/uniqlo/System/Runtime/Cache/3b0b8182b75ad441e0f2fb2fc0c0343f.php 第 200 行.
NOTIC: [8] Undefined offset: 4 /superdata/kimi/uniqlo/System/Runtime/Cache/3b0b8182b75ad441e0f2fb2fc0c0343f.php 第 200 行.
NOTIC: [8] Undefined offset: 4 /superdata/kimi/uniqlo/System/Runtime/Cache/3b0b8182b75ad441e0f2fb2fc0c0343f.php 第 200 行.
NOTIC: [8] Undefined offset: 4 /superdata/kimi/uniqlo/System/Runtime/Cache/3b0b8182b75ad441e0f2fb2fc0c0343f.php 第 200 行.
NOTIC: [8] Undefined offset: 4 /superdata/kimi/uniqlo/System/Runtime/Cache/3b0b8182b75ad441e0f2fb2fc0c0343f.php 第 200 行.
NOTIC: [8] Undefined offset: 4 /superdata/kimi/uniqlo/System/Runtime/Cache/3b0b8182b75ad441e0f2fb2fc0c0343f.php 第 200 行.
NOTIC: [8] Undefined offset: 4 /superdata/kimi/uniqlo/System/Runtime/Cache/3b0b8182b75ad441e0f2fb2fc0c0343f.php 第 200 行.
NOTIC: [8] Undefined offset: 4 /superdata/kimi/uniqlo/System/Runtime/Cache/3b0b8182b75ad441e0f2fb2fc0c0343f.php 第 200 行.
NOTIC: [8] Undefined offset: 4 /superdata/kimi/uniqlo/System/Runtime/Cache/3b0b8182b75ad441e0f2fb2fc0c0343f.php 第 200 行.
NOTIC: [8] Undefined offset: 4 /superdata/kimi/uniqlo/System/Runtime/Cache/3b0b8182b75ad441e0f2fb2fc0c0343f.php 第 200 行.
NOTIC: [8] Undefined offset: 5 /superdata/kimi/uniqlo/System/Runtime/Cache/3b0b8182b75ad441e0f2fb2fc0c0343f.php 第 208 行.
NOTIC: [8] Undefined offset: 5 /superdata/kimi/uniqlo/System/Runtime/Cache/3b0b8182b75ad441e0f2fb2fc0c0343f.php 第 215 行.
NOTIC: [8] Undefined offset: 5 /superdata/kimi/uniqlo/System/Runtime/Cache/3b0b8182b75ad441e0f2fb2fc0c0343f.php 第 215 行.
NOTIC: [8] Undefined offset: 5 /superdata/kimi/uniqlo/System/Runtime/Cache/3b0b8182b75ad441e0f2fb2fc0c0343f.php 第 215 行.
NOTIC: [8] Undefined offset: 5 /superdata/kimi/uniqlo/System/Runtime/Cache/3b0b8182b75ad441e0f2fb2fc0c0343f.php 第 215 行.
NOTIC: [8] Undefined offset: 5 /superdata/kimi/uniqlo/System/Runtime/Cache/3b0b8182b75ad441e0f2fb2fc0c0343f.php 第 215 行.
NOTIC: [8] Undefined offset: 5 /superdata/kimi/uniqlo/System/Runtime/Cache/3b0b8182b75ad441e0f2fb2fc0c0343f.php 第 215 行.
NOTIC: [8] Undefined offset: 5 /superdata/kimi/uniqlo/System/Runtime/Cache/3b0b8182b75ad441e0f2fb2fc0c0343f.php 第 215 行.
NOTIC: [8] Undefined offset: 5 /superdata/kimi/uniqlo/System/Runtime/Cache/3b0b8182b75ad441e0f2fb2fc0c0343f.php 第 215 行.
NOTIC: [8] Undefined offset: 5 /superdata/kimi/uniqlo/System/Runtime/Cache/3b0b8182b75ad441e0f2fb2fc0c0343f.php 第 222 行.
NOTIC: [8] Undefined offset: 5 /superdata/kimi/uniqlo/System/Runtime/Cache/3b0b8182b75ad441e0f2fb2fc0c0343f.php 第 222 行.
NOTIC: [8] Undefined offset: 5 /superdata/kimi/uniqlo/System/Runtime/Cache/3b0b8182b75ad441e0f2fb2fc0c0343f.php 第 222 行.
NOTIC: [8] Undefined offset: 5 /superdata/kimi/uniqlo/System/Runtime/Cache/3b0b8182b75ad441e0f2fb2fc0c0343f.php 第 222 行.
NOTIC: [8] Undefined offset: 5 /superdata/kimi/uniqlo/System/Runtime/Cache/3b0b8182b75ad441e0f2fb2fc0c0343f.php 第 222 行.
NOTIC: [8] Undefined offset: 5 /superdata/kimi/uniqlo/System/Runtime/Cache/3b0b8182b75ad441e0f2fb2fc0c0343f.php 第 222 行.
NOTIC: [8] Undefined offset: 5 /superdata/kimi/uniqlo/System/Runtime/Cache/3b0b8182b75ad441e0f2fb2fc0c0343f.php 第 222 行.
NOTIC: [8] Undefined offset: 5 /superdata/kimi/uniqlo/System/Runtime/Cache/3b0b8182b75ad441e0f2fb2fc0c0343f.php 第 222 行.
NOTIC: [8] Undefined offset: 5 /superdata/kimi/uniqlo/System/Runtime/Cache/3b0b8182b75ad441e0f2fb2fc0c0343f.php 第 222 行.
NOTIC: [8] Undefined offset: 5 /superdata/kimi/uniqlo/System/Runtime/Cache/3b0b8182b75ad441e0f2fb2fc0c0343f.php 第 222 行.
NOTIC: [8] Undefined offset: 5 /superdata/kimi/uniqlo/System/Runtime/Cache/3b0b8182b75ad441e0f2fb2fc0c0343f.php 第 222 行.
NOTIC: [8] Undefined offset: 5 /superdata/kimi/uniqlo/System/Runtime/Cache/3b0b8182b75ad441e0f2fb2fc0c0343f.php 第 222 行.
NOTIC: [8] Undefined offset: 5 /superdata/kimi/uniqlo/System/Runtime/Cache/3b0b8182b75ad441e0f2fb2fc0c0343f.php 第 222 行.
NOTIC: [8] Undefined offset: 5 /superdata/kimi/uniqlo/System/Runtime/Cache/3b0b8182b75ad441e0f2fb2fc0c0343f.php 第 222 行.
NOTIC: [8] Undefined offset: 5 /superdata/kimi/uniqlo/System/Runtime/Cache/3b0b8182b75ad441e0f2fb2fc0c0343f.php 第 222 行.
NOTIC: [8] Undefined offset: 5 /superdata/kimi/uniqlo/System/Runtime/Cache/3b0b8182b75ad441e0f2fb2fc0c0343f.php 第 222 行.
NOTIC: [8] Undefined offset: 5 /superdata/kimi/uniqlo/System/Runtime/Cache/3b0b8182b75ad441e0f2fb2fc0c0343f.php 第 222 行.
NOTIC: [8] Undefined offset: 5 /superdata/kimi/uniqlo/System/Runtime/Cache/3b0b8182b75ad441e0f2fb2fc0c0343f.php 第 222 行.
NOTIC: [8] Undefined offset: 5 /superdata/kimi/uniqlo/System/Runtime/Cache/3b0b8182b75ad441e0f2fb2fc0c0343f.php 第 222 行.
NOTIC: [8] Undefined offset: 5 /superdata/kimi/uniqlo/System/Runtime/Cache/3b0b8182b75ad441e0f2fb2fc0c0343f.php 第 222 行.
NOTIC: [8] Undefined offset: 5 /superdata/kimi/uniqlo/System/Runtime/Cache/3b0b8182b75ad441e0f2fb2fc0c0343f.php 第 222 行.
NOTIC: [8] Undefined offset: 5 /superdata/kimi/uniqlo/System/Runtime/Cache/3b0b8182b75ad441e0f2fb2fc0c0343f.php 第 222 行.
NOTIC: [8] Undefined offset: 5 /superdata/kimi/uniqlo/System/Runtime/Cache/3b0b8182b75ad441e0f2fb2fc0c0343f.php 第 222 行.
NOTIC: [8] Undefined offset: 5 /superdata/kimi/uniqlo/System/Runtime/Cache/3b0b8182b75ad441e0f2fb2fc0c0343f.php 第 222 行.
NOTIC: [8] Undefined offset: 5 /superdata/kimi/uniqlo/System/Runtime/Cache/3b0b8182b75ad441e0f2fb2fc0c0343f.php 第 222 行.
NOTIC: [8] Undefined offset: 5 /superdata/kimi/uniqlo/System/Runtime/Cache/3b0b8182b75ad441e0f2fb2fc0c0343f.php 第 222 行.
NOTIC: [8] Undefined offset: 5 /superdata/kimi/uniqlo/System/Runtime/Cache/3b0b8182b75ad441e0f2fb2fc0c0343f.php 第 222 行.
NOTIC: [8] Undefined offset: 5 /superdata/kimi/uniqlo/System/Runtime/Cache/3b0b8182b75ad441e0f2fb2fc0c0343f.php 第 222 行.
NOTIC: [8] Undefined offset: 5 /superdata/kimi/uniqlo/System/Runtime/Cache/3b0b8182b75ad441e0f2fb2fc0c0343f.php 第 222 行.
NOTIC: [8] Undefined offset: 5 /superdata/kimi/uniqlo/System/Runtime/Cache/3b0b8182b75ad441e0f2fb2fc0c0343f.php 第 222 行.
NOTIC: [8] Undefined offset: 5 /superdata/kimi/uniqlo/System/Runtime/Cache/3b0b8182b75ad441e0f2fb2fc0c0343f.php 第 222 行.
NOTIC: [8] Undefined offset: 5 /superdata/kimi/uniqlo/System/Runtime/Cache/3b0b8182b75ad441e0f2fb2fc0c0343f.php 第 222 行.
NOTIC: [8] Undefined offset: 5 /superdata/kimi/uniqlo/System/Runtime/Cache/3b0b8182b75ad441e0f2fb2fc0c0343f.php 第 222 行.
NOTIC: [8] Undefined offset: 5 /superdata/kimi/uniqlo/System/Runtime/Cache/3b0b8182b75ad441e0f2fb2fc0c0343f.php 第 222 行.
NOTIC: [8] Undefined offset: 5 /superdata/kimi/uniqlo/System/Runtime/Cache/3b0b8182b75ad441e0f2fb2fc0c0343f.php 第 222 行.
NOTIC: [8] Undefined offset: 5 /superdata/kimi/uniqlo/System/Runtime/Cache/3b0b8182b75ad441e0f2fb2fc0c0343f.php 第 222 行.
NOTIC: [8] Undefined offset: 5 /superdata/kimi/uniqlo/System/Runtime/Cache/3b0b8182b75ad441e0f2fb2fc0c0343f.php 第 222 行.
NOTIC: [8] Undefined offset: 5 /superdata/kimi/uniqlo/System/Runtime/Cache/3b0b8182b75ad441e0f2fb2fc0c0343f.php 第 222 行.
NOTIC: [8] Undefined offset: 5 /superdata/kimi/uniqlo/System/Runtime/Cache/3b0b8182b75ad441e0f2fb2fc0c0343f.php 第 222 行.
NOTIC: [8] Undefined offset: 5 /superdata/kimi/uniqlo/System/Runtime/Cache/3b0b8182b75ad441e0f2fb2fc0c0343f.php 第 222 行.
NOTIC: [8] Undefined offset: 5 /superdata/kimi/uniqlo/System/Runtime/Cache/3b0b8182b75ad441e0f2fb2fc0c0343f.php 第 222 行.
NOTIC: [8] Undefined offset: 5 /superdata/kimi/uniqlo/System/Runtime/Cache/3b0b8182b75ad441e0f2fb2fc0c0343f.php 第 222 行.
NOTIC: [8] Undefined offset: 5 /superdata/kimi/uniqlo/System/Runtime/Cache/3b0b8182b75ad441e0f2fb2fc0c0343f.php 第 222 行.
NOTIC: [8] Undefined offset: 5 /superdata/kimi/uniqlo/System/Runtime/Cache/3b0b8182b75ad441e0f2fb2fc0c0343f.php 第 222 行.
NOTIC: [8] Undefined offset: 5 /superdata/kimi/uniqlo/System/Runtime/Cache/3b0b8182b75ad441e0f2fb2fc0c0343f.php 第 222 行.
NOTIC: [8] Undefined offset: 5 /superdata/kimi/uniqlo/System/Runtime/Cache/3b0b8182b75ad441e0f2fb2fc0c0343f.php 第 222 行.
NOTIC: [8] Undefined offset: 5 /superdata/kimi/uniqlo/System/Runtime/Cache/3b0b8182b75ad441e0f2fb2fc0c0343f.php 第 222 行.
NOTIC: [8] Undefined offset: 5 /superdata/kimi/uniqlo/System/Runtime/Cache/3b0b8182b75ad441e0f2fb2fc0c0343f.php 第 222 行.
NOTIC: [8] Undefined offset: 5 /superdata/kimi/uniqlo/System/Runtime/Cache/3b0b8182b75ad441e0f2fb2fc0c0343f.php 第 222 行.
NOTIC: [8] Undefined offset: 5 /superdata/kimi/uniqlo/System/Runtime/Cache/3b0b8182b75ad441e0f2fb2fc0c0343f.php 第 222 行.
NOTIC: [8] Undefined offset: 5 /superdata/kimi/uniqlo/System/Runtime/Cache/3b0b8182b75ad441e0f2fb2fc0c0343f.php 第 222 行.
NOTIC: [8] Undefined offset: 5 /superdata/kimi/uniqlo/System/Runtime/Cache/3b0b8182b75ad441e0f2fb2fc0c0343f.php 第 229 行.
NOTIC: [8] Undefined offset: 5 /superdata/kimi/uniqlo/System/Runtime/Cache/3b0b8182b75ad441e0f2fb2fc0c0343f.php 第 229 行.
NOTIC: [8] Undefined offset: 5 /superdata/kimi/uniqlo/System/Runtime/Cache/3b0b8182b75ad441e0f2fb2fc0c0343f.php 第 229 行.
NOTIC: [8] Undefined offset: 5 /superdata/kimi/uniqlo/System/Runtime/Cache/3b0b8182b75ad441e0f2fb2fc0c0343f.php 第 229 行.
NOTIC: [8] Undefined offset: 5 /superdata/kimi/uniqlo/System/Runtime/Cache/3b0b8182b75ad441e0f2fb2fc0c0343f.php 第 229 行.
NOTIC: [8] Undefined offset: 5 /superdata/kimi/uniqlo/System/Runtime/Cache/3b0b8182b75ad441e0f2fb2fc0c0343f.php 第 229 行.
NOTIC: [8] Undefined offset: 5 /superdata/kimi/uniqlo/System/Runtime/Cache/3b0b8182b75ad441e0f2fb2fc0c0343f.php 第 229 行.
NOTIC: [8] Undefined offset: 5 /superdata/kimi/uniqlo/System/Runtime/Cache/3b0b8182b75ad441e0f2fb2fc0c0343f.php 第 229 行.
NOTIC: [8] Undefined offset: 5 /superdata/kimi/uniqlo/System/Runtime/Cache/3b0b8182b75ad441e0f2fb2fc0c0343f.php 第 229 行.
NOTIC: [8] Undefined offset: 5 /superdata/kimi/uniqlo/System/Runtime/Cache/3b0b8182b75ad441e0f2fb2fc0c0343f.php 第 229 行.
NOTIC: [8] Undefined offset: 5 /superdata/kimi/uniqlo/System/Runtime/Cache/3b0b8182b75ad441e0f2fb2fc0c0343f.php 第 229 行.
NOTIC: [8] Undefined offset: 5 /superdata/kimi/uniqlo/System/Runtime/Cache/3b0b8182b75ad441e0f2fb2fc0c0343f.php 第 229 行.
NOTIC: [8] Undefined offset: 5 /superdata/kimi/uniqlo/System/Runtime/Cache/3b0b8182b75ad441e0f2fb2fc0c0343f.php 第 229 行.
NOTIC: [8] Undefined offset: 5 /superdata/kimi/uniqlo/System/Runtime/Cache/3b0b8182b75ad441e0f2fb2fc0c0343f.php 第 229 行.
NOTIC: [8] Undefined offset: 5 /superdata/kimi/uniqlo/System/Runtime/Cache/3b0b8182b75ad441e0f2fb2fc0c0343f.php 第 229 行.
NOTIC: [8] Undefined offset: 5 /superdata/kimi/uniqlo/System/Runtime/Cache/3b0b8182b75ad441e0f2fb2fc0c0343f.php 第 229 行.
NOTIC: [8] Undefined offset: 5 /superdata/kimi/uniqlo/System/Runtime/Cache/3b0b8182b75ad441e0f2fb2fc0c0343f.php 第 229 行.
NOTIC: [8] Undefined offset: 5 /superdata/kimi/uniqlo/System/Runtime/Cache/3b0b8182b75ad441e0f2fb2fc0c0343f.php 第 229 行.
NOTIC: [8] Undefined offset: 5 /superdata/kimi/uniqlo/System/Runtime/Cache/3b0b8182b75ad441e0f2fb2fc0c0343f.php 第 229 行.
NOTIC: [8] Undefined offset: 5 /superdata/kimi/uniqlo/System/Runtime/Cache/3b0b8182b75ad441e0f2fb2fc0c0343f.php 第 229 行.
NOTIC: [8] Undefined offset: 5 /superdata/kimi/uniqlo/System/Runtime/Cache/3b0b8182b75ad441e0f2fb2fc0c0343f.php 第 229 行.
NOTIC: [8] Undefined offset: 5 /superdata/kimi/uniqlo/System/Runtime/Cache/3b0b8182b75ad441e0f2fb2fc0c0343f.php 第 229 行.
NOTIC: [8] Undefined offset: 5 /superdata/kimi/uniqlo/System/Runtime/Cache/3b0b8182b75ad441e0f2fb2fc0c0343f.php 第 229 行.
NOTIC: [8] Undefined offset: 5 /superdata/kimi/uniqlo/System/Runtime/Cache/3b0b8182b75ad441e0f2fb2fc0c0343f.php 第 229 行.
NOTIC: [8] Undefined offset: 5 /superdata/kimi/uniqlo/System/Runtime/Cache/3b0b8182b75ad441e0f2fb2fc0c0343f.php 第 229 行.
NOTIC: [8] Undefined offset: 5 /superdata/kimi/uniqlo/System/Runtime/Cache/3b0b8182b75ad441e0f2fb2fc0c0343f.php 第 229 行.
NOTIC: [8] Undefined offset: 5 /superdata/kimi/uniqlo/System/Runtime/Cache/3b0b8182b75ad441e0f2fb2fc0c0343f.php 第 229 行.
NOTIC: [8] Undefined offset: 5 /superdata/kimi/uniqlo/System/Runtime/Cache/3b0b8182b75ad441e0f2fb2fc0c0343f.php 第 229 行.
NOTIC: [8] Undefined offset: 5 /superdata/kimi/uniqlo/System/Runtime/Cache/3b0b8182b75ad441e0f2fb2fc0c0343f.php 第 229 行.
NOTIC: [8] Undefined offset: 5 /superdata/kimi/uniqlo/System/Runtime/Cache/3b0b8182b75ad441e0f2fb2fc0c0343f.php 第 229 行.
NOTIC: [8] Undefined offset: 5 /superdata/kimi/uniqlo/System/Runtime/Cache/3b0b8182b75ad441e0f2fb2fc0c0343f.php 第 229 行.
NOTIC: [8] Undefined offset: 5 /superdata/kimi/uniqlo/System/Runtime/Cache/3b0b8182b75ad441e0f2fb2fc0c0343f.php 第 229 行.
NOTIC: [8] Undefined offset: 5 /superdata/kimi/uniqlo/System/Runtime/Cache/3b0b8182b75ad441e0f2fb2fc0c0343f.php 第 229 行.
NOTIC: [8] Undefined offset: 5 /superdata/kimi/uniqlo/System/Runtime/Cache/3b0b8182b75ad441e0f2fb2fc0c0343f.php 第 229 行.
NOTIC: [8] Undefined offset: 5 /superdata/kimi/uniqlo/System/Runtime/Cache/3b0b8182b75ad441e0f2fb2fc0c0343f.php 第 229 行.
NOTIC: [8] Undefined offset: 5 /superdata/kimi/uniqlo/System/Runtime/Cache/3b0b8182b75ad441e0f2fb2fc0c0343f.php 第 229 行.
NOTIC: [8] Undefined offset: 5 /superdata/kimi/uniqlo/System/Runtime/Cache/3b0b8182b75ad441e0f2fb2fc0c0343f.php 第 229 行.
NOTIC: [8] Undefined offset: 5 /superdata/kimi/uniqlo/System/Runtime/Cache/3b0b8182b75ad441e0f2fb2fc0c0343f.php 第 229 行.
NOTIC: [8] Undefined offset: 5 /superdata/kimi/uniqlo/System/Runtime/Cache/3b0b8182b75ad441e0f2fb2fc0c0343f.php 第 229 行.
NOTIC: [8] Undefined offset: 5 /superdata/kimi/uniqlo/System/Runtime/Cache/3b0b8182b75ad441e0f2fb2fc0c0343f.php 第 229 行.
NOTIC: [8] Undefined offset: 5 /superdata/kimi/uniqlo/System/Runtime/Cache/3b0b8182b75ad441e0f2fb2fc0c0343f.php 第 229 行.
NOTIC: [8] Undefined offset: 5 /superdata/kimi/uniqlo/System/Runtime/Cache/3b0b8182b75ad441e0f2fb2fc0c0343f.php 第 229 行.
NOTIC: [8] Undefined offset: 5 /superdata/kimi/uniqlo/System/Runtime/Cache/3b0b8182b75ad441e0f2fb2fc0c0343f.php 第 229 行.
NOTIC: [8] Undefined offset: 5 /superdata/kimi/uniqlo/System/Runtime/Cache/3b0b8182b75ad441e0f2fb2fc0c0343f.php 第 229 行.
NOTIC: [8] Undefined offset: 5 /superdata/kimi/uniqlo/System/Runtime/Cache/3b0b8182b75ad441e0f2fb2fc0c0343f.php 第 229 行.
NOTIC: [8] Undefined offset: 5 /superdata/kimi/uniqlo/System/Runtime/Cache/3b0b8182b75ad441e0f2fb2fc0c0343f.php 第 229 行.
NOTIC: [8] Undefined offset: 5 /superdata/kimi/uniqlo/System/Runtime/Cache/3b0b8182b75ad441e0f2fb2fc0c0343f.php 第 229 行.
NOTIC: [8] Undefined offset: 5 /superdata/kimi/uniqlo/System/Runtime/Cache/3b0b8182b75ad441e0f2fb2fc0c0343f.php 第 229 行.
NOTIC: [8] Undefined offset: 5 /superdata/kimi/uniqlo/System/Runtime/Cache/3b0b8182b75ad441e0f2fb2fc0c0343f.php 第 229 行.
NOTIC: [8] Undefined offset: 5 /superdata/kimi/uniqlo/System/Runtime/Cache/3b0b8182b75ad441e0f2fb2fc0c0343f.php 第 229 行.
NOTIC: [8] Undefined offset: 5 /superdata/kimi/uniqlo/System/Runtime/Cache/3b0b8182b75ad441e0f2fb2fc0c0343f.php 第 229 行.
NOTIC: [8] Undefined offset: 6 /superdata/kimi/uniqlo/System/Runtime/Cache/3b0b8182b75ad441e0f2fb2fc0c0343f.php 第 237 行.
NOTIC: [8] Undefined offset: 6 /superdata/kimi/uniqlo/System/Runtime/Cache/3b0b8182b75ad441e0f2fb2fc0c0343f.php 第 244 行.
NOTIC: [8] Undefined offset: 6 /superdata/kimi/uniqlo/System/Runtime/Cache/3b0b8182b75ad441e0f2fb2fc0c0343f.php 第 244 行.
NOTIC: [8] Undefined offset: 6 /superdata/kimi/uniqlo/System/Runtime/Cache/3b0b8182b75ad441e0f2fb2fc0c0343f.php 第 244 行.
NOTIC: [8] Undefined offset: 6 /superdata/kimi/uniqlo/System/Runtime/Cache/3b0b8182b75ad441e0f2fb2fc0c0343f.php 第 244 行.
NOTIC: [8] Undefined offset: 6 /superdata/kimi/uniqlo/System/Runtime/Cache/3b0b8182b75ad441e0f2fb2fc0c0343f.php 第 244 行.
NOTIC: [8] Undefined offset: 6 /superdata/kimi/uniqlo/System/Runtime/Cache/3b0b8182b75ad441e0f2fb2fc0c0343f.php 第 244 行.
NOTIC: [8] Undefined offset: 6 /superdata/kimi/uniqlo/System/Runtime/Cache/3b0b8182b75ad441e0f2fb2fc0c0343f.php 第 244 行.
NOTIC: [8] Undefined offset: 6 /superdata/kimi/uniqlo/System/Runtime/Cache/3b0b8182b75ad441e0f2fb2fc0c0343f.php 第 244 行.
NOTIC: [8] Undefined offset: 6 /superdata/kimi/uniqlo/System/Runtime/Cache/3b0b8182b75ad441e0f2fb2fc0c0343f.php 第 251 行.
NOTIC: [8] Undefined offset: 6 /superdata/kimi/uniqlo/System/Runtime/Cache/3b0b8182b75ad441e0f2fb2fc0c0343f.php 第 251 行.
NOTIC: [8] Undefined offset: 6 /superdata/kimi/uniqlo/System/Runtime/Cache/3b0b8182b75ad441e0f2fb2fc0c0343f.php 第 251 行.
NOTIC: [8] Undefined offset: 6 /superdata/kimi/uniqlo/System/Runtime/Cache/3b0b8182b75ad441e0f2fb2fc0c0343f.php 第 251 行.
NOTIC: [8] Undefined offset: 6 /superdata/kimi/uniqlo/System/Runtime/Cache/3b0b8182b75ad441e0f2fb2fc0c0343f.php 第 251 行.
NOTIC: [8] Undefined offset: 6 /superdata/kimi/uniqlo/System/Runtime/Cache/3b0b8182b75ad441e0f2fb2fc0c0343f.php 第 251 行.
NOTIC: [8] Undefined offset: 6 /superdata/kimi/uniqlo/System/Runtime/Cache/3b0b8182b75ad441e0f2fb2fc0c0343f.php 第 251 行.
NOTIC: [8] Undefined offset: 6 /superdata/kimi/uniqlo/System/Runtime/Cache/3b0b8182b75ad441e0f2fb2fc0c0343f.php 第 251 行.
NOTIC: [8] Undefined offset: 6 /superdata/kimi/uniqlo/System/Runtime/Cache/3b0b8182b75ad441e0f2fb2fc0c0343f.php 第 251 行.
NOTIC: [8] Undefined offset: 6 /superdata/kimi/uniqlo/System/Runtime/Cache/3b0b8182b75ad441e0f2fb2fc0c0343f.php 第 251 行.
NOTIC: [8] Undefined offset: 6 /superdata/kimi/uniqlo/System/Runtime/Cache/3b0b8182b75ad441e0f2fb2fc0c0343f.php 第 251 行.
NOTIC: [8] Undefined offset: 6 /superdata/kimi/uniqlo/System/Runtime/Cache/3b0b8182b75ad441e0f2fb2fc0c0343f.php 第 251 行.
NOTIC: [8] Undefined offset: 6 /superdata/kimi/uniqlo/System/Runtime/Cache/3b0b8182b75ad441e0f2fb2fc0c0343f.php 第 251 行.
NOTIC: [8] Undefined offset: 6 /superdata/kimi/uniqlo/System/Runtime/Cache/3b0b8182b75ad441e0f2fb2fc0c0343f.php 第 251 行.
NOTIC: [8] Undefined offset: 6 /superdata/kimi/uniqlo/System/Runtime/Cache/3b0b8182b75ad441e0f2fb2fc0c0343f.php 第 251 行.
NOTIC: [8] Undefined offset: 6 /superdata/kimi/uniqlo/System/Runtime/Cache/3b0b8182b75ad441e0f2fb2fc0c0343f.php 第 251 行.
NOTIC: [8] Undefined offset: 6 /superdata/kimi/uniqlo/System/Runtime/Cache/3b0b8182b75ad441e0f2fb2fc0c0343f.php 第 251 行.
NOTIC: [8] Undefined offset: 6 /superdata/kimi/uniqlo/System/Runtime/Cache/3b0b8182b75ad441e0f2fb2fc0c0343f.php 第 251 行.
NOTIC: [8] Undefined offset: 6 /superdata/kimi/uniqlo/System/Runtime/Cache/3b0b8182b75ad441e0f2fb2fc0c0343f.php 第 251 行.
NOTIC: [8] Undefined offset: 6 /superdata/kimi/uniqlo/System/Runtime/Cache/3b0b8182b75ad441e0f2fb2fc0c0343f.php 第 251 行.
NOTIC: [8] Undefined offset: 6 /superdata/kimi/uniqlo/System/Runtime/Cache/3b0b8182b75ad441e0f2fb2fc0c0343f.php 第 251 行.
NOTIC: [8] Undefined offset: 6 /superdata/kimi/uniqlo/System/Runtime/Cache/3b0b8182b75ad441e0f2fb2fc0c0343f.php 第 251 行.
NOTIC: [8] Undefined offset: 6 /superdata/kimi/uniqlo/System/Runtime/Cache/3b0b8182b75ad441e0f2fb2fc0c0343f.php 第 251 行.
NOTIC: [8] Undefined offset: 6 /superdata/kimi/uniqlo/System/Runtime/Cache/3b0b8182b75ad441e0f2fb2fc0c0343f.php 第 251 行.
NOTIC: [8] Undefined offset: 6 /superdata/kimi/uniqlo/System/Runtime/Cache/3b0b8182b75ad441e0f2fb2fc0c0343f.php 第 251 行.
NOTIC: [8] Undefined offset: 6 /superdata/kimi/uniqlo/System/Runtime/Cache/3b0b8182b75ad441e0f2fb2fc0c0343f.php 第 251 行.
NOTIC: [8] Undefined offset: 6 /superdata/kimi/uniqlo/System/Runtime/Cache/3b0b8182b75ad441e0f2fb2fc0c0343f.php 第 251 行.
NOTIC: [8] Undefined offset: 6 /superdata/kimi/uniqlo/System/Runtime/Cache/3b0b8182b75ad441e0f2fb2fc0c0343f.php 第 251 行.
NOTIC: [8] Undefined offset: 6 /superdata/kimi/uniqlo/System/Runtime/Cache/3b0b8182b75ad441e0f2fb2fc0c0343f.php 第 251 行.
NOTIC: [8] Undefined offset: 6 /superdata/kimi/uniqlo/System/Runtime/Cache/3b0b8182b75ad441e0f2fb2fc0c0343f.php 第 251 行.
NOTIC: [8] Undefined offset: 6 /superdata/kimi/uniqlo/System/Runtime/Cache/3b0b8182b75ad441e0f2fb2fc0c0343f.php 第 251 行.
NOTIC: [8] Undefined offset: 6 /superdata/kimi/uniqlo/System/Runtime/Cache/3b0b8182b75ad441e0f2fb2fc0c0343f.php 第 251 行.
NOTIC: [8] Undefined offset: 6 /superdata/kimi/uniqlo/System/Runtime/Cache/3b0b8182b75ad441e0f2fb2fc0c0343f.php 第 251 行.
NOTIC: [8] Undefined offset: 6 /superdata/kimi/uniqlo/System/Runtime/Cache/3b0b8182b75ad441e0f2fb2fc0c0343f.php 第 251 行.
NOTIC: [8] Undefined offset: 6 /superdata/kimi/uniqlo/System/Runtime/Cache/3b0b8182b75ad441e0f2fb2fc0c0343f.php 第 251 行.
NOTIC: [8] Undefined offset: 6 /superdata/kimi/uniqlo/System/Runtime/Cache/3b0b8182b75ad441e0f2fb2fc0c0343f.php 第 251 行.
NOTIC: [8] Undefined offset: 6 /superdata/kimi/uniqlo/System/Runtime/Cache/3b0b8182b75ad441e0f2fb2fc0c0343f.php 第 251 行.
NOTIC: [8] Undefined offset: 6 /superdata/kimi/uniqlo/System/Runtime/Cache/3b0b8182b75ad441e0f2fb2fc0c0343f.php 第 251 行.
NOTIC: [8] Undefined offset: 6 /superdata/kimi/uniqlo/System/Runtime/Cache/3b0b8182b75ad441e0f2fb2fc0c0343f.php 第 251 行.
NOTIC: [8] Undefined offset: 6 /superdata/kimi/uniqlo/System/Runtime/Cache/3b0b8182b75ad441e0f2fb2fc0c0343f.php 第 251 行.
NOTIC: [8] Undefined offset: 6 /superdata/kimi/uniqlo/System/Runtime/Cache/3b0b8182b75ad441e0f2fb2fc0c0343f.php 第 251 行.
NOTIC: [8] Undefined offset: 6 /superdata/kimi/uniqlo/System/Runtime/Cache/3b0b8182b75ad441e0f2fb2fc0c0343f.php 第 251 行.
NOTIC: [8] Undefined offset: 6 /superdata/kimi/uniqlo/System/Runtime/Cache/3b0b8182b75ad441e0f2fb2fc0c0343f.php 第 251 行.
NOTIC: [8] Undefined offset: 6 /superdata/kimi/uniqlo/System/Runtime/Cache/3b0b8182b75ad441e0f2fb2fc0c0343f.php 第 251 行.
NOTIC: [8] Undefined offset: 6 /superdata/kimi/uniqlo/System/Runtime/Cache/3b0b8182b75ad441e0f2fb2fc0c0343f.php 第 251 行.
NOTIC: [8] Undefined offset: 6 /superdata/kimi/uniqlo/System/Runtime/Cache/3b0b8182b75ad441e0f2fb2fc0c0343f.php 第 251 行.
NOTIC: [8] Undefined offset: 6 /superdata/kimi/uniqlo/System/Runtime/Cache/3b0b8182b75ad441e0f2fb2fc0c0343f.php 第 251 行.
NOTIC: [8] Undefined offset: 6 /superdata/kimi/uniqlo/System/Runtime/Cache/3b0b8182b75ad441e0f2fb2fc0c0343f.php 第 251 行.
NOTIC: [8] Undefined offset: 6 /superdata/kimi/uniqlo/System/Runtime/Cache/3b0b8182b75ad441e0f2fb2fc0c0343f.php 第 251 行.
NOTIC: [8] Undefined offset: 6 /superdata/kimi/uniqlo/System/Runtime/Cache/3b0b8182b75ad441e0f2fb2fc0c0343f.php 第 251 行.
NOTIC: [8] Undefined offset: 6 /superdata/kimi/uniqlo/System/Runtime/Cache/3b0b8182b75ad441e0f2fb2fc0c0343f.php 第 251 行.
NOTIC: [8] Undefined offset: 6 /superdata/kimi/uniqlo/System/Runtime/Cache/3b0b8182b75ad441e0f2fb2fc0c0343f.php 第 258 行.
NOTIC: [8] Undefined offset: 6 /superdata/kimi/uniqlo/System/Runtime/Cache/3b0b8182b75ad441e0f2fb2fc0c0343f.php 第 258 行.
NOTIC: [8] Undefined offset: 6 /superdata/kimi/uniqlo/System/Runtime/Cache/3b0b8182b75ad441e0f2fb2fc0c0343f.php 第 258 行.
NOTIC: [8] Undefined offset: 6 /superdata/kimi/uniqlo/System/Runtime/Cache/3b0b8182b75ad441e0f2fb2fc0c0343f.php 第 258 行.
NOTIC: [8] Undefined offset: 6 /superdata/kimi/uniqlo/System/Runtime/Cache/3b0b8182b75ad441e0f2fb2fc0c0343f.php 第 258 行.
NOTIC: [8] Undefined offset: 6 /superdata/kimi/uniqlo/System/Runtime/Cache/3b0b8182b75ad441e0f2fb2fc0c0343f.php 第 258 行.
NOTIC: [8] Undefined offset: 6 /superdata/kimi/uniqlo/System/Runtime/Cache/3b0b8182b75ad441e0f2fb2fc0c0343f.php 第 258 行.
NOTIC: [8] Undefined offset: 6 /superdata/kimi/uniqlo/System/Runtime/Cache/3b0b8182b75ad441e0f2fb2fc0c0343f.php 第 258 行.
NOTIC: [8] Undefined offset: 6 /superdata/kimi/uniqlo/System/Runtime/Cache/3b0b8182b75ad441e0f2fb2fc0c0343f.php 第 258 行.
NOTIC: [8] Undefined offset: 6 /superdata/kimi/uniqlo/System/Runtime/Cache/3b0b8182b75ad441e0f2fb2fc0c0343f.php 第 258 行.
NOTIC: [8] Undefined offset: 6 /superdata/kimi/uniqlo/System/Runtime/Cache/3b0b8182b75ad441e0f2fb2fc0c0343f.php 第 258 行.
NOTIC: [8] Undefined offset: 6 /superdata/kimi/uniqlo/System/Runtime/Cache/3b0b8182b75ad441e0f2fb2fc0c0343f.php 第 258 行.
NOTIC: [8] Undefined offset: 6 /superdata/kimi/uniqlo/System/Runtime/Cache/3b0b8182b75ad441e0f2fb2fc0c0343f.php 第 258 行.
NOTIC: [8] Undefined offset: 6 /superdata/kimi/uniqlo/System/Runtime/Cache/3b0b8182b75ad441e0f2fb2fc0c0343f.php 第 258 行.
NOTIC: [8] Undefined offset: 6 /superdata/kimi/uniqlo/System/Runtime/Cache/3b0b8182b75ad441e0f2fb2fc0c0343f.php 第 258 行.
NOTIC: [8] Undefined offset: 6 /superdata/kimi/uniqlo/System/Runtime/Cache/3b0b8182b75ad441e0f2fb2fc0c0343f.php 第 258 行.
NOTIC: [8] Undefined offset: 6 /superdata/kimi/uniqlo/System/Runtime/Cache/3b0b8182b75ad441e0f2fb2fc0c0343f.php 第 258 行.
NOTIC: [8] Undefined offset: 6 /superdata/kimi/uniqlo/System/Runtime/Cache/3b0b8182b75ad441e0f2fb2fc0c0343f.php 第 258 行.
NOTIC: [8] Undefined offset: 6 /superdata/kimi/uniqlo/System/Runtime/Cache/3b0b8182b75ad441e0f2fb2fc0c0343f.php 第 258 行.
NOTIC: [8] Undefined offset: 6 /superdata/kimi/uniqlo/System/Runtime/Cache/3b0b8182b75ad441e0f2fb2fc0c0343f.php 第 258 行.
NOTIC: [8] Undefined offset: 6 /superdata/kimi/uniqlo/System/Runtime/Cache/3b0b8182b75ad441e0f2fb2fc0c0343f.php 第 258 行.
NOTIC: [8] Undefined offset: 6 /superdata/kimi/uniqlo/System/Runtime/Cache/3b0b8182b75ad441e0f2fb2fc0c0343f.php 第 258 行.
NOTIC: [8] Undefined offset: 6 /superdata/kimi/uniqlo/System/Runtime/Cache/3b0b8182b75ad441e0f2fb2fc0c0343f.php 第 258 行.
NOTIC: [8] Undefined offset: 6 /superdata/kimi/uniqlo/System/Runtime/Cache/3b0b8182b75ad441e0f2fb2fc0c0343f.php 第 258 行.
NOTIC: [8] Undefined offset: 6 /superdata/kimi/uniqlo/System/Runtime/Cache/3b0b8182b75ad441e0f2fb2fc0c0343f.php 第 258 行.
NOTIC: [8] Undefined offset: 6 /superdata/kimi/uniqlo/System/Runtime/Cache/3b0b8182b75ad441e0f2fb2fc0c0343f.php 第 258 行.
NOTIC: [8] Undefined offset: 6 /superdata/kimi/uniqlo/System/Runtime/Cache/3b0b8182b75ad441e0f2fb2fc0c0343f.php 第 258 行.
NOTIC: [8] Undefined offset: 6 /superdata/kimi/uniqlo/System/Runtime/Cache/3b0b8182b75ad441e0f2fb2fc0c0343f.php 第 258 行.
NOTIC: [8] Undefined offset: 6 /superdata/kimi/uniqlo/System/Runtime/Cache/3b0b8182b75ad441e0f2fb2fc0c0343f.php 第 258 行.
NOTIC: [8] Undefined offset: 6 /superdata/kimi/uniqlo/System/Runtime/Cache/3b0b8182b75ad441e0f2fb2fc0c0343f.php 第 258 行.
NOTIC: [8] Undefined offset: 6 /superdata/kimi/uniqlo/System/Runtime/Cache/3b0b8182b75ad441e0f2fb2fc0c0343f.php 第 258 行.
NOTIC: [8] Undefined offset: 6 /superdata/kimi/uniqlo/System/Runtime/Cache/3b0b8182b75ad441e0f2fb2fc0c0343f.php 第 258 行.
NOTIC: [8] Undefined offset: 6 /superdata/kimi/uniqlo/System/Runtime/Cache/3b0b8182b75ad441e0f2fb2fc0c0343f.php 第 258 行.
NOTIC: [8] Undefined offset: 6 /superdata/kimi/uniqlo/System/Runtime/Cache/3b0b8182b75ad441e0f2fb2fc0c0343f.php 第 258 行.
NOTIC: [8] Undefined offset: 6 /superdata/kimi/uniqlo/System/Runtime/Cache/3b0b8182b75ad441e0f2fb2fc0c0343f.php 第 258 行.
NOTIC: [8] Undefined offset: 6 /superdata/kimi/uniqlo/System/Runtime/Cache/3b0b8182b75ad441e0f2fb2fc0c0343f.php 第 258 行.
NOTIC: [8] Undefined offset: 6 /superdata/kimi/uniqlo/System/Runtime/Cache/3b0b8182b75ad441e0f2fb2fc0c0343f.php 第 258 行.
NOTIC: [8] Undefined offset: 6 /superdata/kimi/uniqlo/System/Runtime/Cache/3b0b8182b75ad441e0f2fb2fc0c0343f.php 第 258 行.
NOTIC: [8] Undefined offset: 6 /superdata/kimi/uniqlo/System/Runtime/Cache/3b0b8182b75ad441e0f2fb2fc0c0343f.php 第 258 行.
NOTIC: [8] Undefined offset: 6 /superdata/kimi/uniqlo/System/Runtime/Cache/3b0b8182b75ad441e0f2fb2fc0c0343f.php 第 258 行.
NOTIC: [8] Undefined offset: 6 /superdata/kimi/uniqlo/System/Runtime/Cache/3b0b8182b75ad441e0f2fb2fc0c0343f.php 第 258 行.
NOTIC: [8] Undefined offset: 6 /superdata/kimi/uniqlo/System/Runtime/Cache/3b0b8182b75ad441e0f2fb2fc0c0343f.php 第 258 行.
NOTIC: [8] Undefined offset: 6 /superdata/kimi/uniqlo/System/Runtime/Cache/3b0b8182b75ad441e0f2fb2fc0c0343f.php 第 258 行.
NOTIC: [8] Undefined offset: 6 /superdata/kimi/uniqlo/System/Runtime/Cache/3b0b8182b75ad441e0f2fb2fc0c0343f.php 第 258 行.
NOTIC: [8] Undefined offset: 6 /superdata/kimi/uniqlo/System/Runtime/Cache/3b0b8182b75ad441e0f2fb2fc0c0343f.php 第 258 行.
NOTIC: [8] Undefined offset: 6 /superdata/kimi/uniqlo/System/Runtime/Cache/3b0b8182b75ad441e0f2fb2fc0c0343f.php 第 258 行.
NOTIC: [8] Undefined offset: 6 /superdata/kimi/uniqlo/System/Runtime/Cache/3b0b8182b75ad441e0f2fb2fc0c0343f.php 第 258 行.
NOTIC: [8] Undefined offset: 6 /superdata/kimi/uniqlo/System/Runtime/Cache/3b0b8182b75ad441e0f2fb2fc0c0343f.php 第 258 行.
NOTIC: [8] Undefined offset: 6 /superdata/kimi/uniqlo/System/Runtime/Cache/3b0b8182b75ad441e0f2fb2fc0c0343f.php 第 258 行.
NOTIC: [8] Undefined offset: 6 /superdata/kimi/uniqlo/System/Runtime/Cache/3b0b8182b75ad441e0f2fb2fc0c0343f.php 第 258 行.
NOTIC: [8] Undefined offset: 6 /superdata/kimi/uniqlo/System/Runtime/Cache/3b0b8182b75ad441e0f2fb2fc0c0343f.php 第 258 行.
NOTIC: [8] Undefined index: sel /superdata/kimi/uniqlo/System/Runtime/Cache/3b0b8182b75ad441e0f2fb2fc0c0343f.php 第 275 行.
NOTIC: [8] Undefined index: sel /superdata/kimi/uniqlo/System/Runtime/Cache/3b0b8182b75ad441e0f2fb2fc0c0343f.php 第 275 行.
NOTIC: [8] Undefined index: sel /superdata/kimi/uniqlo/System/Runtime/Cache/3b0b8182b75ad441e0f2fb2fc0c0343f.php 第 275 行.
NOTIC: [8] Undefined index: sel /superdata/kimi/uniqlo/System/Runtime/Cache/3b0b8182b75ad441e0f2fb2fc0c0343f.php 第 275 行.
NOTIC: [8] Undefined index: sel /superdata/kimi/uniqlo/System/Runtime/Cache/3b0b8182b75ad441e0f2fb2fc0c0343f.php 第 275 行.
NOTIC: [8] Undefined index: sel /superdata/kimi/uniqlo/System/Runtime/Cache/3b0b8182b75ad441e0f2fb2fc0c0343f.php 第 275 行.
NOTIC: [8] Undefined index: sel /superdata/kimi/uniqlo/System/Runtime/Cache/3b0b8182b75ad441e0f2fb2fc0c0343f.php 第 275 行.
NOTIC: [8] Undefined index: sel /superdata/kimi/uniqlo/System/Runtime/Cache/3b0b8182b75ad441e0f2fb2fc0c0343f.php 第 275 行.
NOTIC: [8] Undefined index: sel /superdata/kimi/uniqlo/System/Runtime/Cache/3b0b8182b75ad441e0f2fb2fc0c0343f.php 第 275 行.
NOTIC: [8] Undefined index: sel /superdata/kimi/uniqlo/System/Runtime/Cache/3b0b8182b75ad441e0f2fb2fc0c0343f.php 第 275 行.
NOTIC: [8] Undefined index: sel /superdata/kimi/uniqlo/System/Runtime/Cache/3b0b8182b75ad441e0f2fb2fc0c0343f.php 第 275 行.
NOTIC: [8] Undefined index: sel /superdata/kimi/uniqlo/System/Runtime/Cache/3b0b8182b75ad441e0f2fb2fc0c0343f.php 第 275 行.
NOTIC: [8] Undefined index: sel /superdata/kimi/uniqlo/System/Runtime/Cache/3b0b8182b75ad441e0f2fb2fc0c0343f.php 第 275 行.
NOTIC: [8] Undefined index: sel /superdata/kimi/uniqlo/System/Runtime/Cache/3b0b8182b75ad441e0f2fb2fc0c0343f.php 第 275 行.
NOTIC: [8] Undefined index: sel /superdata/kimi/uniqlo/System/Runtime/Cache/3b0b8182b75ad441e0f2fb2fc0c0343f.php 第 275 行.
NOTIC: [8] Undefined index: sel /superdata/kimi/uniqlo/System/Runtime/Cache/3b0b8182b75ad441e0f2fb2fc0c0343f.php 第 275 行.
NOTIC: [8] Undefined index: sel /superdata/kimi/uniqlo/System/Runtime/Cache/3b0b8182b75ad441e0f2fb2fc0c0343f.php 第 275 行.
NOTIC: [8] Undefined index: sel /superdata/kimi/uniqlo/System/Runtime/Cache/3b0b8182b75ad441e0f2fb2fc0c0343f.php 第 275 行.
NOTIC: [8] Undefined index: sel /superdata/kimi/uniqlo/System/Runtime/Cache/3b0b8182b75ad441e0f2fb2fc0c0343f.php 第 275 行.
NOTIC: [8] Undefined index: sel /superdata/kimi/uniqlo/System/Runtime/Cache/3b0b8182b75ad441e0f2fb2fc0c0343f.php 第 275 行.
NOTIC: [8] Undefined index: sel /superdata/kimi/uniqlo/System/Runtime/Cache/3b0b8182b75ad441e0f2fb2fc0c0343f.php 第 275 行.
NOTIC: [8] Undefined index: sel /superdata/kimi/uniqlo/System/Runtime/Cache/3b0b8182b75ad441e0f2fb2fc0c0343f.php 第 275 行.
NOTIC: [8] Undefined index: sel /superdata/kimi/uniqlo/System/Runtime/Cache/3b0b8182b75ad441e0f2fb2fc0c0343f.php 第 275 行.
NOTIC: [8] Undefined index: sel /superdata/kimi/uniqlo/System/Runtime/Cache/3b0b8182b75ad441e0f2fb2fc0c0343f.php 第 275 行.
NOTIC: [8] Undefined index: sel /superdata/kimi/uniqlo/System/Runtime/Cache/3b0b8182b75ad441e0f2fb2fc0c0343f.php 第 275 行.
NOTIC: [8] Undefined index: sel /superdata/kimi/uniqlo/System/Runtime/Cache/3b0b8182b75ad441e0f2fb2fc0c0343f.php 第 275 行.
NOTIC: [8] Undefined index: sel /superdata/kimi/uniqlo/System/Runtime/Cache/3b0b8182b75ad441e0f2fb2fc0c0343f.php 第 275 行.
NOTIC: [8] Undefined index: sel /superdata/kimi/uniqlo/System/Runtime/Cache/3b0b8182b75ad441e0f2fb2fc0c0343f.php 第 275 行.
NOTIC: [8] Undefined index: sel /superdata/kimi/uniqlo/System/Runtime/Cache/3b0b8182b75ad441e0f2fb2fc0c0343f.php 第 275 行.
NOTIC: [8] Undefined index: sel /superdata/kimi/uniqlo/System/Runtime/Cache/3b0b8182b75ad441e0f2fb2fc0c0343f.php 第 275 行.
NOTIC: [8] Undefined index: sel /superdata/kimi/uniqlo/System/Runtime/Cache/3b0b8182b75ad441e0f2fb2fc0c0343f.php 第 275 行.
NOTIC: [8] Undefined index: sel /superdata/kimi/uniqlo/System/Runtime/Cache/3b0b8182b75ad441e0f2fb2fc0c0343f.php 第 275 行.
NOTIC: [8] Undefined index: sel /superdata/kimi/uniqlo/System/Runtime/Cache/3b0b8182b75ad441e0f2fb2fc0c0343f.php 第 275 行.
NOTIC: [8] Undefined index: sel /superdata/kimi/uniqlo/System/Runtime/Cache/3b0b8182b75ad441e0f2fb2fc0c0343f.php 第 275 行.
NOTIC: [8] Undefined index: sel /superdata/kimi/uniqlo/System/Runtime/Cache/3b0b8182b75ad441e0f2fb2fc0c0343f.php 第 275 行.
NOTIC: [8] Undefined index: sel /superdata/kimi/uniqlo/System/Runtime/Cache/3b0b8182b75ad441e0f2fb2fc0c0343f.php 第 275 行.
INFO: ParseTemplate Behavior ::run [ RunTime:0.084188s ]
INFO: [ view_parse ] --END-- [ RunTime:0.084276s ]
INFO: [ view_filter ] --START--
INFO: ContentReplace Behavior ::run [ RunTime:0.000375s ]
INFO: TokenBuild Behavior ::run [ RunTime:0.000540s ]
INFO: WriteHtmlCache Behavior ::run [ RunTime:0.000147s ]
INFO: ShowRuntime Behavior ::run [ RunTime:0.000289s ]
INFO: [ view_filter ] --END-- [ RunTime:0.001508s ]
INFO: [ view_end ] --START--
INFO: ShowPageTrace Behavior ::run [ RunTime:0.000369s ]
INFO: [ view_end ] --END-- [ RunTime:0.000435s ]

