[ 2014-01-03T00:19:51+08:00 ] 58.38.253.244 /uniqlo/system.php/Index/index.html
INFO: [ route_check ] --START--
INFO: CheckRoute Behavior ::run [ RunTime:0.000559s ]
INFO: [ route_check ] --END-- [ RunTime:0.000663s ]
INFO: [ app_begin ] --START--
INFO: ReadHtmlCache Behavior ::run [ RunTime:0.000367s ]
INFO: [ app_begin ] --END-- [ RunTime:0.000437s ]
INFO: [ view_parse ] --START--
NOTIC: [8] Undefined variable: result /superdata/kimi/uniqlo/System/Runtime/Cache/359f19af407bafaee5c98c179daa16e7.php 第 6 行.
NOTIC: [8] Undefined variable: aid /superdata/kimi/uniqlo/System/Runtime/Cache/359f19af407bafaee5c98c179daa16e7.php 第 27 行.
INFO: ParseTemplate Behavior ::run [ RunTime:0.025411s ]
INFO: [ view_parse ] --END-- [ RunTime:0.025472s ]
INFO: [ view_filter ] --START--
INFO: ContentReplace Behavior ::run [ RunTime:0.000214s ]
INFO: TokenBuild Behavior ::run [ RunTime:0.000286s ]
INFO: WriteHtmlCache Behavior ::run [ RunTime:0.000146s ]
INFO: ShowRuntime Behavior ::run [ RunTime:0.000280s ]
INFO: [ view_filter ] --END-- [ RunTime:0.001084s ]
INFO: [ view_end ] --START--
INFO: ShowPageTrace Behavior ::run [ RunTime:0.000399s ]
INFO: [ view_end ] --END-- [ RunTime:0.000454s ]

[ 2014-01-03T10:44:53+08:00 ] 58.246.66.2 /uniqlo/system.php
INFO: [ app_begin ] --START--
INFO: ReadHtmlCache Behavior ::run [ RunTime:0.000350s ]
INFO: [ app_begin ] --END-- [ RunTime:0.000419s ]
INFO: [ view_parse ] --START--
NOTIC: [8] Undefined variable: result /superdata/kimi/uniqlo/System/Runtime/Cache/359f19af407bafaee5c98c179daa16e7.php 第 6 行.
NOTIC: [8] Undefined variable: aid /superdata/kimi/uniqlo/System/Runtime/Cache/359f19af407bafaee5c98c179daa16e7.php 第 27 行.
INFO: ParseTemplate Behavior ::run [ RunTime:0.033549s ]
INFO: [ view_parse ] --END-- [ RunTime:0.033603s ]
INFO: [ view_filter ] --START--
INFO: ContentReplace Behavior ::run [ RunTime:0.001375s ]
INFO: TokenBuild Behavior ::run [ RunTime:0.001588s ]
INFO: WriteHtmlCache Behavior ::run [ RunTime:0.001457s ]
INFO: ShowRuntime Behavior ::run [ RunTime:0.001226s ]
INFO: [ view_filter ] --END-- [ RunTime:0.005792s ]
INFO: [ view_end ] --START--
INFO: ShowPageTrace Behavior ::run [ RunTime:0.001380s ]
INFO: [ view_end ] --END-- [ RunTime:0.001429s ]

[ 2014-01-03T10:44:54+08:00 ] 119.147.146.192 /uniqlo/system.php
INFO: [ app_begin ] --START--
INFO: ReadHtmlCache Behavior ::run [ RunTime:0.000332s ]
INFO: [ app_begin ] --END-- [ RunTime:0.000409s ]
INFO: [ view_parse ] --START--
NOTIC: [8] Undefined variable: result /superdata/kimi/uniqlo/System/Runtime/Cache/359f19af407bafaee5c98c179daa16e7.php 第 6 行.
NOTIC: [8] Undefined variable: aid /superdata/kimi/uniqlo/System/Runtime/Cache/359f19af407bafaee5c98c179daa16e7.php 第 27 行.
INFO: ParseTemplate Behavior ::run [ RunTime:0.006122s ]
INFO: [ view_parse ] --END-- [ RunTime:0.006183s ]
INFO: [ view_filter ] --START--
INFO: ContentReplace Behavior ::run [ RunTime:0.000211s ]
INFO: TokenBuild Behavior ::run [ RunTime:0.000280s ]
INFO: WriteHtmlCache Behavior ::run [ RunTime:0.000146s ]
INFO: ShowRuntime Behavior ::run [ RunTime:0.000284s ]
INFO: [ view_filter ] --END-- [ RunTime:0.001069s ]
INFO: [ view_end ] --START--
INFO: ShowPageTrace Behavior ::run [ RunTime:0.000410s ]
INFO: [ view_end ] --END-- [ RunTime:0.000465s ]

