[ 2014-01-23T14:54:06+08:00 ] 58.246.66.2 /uniqlo/system.php
INFO: [ app_begin ] --START--
INFO: ReadHtmlCache Behavior ::run [ RunTime:0.000370s ]
INFO: [ app_begin ] --END-- [ RunTime:0.000459s ]
INFO: [ view_parse ] --START--
NOTIC: [8] Undefined variable: result /superdata/uyiku/uniqlo/System/Runtime/Cache/359f19af407bafaee5c98c179daa16e7.php 第 6 行.
NOTIC: [8] Undefined variable: aid /superdata/uyiku/uniqlo/System/Runtime/Cache/359f19af407bafaee5c98c179daa16e7.php 第 27 行.
INFO: ParseTemplate Behavior ::run [ RunTime:0.147253s ]
INFO: [ view_parse ] --END-- [ RunTime:0.147338s ]
INFO: [ view_filter ] --START--
INFO: ContentReplace Behavior ::run [ RunTime:0.001163s ]
INFO: TokenBuild Behavior ::run [ RunTime:0.001200s ]
INFO: WriteHtmlCache Behavior ::run [ RunTime:0.001062s ]
INFO: ShowRuntime Behavior ::run [ RunTime:0.001159s ]
INFO: [ view_filter ] --END-- [ RunTime:0.004736s ]
INFO: [ view_end ] --START--
INFO: ShowPageTrace Behavior ::run [ RunTime:0.001713s ]
INFO: [ view_end ] --END-- [ RunTime:0.001768s ]

[ 2014-01-23T14:54:15+08:00 ] 58.246.66.2 /uniqlo/system.php/Index/login.html
INFO: [ route_check ] --START--
INFO: CheckRoute Behavior ::run [ RunTime:0.000527s ]
INFO: [ route_check ] --END-- [ RunTime:0.000594s ]
INFO: [ app_begin ] --START--
INFO: ReadHtmlCache Behavior ::run [ RunTime:0.000321s ]
INFO: [ app_begin ] --END-- [ RunTime:0.000373s ]
NOTIC: 建议使用I方法替代_post
NOTIC: 建议使用I方法替代_post
SQL: SHOW COLUMNS FROM `u_admin` [ RunTime:0.078185s ]
SQL: SELECT `aid`,`nickname` FROM `u_admin` WHERE ( `email` = 'admin@126.com' ) AND ( `pwd` = 'a66abb5684c45962d887564f08346e8d' ) LIMIT 1   [ RunTime:0.001274s ]
INFO: [ view_parse ] --START--
INFO: ParseTemplate Behavior ::run [ RunTime:0.005898s ]
INFO: [ view_parse ] --END-- [ RunTime:0.005961s ]
INFO: [ view_filter ] --START--
INFO: ContentReplace Behavior ::run [ RunTime:0.000204s ]
INFO: TokenBuild Behavior ::run [ RunTime:0.000243s ]
INFO: WriteHtmlCache Behavior ::run [ RunTime:0.000136s ]
INFO: ShowRuntime Behavior ::run [ RunTime:0.000275s ]
INFO: [ view_filter ] --END-- [ RunTime:0.001010s ]
INFO: [ view_end ] --START--
INFO: ShowPageTrace Behavior ::run [ RunTime:0.000408s ]
INFO: [ view_end ] --END-- [ RunTime:0.000466s ]

[ 2014-01-23T14:54:16+08:00 ] 58.246.66.2 /uniqlo/system.php/Index/index.html
INFO: [ route_check ] --START--
INFO: CheckRoute Behavior ::run [ RunTime:0.000482s ]
INFO: [ route_check ] --END-- [ RunTime:0.000548s ]
INFO: [ app_begin ] --START--
INFO: ReadHtmlCache Behavior ::run [ RunTime:0.000311s ]
INFO: [ app_begin ] --END-- [ RunTime:0.000361s ]
INFO: [ view_parse ] --START--
NOTIC: [8] Undefined variable: result /superdata/uyiku/uniqlo/System/Runtime/Cache/518bd32289a82441c7453e6720e4f060.php 第 6 行.
INFO: ParseTemplate Behavior ::run [ RunTime:0.006483s ]
INFO: [ view_parse ] --END-- [ RunTime:0.006536s ]
INFO: [ view_filter ] --START--
INFO: ContentReplace Behavior ::run [ RunTime:0.000198s ]
INFO: TokenBuild Behavior ::run [ RunTime:0.000230s ]
INFO: WriteHtmlCache Behavior ::run [ RunTime:0.000136s ]
INFO: ShowRuntime Behavior ::run [ RunTime:0.000261s ]
INFO: [ view_filter ] --END-- [ RunTime:0.000973s ]
INFO: [ view_end ] --START--
INFO: ShowPageTrace Behavior ::run [ RunTime:0.000354s ]
INFO: [ view_end ] --END-- [ RunTime:0.000403s ]

[ 2014-01-23T14:54:18+08:00 ] 58.246.66.2 /uniqlo/system.php/Official/index.html
INFO: [ route_check ] --START--
INFO: CheckRoute Behavior ::run [ RunTime:0.000485s ]
INFO: [ route_check ] --END-- [ RunTime:0.000552s ]
INFO: [ app_begin ] --START--
INFO: ReadHtmlCache Behavior ::run [ RunTime:0.000337s ]
INFO: [ app_begin ] --END-- [ RunTime:0.000389s ]
SQL: SHOW COLUMNS FROM `u_recommend` [ RunTime:0.029730s ]
SQL: SELECT * FROM `u_recommend` WHERE ( `type` = '1' )  [ RunTime:0.001225s ]
SQL: SELECT * FROM `u_recommend` WHERE ( `type` = '2' )  [ RunTime:0.000205s ]
INFO: [ view_parse ] --START--
NOTIC: [8] Undefined variable: result /superdata/uyiku/uniqlo/System/Runtime/Cache/16d91b4eb1fca696ddab1a91da8100c0.php 第 6 行.
INFO: ParseTemplate Behavior ::run [ RunTime:0.015431s ]
INFO: [ view_parse ] --END-- [ RunTime:0.015502s ]
INFO: [ view_filter ] --START--
INFO: ContentReplace Behavior ::run [ RunTime:0.000220s ]
INFO: TokenBuild Behavior ::run [ RunTime:0.000264s ]
INFO: WriteHtmlCache Behavior ::run [ RunTime:0.000153s ]
INFO: ShowRuntime Behavior ::run [ RunTime:0.000266s ]
INFO: [ view_filter ] --END-- [ RunTime:0.001050s ]
INFO: [ view_end ] --START--
INFO: ShowPageTrace Behavior ::run [ RunTime:0.000402s ]
INFO: [ view_end ] --END-- [ RunTime:0.000456s ]

[ 2014-01-23T15:10:31+08:00 ] 124.160.169.17 /uniqlo/system.php/Official/index.html
INFO: [ route_check ] --START--
INFO: CheckRoute Behavior ::run [ RunTime:0.000525s ]
INFO: [ route_check ] --END-- [ RunTime:0.000609s ]
INFO: [ app_begin ] --START--
INFO: ReadHtmlCache Behavior ::run [ RunTime:0.000321s ]
INFO: [ app_begin ] --END-- [ RunTime:0.000372s ]
INFO: [ view_parse ] --START--
NOTIC: [8] Undefined variable: result /superdata/uyiku/uniqlo/System/Runtime/Cache/359f19af407bafaee5c98c179daa16e7.php 第 6 行.
INFO: ParseTemplate Behavior ::run [ RunTime:0.006402s ]
INFO: [ view_parse ] --END-- [ RunTime:0.006473s ]
INFO: [ view_filter ] --START--
INFO: ContentReplace Behavior ::run [ RunTime:0.000232s ]
INFO: TokenBuild Behavior ::run [ RunTime:0.000282s ]
INFO: WriteHtmlCache Behavior ::run [ RunTime:0.000143s ]
INFO: ShowRuntime Behavior ::run [ RunTime:0.000272s ]
INFO: [ view_filter ] --END-- [ RunTime:0.001084s ]
INFO: [ view_end ] --START--
INFO: ShowPageTrace Behavior ::run [ RunTime:0.000407s ]
INFO: [ view_end ] --END-- [ RunTime:0.000466s ]

[ 2014-01-23T15:10:31+08:00 ] 61.135.187.48 /uniqlo/system.php/Official/index.html
INFO: [ route_check ] --START--
INFO: CheckRoute Behavior ::run [ RunTime:0.000547s ]
INFO: [ route_check ] --END-- [ RunTime:0.000644s ]
INFO: [ app_begin ] --START--
INFO: ReadHtmlCache Behavior ::run [ RunTime:0.000336s ]
INFO: [ app_begin ] --END-- [ RunTime:0.000391s ]
INFO: [ view_parse ] --START--
NOTIC: [8] Undefined variable: result /superdata/uyiku/uniqlo/System/Runtime/Cache/359f19af407bafaee5c98c179daa16e7.php 第 6 行.
INFO: ParseTemplate Behavior ::run [ RunTime:0.006340s ]
INFO: [ view_parse ] --END-- [ RunTime:0.006406s ]
INFO: [ view_filter ] --START--
INFO: ContentReplace Behavior ::run [ RunTime:0.000219s ]
INFO: TokenBuild Behavior ::run [ RunTime:0.000286s ]
INFO: WriteHtmlCache Behavior ::run [ RunTime:0.000138s ]
INFO: ShowRuntime Behavior ::run [ RunTime:0.000268s ]
INFO: [ view_filter ] --END-- [ RunTime:0.001065s ]
INFO: [ view_end ] --START--
INFO: ShowPageTrace Behavior ::run [ RunTime:0.000404s ]
INFO: [ view_end ] --END-- [ RunTime:0.000459s ]

[ 2014-01-23T15:10:33+08:00 ] 119.147.146.194 /uniqlo/system.php/official/index.html
INFO: [ route_check ] --START--
INFO: CheckRoute Behavior ::run [ RunTime:0.000486s ]
INFO: [ route_check ] --END-- [ RunTime:0.000549s ]
INFO: [ app_begin ] --START--
INFO: ReadHtmlCache Behavior ::run [ RunTime:0.000312s ]
INFO: [ app_begin ] --END-- [ RunTime:0.000361s ]
ERR: 无法加载模块:official

[ 2014-01-23T15:10:40+08:00 ] 58.246.66.2 /uniqlo/system.php/Official/index.html
INFO: [ route_check ] --START--
INFO: CheckRoute Behavior ::run [ RunTime:0.000488s ]
INFO: [ route_check ] --END-- [ RunTime:0.000554s ]
INFO: [ app_begin ] --START--
INFO: ReadHtmlCache Behavior ::run [ RunTime:0.000344s ]
INFO: [ app_begin ] --END-- [ RunTime:0.000396s ]
INFO: [ view_parse ] --START--
NOTIC: [8] Undefined variable: result /superdata/uyiku/uniqlo/System/Runtime/Cache/359f19af407bafaee5c98c179daa16e7.php 第 6 行.
INFO: ParseTemplate Behavior ::run [ RunTime:0.005449s ]
INFO: [ view_parse ] --END-- [ RunTime:0.005502s ]
INFO: [ view_filter ] --START--
INFO: ContentReplace Behavior ::run [ RunTime:0.000202s ]
INFO: TokenBuild Behavior ::run [ RunTime:0.000270s ]
INFO: WriteHtmlCache Behavior ::run [ RunTime:0.000140s ]
INFO: ShowRuntime Behavior ::run [ RunTime:0.000260s ]
INFO: [ view_filter ] --END-- [ RunTime:0.001015s ]
INFO: [ view_end ] --START--
INFO: ShowPageTrace Behavior ::run [ RunTime:0.000361s ]
INFO: [ view_end ] --END-- [ RunTime:0.000426s ]

[ 2014-01-23T15:10:57+08:00 ] 58.246.66.2 /uniqlo/system.php/Index/login.html
INFO: [ route_check ] --START--
INFO: CheckRoute Behavior ::run [ RunTime:0.000497s ]
INFO: [ route_check ] --END-- [ RunTime:0.000563s ]
INFO: [ app_begin ] --START--
INFO: ReadHtmlCache Behavior ::run [ RunTime:0.000312s ]
INFO: [ app_begin ] --END-- [ RunTime:0.000365s ]
NOTIC: 建议使用I方法替代_post
NOTIC: 建议使用I方法替代_post
SQL: SHOW COLUMNS FROM `u_admin` [ RunTime:0.000808s ]
SQL: SELECT `aid`,`nickname` FROM `u_admin` WHERE ( `email` = 'admin@126.com' ) AND ( `pwd` = 'a66abb5684c45962d887564f08346e8d' ) LIMIT 1   [ RunTime:0.000071s ]
INFO: [ view_parse ] --START--
INFO: ParseTemplate Behavior ::run [ RunTime:0.005587s ]
INFO: [ view_parse ] --END-- [ RunTime:0.005678s ]
INFO: [ view_filter ] --START--
INFO: ContentReplace Behavior ::run [ RunTime:0.000219s ]
INFO: TokenBuild Behavior ::run [ RunTime:0.000290s ]
INFO: WriteHtmlCache Behavior ::run [ RunTime:0.000148s ]
INFO: ShowRuntime Behavior ::run [ RunTime:0.000282s ]
INFO: [ view_filter ] --END-- [ RunTime:0.001097s ]
INFO: [ view_end ] --START--
INFO: ShowPageTrace Behavior ::run [ RunTime:0.001240s ]
INFO: [ view_end ] --END-- [ RunTime:0.001298s ]

[ 2014-01-23T15:10:59+08:00 ] 58.246.66.2 /uniqlo/system.php/Index/index.html
INFO: [ route_check ] --START--
INFO: CheckRoute Behavior ::run [ RunTime:0.000501s ]
INFO: [ route_check ] --END-- [ RunTime:0.000575s ]
INFO: [ app_begin ] --START--
INFO: ReadHtmlCache Behavior ::run [ RunTime:0.000323s ]
INFO: [ app_begin ] --END-- [ RunTime:0.000373s ]
INFO: [ view_parse ] --START--
NOTIC: [8] Undefined variable: result /superdata/uyiku/uniqlo/System/Runtime/Cache/518bd32289a82441c7453e6720e4f060.php 第 6 行.
INFO: ParseTemplate Behavior ::run [ RunTime:0.005934s ]
INFO: [ view_parse ] --END-- [ RunTime:0.005987s ]
INFO: [ view_filter ] --START--
INFO: ContentReplace Behavior ::run [ RunTime:0.000198s ]
INFO: TokenBuild Behavior ::run [ RunTime:0.000231s ]
INFO: WriteHtmlCache Behavior ::run [ RunTime:0.000159s ]
INFO: ShowRuntime Behavior ::run [ RunTime:0.000276s ]
INFO: [ view_filter ] --END-- [ RunTime:0.001010s ]
INFO: [ view_end ] --START--
INFO: ShowPageTrace Behavior ::run [ RunTime:0.000364s ]
INFO: [ view_end ] --END-- [ RunTime:0.000413s ]

[ 2014-01-23T15:11:05+08:00 ] 58.246.66.2 /uniqlo/system.php/Official/index.html
INFO: [ route_check ] --START--
INFO: CheckRoute Behavior ::run [ RunTime:0.000479s ]
INFO: [ route_check ] --END-- [ RunTime:0.000543s ]
INFO: [ app_begin ] --START--
INFO: ReadHtmlCache Behavior ::run [ RunTime:0.000306s ]
INFO: [ app_begin ] --END-- [ RunTime:0.000355s ]
SQL: SHOW COLUMNS FROM `u_recommend` [ RunTime:0.000586s ]
SQL: SELECT * FROM `u_recommend` WHERE ( `type` = '1' )  [ RunTime:0.000074s ]
SQL: SELECT * FROM `u_recommend` WHERE ( `type` = '2' )  [ RunTime:0.000072s ]
INFO: [ view_parse ] --START--
NOTIC: [8] Undefined variable: result /superdata/uyiku/uniqlo/System/Runtime/Cache/16d91b4eb1fca696ddab1a91da8100c0.php 第 6 行.
INFO: ParseTemplate Behavior ::run [ RunTime:0.013677s ]
INFO: [ view_parse ] --END-- [ RunTime:0.013753s ]
INFO: [ view_filter ] --START--
INFO: ContentReplace Behavior ::run [ RunTime:0.000234s ]
INFO: TokenBuild Behavior ::run [ RunTime:0.000267s ]
INFO: WriteHtmlCache Behavior ::run [ RunTime:0.000134s ]
INFO: ShowRuntime Behavior ::run [ RunTime:0.000261s ]
INFO: [ view_filter ] --END-- [ RunTime:0.001044s ]
INFO: [ view_end ] --START--
INFO: ShowPageTrace Behavior ::run [ RunTime:0.000376s ]
INFO: [ view_end ] --END-- [ RunTime:0.000429s ]

[ 2014-01-23T15:12:56+08:00 ] 58.246.66.2 /uniqlo/system.php/Official/index.html
INFO: [ route_check ] --START--
INFO: CheckRoute Behavior ::run [ RunTime:0.000512s ]
INFO: [ route_check ] --END-- [ RunTime:0.000594s ]
INFO: [ app_begin ] --START--
INFO: ReadHtmlCache Behavior ::run [ RunTime:0.000320s ]
INFO: [ app_begin ] --END-- [ RunTime:0.000371s ]
SQL: SHOW COLUMNS FROM `u_recommend` [ RunTime:0.000514s ]
SQL: SELECT * FROM `u_recommend` WHERE ( `type` = '1' )  [ RunTime:0.000077s ]
SQL: SELECT * FROM `u_recommend` WHERE ( `type` = '2' )  [ RunTime:0.000070s ]
INFO: [ view_parse ] --START--
NOTIC: [8] Undefined variable: result /superdata/uyiku/uniqlo/System/Runtime/Cache/16d91b4eb1fca696ddab1a91da8100c0.php 第 6 行.
INFO: ParseTemplate Behavior ::run [ RunTime:0.013962s ]
INFO: [ view_parse ] --END-- [ RunTime:0.014029s ]
INFO: [ view_filter ] --START--
INFO: ContentReplace Behavior ::run [ RunTime:0.000230s ]
INFO: TokenBuild Behavior ::run [ RunTime:0.000277s ]
INFO: WriteHtmlCache Behavior ::run [ RunTime:0.000148s ]
INFO: ShowRuntime Behavior ::run [ RunTime:0.000281s ]
INFO: [ view_filter ] --END-- [ RunTime:0.001083s ]
INFO: [ view_end ] --START--
INFO: ShowPageTrace Behavior ::run [ RunTime:0.000371s ]
INFO: [ view_end ] --END-- [ RunTime:0.000426s ]

[ 2014-01-23T17:17:28+08:00 ] 58.246.66.2 /uniqlo/system.php
INFO: [ app_begin ] --START--
INFO: ReadHtmlCache Behavior ::run [ RunTime:0.000402s ]
INFO: [ app_begin ] --END-- [ RunTime:0.000505s ]
INFO: [ view_parse ] --START--
NOTIC: [8] Undefined variable: result /superdata/uyiku/uniqlo/System/Runtime/Cache/359f19af407bafaee5c98c179daa16e7.php 第 6 行.
NOTIC: [8] Undefined variable: aid /superdata/uyiku/uniqlo/System/Runtime/Cache/359f19af407bafaee5c98c179daa16e7.php 第 27 行.
INFO: ParseTemplate Behavior ::run [ RunTime:0.006804s ]
INFO: [ view_parse ] --END-- [ RunTime:0.006882s ]
INFO: [ view_filter ] --START--
INFO: ContentReplace Behavior ::run [ RunTime:0.000230s ]
INFO: TokenBuild Behavior ::run [ RunTime:0.000285s ]
INFO: WriteHtmlCache Behavior ::run [ RunTime:0.000144s ]
INFO: ShowRuntime Behavior ::run [ RunTime:0.000287s ]
INFO: [ view_filter ] --END-- [ RunTime:0.001109s ]
INFO: [ view_end ] --START--
INFO: ShowPageTrace Behavior ::run [ RunTime:0.000418s ]
INFO: [ view_end ] --END-- [ RunTime:0.000474s ]

[ 2014-01-23T17:17:36+08:00 ] 58.246.66.2 /uniqlo/system.php/Index/login.html
INFO: [ route_check ] --START--
INFO: CheckRoute Behavior ::run [ RunTime:0.000526s ]
INFO: [ route_check ] --END-- [ RunTime:0.000603s ]
INFO: [ app_begin ] --START--
INFO: ReadHtmlCache Behavior ::run [ RunTime:0.000315s ]
INFO: [ app_begin ] --END-- [ RunTime:0.000367s ]
NOTIC: 建议使用I方法替代_post
NOTIC: 建议使用I方法替代_post
SQL: SHOW COLUMNS FROM `u_admin` [ RunTime:0.000649s ]
SQL: SELECT `aid`,`nickname` FROM `u_admin` WHERE ( `email` = 'admin@126.com' ) AND ( `pwd` = 'a66abb5684c45962d887564f08346e8d' ) LIMIT 1   [ RunTime:0.000071s ]
INFO: [ view_parse ] --START--
INFO: ParseTemplate Behavior ::run [ RunTime:0.005219s ]
INFO: [ view_parse ] --END-- [ RunTime:0.005278s ]
INFO: [ view_filter ] --START--
INFO: ContentReplace Behavior ::run [ RunTime:0.000203s ]
INFO: TokenBuild Behavior ::run [ RunTime:0.000248s ]
INFO: WriteHtmlCache Behavior ::run [ RunTime:0.000141s ]
INFO: ShowRuntime Behavior ::run [ RunTime:0.000279s ]
INFO: [ view_filter ] --END-- [ RunTime:0.001025s ]
INFO: [ view_end ] --START--
INFO: ShowPageTrace Behavior ::run [ RunTime:0.000405s ]
INFO: [ view_end ] --END-- [ RunTime:0.000459s ]

[ 2014-01-23T17:17:37+08:00 ] 58.246.66.2 /uniqlo/system.php/Index/index.html
INFO: [ route_check ] --START--
INFO: CheckRoute Behavior ::run [ RunTime:0.000490s ]
INFO: [ route_check ] --END-- [ RunTime:0.000556s ]
INFO: [ app_begin ] --START--
INFO: ReadHtmlCache Behavior ::run [ RunTime:0.000316s ]
INFO: [ app_begin ] --END-- [ RunTime:0.000370s ]
INFO: [ view_parse ] --START--
NOTIC: [8] Undefined variable: result /superdata/uyiku/uniqlo/System/Runtime/Cache/518bd32289a82441c7453e6720e4f060.php 第 6 行.
INFO: ParseTemplate Behavior ::run [ RunTime:0.005620s ]
INFO: [ view_parse ] --END-- [ RunTime:0.005673s ]
INFO: [ view_filter ] --START--
INFO: ContentReplace Behavior ::run [ RunTime:0.000200s ]
INFO: TokenBuild Behavior ::run [ RunTime:0.000229s ]
INFO: WriteHtmlCache Behavior ::run [ RunTime:0.000138s ]
INFO: ShowRuntime Behavior ::run [ RunTime:0.000262s ]
INFO: [ view_filter ] --END-- [ RunTime:0.000977s ]
INFO: [ view_end ] --START--
INFO: ShowPageTrace Behavior ::run [ RunTime:0.000354s ]
INFO: [ view_end ] --END-- [ RunTime:0.000403s ]

[ 2014-01-23T17:17:38+08:00 ] 58.246.66.2 /uniqlo/system.php/Official/index.html
INFO: [ route_check ] --START--
INFO: CheckRoute Behavior ::run [ RunTime:0.000486s ]
INFO: [ route_check ] --END-- [ RunTime:0.000551s ]
INFO: [ app_begin ] --START--
INFO: ReadHtmlCache Behavior ::run [ RunTime:0.000314s ]
INFO: [ app_begin ] --END-- [ RunTime:0.000365s ]
SQL: SHOW COLUMNS FROM `u_recommend` [ RunTime:0.000757s ]
SQL: SELECT * FROM `u_recommend` WHERE ( `type` = '1' )  [ RunTime:0.000077s ]
SQL: SELECT * FROM `u_recommend` WHERE ( `type` = '2' )  [ RunTime:0.000071s ]
INFO: [ view_parse ] --START--
NOTIC: [8] Undefined variable: result /superdata/uyiku/uniqlo/System/Runtime/Cache/16d91b4eb1fca696ddab1a91da8100c0.php 第 6 行.
INFO: ParseTemplate Behavior ::run [ RunTime:0.014235s ]
INFO: [ view_parse ] --END-- [ RunTime:0.014337s ]
INFO: [ view_filter ] --START--
INFO: ContentReplace Behavior ::run [ RunTime:0.000246s ]
INFO: TokenBuild Behavior ::run [ RunTime:0.000271s ]
INFO: WriteHtmlCache Behavior ::run [ RunTime:0.000140s ]
INFO: ShowRuntime Behavior ::run [ RunTime:0.000303s ]
INFO: [ view_filter ] --END-- [ RunTime:0.001113s ]
INFO: [ view_end ] --START--
INFO: ShowPageTrace Behavior ::run [ RunTime:0.000436s ]
INFO: [ view_end ] --END-- [ RunTime:0.000492s ]

[ 2014-01-23T17:18:56+08:00 ] 58.246.66.2 /uniqlo/system.php
INFO: [ app_begin ] --START--
INFO: ReadHtmlCache Behavior ::run [ RunTime:0.000317s ]
INFO: [ app_begin ] --END-- [ RunTime:0.000381s ]
INFO: [ view_parse ] --START--
NOTIC: [8] Undefined variable: result /superdata/uyiku/uniqlo/System/Runtime/Cache/518bd32289a82441c7453e6720e4f060.php 第 6 行.
INFO: ParseTemplate Behavior ::run [ RunTime:0.008475s ]
INFO: [ view_parse ] --END-- [ RunTime:0.008537s ]
INFO: [ view_filter ] --START--
INFO: ContentReplace Behavior ::run [ RunTime:0.000211s ]
INFO: TokenBuild Behavior ::run [ RunTime:0.000247s ]
INFO: WriteHtmlCache Behavior ::run [ RunTime:0.000142s ]
INFO: ShowRuntime Behavior ::run [ RunTime:0.000279s ]
INFO: [ view_filter ] --END-- [ RunTime:0.001029s ]
INFO: [ view_end ] --START--
INFO: ShowPageTrace Behavior ::run [ RunTime:0.000421s ]
INFO: [ view_end ] --END-- [ RunTime:0.000476s ]

[ 2014-01-23T17:18:58+08:00 ] 58.246.66.2 /uniqlo/system.php/Products/index.html
INFO: [ route_check ] --START--
INFO: CheckRoute Behavior ::run [ RunTime:0.000499s ]
INFO: [ route_check ] --END-- [ RunTime:0.000564s ]
INFO: [ app_begin ] --START--
INFO: ReadHtmlCache Behavior ::run [ RunTime:0.000326s ]
INFO: [ app_begin ] --END-- [ RunTime:0.000378s ]
SQL: SHOW COLUMNS FROM `u_goods` [ RunTime:0.000920s ]
SQL: SHOW COLUMNS FROM `u_category` [ RunTime:0.000555s ]
NOTIC: 建议使用I方法替代_request
NOTIC: 建议使用I方法替代_request
NOTIC: 建议使用I方法替代_request
NOTIC: 建议使用I方法替代_request
NOTIC: 建议使用I方法替代_request
NOTIC: [8] Undefined variable: map /superdata/uyiku/uniqlo/System/Lib/Action/ProductsAction.class.php 第 45 行.
SQL: SELECT COUNT(*) AS tp_count FROM `u_goods` LIMIT 1   [ RunTime:0.000141s ]
NOTIC: [8] Undefined index: p /superdata/uyiku/uniqlo/System/Lib/ORG/Pageyu.class.php 第 38 行.
NOTIC: [8] Undefined variable: map /superdata/uyiku/uniqlo/System/Lib/Action/ProductsAction.class.php 第 47 行.
SQL: SELECT * FROM `u_goods` ORDER BY id desc LIMIT 0,20   [ RunTime:0.000390s ]
NOTIC: [8] Undefined index: css /superdata/uyiku/uniqlo/System/Lib/ORG/Pageyu.class.php 第 59 行.
NOTIC: [8] Undefined variable: css /superdata/uyiku/uniqlo/System/Lib/ORG/Pageyu.class.php 第 62 行.
NOTIC: [8] Undefined index: id /superdata/uyiku/uniqlo/System/Lib/ORG/Pageyu.class.php 第 64 行.
NOTIC: [8] Undefined variable: id /superdata/uyiku/uniqlo/System/Lib/ORG/Pageyu.class.php 第 67 行.
NOTIC: [8] Undefined variable: p /superdata/uyiku/uniqlo/System/Lib/ORG/Pageyu.class.php 第 70 行.
NOTIC: [8] Undefined index: p /superdata/uyiku/uniqlo/System/Lib/ORG/Pageyu.class.php 第 80 行.
SQL: SELECT * FROM `u_category` WHERE ( `parent_id` = 0 )  [ RunTime:0.022543s ]
NOTIC: [8] Undefined variable: twocate /superdata/uyiku/uniqlo/System/Lib/Action/ProductsAction.class.php 第 59 行.
NOTIC: [8] Undefined index: p /superdata/uyiku/uniqlo/System/Lib/Action/ProductsAction.class.php 第 63 行.
INFO: [ view_parse ] --START--
NOTIC: [8] Undefined variable: result /superdata/uyiku/uniqlo/System/Runtime/Cache/b9380e0ff4153407ef0f27d26c4b736c.php 第 6 行.
INFO: ParseTemplate Behavior ::run [ RunTime:0.020696s ]
INFO: [ view_parse ] --END-- [ RunTime:0.020763s ]
INFO: [ view_filter ] --START--
INFO: ContentReplace Behavior ::run [ RunTime:0.000281s ]
INFO: TokenBuild Behavior ::run [ RunTime:0.000306s ]
INFO: WriteHtmlCache Behavior ::run [ RunTime:0.000142s ]
INFO: ShowRuntime Behavior ::run [ RunTime:0.000266s ]
INFO: [ view_filter ] --END-- [ RunTime:0.001143s ]
INFO: [ view_end ] --START--
INFO: ShowPageTrace Behavior ::run [ RunTime:0.000365s ]
INFO: [ view_end ] --END-- [ RunTime:0.000419s ]

[ 2014-01-23T17:19:01+08:00 ] 58.246.66.2 /uniqlo/system.php/Tags/index.html
INFO: [ route_check ] --START--
INFO: CheckRoute Behavior ::run [ RunTime:0.000494s ]
INFO: [ route_check ] --END-- [ RunTime:0.000559s ]
INFO: [ app_begin ] --START--
INFO: ReadHtmlCache Behavior ::run [ RunTime:0.000311s ]
INFO: [ app_begin ] --END-- [ RunTime:0.000363s ]
SQL: SHOW COLUMNS FROM `u_tag` [ RunTime:0.000620s ]
SQL: SELECT * FROM `u_tag` WHERE ( `parent_id` = 0 )  [ RunTime:0.000204s ]
INFO: [ view_parse ] --START--
NOTIC: [8] Undefined variable: result /superdata/uyiku/uniqlo/System/Runtime/Cache/7d0e2389af15090c98499bdd8abbbf99.php 第 6 行.
INFO: ParseTemplate Behavior ::run [ RunTime:0.009346s ]
INFO: [ view_parse ] --END-- [ RunTime:0.009440s ]
INFO: [ view_filter ] --START--
INFO: ContentReplace Behavior ::run [ RunTime:0.000266s ]
INFO: TokenBuild Behavior ::run [ RunTime:0.000276s ]
INFO: WriteHtmlCache Behavior ::run [ RunTime:0.000142s ]
INFO: ShowRuntime Behavior ::run [ RunTime:0.000280s ]
INFO: [ view_filter ] --END-- [ RunTime:0.001120s ]
INFO: [ view_end ] --START--
INFO: ShowPageTrace Behavior ::run [ RunTime:0.000383s ]
INFO: [ view_end ] --END-- [ RunTime:0.000437s ]

[ 2014-01-23T17:19:04+08:00 ] 58.246.66.2 /uniqlo/system.php/Official/index.html
INFO: [ route_check ] --START--
INFO: CheckRoute Behavior ::run [ RunTime:0.000487s ]
INFO: [ route_check ] --END-- [ RunTime:0.000576s ]
INFO: [ app_begin ] --START--
INFO: ReadHtmlCache Behavior ::run [ RunTime:0.000365s ]
INFO: [ app_begin ] --END-- [ RunTime:0.000420s ]
SQL: SHOW COLUMNS FROM `u_recommend` [ RunTime:0.000697s ]
SQL: SELECT * FROM `u_recommend` WHERE ( `type` = '1' )  [ RunTime:0.000080s ]
SQL: SELECT * FROM `u_recommend` WHERE ( `type` = '2' )  [ RunTime:0.000070s ]
INFO: [ view_parse ] --START--
NOTIC: [8] Undefined variable: result /superdata/uyiku/uniqlo/System/Runtime/Cache/16d91b4eb1fca696ddab1a91da8100c0.php 第 6 行.
INFO: ParseTemplate Behavior ::run [ RunTime:0.014301s ]
INFO: [ view_parse ] --END-- [ RunTime:0.014385s ]
INFO: [ view_filter ] --START--
INFO: ContentReplace Behavior ::run [ RunTime:0.000225s ]
INFO: TokenBuild Behavior ::run [ RunTime:0.000280s ]
INFO: WriteHtmlCache Behavior ::run [ RunTime:0.000136s ]
INFO: ShowRuntime Behavior ::run [ RunTime:0.000256s ]
INFO: [ view_filter ] --END-- [ RunTime:0.001045s ]
INFO: [ view_end ] --START--
INFO: ShowPageTrace Behavior ::run [ RunTime:0.000368s ]
INFO: [ view_end ] --END-- [ RunTime:0.000423s ]

[ 2014-01-23T17:21:11+08:00 ] 58.246.66.2 /uniqlo/system.php/Official/add.html
INFO: [ route_check ] --START--
INFO: CheckRoute Behavior ::run [ RunTime:0.000505s ]
INFO: [ route_check ] --END-- [ RunTime:0.000576s ]
INFO: [ app_begin ] --START--
INFO: ReadHtmlCache Behavior ::run [ RunTime:0.000384s ]
INFO: [ app_begin ] --END-- [ RunTime:0.000432s ]

[ 2014-01-23T17:21:13+08:00 ] 58.246.66.2 /uniqlo/system.php/Official/index.html
INFO: [ route_check ] --START--
INFO: CheckRoute Behavior ::run [ RunTime:0.000484s ]
INFO: [ route_check ] --END-- [ RunTime:0.000548s ]
INFO: [ app_begin ] --START--
INFO: ReadHtmlCache Behavior ::run [ RunTime:0.000323s ]
INFO: [ app_begin ] --END-- [ RunTime:0.000375s ]
INFO: [ view_parse ] --START--
NOTIC: [8] Undefined variable: result /superdata/uyiku/uniqlo/System/Runtime/Cache/359f19af407bafaee5c98c179daa16e7.php 第 6 行.
INFO: ParseTemplate Behavior ::run [ RunTime:0.006098s ]
INFO: [ view_parse ] --END-- [ RunTime:0.006155s ]
INFO: [ view_filter ] --START--
INFO: ContentReplace Behavior ::run [ RunTime:0.000215s ]
INFO: TokenBuild Behavior ::run [ RunTime:0.000268s ]
INFO: WriteHtmlCache Behavior ::run [ RunTime:0.000147s ]
INFO: ShowRuntime Behavior ::run [ RunTime:0.000271s ]
INFO: [ view_filter ] --END-- [ RunTime:0.001065s ]
INFO: [ view_end ] --START--
INFO: ShowPageTrace Behavior ::run [ RunTime:0.000392s ]
INFO: [ view_end ] --END-- [ RunTime:0.000449s ]

[ 2014-01-23T17:21:19+08:00 ] 58.246.66.2 /uniqlo/system.php/Index/login.html
INFO: [ route_check ] --START--
INFO: CheckRoute Behavior ::run [ RunTime:0.000504s ]
INFO: [ route_check ] --END-- [ RunTime:0.000576s ]
INFO: [ app_begin ] --START--
INFO: ReadHtmlCache Behavior ::run [ RunTime:0.000315s ]
INFO: [ app_begin ] --END-- [ RunTime:0.000366s ]
NOTIC: 建议使用I方法替代_post
NOTIC: 建议使用I方法替代_post
SQL: SHOW COLUMNS FROM `u_admin` [ RunTime:0.000648s ]
SQL: SELECT `aid`,`nickname` FROM `u_admin` WHERE ( `email` = 'admin@126.com' ) AND ( `pwd` = 'a66abb5684c45962d887564f08346e8d' ) LIMIT 1   [ RunTime:0.000070s ]
INFO: [ view_parse ] --START--
INFO: ParseTemplate Behavior ::run [ RunTime:0.005090s ]
INFO: [ view_parse ] --END-- [ RunTime:0.005159s ]
INFO: [ view_filter ] --START--
INFO: ContentReplace Behavior ::run [ RunTime:0.000212s ]
INFO: TokenBuild Behavior ::run [ RunTime:0.000244s ]
INFO: WriteHtmlCache Behavior ::run [ RunTime:0.000159s ]
INFO: ShowRuntime Behavior ::run [ RunTime:0.000285s ]
INFO: [ view_filter ] --END-- [ RunTime:0.001057s ]
INFO: [ view_end ] --START--
INFO: ShowPageTrace Behavior ::run [ RunTime:0.000414s ]
INFO: [ view_end ] --END-- [ RunTime:0.000469s ]

[ 2014-01-23T17:21:20+08:00 ] 58.246.66.2 /uniqlo/system.php/Index/index.html
INFO: [ route_check ] --START--
INFO: CheckRoute Behavior ::run [ RunTime:0.000506s ]
INFO: [ route_check ] --END-- [ RunTime:0.000578s ]
INFO: [ app_begin ] --START--
INFO: ReadHtmlCache Behavior ::run [ RunTime:0.000318s ]
INFO: [ app_begin ] --END-- [ RunTime:0.000369s ]
INFO: [ view_parse ] --START--
NOTIC: [8] Undefined variable: result /superdata/uyiku/uniqlo/System/Runtime/Cache/518bd32289a82441c7453e6720e4f060.php 第 6 行.
INFO: ParseTemplate Behavior ::run [ RunTime:0.005797s ]
INFO: [ view_parse ] --END-- [ RunTime:0.005851s ]
INFO: [ view_filter ] --START--
INFO: ContentReplace Behavior ::run [ RunTime:0.000201s ]
INFO: TokenBuild Behavior ::run [ RunTime:0.000231s ]
INFO: WriteHtmlCache Behavior ::run [ RunTime:0.000141s ]
INFO: ShowRuntime Behavior ::run [ RunTime:0.000298s ]
INFO: [ view_filter ] --END-- [ RunTime:0.001016s ]
INFO: [ view_end ] --START--
INFO: ShowPageTrace Behavior ::run [ RunTime:0.000360s ]
INFO: [ view_end ] --END-- [ RunTime:0.000408s ]

[ 2014-01-23T17:21:22+08:00 ] 58.246.66.2 /uniqlo/system.php/Official/index.html
INFO: [ route_check ] --START--
INFO: CheckRoute Behavior ::run [ RunTime:0.000484s ]
INFO: [ route_check ] --END-- [ RunTime:0.000547s ]
INFO: [ app_begin ] --START--
INFO: ReadHtmlCache Behavior ::run [ RunTime:0.000310s ]
INFO: [ app_begin ] --END-- [ RunTime:0.000360s ]
SQL: SHOW COLUMNS FROM `u_recommend` [ RunTime:0.000570s ]
SQL: SELECT * FROM `u_recommend` WHERE ( `type` = '1' )  [ RunTime:0.000076s ]
SQL: SELECT * FROM `u_recommend` WHERE ( `type` = '2' )  [ RunTime:0.000072s ]
INFO: [ view_parse ] --START--
NOTIC: [8] Undefined variable: result /superdata/uyiku/uniqlo/System/Runtime/Cache/16d91b4eb1fca696ddab1a91da8100c0.php 第 6 行.
INFO: ParseTemplate Behavior ::run [ RunTime:0.013792s ]
INFO: [ view_parse ] --END-- [ RunTime:0.013861s ]
INFO: [ view_filter ] --START--
INFO: ContentReplace Behavior ::run [ RunTime:0.000221s ]
INFO: TokenBuild Behavior ::run [ RunTime:0.000266s ]
INFO: WriteHtmlCache Behavior ::run [ RunTime:0.000137s ]
INFO: ShowRuntime Behavior ::run [ RunTime:0.000263s ]
INFO: [ view_filter ] --END-- [ RunTime:0.001033s ]
INFO: [ view_end ] --START--
INFO: ShowPageTrace Behavior ::run [ RunTime:0.000418s ]
INFO: [ view_end ] --END-- [ RunTime:0.000473s ]

[ 2014-01-23T17:21:28+08:00 ] 58.246.66.2 /uniqlo/system.php/Official/add.html
INFO: [ route_check ] --START--
INFO: CheckRoute Behavior ::run [ RunTime:0.000481s ]
INFO: [ route_check ] --END-- [ RunTime:0.000545s ]
INFO: [ app_begin ] --START--
INFO: ReadHtmlCache Behavior ::run [ RunTime:0.000311s ]
INFO: [ app_begin ] --END-- [ RunTime:0.000359s ]
NOTIC: 建议使用I方法替代_post
NOTIC: 建议使用I方法替代_post
NOTIC: 建议使用I方法替代_post
NOTIC: 建议使用I方法替代_post
NOTIC: 建议使用I方法替代_post
SQL: SHOW COLUMNS FROM `u_recommend` [ RunTime:0.000496s ]
SQL: UPDATE `u_recommend` SET `num_iid`='21040000249',`type`='1',`isud`='1',`tm`=10 WHERE ( `id` = 1 ) [ RunTime:0.000272s ]

[ 2014-01-23T17:21:42+08:00 ] 58.246.66.2 /uniqlo/system.php/Official/add.html
INFO: [ route_check ] --START--
INFO: CheckRoute Behavior ::run [ RunTime:0.000484s ]
INFO: [ route_check ] --END-- [ RunTime:0.000549s ]
INFO: [ app_begin ] --START--
INFO: ReadHtmlCache Behavior ::run [ RunTime:0.000313s ]
INFO: [ app_begin ] --END-- [ RunTime:0.000360s ]
NOTIC: 建议使用I方法替代_post
NOTIC: 建议使用I方法替代_post
NOTIC: 建议使用I方法替代_post
NOTIC: 建议使用I方法替代_post
NOTIC: 建议使用I方法替代_post
SQL: SHOW COLUMNS FROM `u_recommend` [ RunTime:0.000485s ]
SQL: UPDATE `u_recommend` SET `num_iid`='27614336928',`type`='1',`isud`='1',`tm`=10 WHERE ( `id` = 2 ) [ RunTime:0.000179s ]

[ 2014-01-23T17:21:50+08:00 ] 58.246.66.2 /uniqlo/system.php/Official/add.html
INFO: [ route_check ] --START--
INFO: CheckRoute Behavior ::run [ RunTime:0.000490s ]
INFO: [ route_check ] --END-- [ RunTime:0.000554s ]
INFO: [ app_begin ] --START--
INFO: ReadHtmlCache Behavior ::run [ RunTime:0.000309s ]
INFO: [ app_begin ] --END-- [ RunTime:0.000356s ]
NOTIC: 建议使用I方法替代_post
NOTIC: 建议使用I方法替代_post
NOTIC: 建议使用I方法替代_post
NOTIC: 建议使用I方法替代_post
NOTIC: 建议使用I方法替代_post
SQL: SHOW COLUMNS FROM `u_recommend` [ RunTime:0.000488s ]
SQL: UPDATE `u_recommend` SET `num_iid`='19538057306',`type`='1',`isud`='1',`tm`=10 WHERE ( `id` = 3 ) [ RunTime:0.000181s ]

[ 2014-01-23T17:21:52+08:00 ] 58.246.66.2 /uniqlo/system.php/Official/add.html
INFO: [ route_check ] --START--
INFO: CheckRoute Behavior ::run [ RunTime:0.000505s ]
INFO: [ route_check ] --END-- [ RunTime:0.000575s ]
INFO: [ app_begin ] --START--
INFO: ReadHtmlCache Behavior ::run [ RunTime:0.000323s ]
INFO: [ app_begin ] --END-- [ RunTime:0.000370s ]
NOTIC: 建议使用I方法替代_post
NOTIC: 建议使用I方法替代_post
NOTIC: 建议使用I方法替代_post
NOTIC: 建议使用I方法替代_post
NOTIC: 建议使用I方法替代_post
SQL: SHOW COLUMNS FROM `u_recommend` [ RunTime:0.000522s ]
SQL: UPDATE `u_recommend` SET `num_iid`='19321670508',`type`='1',`isud`='1',`tm`=10 WHERE ( `id` = 4 ) [ RunTime:0.000180s ]

[ 2014-01-23T17:21:54+08:00 ] 58.246.66.2 /uniqlo/system.php/Official/add.html
INFO: [ route_check ] --START--
INFO: CheckRoute Behavior ::run [ RunTime:0.000485s ]
INFO: [ route_check ] --END-- [ RunTime:0.000550s ]
INFO: [ app_begin ] --START--
INFO: ReadHtmlCache Behavior ::run [ RunTime:0.000325s ]
INFO: [ app_begin ] --END-- [ RunTime:0.000372s ]
NOTIC: 建议使用I方法替代_post
NOTIC: 建议使用I方法替代_post
NOTIC: 建议使用I方法替代_post
NOTIC: 建议使用I方法替代_post
NOTIC: 建议使用I方法替代_post
SQL: SHOW COLUMNS FROM `u_recommend` [ RunTime:0.000613s ]
SQL: UPDATE `u_recommend` SET `num_iid`='16687009389',`type`='1',`isud`='2',`tm`=10 WHERE ( `id` = 5 ) [ RunTime:0.000207s ]

[ 2014-01-23T17:21:56+08:00 ] 58.246.66.2 /uniqlo/system.php/Official/add.html
INFO: [ route_check ] --START--
INFO: CheckRoute Behavior ::run [ RunTime:0.000490s ]
INFO: [ route_check ] --END-- [ RunTime:0.000555s ]
INFO: [ app_begin ] --START--
INFO: ReadHtmlCache Behavior ::run [ RunTime:0.000314s ]
INFO: [ app_begin ] --END-- [ RunTime:0.000361s ]
NOTIC: 建议使用I方法替代_post
NOTIC: 建议使用I方法替代_post
NOTIC: 建议使用I方法替代_post
NOTIC: 建议使用I方法替代_post
NOTIC: 建议使用I方法替代_post
SQL: SHOW COLUMNS FROM `u_recommend` [ RunTime:0.000487s ]
SQL: UPDATE `u_recommend` SET `num_iid`='21040000249',`type`='1',`isud`='2',`tm`=10 WHERE ( `id` = 6 ) [ RunTime:0.000179s ]

[ 2014-01-23T17:21:58+08:00 ] 58.246.66.2 /uniqlo/system.php/Official/add.html
INFO: [ route_check ] --START--
INFO: CheckRoute Behavior ::run [ RunTime:0.000485s ]
INFO: [ route_check ] --END-- [ RunTime:0.000549s ]
INFO: [ app_begin ] --START--
INFO: ReadHtmlCache Behavior ::run [ RunTime:0.000311s ]
INFO: [ app_begin ] --END-- [ RunTime:0.000358s ]
NOTIC: 建议使用I方法替代_post
NOTIC: 建议使用I方法替代_post
NOTIC: 建议使用I方法替代_post
NOTIC: 建议使用I方法替代_post
NOTIC: 建议使用I方法替代_post
SQL: SHOW COLUMNS FROM `u_recommend` [ RunTime:0.000502s ]
SQL: UPDATE `u_recommend` SET `num_iid`='16686989446',`type`='1',`isud`='2',`tm`=10 WHERE ( `id` = 7 ) [ RunTime:0.000178s ]

[ 2014-01-23T17:21:59+08:00 ] 58.246.66.2 /uniqlo/system.php/Official/add.html
INFO: [ route_check ] --START--
INFO: CheckRoute Behavior ::run [ RunTime:0.000542s ]
INFO: [ route_check ] --END-- [ RunTime:0.000627s ]
INFO: [ app_begin ] --START--
INFO: ReadHtmlCache Behavior ::run [ RunTime:0.000335s ]
INFO: [ app_begin ] --END-- [ RunTime:0.000382s ]
NOTIC: 建议使用I方法替代_post
NOTIC: 建议使用I方法替代_post
NOTIC: 建议使用I方法替代_post
NOTIC: 建议使用I方法替代_post
NOTIC: 建议使用I方法替代_post
SQL: SHOW COLUMNS FROM `u_recommend` [ RunTime:0.000526s ]
SQL: UPDATE `u_recommend` SET `num_iid`='21469580906',`type`='1',`isud`='2',`tm`=10 WHERE ( `id` = 8 ) [ RunTime:0.000182s ]

[ 2014-01-23T17:22:02+08:00 ] 58.246.66.2 /uniqlo/system.php/Official/add.html
INFO: [ route_check ] --START--
INFO: CheckRoute Behavior ::run [ RunTime:0.000499s ]
INFO: [ route_check ] --END-- [ RunTime:0.000570s ]
INFO: [ app_begin ] --START--
INFO: ReadHtmlCache Behavior ::run [ RunTime:0.000320s ]
INFO: [ app_begin ] --END-- [ RunTime:0.000367s ]
NOTIC: 建议使用I方法替代_post
NOTIC: 建议使用I方法替代_post
NOTIC: 建议使用I方法替代_post
NOTIC: 建议使用I方法替代_post
NOTIC: 建议使用I方法替代_post
SQL: SHOW COLUMNS FROM `u_recommend` [ RunTime:0.000581s ]
SQL: UPDATE `u_recommend` SET `num_iid`='19009650378',`type`='2',`isud`='1',`tm`=10 WHERE ( `id` = 9 ) [ RunTime:0.000215s ]

[ 2014-01-23T17:25:34+08:00 ] 58.246.66.2 /uniqlo/system.php/Official/index.html
INFO: [ route_check ] --START--
INFO: CheckRoute Behavior ::run [ RunTime:0.000511s ]
INFO: [ route_check ] --END-- [ RunTime:0.000603s ]
INFO: [ app_begin ] --START--
INFO: ReadHtmlCache Behavior ::run [ RunTime:0.000322s ]
INFO: [ app_begin ] --END-- [ RunTime:0.000374s ]
SQL: SHOW COLUMNS FROM `u_recommend` [ RunTime:0.000586s ]
SQL: SELECT * FROM `u_recommend` WHERE ( `type` = '1' )  [ RunTime:0.000331s ]
SQL: SELECT * FROM `u_recommend` WHERE ( `type` = '2' )  [ RunTime:0.000151s ]
INFO: [ view_parse ] --START--
NOTIC: [8] Undefined variable: result /superdata/uyiku/uniqlo/System/Runtime/Cache/16d91b4eb1fca696ddab1a91da8100c0.php 第 6 行.
INFO: ParseTemplate Behavior ::run [ RunTime:0.014436s ]
INFO: [ view_parse ] --END-- [ RunTime:0.014510s ]
INFO: [ view_filter ] --START--
INFO: ContentReplace Behavior ::run [ RunTime:0.000272s ]
INFO: TokenBuild Behavior ::run [ RunTime:0.000286s ]
INFO: WriteHtmlCache Behavior ::run [ RunTime:0.000140s ]
INFO: ShowRuntime Behavior ::run [ RunTime:0.000277s ]
INFO: [ view_filter ] --END-- [ RunTime:0.001127s ]
INFO: [ view_end ] --START--
INFO: ShowPageTrace Behavior ::run [ RunTime:0.000387s ]
INFO: [ view_end ] --END-- [ RunTime:0.000442s ]

[ 2014-01-23T17:29:41+08:00 ] 58.246.66.2 /uniqlo/system.php/Official/index.html
INFO: [ route_check ] --START--
INFO: CheckRoute Behavior ::run [ RunTime:0.000486s ]
INFO: [ route_check ] --END-- [ RunTime:0.000555s ]
INFO: [ app_begin ] --START--
INFO: ReadHtmlCache Behavior ::run [ RunTime:0.000379s ]
INFO: [ app_begin ] --END-- [ RunTime:0.000431s ]
INFO: [ view_parse ] --START--
NOTIC: [8] Undefined variable: result /superdata/uyiku/uniqlo/System/Runtime/Cache/359f19af407bafaee5c98c179daa16e7.php 第 6 行.
INFO: ParseTemplate Behavior ::run [ RunTime:0.005641s ]
INFO: [ view_parse ] --END-- [ RunTime:0.005695s ]
INFO: [ view_filter ] --START--
INFO: ContentReplace Behavior ::run [ RunTime:0.000200s ]
INFO: TokenBuild Behavior ::run [ RunTime:0.000254s ]
INFO: WriteHtmlCache Behavior ::run [ RunTime:0.000139s ]
INFO: ShowRuntime Behavior ::run [ RunTime:0.000272s ]
INFO: [ view_filter ] --END-- [ RunTime:0.001010s ]
INFO: [ view_end ] --START--
INFO: ShowPageTrace Behavior ::run [ RunTime:0.000392s ]
INFO: [ view_end ] --END-- [ RunTime:0.000446s ]

[ 2014-01-23T17:29:54+08:00 ] 58.246.66.2 /uniqlo/system.php/Index/login.html
INFO: [ route_check ] --START--
INFO: CheckRoute Behavior ::run [ RunTime:0.000561s ]
INFO: [ route_check ] --END-- [ RunTime:0.000658s ]
INFO: [ app_begin ] --START--
INFO: ReadHtmlCache Behavior ::run [ RunTime:0.000339s ]
INFO: [ app_begin ] --END-- [ RunTime:0.000395s ]
NOTIC: 建议使用I方法替代_post
NOTIC: 建议使用I方法替代_post
SQL: SHOW COLUMNS FROM `u_admin` [ RunTime:0.000521s ]
SQL: SELECT `aid`,`nickname` FROM `u_admin` WHERE ( `email` = 'admin@126.com' ) AND ( `pwd` = 'a66abb5684c45962d887564f08346e8d' ) LIMIT 1   [ RunTime:0.000069s ]
INFO: [ view_parse ] --START--
INFO: ParseTemplate Behavior ::run [ RunTime:0.006131s ]
INFO: [ view_parse ] --END-- [ RunTime:0.006193s ]
INFO: [ view_filter ] --START--
INFO: ContentReplace Behavior ::run [ RunTime:0.000212s ]
INFO: TokenBuild Behavior ::run [ RunTime:0.000254s ]
INFO: WriteHtmlCache Behavior ::run [ RunTime:0.000139s ]
INFO: ShowRuntime Behavior ::run [ RunTime:0.000282s ]
INFO: [ view_filter ] --END-- [ RunTime:0.001038s ]
INFO: [ view_end ] --START--
INFO: ShowPageTrace Behavior ::run [ RunTime:0.000402s ]
INFO: [ view_end ] --END-- [ RunTime:0.000457s ]

[ 2014-01-23T17:29:56+08:00 ] 58.246.66.2 /uniqlo/system.php/Index/index.html
INFO: [ route_check ] --START--
INFO: CheckRoute Behavior ::run [ RunTime:0.000489s ]
INFO: [ route_check ] --END-- [ RunTime:0.000554s ]
INFO: [ app_begin ] --START--
INFO: ReadHtmlCache Behavior ::run [ RunTime:0.000311s ]
INFO: [ app_begin ] --END-- [ RunTime:0.000362s ]
INFO: [ view_parse ] --START--
NOTIC: [8] Undefined variable: result /superdata/uyiku/uniqlo/System/Runtime/Cache/518bd32289a82441c7453e6720e4f060.php 第 6 行.
INFO: ParseTemplate Behavior ::run [ RunTime:0.005768s ]
INFO: [ view_parse ] --END-- [ RunTime:0.005822s ]
INFO: [ view_filter ] --START--
INFO: ContentReplace Behavior ::run [ RunTime:0.000205s ]
INFO: TokenBuild Behavior ::run [ RunTime:0.000229s ]
INFO: WriteHtmlCache Behavior ::run [ RunTime:0.000142s ]
INFO: ShowRuntime Behavior ::run [ RunTime:0.000258s ]
INFO: [ view_filter ] --END-- [ RunTime:0.000984s ]
INFO: [ view_end ] --START--
INFO: ShowPageTrace Behavior ::run [ RunTime:0.000355s ]
INFO: [ view_end ] --END-- [ RunTime:0.000405s ]

[ 2014-01-23T17:29:57+08:00 ] 58.246.66.2 /uniqlo/system.php/Official/index.html
INFO: [ route_check ] --START--
INFO: CheckRoute Behavior ::run [ RunTime:0.000488s ]
INFO: [ route_check ] --END-- [ RunTime:0.000553s ]
INFO: [ app_begin ] --START--
INFO: ReadHtmlCache Behavior ::run [ RunTime:0.000357s ]
INFO: [ app_begin ] --END-- [ RunTime:0.000408s ]
SQL: SHOW COLUMNS FROM `u_recommend` [ RunTime:0.000663s ]
SQL: SELECT * FROM `u_recommend` WHERE ( `type` = '1' )  [ RunTime:0.000075s ]
SQL: SELECT * FROM `u_recommend` WHERE ( `type` = '2' )  [ RunTime:0.000070s ]
INFO: [ view_parse ] --START--
NOTIC: [8] Undefined variable: result /superdata/uyiku/uniqlo/System/Runtime/Cache/16d91b4eb1fca696ddab1a91da8100c0.php 第 6 行.
INFO: ParseTemplate Behavior ::run [ RunTime:0.014387s ]
INFO: [ view_parse ] --END-- [ RunTime:0.014471s ]
INFO: [ view_filter ] --START--
INFO: ContentReplace Behavior ::run [ RunTime:0.000331s ]
INFO: TokenBuild Behavior ::run [ RunTime:0.000298s ]
INFO: WriteHtmlCache Behavior ::run [ RunTime:0.000148s ]
INFO: ShowRuntime Behavior ::run [ RunTime:0.000280s ]
INFO: [ view_filter ] --END-- [ RunTime:0.001232s ]
INFO: [ view_end ] --START--
INFO: ShowPageTrace Behavior ::run [ RunTime:0.000391s ]
INFO: [ view_end ] --END-- [ RunTime:0.000447s ]

[ 2014-01-23T17:30:19+08:00 ] 58.246.66.2 /uniqlo/system.php/Official/add.html
INFO: [ route_check ] --START--
INFO: CheckRoute Behavior ::run [ RunTime:0.000585s ]
INFO: [ route_check ] --END-- [ RunTime:0.000652s ]
INFO: [ app_begin ] --START--
INFO: ReadHtmlCache Behavior ::run [ RunTime:0.000314s ]
INFO: [ app_begin ] --END-- [ RunTime:0.000361s ]
NOTIC: 建议使用I方法替代_post
NOTIC: 建议使用I方法替代_post
NOTIC: 建议使用I方法替代_post
NOTIC: 建议使用I方法替代_post
NOTIC: 建议使用I方法替代_post
SQL: SHOW COLUMNS FROM `u_recommend` [ RunTime:0.000500s ]
SQL: UPDATE `u_recommend` SET `num_iid`='19009650378',`type`='2',`isud`='1',`tm`=10 WHERE ( `id` = 9 ) [ RunTime:0.000156s ]

[ 2014-01-23T17:30:20+08:00 ] 58.246.66.2 /uniqlo/system.php/Official/add.html
INFO: [ route_check ] --START--
INFO: CheckRoute Behavior ::run [ RunTime:0.000576s ]
INFO: [ route_check ] --END-- [ RunTime:0.000644s ]
INFO: [ app_begin ] --START--
INFO: ReadHtmlCache Behavior ::run [ RunTime:0.000311s ]
INFO: [ app_begin ] --END-- [ RunTime:0.000359s ]
NOTIC: 建议使用I方法替代_post
NOTIC: 建议使用I方法替代_post
NOTIC: 建议使用I方法替代_post
NOTIC: 建议使用I方法替代_post
NOTIC: 建议使用I方法替代_post
SQL: SHOW COLUMNS FROM `u_recommend` [ RunTime:0.000506s ]
SQL: UPDATE `u_recommend` SET `num_iid`='35093534287',`type`='2',`isud`='1',`tm`=10 WHERE ( `id` = 10 ) [ RunTime:0.000282s ]

[ 2014-01-23T17:30:22+08:00 ] 58.246.66.2 /uniqlo/system.php/Official/add.html
INFO: [ route_check ] --START--
INFO: CheckRoute Behavior ::run [ RunTime:0.000483s ]
INFO: [ route_check ] --END-- [ RunTime:0.000550s ]
INFO: [ app_begin ] --START--
INFO: ReadHtmlCache Behavior ::run [ RunTime:0.000313s ]
INFO: [ app_begin ] --END-- [ RunTime:0.000360s ]
NOTIC: 建议使用I方法替代_post
NOTIC: 建议使用I方法替代_post
NOTIC: 建议使用I方法替代_post
NOTIC: 建议使用I方法替代_post
NOTIC: 建议使用I方法替代_post
SQL: SHOW COLUMNS FROM `u_recommend` [ RunTime:0.000714s ]
SQL: UPDATE `u_recommend` SET `num_iid`='19009750255',`type`='2',`isud`='1',`tm`=10 WHERE ( `id` = 11 ) [ RunTime:0.000226s ]

[ 2014-01-23T17:30:23+08:00 ] 58.246.66.2 /uniqlo/system.php/Official/add.html
INFO: [ route_check ] --START--
INFO: CheckRoute Behavior ::run [ RunTime:0.000490s ]
INFO: [ route_check ] --END-- [ RunTime:0.000559s ]
INFO: [ app_begin ] --START--
INFO: ReadHtmlCache Behavior ::run [ RunTime:0.000311s ]
INFO: [ app_begin ] --END-- [ RunTime:0.000359s ]
NOTIC: 建议使用I方法替代_post
NOTIC: 建议使用I方法替代_post
NOTIC: 建议使用I方法替代_post
NOTIC: 建议使用I方法替代_post
NOTIC: 建议使用I方法替代_post
SQL: SHOW COLUMNS FROM `u_recommend` [ RunTime:0.000493s ]
SQL: UPDATE `u_recommend` SET `num_iid`='21826639613',`type`='2',`isud`='1',`tm`=10 WHERE ( `id` = 12 ) [ RunTime:0.000181s ]

[ 2014-01-23T17:30:25+08:00 ] 58.246.66.2 /uniqlo/system.php/Official/add.html
INFO: [ route_check ] --START--
INFO: CheckRoute Behavior ::run [ RunTime:0.000497s ]
INFO: [ route_check ] --END-- [ RunTime:0.000567s ]
INFO: [ app_begin ] --START--
INFO: ReadHtmlCache Behavior ::run [ RunTime:0.000320s ]
INFO: [ app_begin ] --END-- [ RunTime:0.000367s ]
NOTIC: 建议使用I方法替代_post
NOTIC: 建议使用I方法替代_post
NOTIC: 建议使用I方法替代_post
NOTIC: 建议使用I方法替代_post
NOTIC: 建议使用I方法替代_post
SQL: SHOW COLUMNS FROM `u_recommend` [ RunTime:0.000573s ]
SQL: UPDATE `u_recommend` SET `num_iid`='21092571030',`type`='2',`isud`='2',`tm`=10 WHERE ( `id` = 13 ) [ RunTime:0.000207s ]

[ 2014-01-23T17:30:26+08:00 ] 58.246.66.2 /uniqlo/system.php/Official/add.html
INFO: [ route_check ] --START--
INFO: CheckRoute Behavior ::run [ RunTime:0.000507s ]
INFO: [ route_check ] --END-- [ RunTime:0.000578s ]
INFO: [ app_begin ] --START--
INFO: ReadHtmlCache Behavior ::run [ RunTime:0.000313s ]
INFO: [ app_begin ] --END-- [ RunTime:0.000361s ]
NOTIC: 建议使用I方法替代_post
NOTIC: 建议使用I方法替代_post
NOTIC: 建议使用I方法替代_post
NOTIC: 建议使用I方法替代_post
NOTIC: 建议使用I方法替代_post
SQL: SHOW COLUMNS FROM `u_recommend` [ RunTime:0.000511s ]
SQL: UPDATE `u_recommend` SET `num_iid`='16881637278',`type`='2',`isud`='2',`tm`=10 WHERE ( `id` = 14 ) [ RunTime:0.000187s ]

[ 2014-01-23T17:30:28+08:00 ] 58.246.66.2 /uniqlo/system.php/Official/add.html
INFO: [ route_check ] --START--
INFO: CheckRoute Behavior ::run [ RunTime:0.000494s ]
INFO: [ route_check ] --END-- [ RunTime:0.000567s ]
INFO: [ app_begin ] --START--
INFO: ReadHtmlCache Behavior ::run [ RunTime:0.000316s ]
INFO: [ app_begin ] --END-- [ RunTime:0.000364s ]
NOTIC: 建议使用I方法替代_post
NOTIC: 建议使用I方法替代_post
NOTIC: 建议使用I方法替代_post
NOTIC: 建议使用I方法替代_post
NOTIC: 建议使用I方法替代_post
SQL: SHOW COLUMNS FROM `u_recommend` [ RunTime:0.000509s ]
SQL: UPDATE `u_recommend` SET `num_iid`='22222199697',`type`='2',`isud`='2',`tm`=10 WHERE ( `id` = 15 ) [ RunTime:0.000181s ]

[ 2014-01-23T17:30:29+08:00 ] 58.246.66.2 /uniqlo/system.php/Official/add.html
INFO: [ route_check ] --START--
INFO: CheckRoute Behavior ::run [ RunTime:0.000502s ]
INFO: [ route_check ] --END-- [ RunTime:0.000575s ]
INFO: [ app_begin ] --START--
INFO: ReadHtmlCache Behavior ::run [ RunTime:0.000320s ]
INFO: [ app_begin ] --END-- [ RunTime:0.000368s ]
NOTIC: 建议使用I方法替代_post
NOTIC: 建议使用I方法替代_post
NOTIC: 建议使用I方法替代_post
NOTIC: 建议使用I方法替代_post
NOTIC: 建议使用I方法替代_post
SQL: SHOW COLUMNS FROM `u_recommend` [ RunTime:0.000598s ]
SQL: UPDATE `u_recommend` SET `num_iid`='16407925382',`type`='2',`isud`='2',`tm`=10 WHERE ( `id` = 16 ) [ RunTime:0.000211s ]

[ 2014-01-23T17:46:47+08:00 ] 58.246.66.2 /uniqlo/system.php/Official/add.html
INFO: [ route_check ] --START--
INFO: CheckRoute Behavior ::run [ RunTime:0.000553s ]
INFO: [ route_check ] --END-- [ RunTime:0.000650s ]
INFO: [ app_begin ] --START--
INFO: ReadHtmlCache Behavior ::run [ RunTime:0.000364s ]
INFO: [ app_begin ] --END-- [ RunTime:0.000417s ]
NOTIC: 建议使用I方法替代_post
NOTIC: 建议使用I方法替代_post
NOTIC: 建议使用I方法替代_post
NOTIC: 建议使用I方法替代_post
NOTIC: 建议使用I方法替代_post
SQL: SHOW COLUMNS FROM `u_recommend` [ RunTime:0.000537s ]
SQL: UPDATE `u_recommend` SET `num_iid`='19009750255',`type`='2',`isud`='1',`tm`=10 WHERE ( `id` = 1 ) [ RunTime:0.000192s ]
SQL: UPDATE `u_recommend` SET `tm`=10 WHERE ( (`type` = '1') OR (`type` = '2') ) [ RunTime:0.000133s ]

