[ 2014-01-24T10:29:12+08:00 ] 58.246.66.2 /uniqlo/system.php
INFO: [ app_begin ] --START--
INFO: ReadHtmlCache Behavior ::run [ RunTime:0.000326s ]
INFO: [ app_begin ] --END-- [ RunTime:0.000402s ]
INFO: [ view_parse ] --START--
NOTIC: [8] Undefined variable: result /superdata/uyiku/uniqlo/System/Runtime/Cache/359f19af407bafaee5c98c179daa16e7.php 第 6 行.
NOTIC: [8] Undefined variable: aid /superdata/uyiku/uniqlo/System/Runtime/Cache/359f19af407bafaee5c98c179daa16e7.php 第 27 行.
INFO: ParseTemplate Behavior ::run [ RunTime:0.073890s ]
INFO: [ view_parse ] --END-- [ RunTime:0.073953s ]
INFO: [ view_filter ] --START--
INFO: ContentReplace Behavior ::run [ RunTime:0.001415s ]
INFO: TokenBuild Behavior ::run [ RunTime:0.001216s ]
INFO: WriteHtmlCache Behavior ::run [ RunTime:0.001580s ]
INFO: ShowRuntime Behavior ::run [ RunTime:0.001371s ]
INFO: [ view_filter ] --END-- [ RunTime:0.005730s ]
INFO: [ view_end ] --START--
INFO: ShowPageTrace Behavior ::run [ RunTime:0.001442s ]
INFO: [ view_end ] --END-- [ RunTime:0.001497s ]

[ 2014-01-24T10:31:14+08:00 ] 58.246.66.2 /uniqlo/system.php/Index/login.html
INFO: [ route_check ] --START--
INFO: CheckRoute Behavior ::run [ RunTime:0.000521s ]
INFO: [ route_check ] --END-- [ RunTime:0.000587s ]
INFO: [ app_begin ] --START--
INFO: ReadHtmlCache Behavior ::run [ RunTime:0.000315s ]
INFO: [ app_begin ] --END-- [ RunTime:0.000376s ]
NOTIC: 建议使用I方法替代_post
NOTIC: 建议使用I方法替代_post
SQL: SHOW COLUMNS FROM `u_admin` [ RunTime:0.000551s ]
SQL: SELECT `aid`,`nickname` FROM `u_admin` WHERE ( `email` = 'admin@126.com' ) AND ( `pwd` = 'a66abb5684c45962d887564f08346e8d' ) LIMIT 1   [ RunTime:0.000072s ]
INFO: [ view_parse ] --START--
INFO: ParseTemplate Behavior ::run [ RunTime:0.006850s ]
INFO: [ view_parse ] --END-- [ RunTime:0.006915s ]
INFO: [ view_filter ] --START--
INFO: ContentReplace Behavior ::run [ RunTime:0.000205s ]
INFO: TokenBuild Behavior ::run [ RunTime:0.000241s ]
INFO: WriteHtmlCache Behavior ::run [ RunTime:0.000138s ]
INFO: ShowRuntime Behavior ::run [ RunTime:0.000279s ]
INFO: [ view_filter ] --END-- [ RunTime:0.001062s ]
INFO: [ view_end ] --START--
INFO: ShowPageTrace Behavior ::run [ RunTime:0.000406s ]
INFO: [ view_end ] --END-- [ RunTime:0.000459s ]

[ 2014-01-24T10:31:15+08:00 ] 58.246.66.2 /uniqlo/system.php/Index/index.html
INFO: [ route_check ] --START--
INFO: CheckRoute Behavior ::run [ RunTime:0.000485s ]
INFO: [ route_check ] --END-- [ RunTime:0.000576s ]
INFO: [ app_begin ] --START--
INFO: ReadHtmlCache Behavior ::run [ RunTime:0.000309s ]
INFO: [ app_begin ] --END-- [ RunTime:0.000360s ]
INFO: [ view_parse ] --START--
NOTIC: [8] Undefined variable: result /superdata/uyiku/uniqlo/System/Runtime/Cache/518bd32289a82441c7453e6720e4f060.php 第 6 行.
INFO: ParseTemplate Behavior ::run [ RunTime:0.006637s ]
INFO: [ view_parse ] --END-- [ RunTime:0.006701s ]
INFO: [ view_filter ] --START--
INFO: ContentReplace Behavior ::run [ RunTime:0.000198s ]
INFO: TokenBuild Behavior ::run [ RunTime:0.000231s ]
INFO: WriteHtmlCache Behavior ::run [ RunTime:0.000134s ]
INFO: ShowRuntime Behavior ::run [ RunTime:0.000252s ]
INFO: [ view_filter ] --END-- [ RunTime:0.000960s ]
INFO: [ view_end ] --START--
INFO: ShowPageTrace Behavior ::run [ RunTime:0.000396s ]
INFO: [ view_end ] --END-- [ RunTime:0.000446s ]

[ 2014-01-24T10:31:19+08:00 ] 58.246.66.2 /uniqlo/system.php/Products/index.html
INFO: [ route_check ] --START--
INFO: CheckRoute Behavior ::run [ RunTime:0.000482s ]
INFO: [ route_check ] --END-- [ RunTime:0.000548s ]
INFO: [ app_begin ] --START--
INFO: ReadHtmlCache Behavior ::run [ RunTime:0.000312s ]
INFO: [ app_begin ] --END-- [ RunTime:0.000364s ]
SQL: SHOW COLUMNS FROM `u_goods` [ RunTime:0.000728s ]
SQL: SHOW COLUMNS FROM `u_category` [ RunTime:0.000380s ]
NOTIC: 建议使用I方法替代_request
NOTIC: 建议使用I方法替代_request
NOTIC: 建议使用I方法替代_request
NOTIC: 建议使用I方法替代_request
NOTIC: 建议使用I方法替代_request
NOTIC: [8] Undefined variable: map /superdata/uyiku/uniqlo/System/Lib/Action/ProductsAction.class.php 第 45 行.
SQL: SELECT COUNT(*) AS tp_count FROM `u_goods` LIMIT 1   [ RunTime:0.000106s ]
NOTIC: [8] Undefined index: p /superdata/uyiku/uniqlo/System/Lib/ORG/Pageyu.class.php 第 38 行.
NOTIC: [8] Undefined variable: map /superdata/uyiku/uniqlo/System/Lib/Action/ProductsAction.class.php 第 47 行.
SQL: SELECT * FROM `u_goods` ORDER BY id desc LIMIT 0,20   [ RunTime:0.000107s ]
NOTIC: [8] Undefined index: css /superdata/uyiku/uniqlo/System/Lib/ORG/Pageyu.class.php 第 59 行.
NOTIC: [8] Undefined variable: css /superdata/uyiku/uniqlo/System/Lib/ORG/Pageyu.class.php 第 62 行.
NOTIC: [8] Undefined index: id /superdata/uyiku/uniqlo/System/Lib/ORG/Pageyu.class.php 第 64 行.
NOTIC: [8] Undefined variable: id /superdata/uyiku/uniqlo/System/Lib/ORG/Pageyu.class.php 第 67 行.
NOTIC: [8] Undefined variable: p /superdata/uyiku/uniqlo/System/Lib/ORG/Pageyu.class.php 第 70 行.
NOTIC: [8] Undefined index: p /superdata/uyiku/uniqlo/System/Lib/ORG/Pageyu.class.php 第 80 行.
SQL: SELECT * FROM `u_category` WHERE ( `parent_id` = 0 )  [ RunTime:0.000068s ]
NOTIC: [8] Undefined variable: twocate /superdata/uyiku/uniqlo/System/Lib/Action/ProductsAction.class.php 第 59 行.
NOTIC: [8] Undefined index: p /superdata/uyiku/uniqlo/System/Lib/Action/ProductsAction.class.php 第 63 行.
INFO: [ view_parse ] --START--
NOTIC: [8] Undefined variable: result /superdata/uyiku/uniqlo/System/Runtime/Cache/b9380e0ff4153407ef0f27d26c4b736c.php 第 6 行.
INFO: ParseTemplate Behavior ::run [ RunTime:0.013760s ]
INFO: [ view_parse ] --END-- [ RunTime:0.013845s ]
INFO: [ view_filter ] --START--
INFO: ContentReplace Behavior ::run [ RunTime:0.000278s ]
INFO: TokenBuild Behavior ::run [ RunTime:0.000311s ]
INFO: WriteHtmlCache Behavior ::run [ RunTime:0.000136s ]
INFO: ShowRuntime Behavior ::run [ RunTime:0.000260s ]
INFO: [ view_filter ] --END-- [ RunTime:0.001132s ]
INFO: [ view_end ] --START--
INFO: ShowPageTrace Behavior ::run [ RunTime:0.000361s ]
INFO: [ view_end ] --END-- [ RunTime:0.000415s ]

[ 2014-01-24T10:31:22+08:00 ] 58.246.66.2 /uniqlo/system.php/Products/addcate.html
INFO: [ route_check ] --START--
INFO: CheckRoute Behavior ::run [ RunTime:0.000491s ]
INFO: [ route_check ] --END-- [ RunTime:0.000558s ]
INFO: [ app_begin ] --START--
INFO: ReadHtmlCache Behavior ::run [ RunTime:0.000312s ]
INFO: [ app_begin ] --END-- [ RunTime:0.000359s ]
NOTIC: 建议使用I方法替代_post
SQL: SHOW COLUMNS FROM `u_category` [ RunTime:0.000624s ]
SQL: SELECT * FROM `u_category` WHERE ( `pcid` = 50008165 )  [ RunTime:0.000213s ]

[ 2014-01-24T10:31:30+08:00 ] 58.246.66.2 /uniqlo/system.php/Products/index.html
INFO: [ route_check ] --START--
INFO: CheckRoute Behavior ::run [ RunTime:0.000490s ]
INFO: [ route_check ] --END-- [ RunTime:0.000567s ]
INFO: [ app_begin ] --START--
INFO: ReadHtmlCache Behavior ::run [ RunTime:0.000308s ]
INFO: [ app_begin ] --END-- [ RunTime:0.000359s ]
SQL: SHOW COLUMNS FROM `u_goods` [ RunTime:0.000731s ]
SQL: SHOW COLUMNS FROM `u_category` [ RunTime:0.000399s ]
NOTIC: 建议使用I方法替代_request
NOTIC: 建议使用I方法替代_request
NOTIC: 建议使用I方法替代_request
NOTIC: 建议使用I方法替代_request
NOTIC: 建议使用I方法替代_request
SQL: SELECT COUNT(*) AS tp_count FROM `u_goods` WHERE ( `catid` = 50012308 ) LIMIT 1   [ RunTime:0.370177s ]
NOTIC: [8] Undefined index: p /superdata/uyiku/uniqlo/System/Lib/ORG/Pageyu.class.php 第 38 行.
SQL: SELECT * FROM `u_goods` WHERE ( `catid` = 50012308 ) ORDER BY id desc LIMIT 0,20   [ RunTime:0.342020s ]
NOTIC: [8] Undefined index: css /superdata/uyiku/uniqlo/System/Lib/ORG/Pageyu.class.php 第 59 行.
NOTIC: [8] Undefined variable: css /superdata/uyiku/uniqlo/System/Lib/ORG/Pageyu.class.php 第 62 行.
NOTIC: [8] Undefined index: id /superdata/uyiku/uniqlo/System/Lib/ORG/Pageyu.class.php 第 64 行.
NOTIC: [8] Undefined variable: id /superdata/uyiku/uniqlo/System/Lib/ORG/Pageyu.class.php 第 67 行.
NOTIC: [8] Undefined variable: p /superdata/uyiku/uniqlo/System/Lib/ORG/Pageyu.class.php 第 70 行.
NOTIC: [8] Undefined index: p /superdata/uyiku/uniqlo/System/Lib/ORG/Pageyu.class.php 第 80 行.
SQL: SELECT * FROM `u_category` WHERE ( `parent_id` = 0 )  [ RunTime:0.000084s ]
SQL: SELECT * FROM `u_category` WHERE ( `pcid` = 50008165 )  [ RunTime:0.000069s ]
NOTIC: [8] Undefined index: p /superdata/uyiku/uniqlo/System/Lib/Action/ProductsAction.class.php 第 63 行.
INFO: [ view_parse ] --START--
NOTIC: [8] Undefined variable: result /superdata/uyiku/uniqlo/System/Runtime/Cache/b9380e0ff4153407ef0f27d26c4b736c.php 第 6 行.
INFO: ParseTemplate Behavior ::run [ RunTime:0.013115s ]
INFO: [ view_parse ] --END-- [ RunTime:0.013184s ]
INFO: [ view_filter ] --START--
INFO: ContentReplace Behavior ::run [ RunTime:0.000282s ]
INFO: TokenBuild Behavior ::run [ RunTime:0.000294s ]
INFO: WriteHtmlCache Behavior ::run [ RunTime:0.000135s ]
INFO: ShowRuntime Behavior ::run [ RunTime:0.000272s ]
INFO: [ view_filter ] --END-- [ RunTime:0.001134s ]
INFO: [ view_end ] --START--
INFO: ShowPageTrace Behavior ::run [ RunTime:0.000461s ]
INFO: [ view_end ] --END-- [ RunTime:0.000515s ]

[ 2014-01-24T10:31:39+08:00 ] 58.246.66.2 /uniqlo/system.php/Products/index/p/2/cate1/50008165/cate2/50012308
INFO: [ route_check ] --START--
INFO: CheckRoute Behavior ::run [ RunTime:0.000491s ]
INFO: [ route_check ] --END-- [ RunTime:0.000558s ]
INFO: [ app_begin ] --START--
INFO: ReadHtmlCache Behavior ::run [ RunTime:0.000317s ]
INFO: [ app_begin ] --END-- [ RunTime:0.000377s ]
SQL: SHOW COLUMNS FROM `u_goods` [ RunTime:0.000687s ]
SQL: SHOW COLUMNS FROM `u_category` [ RunTime:0.013147s ]
NOTIC: 建议使用I方法替代_request
NOTIC: 建议使用I方法替代_request
NOTIC: 建议使用I方法替代_request
NOTIC: 建议使用I方法替代_request
NOTIC: 建议使用I方法替代_request
SQL: SELECT COUNT(*) AS tp_count FROM `u_goods` WHERE ( `catid` = 50012308 ) LIMIT 1   [ RunTime:0.000065s ]
SQL: SELECT * FROM `u_goods` WHERE ( `catid` = 50012308 ) ORDER BY id desc LIMIT 20,20   [ RunTime:0.000486s ]
NOTIC: [8] Undefined index: css /superdata/uyiku/uniqlo/System/Lib/ORG/Pageyu.class.php 第 59 行.
NOTIC: [8] Undefined variable: css /superdata/uyiku/uniqlo/System/Lib/ORG/Pageyu.class.php 第 62 行.
NOTIC: [8] Undefined index: id /superdata/uyiku/uniqlo/System/Lib/ORG/Pageyu.class.php 第 64 行.
NOTIC: [8] Undefined variable: id /superdata/uyiku/uniqlo/System/Lib/ORG/Pageyu.class.php 第 67 行.
NOTIC: [8] Undefined variable: p /superdata/uyiku/uniqlo/System/Lib/ORG/Pageyu.class.php 第 70 行.
SQL: SELECT * FROM `u_category` WHERE ( `parent_id` = 0 )  [ RunTime:0.000066s ]
SQL: SELECT * FROM `u_category` WHERE ( `pcid` = 50008165 )  [ RunTime:0.000065s ]
INFO: [ view_parse ] --START--
NOTIC: [8] Undefined variable: result /superdata/uyiku/uniqlo/System/Runtime/Cache/b9380e0ff4153407ef0f27d26c4b736c.php 第 6 行.
INFO: ParseTemplate Behavior ::run [ RunTime:0.011467s ]
INFO: [ view_parse ] --END-- [ RunTime:0.011526s ]
INFO: [ view_filter ] --START--
INFO: ContentReplace Behavior ::run [ RunTime:0.000213s ]
INFO: TokenBuild Behavior ::run [ RunTime:0.000275s ]
INFO: WriteHtmlCache Behavior ::run [ RunTime:0.000138s ]
INFO: ShowRuntime Behavior ::run [ RunTime:0.000274s ]
INFO: [ view_filter ] --END-- [ RunTime:0.001047s ]
INFO: [ view_end ] --START--
INFO: ShowPageTrace Behavior ::run [ RunTime:0.000356s ]
INFO: [ view_end ] --END-- [ RunTime:0.000407s ]

[ 2014-01-24T14:42:42+08:00 ] 58.246.66.2 /uniqlo/system.php/Products/index/p/2/cate1/50008165/cate2/50012308
INFO: [ route_check ] --START--
INFO: CheckRoute Behavior ::run [ RunTime:0.000505s ]
INFO: [ route_check ] --END-- [ RunTime:0.000578s ]
INFO: [ app_begin ] --START--
INFO: ReadHtmlCache Behavior ::run [ RunTime:0.000351s ]
INFO: [ app_begin ] --END-- [ RunTime:0.000411s ]
INFO: [ view_parse ] --START--
NOTIC: [8] Undefined variable: result /superdata/uyiku/uniqlo/System/Runtime/Cache/359f19af407bafaee5c98c179daa16e7.php 第 6 行.
INFO: ParseTemplate Behavior ::run [ RunTime:0.005890s ]
INFO: [ view_parse ] --END-- [ RunTime:0.005948s ]
INFO: [ view_filter ] --START--
INFO: ContentReplace Behavior ::run [ RunTime:0.000225s ]
INFO: TokenBuild Behavior ::run [ RunTime:0.000267s ]
INFO: WriteHtmlCache Behavior ::run [ RunTime:0.000142s ]
INFO: ShowRuntime Behavior ::run [ RunTime:0.000272s ]
INFO: [ view_filter ] --END-- [ RunTime:0.001067s ]
INFO: [ view_end ] --START--
INFO: ShowPageTrace Behavior ::run [ RunTime:0.000393s ]
INFO: [ view_end ] --END-- [ RunTime:0.000449s ]

[ 2014-01-24T17:24:48+08:00 ] 58.246.66.2 /uniqlo/system.php
INFO: [ app_begin ] --START--
INFO: ReadHtmlCache Behavior ::run [ RunTime:0.000327s ]
INFO: [ app_begin ] --END-- [ RunTime:0.000398s ]
INFO: [ view_parse ] --START--
NOTIC: [8] Undefined variable: result /superdata/uyiku/uniqlo/System/Runtime/Cache/359f19af407bafaee5c98c179daa16e7.php 第 6 行.
NOTIC: [8] Undefined variable: aid /superdata/uyiku/uniqlo/System/Runtime/Cache/359f19af407bafaee5c98c179daa16e7.php 第 27 行.
INFO: ParseTemplate Behavior ::run [ RunTime:0.005871s ]
INFO: [ view_parse ] --END-- [ RunTime:0.005924s ]
INFO: [ view_filter ] --START--
INFO: ContentReplace Behavior ::run [ RunTime:0.000201s ]
INFO: TokenBuild Behavior ::run [ RunTime:0.000262s ]
INFO: WriteHtmlCache Behavior ::run [ RunTime:0.000143s ]
INFO: ShowRuntime Behavior ::run [ RunTime:0.000266s ]
INFO: [ view_filter ] --END-- [ RunTime:0.001013s ]
INFO: [ view_end ] --START--
INFO: ShowPageTrace Behavior ::run [ RunTime:0.000429s ]
INFO: [ view_end ] --END-- [ RunTime:0.000478s ]

